[ 2016-09-22T14:15:26+08:00 ] ::1 /fuckabc/
INFO: [ app_init ] --START--
INFO: Run Behavior\BuildLiteBehavior [ RunTime:0.000041s ]
INFO: [ app_init ] --END-- [ RunTime:0.035564s ]
INFO: [ app_begin ] --START--
INFO: Run Behavior\ReadHtmlCacheBehavior [ RunTime:0.006459s ]
INFO: [ app_begin ] --END-- [ RunTime:0.006636s ]
SQL: SHOW COLUMNS FROM `news_lesson` [ RunTime:0.0524s ]
SQL: SELECT * FROM `news_lesson` LIMIT 4   [ RunTime:0.0018s ]
INFO: [ view_parse ] --START--
INFO: [ template_filter ] --START--
INFO: Run Behavior\ContentReplaceBehavior [ RunTime:0.000183s ]
INFO: [ template_filter ] --END-- [ RunTime:0.000329s ]
INFO: Run Behavior\ParseTemplateBehavior [ RunTime:0.498225s ]
INFO: [ view_parse ] --END-- [ RunTime:0.498425s ]
INFO: [ view_filter ] --START--
INFO: Run Behavior\WriteHtmlCacheBehavior [ RunTime:0.005149s ]
INFO: [ view_filter ] --END-- [ RunTime:0.005304s ]
INFO: [ app_end ] --START--
INFO: Run Behavior\ShowPageTraceBehavior [ RunTime:0.033753s ]
INFO: [ app_end ] --END-- [ RunTime:0.033982s ]

[ 2016-09-22T14:15:35+08:00 ] ::1 /fuckabc/index.php/home/lesson/view/id/36
INFO: [ app_init ] --START--
INFO: Run Behavior\BuildLiteBehavior [ RunTime:0.000033s ]
INFO: [ app_init ] --END-- [ RunTime:0.001510s ]
INFO: [ app_begin ] --START--
INFO: Run Behavior\ReadHtmlCacheBehavior [ RunTime:0.003829s ]
INFO: [ app_begin ] --END-- [ RunTime:0.004141s ]
SQL: SHOW COLUMNS FROM `news_lesson` [ RunTime:0.0523s ]
SQL: UPDATE `news_lesson` SET `view`=view+1 WHERE ( id=36 ) [ RunTime:0.0150s ]
SQL: SELECT * FROM `news_lesson` WHERE `id` = '36' LIMIT 1   [ RunTime:0.0017s ]
INFO: [ view_parse ] --START--
INFO: [ template_filter ] --START--
INFO: Run Behavior\ContentReplaceBehavior [ RunTime:0.000163s ]
INFO: [ template_filter ] --END-- [ RunTime:0.000308s ]
NOTIC: [8] Undefined variable: count D:\myweb\fuckabc\Application\Runtime\Cache\Home\75092c0e14c0f8c0890892cf550e0d29.php 第 85 行.
INFO: Run Behavior\ParseTemplateBehavior [ RunTime:0.154950s ]
INFO: [ view_parse ] --END-- [ RunTime:0.155093s ]
INFO: [ view_filter ] --START--
INFO: Run Behavior\WriteHtmlCacheBehavior [ RunTime:0.002043s ]
INFO: [ view_filter ] --END-- [ RunTime:0.002199s ]
INFO: [ app_end ] --START--
INFO: Run Behavior\ShowPageTraceBehavior [ RunTime:0.005015s ]
INFO: [ app_end ] --END-- [ RunTime:0.005254s ]

[ 2016-09-22T14:15:43+08:00 ] ::1 /fuckabc/index.php/home/lesson/view/id/37
INFO: [ app_init ] --START--
INFO: Run Behavior\BuildLiteBehavior [ RunTime:0.000040s ]
INFO: [ app_init ] --END-- [ RunTime:0.001720s ]
INFO: [ app_begin ] --START--
INFO: Run Behavior\ReadHtmlCacheBehavior [ RunTime:0.002389s ]
INFO: [ app_begin ] --END-- [ RunTime:0.002552s ]
SQL: SHOW COLUMNS FROM `news_lesson` [ RunTime:0.0495s ]
SQL: UPDATE `news_lesson` SET `view`=view+1 WHERE ( id=37 ) [ RunTime:0.0093s ]
SQL: SELECT * FROM `news_lesson` WHERE `id` = '37' LIMIT 1   [ RunTime:0.0015s ]
INFO: [ view_parse ] --START--
INFO: [ template_filter ] --START--
INFO: Run Behavior\ContentReplaceBehavior [ RunTime:0.000220s ]
INFO: [ template_filter ] --END-- [ RunTime:0.000379s ]
NOTIC: [8] Undefined variable: count D:\myweb\fuckabc\Application\Runtime\Cache\Home\75092c0e14c0f8c0890892cf550e0d29.php 第 85 行.
INFO: Run Behavior\ParseTemplateBehavior [ RunTime:0.020979s ]
INFO: [ view_parse ] --END-- [ RunTime:0.021116s ]
INFO: [ view_filter ] --START--
INFO: Run Behavior\WriteHtmlCacheBehavior [ RunTime:0.001864s ]
INFO: [ view_filter ] --END-- [ RunTime:0.001985s ]
INFO: [ app_end ] --START--
INFO: Run Behavior\ShowPageTraceBehavior [ RunTime:0.002204s ]
INFO: [ app_end ] --END-- [ RunTime:0.002460s ]

[ 2016-09-22T14:24:54+08:00 ] ::1 /fuckabc/index.php/home/user/login
INFO: [ app_init ] --START--
INFO: Run Behavior\BuildLiteBehavior [ RunTime:0.000046s ]
INFO: [ app_init ] --END-- [ RunTime:0.001547s ]
INFO: [ app_begin ] --START--
INFO: Run Behavior\ReadHtmlCacheBehavior [ RunTime:0.002264s ]
INFO: [ app_begin ] --END-- [ RunTime:0.002401s ]
INFO: [ view_parse ] --START--
INFO: [ template_filter ] --START--
INFO: Run Behavior\ContentReplaceBehavior [ RunTime:0.000112s ]
INFO: [ template_filter ] --END-- [ RunTime:0.000267s ]
INFO: Run Behavior\ParseTemplateBehavior [ RunTime:0.158507s ]
INFO: [ view_parse ] --END-- [ RunTime:0.158715s ]
INFO: [ view_filter ] --START--
INFO: Run Behavior\WriteHtmlCacheBehavior [ RunTime:0.002008s ]
INFO: [ view_filter ] --END-- [ RunTime:0.002133s ]
INFO: [ app_end ] --START--
INFO: Run Behavior\ShowPageTraceBehavior [ RunTime:0.002902s ]
INFO: [ app_end ] --END-- [ RunTime:0.003049s ]

[ 2016-09-22T14:24:56+08:00 ] ::1 /fuckabc/index.php/home/user/chklogin
INFO: [ app_init ] --START--
INFO: Run Behavior\BuildLiteBehavior [ RunTime:0.000054s ]
INFO: [ app_init ] --END-- [ RunTime:0.002792s ]
INFO: [ app_begin ] --START--
INFO: Run Behavior\ReadHtmlCacheBehavior [ RunTime:0.003458s ]
INFO: [ app_begin ] --END-- [ RunTime:0.003699s ]
SQL: SHOW COLUMNS FROM `news_user` [ RunTime:0.0463s ]
SQL: SELECT COUNT(*) AS tp_count FROM `news_user` WHERE `name` = 'xujiajia' AND `password` = 'chen1210' LIMIT 1   [ RunTime:0.0014s ]

[ 2016-09-22T14:25:03+08:00 ] ::1 /fuckabc/index.php/home/user/chklogin
INFO: [ app_init ] --START--
INFO: Run Behavior\BuildLiteBehavior [ RunTime:0.000036s ]
INFO: [ app_init ] --END-- [ RunTime:0.001468s ]
INFO: [ app_begin ] --START--
INFO: Run Behavior\ReadHtmlCacheBehavior [ RunTime:0.002972s ]
INFO: [ app_begin ] --END-- [ RunTime:0.003158s ]
SQL: SHOW COLUMNS FROM `news_user` [ RunTime:0.0395s ]
SQL: SELECT COUNT(*) AS tp_count FROM `news_user` WHERE `name` = 'smiles' AND `password` = 'chen1210' LIMIT 1   [ RunTime:0.0007s ]

[ 2016-09-22T14:25:04+08:00 ] ::1 /fuckabc/index.php/home/user/chklogin
INFO: [ app_init ] --START--
INFO: Run Behavior\BuildLiteBehavior [ RunTime:0.000028s ]
INFO: [ app_init ] --END-- [ RunTime:0.001000s ]
INFO: [ app_begin ] --START--
INFO: Run Behavior\ReadHtmlCacheBehavior [ RunTime:0.002395s ]
INFO: [ app_begin ] --END-- [ RunTime:0.002515s ]
SQL: SHOW COLUMNS FROM `news_user` [ RunTime:0.0338s ]
SQL: SELECT COUNT(*) AS tp_count FROM `news_user` WHERE `name` = 'smiles' AND `password` = 'chen1210' LIMIT 1   [ RunTime:0.0007s ]

[ 2016-09-22T14:25:07+08:00 ] ::1 /fuckabc/index.php/home/user/chklogin
INFO: [ app_init ] --START--
INFO: Run Behavior\BuildLiteBehavior [ RunTime:0.000051s ]
INFO: [ app_init ] --END-- [ RunTime:0.001940s ]
INFO: [ app_begin ] --START--
INFO: Run Behavior\ReadHtmlCacheBehavior [ RunTime:0.003006s ]
INFO: [ app_begin ] --END-- [ RunTime:0.003189s ]
SQL: SHOW COLUMNS FROM `news_user` [ RunTime:0.0379s ]
SQL: SELECT COUNT(*) AS tp_count FROM `news_user` WHERE `name` = 'smiles' AND `password` = 'aaaa' LIMIT 1   [ RunTime:0.0008s ]

[ 2016-09-22T14:25:13+08:00 ] ::1 /fuckabc/index.php/home/user/sign
INFO: [ app_init ] --START--
INFO: Run Behavior\BuildLiteBehavior [ RunTime:0.000032s ]
INFO: [ app_init ] --END-- [ RunTime:0.001275s ]
INFO: [ app_begin ] --START--
INFO: Run Behavior\ReadHtmlCacheBehavior [ RunTime:0.003478s ]
INFO: [ app_begin ] --END-- [ RunTime:0.003659s ]
INFO: [ view_parse ] --START--
INFO: [ template_filter ] --START--
INFO: Run Behavior\ContentReplaceBehavior [ RunTime:0.000112s ]
INFO: [ template_filter ] --END-- [ RunTime:0.000276s ]
INFO: Run Behavior\ParseTemplateBehavior [ RunTime:0.155102s ]
INFO: [ view_parse ] --END-- [ RunTime:0.155310s ]
INFO: [ view_filter ] --START--
INFO: Run Behavior\WriteHtmlCacheBehavior [ RunTime:0.002583s ]
INFO: [ view_filter ] --END-- [ RunTime:0.002744s ]
INFO: [ app_end ] --START--
INFO: Run Behavior\ShowPageTraceBehavior [ RunTime:0.004117s ]
INFO: [ app_end ] --END-- [ RunTime:0.004292s ]

[ 2016-09-22T14:25:22+08:00 ] ::1 /fuckabc/index.php/home/user/signup
INFO: [ app_init ] --START--
INFO: Run Behavior\BuildLiteBehavior [ RunTime:0.000033s ]
INFO: [ app_init ] --END-- [ RunTime:0.001294s ]
INFO: [ app_begin ] --START--
INFO: Run Behavior\ReadHtmlCacheBehavior [ RunTime:0.002942s ]
INFO: [ app_begin ] --END-- [ RunTime:0.003108s ]
SQL: SHOW COLUMNS FROM `news_user` [ RunTime:0.0375s ]
NOTIC: [8] Undefined index: validate D:\myweb\fuckabc\ThinkPHP\Library\Think\Model.class.php 第 1185 行.
SQL: SELECT * FROM `news_user` WHERE `name` = 'chensiwei' LIMIT 1   [ RunTime:0.0008s ]
NOTIC: [8] Undefined index: auto D:\myweb\fuckabc\ThinkPHP\Library\Think\Model.class.php 第 1128 行.
SQL: INSERT INTO `news_user` (`name`,`password`,`create_time`) VALUES ('chensiwei','chen1210','2016-09-22 14:25:22') [ RunTime:0.0092s ]

[ 2016-09-22T14:25:25+08:00 ] ::1 /fuckabc/index.php/home/user/gosession
INFO: [ app_init ] --START--
INFO: Run Behavior\BuildLiteBehavior [ RunTime:0.000049s ]
INFO: [ app_init ] --END-- [ RunTime:0.001620s ]
INFO: [ app_begin ] --START--
INFO: Run Behavior\ReadHtmlCacheBehavior [ RunTime:0.002442s ]
INFO: [ app_begin ] --END-- [ RunTime:0.002592s ]
INFO: [ app_end ] --START--
INFO: Run Behavior\ShowPageTraceBehavior [ RunTime:0.002890s ]
INFO: [ app_end ] --END-- [ RunTime:0.003047s ]

[ 2016-09-22T14:25:25+08:00 ] ::1 /fuckabc/index.php/home/index/index
INFO: [ app_init ] --START--
INFO: Run Behavior\BuildLiteBehavior [ RunTime:0.000043s ]
INFO: [ app_init ] --END-- [ RunTime:0.001732s ]
INFO: [ app_begin ] --START--
INFO: Run Behavior\ReadHtmlCacheBehavior [ RunTime:0.002519s ]
INFO: [ app_begin ] --END-- [ RunTime:0.002705s ]
SQL: SHOW COLUMNS FROM `news_lesson` [ RunTime:0.0357s ]
SQL: SELECT * FROM `news_lesson` LIMIT 4   [ RunTime:0.0017s ]
INFO: [ view_parse ] --START--
INFO: [ template_filter ] --START--
INFO: Run Behavior\ContentReplaceBehavior [ RunTime:0.000175s ]
INFO: [ template_filter ] --END-- [ RunTime:0.000319s ]
INFO: Run Behavior\ParseTemplateBehavior [ RunTime:0.103825s ]
INFO: [ view_parse ] --END-- [ RunTime:0.104019s ]
INFO: [ view_filter ] --START--
INFO: Run Behavior\WriteHtmlCacheBehavior [ RunTime:0.001905s ]
INFO: [ view_filter ] --END-- [ RunTime:0.002020s ]
INFO: [ app_end ] --START--
INFO: Run Behavior\ShowPageTraceBehavior [ RunTime:0.003696s ]
INFO: [ app_end ] --END-- [ RunTime:0.004050s ]

[ 2016-09-22T14:25:35+08:00 ] ::1 /fuckabc/index.php/home/index/donate
INFO: [ app_init ] --START--
INFO: Run Behavior\BuildLiteBehavior [ RunTime:0.000035s ]
INFO: [ app_init ] --END-- [ RunTime:0.001224s ]
INFO: [ app_begin ] --START--
INFO: Run Behavior\ReadHtmlCacheBehavior [ RunTime:0.002449s ]
INFO: [ app_begin ] --END-- [ RunTime:0.002616s ]
INFO: [ view_parse ] --START--
INFO: [ template_filter ] --START--
INFO: Run Behavior\ContentReplaceBehavior [ RunTime:0.000146s ]
INFO: [ template_filter ] --END-- [ RunTime:0.000286s ]
INFO: Run Behavior\ParseTemplateBehavior [ RunTime:0.117568s ]
INFO: [ view_parse ] --END-- [ RunTime:0.117736s ]
INFO: [ view_filter ] --START--
INFO: Run Behavior\WriteHtmlCacheBehavior [ RunTime:0.001835s ]
INFO: [ view_filter ] --END-- [ RunTime:0.001965s ]
INFO: [ app_end ] --START--
INFO: Run Behavior\ShowPageTraceBehavior [ RunTime:0.006128s ]
INFO: [ app_end ] --END-- [ RunTime:0.006305s ]

[ 2016-09-22T14:25:36+08:00 ] ::1 /fuckabc/index.php/home/index/img/pay.jpg
INFO: [ app_init ] --START--
INFO: Run Behavior\BuildLiteBehavior [ RunTime:0.000052s ]
INFO: [ app_init ] --END-- [ RunTime:0.001838s ]

[ 2016-09-22T14:25:39+08:00 ] ::1 /fuckabc/index.php
INFO: [ app_init ] --START--
INFO: Run Behavior\BuildLiteBehavior [ RunTime:0.000046s ]
INFO: [ app_init ] --END-- [ RunTime:0.001628s ]
INFO: [ app_begin ] --START--
INFO: Run Behavior\ReadHtmlCacheBehavior [ RunTime:0.003155s ]
INFO: [ app_begin ] --END-- [ RunTime:0.003362s ]
SQL: SHOW COLUMNS FROM `news_lesson` [ RunTime:0.0404s ]
SQL: SELECT * FROM `news_lesson` LIMIT 4   [ RunTime:0.0012s ]
INFO: [ view_parse ] --START--
INFO: [ template_filter ] --START--
INFO: Run Behavior\ContentReplaceBehavior [ RunTime:0.000213s ]
INFO: [ template_filter ] --END-- [ RunTime:0.000379s ]
INFO: Run Behavior\ParseTemplateBehavior [ RunTime:0.026874s ]
INFO: [ view_parse ] --END-- [ RunTime:0.027059s ]
INFO: [ view_filter ] --START--
INFO: Run Behavior\WriteHtmlCacheBehavior [ RunTime:0.002431s ]
INFO: [ view_filter ] --END-- [ RunTime:0.002596s ]
INFO: [ app_end ] --START--
INFO: Run Behavior\ShowPageTraceBehavior [ RunTime:0.003418s ]
INFO: [ app_end ] --END-- [ RunTime:0.003743s ]

[ 2016-09-22T14:25:41+08:00 ] ::1 /fuckabc/index.php/home/lesson/view/id/37
INFO: [ app_init ] --START--
INFO: Run Behavior\BuildLiteBehavior [ RunTime:0.000042s ]
INFO: [ app_init ] --END-- [ RunTime:0.001614s ]
INFO: [ app_begin ] --START--
INFO: Run Behavior\ReadHtmlCacheBehavior [ RunTime:0.003063s ]
INFO: [ app_begin ] --END-- [ RunTime:0.003276s ]
SQL: SHOW COLUMNS FROM `news_lesson` [ RunTime:0.0461s ]
SQL: UPDATE `news_lesson` SET `view`=view+1 WHERE ( id=37 ) [ RunTime:0.0129s ]
SQL: SELECT * FROM `news_lesson` WHERE `id` = '37' LIMIT 1   [ RunTime:0.0012s ]
INFO: [ view_parse ] --START--
INFO: [ template_filter ] --START--
INFO: Run Behavior\ContentReplaceBehavior [ RunTime:0.000135s ]
INFO: [ template_filter ] --END-- [ RunTime:0.000273s ]
NOTIC: [8] Undefined variable: count D:\myweb\fuckabc\Application\Runtime\Cache\Home\75092c0e14c0f8c0890892cf550e0d29.php 第 85 行.
INFO: Run Behavior\ParseTemplateBehavior [ RunTime:0.027001s ]
INFO: [ view_parse ] --END-- [ RunTime:0.027177s ]
INFO: [ view_filter ] --START--
INFO: Run Behavior\WriteHtmlCacheBehavior [ RunTime:0.002083s ]
INFO: [ view_filter ] --END-- [ RunTime:0.002226s ]
INFO: [ app_end ] --START--
INFO: Run Behavior\ShowPageTraceBehavior [ RunTime:0.002980s ]
INFO: [ app_end ] --END-- [ RunTime:0.003151s ]

[ 2016-09-22T14:25:45+08:00 ] ::1 /fuckabc/index.php/home/lesson/view/id/39
INFO: [ app_init ] --START--
INFO: Run Behavior\BuildLiteBehavior [ RunTime:0.000034s ]
INFO: [ app_init ] --END-- [ RunTime:0.001286s ]
INFO: [ app_begin ] --START--
INFO: Run Behavior\ReadHtmlCacheBehavior [ RunTime:0.002569s ]
INFO: [ app_begin ] --END-- [ RunTime:0.002760s ]
SQL: SHOW COLUMNS FROM `news_lesson` [ RunTime:0.0460s ]
SQL: UPDATE `news_lesson` SET `view`=view+1 WHERE ( id=39 ) [ RunTime:0.0109s ]
SQL: SELECT * FROM `news_lesson` WHERE `id` = '39' LIMIT 1   [ RunTime:0.0013s ]
INFO: [ view_parse ] --START--
INFO: [ template_filter ] --START--
INFO: Run Behavior\ContentReplaceBehavior [ RunTime:0.000139s ]
INFO: [ template_filter ] --END-- [ RunTime:0.000270s ]
NOTIC: [8] Undefined variable: count D:\myweb\fuckabc\Application\Runtime\Cache\Home\75092c0e14c0f8c0890892cf550e0d29.php 第 85 行.
INFO: Run Behavior\ParseTemplateBehavior [ RunTime:0.021880s ]
INFO: [ view_parse ] --END-- [ RunTime:0.022014s ]
INFO: [ view_filter ] --START--
INFO: Run Behavior\WriteHtmlCacheBehavior [ RunTime:0.002155s ]
INFO: [ view_filter ] --END-- [ RunTime:0.002309s ]
INFO: [ app_end ] --START--
INFO: Run Behavior\ShowPageTraceBehavior [ RunTime:0.003223s ]
INFO: [ app_end ] --END-- [ RunTime:0.003397s ]

[ 2016-09-22T14:25:52+08:00 ] ::1 /fuckabc/index.php/home/lesson/view/id/36
INFO: [ app_init ] --START--
INFO: Run Behavior\BuildLiteBehavior [ RunTime:0.000032s ]
INFO: [ app_init ] --END-- [ RunTime:0.001111s ]
INFO: [ app_begin ] --START--
INFO: Run Behavior\ReadHtmlCacheBehavior [ RunTime:0.004276s ]
INFO: [ app_begin ] --END-- [ RunTime:0.004457s ]
SQL: SHOW COLUMNS FROM `news_lesson` [ RunTime:0.0387s ]
SQL: UPDATE `news_lesson` SET `view`=view+1 WHERE ( id=36 ) [ RunTime:0.0066s ]
SQL: SELECT * FROM `news_lesson` WHERE `id` = '36' LIMIT 1   [ RunTime:0.0010s ]
INFO: [ view_parse ] --START--
INFO: [ template_filter ] --START--
INFO: Run Behavior\ContentReplaceBehavior [ RunTime:0.000140s ]
INFO: [ template_filter ] --END-- [ RunTime:0.000279s ]
NOTIC: [8] Undefined variable: count D:\myweb\fuckabc\Application\Runtime\Cache\Home\75092c0e14c0f8c0890892cf550e0d29.php 第 85 行.
INFO: Run Behavior\ParseTemplateBehavior [ RunTime:0.021589s ]
INFO: [ view_parse ] --END-- [ RunTime:0.021721s ]
INFO: [ view_filter ] --START--
INFO: Run Behavior\WriteHtmlCacheBehavior [ RunTime:0.002417s ]
INFO: [ view_filter ] --END-- [ RunTime:0.002622s ]
INFO: [ app_end ] --START--
INFO: Run Behavior\ShowPageTraceBehavior [ RunTime:0.003588s ]
INFO: [ app_end ] --END-- [ RunTime:0.003781s ]

