[ 2016-09-19T21:18:39+08:00 ] ::1 /fuckabc/
INFO: [ app_init ] --START--
INFO: Run Behavior\BuildLiteBehavior [ RunTime:0.000039s ]
INFO: [ app_init ] --END-- [ RunTime:0.001642s ]
INFO: [ app_begin ] --START--
INFO: Run Behavior\ReadHtmlCacheBehavior [ RunTime:0.003278s ]
INFO: [ app_begin ] --END-- [ RunTime:0.003457s ]
INFO: [ view_parse ] --START--
INFO: [ template_filter ] --START--
INFO: Run Behavior\ContentReplaceBehavior [ RunTime:0.000162s ]
INFO: [ template_filter ] --END-- [ RunTime:0.000479s ]
INFO: Run Behavior\ParseTemplateBehavior [ RunTime:0.135872s ]
INFO: [ view_parse ] --END-- [ RunTime:0.136053s ]
INFO: [ view_filter ] --START--
INFO: Run Behavior\WriteHtmlCacheBehavior [ RunTime:0.002606s ]
INFO: [ view_filter ] --END-- [ RunTime:0.002760s ]
INFO: [ app_end ] --START--
INFO: Run Behavior\ShowPageTraceBehavior [ RunTime:0.003846s ]
INFO: [ app_end ] --END-- [ RunTime:0.004012s ]

[ 2016-09-19T21:18:47+08:00 ] ::1 /fuckabc/
INFO: [ app_init ] --START--
INFO: Run Behavior\BuildLiteBehavior [ RunTime:0.000035s ]
INFO: [ app_init ] --END-- [ RunTime:0.001295s ]
INFO: [ app_begin ] --START--
INFO: Run Behavior\ReadHtmlCacheBehavior [ RunTime:0.002199s ]
INFO: [ app_begin ] --END-- [ RunTime:0.002342s ]
INFO: [ view_parse ] --START--
INFO: [ template_filter ] --START--
INFO: Run Behavior\ContentReplaceBehavior [ RunTime:0.000129s ]
INFO: [ template_filter ] --END-- [ RunTime:0.000258s ]
INFO: Run Behavior\ParseTemplateBehavior [ RunTime:0.028859s ]
INFO: [ view_parse ] --END-- [ RunTime:0.029030s ]
INFO: [ view_filter ] --START--
INFO: Run Behavior\WriteHtmlCacheBehavior [ RunTime:0.002226s ]
INFO: [ view_filter ] --END-- [ RunTime:0.002361s ]
INFO: [ app_end ] --START--
INFO: Run Behavior\ShowPageTraceBehavior [ RunTime:0.003769s ]
INFO: [ app_end ] --END-- [ RunTime:0.004023s ]

[ 2016-09-19T21:34:45+08:00 ] ::1 /fuckabc/
INFO: [ app_init ] --START--
INFO: Run Behavior\BuildLiteBehavior [ RunTime:0.000045s ]
INFO: [ app_init ] --END-- [ RunTime:0.003981s ]
INFO: [ app_begin ] --START--
INFO: Run Behavior\ReadHtmlCacheBehavior [ RunTime:0.003716s ]
INFO: [ app_begin ] --END-- [ RunTime:0.003922s ]
ERR: Class 'Home\Controller\LessonModel' not found

[ 2016-09-19T21:35:17+08:00 ] ::1 /fuckabc/
INFO: [ app_init ] --START--
INFO: Run Behavior\BuildLiteBehavior [ RunTime:0.000072s ]
INFO: [ app_init ] --END-- [ RunTime:0.003075s ]
INFO: [ app_begin ] --START--
INFO: Run Behavior\ReadHtmlCacheBehavior [ RunTime:0.002869s ]
INFO: [ app_begin ] --END-- [ RunTime:0.003056s ]
SQL: SHOW COLUMNS FROM `news_lesson` [ RunTime:0.0624s ]
SQL: SELECT * FROM `news_lesson` LIMIT 1   [ RunTime:0.0018s ]
INFO: [ view_parse ] --START--
INFO: [ template_filter ] --START--
INFO: Run Behavior\ContentReplaceBehavior [ RunTime:0.000155s ]
INFO: [ template_filter ] --END-- [ RunTime:0.000285s ]
INFO: Run Behavior\ParseTemplateBehavior [ RunTime:0.076959s ]
INFO: [ view_parse ] --END-- [ RunTime:0.077166s ]
INFO: [ view_filter ] --START--
INFO: Run Behavior\WriteHtmlCacheBehavior [ RunTime:0.002173s ]
INFO: [ view_filter ] --END-- [ RunTime:0.002332s ]
INFO: [ app_end ] --START--
INFO: Run Behavior\ShowPageTraceBehavior [ RunTime:0.003600s ]
INFO: [ app_end ] --END-- [ RunTime:0.003807s ]

[ 2016-09-19T21:37:13+08:00 ] ::1 /fuckabc/
INFO: [ app_init ] --START--
INFO: Run Behavior\BuildLiteBehavior [ RunTime:0.000042s ]
INFO: [ app_init ] --END-- [ RunTime:0.001460s ]
INFO: [ app_begin ] --START--
INFO: Run Behavior\ReadHtmlCacheBehavior [ RunTime:0.002806s ]
INFO: [ app_begin ] --END-- [ RunTime:0.003008s ]
SQL: SHOW COLUMNS FROM `news_lesson` [ RunTime:0.0491s ]
SQL: SELECT * FROM `news_lesson` LIMIT 1   [ RunTime:0.0017s ]
INFO: [ view_parse ] --START--
INFO: [ template_filter ] --START--
INFO: Run Behavior\ContentReplaceBehavior [ RunTime:0.000156s ]
INFO: [ template_filter ] --END-- [ RunTime:0.000296s ]
NOTIC: [2] Illegal string offset 'title' D:\myweb\fuckabc\Application\Runtime\Cache\Home\74c9bdbded7009a43a281be8a565b911.php 第 137 行.
NOTIC: [2] Illegal string offset 'title' D:\myweb\fuckabc\Application\Runtime\Cache\Home\74c9bdbded7009a43a281be8a565b911.php 第 137 行.
NOTIC: [2] Illegal string offset 'title' D:\myweb\fuckabc\Application\Runtime\Cache\Home\74c9bdbded7009a43a281be8a565b911.php 第 137 行.
NOTIC: [2] Illegal string offset 'title' D:\myweb\fuckabc\Application\Runtime\Cache\Home\74c9bdbded7009a43a281be8a565b911.php 第 137 行.
NOTIC: [2] Illegal string offset 'title' D:\myweb\fuckabc\Application\Runtime\Cache\Home\74c9bdbded7009a43a281be8a565b911.php 第 137 行.
NOTIC: [2] Illegal string offset 'title' D:\myweb\fuckabc\Application\Runtime\Cache\Home\74c9bdbded7009a43a281be8a565b911.php 第 137 行.
NOTIC: [2] Illegal string offset 'title' D:\myweb\fuckabc\Application\Runtime\Cache\Home\74c9bdbded7009a43a281be8a565b911.php 第 137 行.
NOTIC: [2] Illegal string offset 'title' D:\myweb\fuckabc\Application\Runtime\Cache\Home\74c9bdbded7009a43a281be8a565b911.php 第 137 行.
NOTIC: [2] Illegal string offset 'title' D:\myweb\fuckabc\Application\Runtime\Cache\Home\74c9bdbded7009a43a281be8a565b911.php 第 137 行.
NOTIC: [2] Illegal string offset 'title' D:\myweb\fuckabc\Application\Runtime\Cache\Home\74c9bdbded7009a43a281be8a565b911.php 第 137 行.
NOTIC: [2] Illegal string offset 'title' D:\myweb\fuckabc\Application\Runtime\Cache\Home\74c9bdbded7009a43a281be8a565b911.php 第 137 行.
INFO: Run Behavior\ParseTemplateBehavior [ RunTime:0.078962s ]
INFO: [ view_parse ] --END-- [ RunTime:0.079116s ]
INFO: [ view_filter ] --START--
INFO: Run Behavior\WriteHtmlCacheBehavior [ RunTime:0.002356s ]
INFO: [ view_filter ] --END-- [ RunTime:0.002524s ]
INFO: [ app_end ] --START--
INFO: Run Behavior\ShowPageTraceBehavior [ RunTime:0.003740s ]
INFO: [ app_end ] --END-- [ RunTime:0.004001s ]

[ 2016-09-19T21:38:09+08:00 ] ::1 /fuckabc/
INFO: [ app_init ] --START--
INFO: Run Behavior\BuildLiteBehavior [ RunTime:0.000053s ]
INFO: [ app_init ] --END-- [ RunTime:0.003089s ]
INFO: [ app_begin ] --START--
INFO: Run Behavior\ReadHtmlCacheBehavior [ RunTime:0.015364s ]
INFO: [ app_begin ] --END-- [ RunTime:0.015559s ]
SQL: SHOW COLUMNS FROM `news_lesson` [ RunTime:0.0682s ]
SQL: SELECT * FROM `news_lesson` LIMIT 1   [ RunTime:0.0016s ]
INFO: [ view_parse ] --START--
INFO: [ template_filter ] --START--
INFO: Run Behavior\ContentReplaceBehavior [ RunTime:0.000212s ]
INFO: [ template_filter ] --END-- [ RunTime:0.000404s ]
NOTIC: [2] Illegal string offset 'title' D:\myweb\fuckabc\Application\Runtime\Cache\Home\74c9bdbded7009a43a281be8a565b911.php 第 137 行.
NOTIC: [2] Illegal string offset 'title' D:\myweb\fuckabc\Application\Runtime\Cache\Home\74c9bdbded7009a43a281be8a565b911.php 第 137 行.
NOTIC: [2] Illegal string offset 'title' D:\myweb\fuckabc\Application\Runtime\Cache\Home\74c9bdbded7009a43a281be8a565b911.php 第 137 行.
NOTIC: [2] Illegal string offset 'title' D:\myweb\fuckabc\Application\Runtime\Cache\Home\74c9bdbded7009a43a281be8a565b911.php 第 137 行.
NOTIC: [2] Illegal string offset 'title' D:\myweb\fuckabc\Application\Runtime\Cache\Home\74c9bdbded7009a43a281be8a565b911.php 第 137 行.
NOTIC: [2] Illegal string offset 'title' D:\myweb\fuckabc\Application\Runtime\Cache\Home\74c9bdbded7009a43a281be8a565b911.php 第 137 行.
NOTIC: [2] Illegal string offset 'title' D:\myweb\fuckabc\Application\Runtime\Cache\Home\74c9bdbded7009a43a281be8a565b911.php 第 137 行.
NOTIC: [2] Illegal string offset 'title' D:\myweb\fuckabc\Application\Runtime\Cache\Home\74c9bdbded7009a43a281be8a565b911.php 第 137 行.
NOTIC: [2] Illegal string offset 'title' D:\myweb\fuckabc\Application\Runtime\Cache\Home\74c9bdbded7009a43a281be8a565b911.php 第 137 行.
NOTIC: [2] Illegal string offset 'title' D:\myweb\fuckabc\Application\Runtime\Cache\Home\74c9bdbded7009a43a281be8a565b911.php 第 137 行.
NOTIC: [2] Illegal string offset 'title' D:\myweb\fuckabc\Application\Runtime\Cache\Home\74c9bdbded7009a43a281be8a565b911.php 第 137 行.
INFO: Run Behavior\ParseTemplateBehavior [ RunTime:0.140210s ]
INFO: [ view_parse ] --END-- [ RunTime:0.140365s ]
INFO: [ view_filter ] --START--
INFO: Run Behavior\WriteHtmlCacheBehavior [ RunTime:0.003212s ]
INFO: [ view_filter ] --END-- [ RunTime:0.003362s ]
INFO: [ app_end ] --START--
INFO: Run Behavior\ShowPageTraceBehavior [ RunTime:0.007959s ]
INFO: [ app_end ] --END-- [ RunTime:0.008183s ]

[ 2016-09-19T21:38:45+08:00 ] ::1 /fuckabc/
INFO: [ app_init ] --START--
INFO: Run Behavior\BuildLiteBehavior [ RunTime:0.000049s ]
INFO: [ app_init ] --END-- [ RunTime:0.003193s ]
INFO: [ app_begin ] --START--
INFO: Run Behavior\ReadHtmlCacheBehavior [ RunTime:0.004401s ]
INFO: [ app_begin ] --END-- [ RunTime:0.004651s ]
SQL: SHOW COLUMNS FROM `news_lesson` [ RunTime:0.0493s ]
SQL: SELECT * FROM `news_lesson` LIMIT 1   [ RunTime:0.0012s ]

[ 2016-09-19T21:39:04+08:00 ] ::1 /fuckabc/
INFO: [ app_init ] --START--
INFO: Run Behavior\BuildLiteBehavior [ RunTime:0.000050s ]
INFO: [ app_init ] --END-- [ RunTime:0.003913s ]
INFO: [ app_begin ] --START--
INFO: Run Behavior\ReadHtmlCacheBehavior [ RunTime:0.004473s ]
INFO: [ app_begin ] --END-- [ RunTime:0.004738s ]
SQL: SHOW COLUMNS FROM `news_lesson` [ RunTime:0.0487s ]
SQL: SELECT * FROM `news_lesson` LIMIT 1   [ RunTime:0.0020s ]

[ 2016-09-19T21:39:47+08:00 ] ::1 /fuckabc/
INFO: [ app_init ] --START--
INFO: Run Behavior\BuildLiteBehavior [ RunTime:0.000048s ]
INFO: [ app_init ] --END-- [ RunTime:0.003306s ]
INFO: [ app_begin ] --START--
INFO: Run Behavior\ReadHtmlCacheBehavior [ RunTime:0.003053s ]
INFO: [ app_begin ] --END-- [ RunTime:0.003270s ]
SQL: SHOW COLUMNS FROM `news_lesson` [ RunTime:0.0595s ]
SQL: SELECT * FROM `news_lesson` LIMIT 1   [ RunTime:0.0015s ]

[ 2016-09-19T21:39:49+08:00 ] ::1 /fuckabc/
INFO: [ app_init ] --START--
INFO: Run Behavior\BuildLiteBehavior [ RunTime:0.000049s ]
INFO: [ app_init ] --END-- [ RunTime:0.004478s ]
INFO: [ app_begin ] --START--
INFO: Run Behavior\ReadHtmlCacheBehavior [ RunTime:0.004866s ]
INFO: [ app_begin ] --END-- [ RunTime:0.005296s ]
SQL: SHOW COLUMNS FROM `news_lesson` [ RunTime:0.1051s ]
SQL: SELECT * FROM `news_lesson` LIMIT 1   [ RunTime:0.0015s ]

[ 2016-09-19T21:39:53+08:00 ] ::1 /fuckabc/
INFO: [ app_init ] --START--
INFO: Run Behavior\BuildLiteBehavior [ RunTime:0.000039s ]
INFO: [ app_init ] --END-- [ RunTime:0.001474s ]
INFO: [ app_begin ] --START--
INFO: Run Behavior\ReadHtmlCacheBehavior [ RunTime:0.003435s ]
INFO: [ app_begin ] --END-- [ RunTime:0.003627s ]
SQL: SHOW COLUMNS FROM `news_lesson` [ RunTime:0.0506s ]
SQL: SELECT * FROM `news_lesson` LIMIT 1   [ RunTime:0.0018s ]

[ 2016-09-19T21:40:32+08:00 ] ::1 /fuckabc/
INFO: [ app_init ] --START--
INFO: Run Behavior\BuildLiteBehavior [ RunTime:0.000048s ]
INFO: [ app_init ] --END-- [ RunTime:0.001718s ]
INFO: [ app_begin ] --START--
INFO: Run Behavior\ReadHtmlCacheBehavior [ RunTime:0.002883s ]
INFO: [ app_begin ] --END-- [ RunTime:0.003209s ]
SQL: SHOW COLUMNS FROM `news_lesson` [ RunTime:0.0458s ]
SQL: SELECT COUNT(*) AS tp_count FROM `news_lesson` LIMIT 1   [ RunTime:0.0012s ]

[ 2016-09-19T21:41:13+08:00 ] ::1 /fuckabc/
INFO: [ app_init ] --START--
INFO: Run Behavior\BuildLiteBehavior [ RunTime:0.000046s ]
INFO: [ app_init ] --END-- [ RunTime:0.002379s ]
INFO: [ app_begin ] --START--
INFO: Run Behavior\ReadHtmlCacheBehavior [ RunTime:0.003358s ]
INFO: [ app_begin ] --END-- [ RunTime:0.003547s ]
SQL: SHOW COLUMNS FROM `news_lesson` [ RunTime:0.0517s ]
SQL: SELECT * FROM `news_lesson` LIMIT 4   [ RunTime:0.0016s ]
INFO: [ view_parse ] --START--
INFO: [ template_filter ] --START--
INFO: Run Behavior\ContentReplaceBehavior [ RunTime:0.000190s ]
INFO: [ template_filter ] --END-- [ RunTime:0.000375s ]
INFO: Run Behavior\ParseTemplateBehavior [ RunTime:0.034022s ]
INFO: [ view_parse ] --END-- [ RunTime:0.034213s ]
INFO: [ view_filter ] --START--
INFO: Run Behavior\WriteHtmlCacheBehavior [ RunTime:0.005051s ]
INFO: [ view_filter ] --END-- [ RunTime:0.005214s ]
INFO: [ app_end ] --START--
INFO: Run Behavior\ShowPageTraceBehavior [ RunTime:0.003794s ]
INFO: [ app_end ] --END-- [ RunTime:0.003967s ]

[ 2016-09-19T21:42:16+08:00 ] ::1 /fuckabc/
INFO: [ app_init ] --START--
INFO: Run Behavior\BuildLiteBehavior [ RunTime:0.000131s ]
INFO: [ app_init ] --END-- [ RunTime:0.005790s ]
INFO: [ app_begin ] --START--
INFO: Run Behavior\ReadHtmlCacheBehavior [ RunTime:0.004094s ]
INFO: [ app_begin ] --END-- [ RunTime:0.004559s ]
SQL: SHOW COLUMNS FROM `news_lesson` [ RunTime:0.0467s ]
SQL: SELECT * FROM `news_lesson` LIMIT 4   [ RunTime:0.0018s ]
INFO: [ view_parse ] --START--
INFO: [ template_filter ] --START--
INFO: Run Behavior\ContentReplaceBehavior [ RunTime:0.000164s ]
INFO: [ template_filter ] --END-- [ RunTime:0.000340s ]
INFO: Run Behavior\ParseTemplateBehavior [ RunTime:0.079228s ]
INFO: [ view_parse ] --END-- [ RunTime:0.079438s ]
INFO: [ view_filter ] --START--
INFO: Run Behavior\WriteHtmlCacheBehavior [ RunTime:0.003426s ]
INFO: [ view_filter ] --END-- [ RunTime:0.003603s ]
INFO: [ app_end ] --START--
INFO: Run Behavior\ShowPageTraceBehavior [ RunTime:0.003920s ]
INFO: [ app_end ] --END-- [ RunTime:0.004193s ]

[ 2016-09-19T21:43:23+08:00 ] ::1 /fuckabc/
INFO: [ app_init ] --START--
INFO: Run Behavior\BuildLiteBehavior [ RunTime:0.000052s ]
INFO: [ app_init ] --END-- [ RunTime:0.019941s ]
INFO: [ app_begin ] --START--
INFO: Run Behavior\ReadHtmlCacheBehavior [ RunTime:0.004287s ]
INFO: [ app_begin ] --END-- [ RunTime:0.005167s ]
SQL: SHOW COLUMNS FROM `news_lesson` [ RunTime:0.0505s ]
SQL: SELECT * FROM `news_lesson` LIMIT 4   [ RunTime:0.0017s ]
INFO: [ view_parse ] --START--
INFO: [ template_filter ] --START--
INFO: Run Behavior\ContentReplaceBehavior [ RunTime:0.000133s ]
INFO: [ template_filter ] --END-- [ RunTime:0.000257s ]
INFO: Run Behavior\ParseTemplateBehavior [ RunTime:0.085645s ]
INFO: [ view_parse ] --END-- [ RunTime:0.085839s ]
INFO: [ view_filter ] --START--
INFO: Run Behavior\WriteHtmlCacheBehavior [ RunTime:0.003403s ]
INFO: [ view_filter ] --END-- [ RunTime:0.003731s ]
INFO: [ app_end ] --START--
INFO: Run Behavior\ShowPageTraceBehavior [ RunTime:0.003957s ]
INFO: [ app_end ] --END-- [ RunTime:0.004129s ]

[ 2016-09-19T21:43:57+08:00 ] ::1 /fuckabc/
INFO: [ app_init ] --START--
INFO: Run Behavior\BuildLiteBehavior [ RunTime:0.000039s ]
INFO: [ app_init ] --END-- [ RunTime:0.001593s ]
INFO: [ app_begin ] --START--
INFO: Run Behavior\ReadHtmlCacheBehavior [ RunTime:0.006496s ]
INFO: [ app_begin ] --END-- [ RunTime:0.007344s ]
SQL: SHOW COLUMNS FROM `news_lesson` [ RunTime:0.0592s ]
SQL: SELECT * FROM `news_lesson` LIMIT 4   [ RunTime:0.0026s ]
INFO: [ view_parse ] --START--
INFO: [ template_filter ] --START--
INFO: Run Behavior\ContentReplaceBehavior [ RunTime:0.000151s ]
INFO: [ template_filter ] --END-- [ RunTime:0.000292s ]
INFO: Run Behavior\ParseTemplateBehavior [ RunTime:0.077070s ]
INFO: [ view_parse ] --END-- [ RunTime:0.077266s ]
INFO: [ view_filter ] --START--
INFO: Run Behavior\WriteHtmlCacheBehavior [ RunTime:0.002080s ]
INFO: [ view_filter ] --END-- [ RunTime:0.002230s ]
INFO: [ app_end ] --START--
INFO: Run Behavior\ShowPageTraceBehavior [ RunTime:0.003459s ]
INFO: [ app_end ] --END-- [ RunTime:0.003625s ]

[ 2016-09-19T21:44:12+08:00 ] ::1 /fuckabc/
INFO: [ app_init ] --START--
INFO: Run Behavior\BuildLiteBehavior [ RunTime:0.000045s ]
INFO: [ app_init ] --END-- [ RunTime:0.002235s ]
INFO: [ app_begin ] --START--
INFO: Run Behavior\ReadHtmlCacheBehavior [ RunTime:0.002069s ]
INFO: [ app_begin ] --END-- [ RunTime:0.002203s ]
SQL: SHOW COLUMNS FROM `news_lesson` [ RunTime:0.0526s ]
SQL: SELECT * FROM `news_lesson` LIMIT 4   [ RunTime:0.0020s ]
INFO: [ view_parse ] --START--
INFO: [ template_filter ] --START--
INFO: Run Behavior\ContentReplaceBehavior [ RunTime:0.000133s ]
INFO: [ template_filter ] --END-- [ RunTime:0.000257s ]
INFO: Run Behavior\ParseTemplateBehavior [ RunTime:0.023448s ]
INFO: [ view_parse ] --END-- [ RunTime:0.023769s ]
INFO: [ view_filter ] --START--
INFO: Run Behavior\WriteHtmlCacheBehavior [ RunTime:0.002203s ]
INFO: [ view_filter ] --END-- [ RunTime:0.002362s ]
INFO: [ app_end ] --START--
INFO: Run Behavior\ShowPageTraceBehavior [ RunTime:0.002865s ]
INFO: [ app_end ] --END-- [ RunTime:0.003024s ]

[ 2016-09-19T21:47:11+08:00 ] ::1 /fuckabc/
INFO: [ app_init ] --START--
INFO: Run Behavior\BuildLiteBehavior [ RunTime:0.000032s ]
INFO: [ app_init ] --END-- [ RunTime:0.001337s ]
INFO: [ app_begin ] --START--
INFO: Run Behavior\ReadHtmlCacheBehavior [ RunTime:0.007382s ]
INFO: [ app_begin ] --END-- [ RunTime:0.007587s ]
SQL: SHOW COLUMNS FROM `news_lesson` [ RunTime:0.0450s ]
SQL: SELECT * FROM `news_lesson` LIMIT 4   [ RunTime:0.0022s ]
INFO: [ view_parse ] --START--
INFO: [ template_filter ] --START--
INFO: Run Behavior\ContentReplaceBehavior [ RunTime:0.000185s ]
INFO: [ template_filter ] --END-- [ RunTime:0.000359s ]
INFO: Run Behavior\ParseTemplateBehavior [ RunTime:0.121923s ]
INFO: [ view_parse ] --END-- [ RunTime:0.122089s ]
INFO: [ view_filter ] --START--
INFO: Run Behavior\WriteHtmlCacheBehavior [ RunTime:0.001747s ]
INFO: [ view_filter ] --END-- [ RunTime:0.001889s ]
INFO: [ app_end ] --START--
INFO: Run Behavior\ShowPageTraceBehavior [ RunTime:0.005067s ]
INFO: [ app_end ] --END-- [ RunTime:0.005792s ]

[ 2016-09-19T21:47:16+08:00 ] ::1 /fuckabc/
INFO: [ app_init ] --START--
INFO: Run Behavior\BuildLiteBehavior [ RunTime:0.000052s ]
INFO: [ app_init ] --END-- [ RunTime:0.001980s ]
INFO: [ app_begin ] --START--
INFO: Run Behavior\ReadHtmlCacheBehavior [ RunTime:0.004062s ]
INFO: [ app_begin ] --END-- [ RunTime:0.004265s ]
SQL: SHOW COLUMNS FROM `news_lesson` [ RunTime:0.0675s ]
SQL: SELECT * FROM `news_lesson` LIMIT 4   [ RunTime:0.0018s ]
INFO: [ view_parse ] --START--
INFO: [ template_filter ] --START--
INFO: Run Behavior\ContentReplaceBehavior [ RunTime:0.000187s ]
INFO: [ template_filter ] --END-- [ RunTime:0.000356s ]
INFO: Run Behavior\ParseTemplateBehavior [ RunTime:0.029155s ]
INFO: [ view_parse ] --END-- [ RunTime:0.029331s ]
INFO: [ view_filter ] --START--
INFO: Run Behavior\WriteHtmlCacheBehavior [ RunTime:0.002178s ]
INFO: [ view_filter ] --END-- [ RunTime:0.002331s ]
INFO: [ app_end ] --START--
INFO: Run Behavior\ShowPageTraceBehavior [ RunTime:0.003866s ]
INFO: [ app_end ] --END-- [ RunTime:0.004076s ]

[ 2016-09-19T21:47:20+08:00 ] ::1 /fuckabc/
INFO: [ app_init ] --START--
INFO: Run Behavior\BuildLiteBehavior [ RunTime:0.000044s ]
INFO: [ app_init ] --END-- [ RunTime:0.001638s ]
INFO: [ app_begin ] --START--
INFO: Run Behavior\ReadHtmlCacheBehavior [ RunTime:0.008134s ]
INFO: [ app_begin ] --END-- [ RunTime:0.008356s ]
SQL: SHOW COLUMNS FROM `news_lesson` [ RunTime:0.2116s ]
SQL: SELECT * FROM `news_lesson` LIMIT 4   [ RunTime:0.0046s ]
INFO: [ view_parse ] --START--
INFO: [ template_filter ] --START--
INFO: Run Behavior\ContentReplaceBehavior [ RunTime:0.000168s ]
INFO: [ template_filter ] --END-- [ RunTime:0.000321s ]
INFO: Run Behavior\ParseTemplateBehavior [ RunTime:0.039899s ]
INFO: [ view_parse ] --END-- [ RunTime:0.040100s ]
INFO: [ view_filter ] --START--
INFO: Run Behavior\WriteHtmlCacheBehavior [ RunTime:0.002666s ]
INFO: [ view_filter ] --END-- [ RunTime:0.002832s ]
INFO: [ app_end ] --START--
INFO: Run Behavior\ShowPageTraceBehavior [ RunTime:0.007444s ]
INFO: [ app_end ] --END-- [ RunTime:0.007664s ]

[ 2016-09-19T21:47:40+08:00 ] ::1 /fuckabc/
INFO: [ app_init ] --START--
INFO: Run Behavior\BuildLiteBehavior [ RunTime:0.000208s ]
INFO: [ app_init ] --END-- [ RunTime:0.004113s ]
INFO: [ app_begin ] --START--
INFO: Run Behavior\ReadHtmlCacheBehavior [ RunTime:0.003076s ]
INFO: [ app_begin ] --END-- [ RunTime:0.003269s ]
SQL: SHOW COLUMNS FROM `news_lesson` [ RunTime:0.0487s ]
SQL: SELECT * FROM `news_lesson` LIMIT 4   [ RunTime:0.0016s ]
INFO: [ view_parse ] --START--
INFO: [ template_filter ] --START--
INFO: Run Behavior\ContentReplaceBehavior [ RunTime:0.000167s ]
INFO: [ template_filter ] --END-- [ RunTime:0.000309s ]
INFO: Run Behavior\ParseTemplateBehavior [ RunTime:0.130788s ]
INFO: [ view_parse ] --END-- [ RunTime:0.130990s ]
INFO: [ view_filter ] --START--
INFO: Run Behavior\WriteHtmlCacheBehavior [ RunTime:0.003889s ]
INFO: [ view_filter ] --END-- [ RunTime:0.004287s ]
INFO: [ app_end ] --START--
INFO: Run Behavior\ShowPageTraceBehavior [ RunTime:0.004044s ]
INFO: [ app_end ] --END-- [ RunTime:0.004406s ]

[ 2016-09-19T21:59:04+08:00 ] ::1 /fuckabc/
INFO: [ app_init ] --START--
INFO: Run Behavior\BuildLiteBehavior [ RunTime:0.000047s ]
INFO: [ app_init ] --END-- [ RunTime:0.005264s ]
INFO: [ app_begin ] --START--
INFO: Run Behavior\ReadHtmlCacheBehavior [ RunTime:0.006731s ]
INFO: [ app_begin ] --END-- [ RunTime:0.007021s ]
SQL: SHOW COLUMNS FROM `news_lesson` [ RunTime:0.0480s ]
SQL: SELECT * FROM `news_lesson` LIMIT 4   [ RunTime:0.0017s ]
INFO: [ view_parse ] --START--
INFO: [ template_filter ] --START--
INFO: Run Behavior\ContentReplaceBehavior [ RunTime:0.000148s ]
INFO: [ template_filter ] --END-- [ RunTime:0.000279s ]
INFO: Run Behavior\ParseTemplateBehavior [ RunTime:0.111454s ]
INFO: [ view_parse ] --END-- [ RunTime:0.111651s ]
INFO: [ view_filter ] --START--
INFO: Run Behavior\WriteHtmlCacheBehavior [ RunTime:0.002537s ]
INFO: [ view_filter ] --END-- [ RunTime:0.002713s ]
INFO: [ app_end ] --START--
INFO: Run Behavior\ShowPageTraceBehavior [ RunTime:0.005934s ]
INFO: [ app_end ] --END-- [ RunTime:0.006477s ]

[ 2016-09-19T21:59:08+08:00 ] ::1 /fuckabc/index.php/home/lesson/zan
INFO: [ app_init ] --START--
INFO: Run Behavior\BuildLiteBehavior [ RunTime:0.000034s ]
INFO: [ app_init ] --END-- [ RunTime:0.001207s ]
INFO: [ app_begin ] --START--
INFO: Run Behavior\ReadHtmlCacheBehavior [ RunTime:0.002359s ]
INFO: [ app_begin ] --END-- [ RunTime:0.002511s ]
SQL: SHOW COLUMNS FROM `news_lesson` [ RunTime:0.0451s ]
SQL: SELECT * FROM `news_lesson` WHERE ( id=37 ) LIMIT 1   [ RunTime:0.0018s ]
NOTIC: [8] Trying to get property of non-object D:\myweb\fuckabc\Application\Home\Controller\LessonController.class.php 第 15 行.

[ 2016-09-19T21:59:10+08:00 ] ::1 /fuckabc/index.php/home/lesson/zan
INFO: [ app_init ] --START--
INFO: Run Behavior\BuildLiteBehavior [ RunTime:0.000045s ]
INFO: [ app_init ] --END-- [ RunTime:0.001588s ]
INFO: [ app_begin ] --START--
INFO: Run Behavior\ReadHtmlCacheBehavior [ RunTime:0.002681s ]
INFO: [ app_begin ] --END-- [ RunTime:0.002866s ]
SQL: SHOW COLUMNS FROM `news_lesson` [ RunTime:0.0538s ]
SQL: SELECT * FROM `news_lesson` WHERE ( id=37 ) LIMIT 1   [ RunTime:0.0029s ]
NOTIC: [8] Trying to get property of non-object D:\myweb\fuckabc\Application\Home\Controller\LessonController.class.php 第 15 行.

[ 2016-09-19T21:59:11+08:00 ] ::1 /fuckabc/index.php/home/lesson/zan
INFO: [ app_init ] --START--
INFO: Run Behavior\BuildLiteBehavior [ RunTime:0.000042s ]
INFO: [ app_init ] --END-- [ RunTime:0.001627s ]
INFO: [ app_begin ] --START--
INFO: Run Behavior\ReadHtmlCacheBehavior [ RunTime:0.002340s ]
INFO: [ app_begin ] --END-- [ RunTime:0.002502s ]
SQL: SHOW COLUMNS FROM `news_lesson` [ RunTime:0.0600s ]
SQL: SELECT * FROM `news_lesson` WHERE ( id=37 ) LIMIT 1   [ RunTime:0.0015s ]
NOTIC: [8] Trying to get property of non-object D:\myweb\fuckabc\Application\Home\Controller\LessonController.class.php 第 15 行.

[ 2016-09-19T21:59:30+08:00 ] ::1 /fuckabc/index.php/home/lesson/zan
INFO: [ app_init ] --START--
INFO: Run Behavior\BuildLiteBehavior [ RunTime:0.000037s ]
INFO: [ app_init ] --END-- [ RunTime:0.001216s ]
INFO: [ app_begin ] --START--
INFO: Run Behavior\ReadHtmlCacheBehavior [ RunTime:0.002498s ]
INFO: [ app_begin ] --END-- [ RunTime:0.002693s ]
SQL: SHOW COLUMNS FROM `news_lesson` [ RunTime:0.0631s ]
SQL: SELECT * FROM `news_lesson` WHERE ( id=37 ) LIMIT 1   [ RunTime:0.0014s ]
NOTIC: [8] Trying to get property of non-object D:\myweb\fuckabc\Application\Home\Controller\LessonController.class.php 第 15 行.

[ 2016-09-19T22:01:00+08:00 ] ::1 /fuckabc/
INFO: [ app_init ] --START--
INFO: Run Behavior\BuildLiteBehavior [ RunTime:0.000043s ]
INFO: [ app_init ] --END-- [ RunTime:0.001778s ]
INFO: [ app_begin ] --START--
INFO: Run Behavior\ReadHtmlCacheBehavior [ RunTime:0.013251s ]
INFO: [ app_begin ] --END-- [ RunTime:0.014615s ]
SQL: SHOW COLUMNS FROM `news_lesson` [ RunTime:0.1314s ]
SQL: SELECT * FROM `news_lesson` LIMIT 4   [ RunTime:0.0018s ]
INFO: [ view_parse ] --START--
INFO: [ template_filter ] --START--
INFO: Run Behavior\ContentReplaceBehavior [ RunTime:0.000200s ]
INFO: [ template_filter ] --END-- [ RunTime:0.000374s ]
INFO: Run Behavior\ParseTemplateBehavior [ RunTime:0.031496s ]
INFO: [ view_parse ] --END-- [ RunTime:0.031685s ]
INFO: [ view_filter ] --START--
INFO: Run Behavior\WriteHtmlCacheBehavior [ RunTime:0.007467s ]
INFO: [ view_filter ] --END-- [ RunTime:0.007820s ]
INFO: [ app_end ] --START--
INFO: Run Behavior\ShowPageTraceBehavior [ RunTime:0.004777s ]
INFO: [ app_end ] --END-- [ RunTime:0.005155s ]

[ 2016-09-19T22:01:04+08:00 ] ::1 /fuckabc/index.php/home/lesson/zan
INFO: [ app_init ] --START--
INFO: Run Behavior\BuildLiteBehavior [ RunTime:0.000048s ]
INFO: [ app_init ] --END-- [ RunTime:0.002304s ]
INFO: [ app_begin ] --START--
INFO: Run Behavior\ReadHtmlCacheBehavior [ RunTime:0.017839s ]
INFO: [ app_begin ] --END-- [ RunTime:0.018071s ]
SQL: SHOW COLUMNS FROM `news_lesson` [ RunTime:0.0698s ]
SQL: SELECT * FROM `news_lesson` WHERE ( id=37 ) LIMIT 1   [ RunTime:0.0014s ]
ERR: Call to a member function getField() on array

[ 2016-09-19T22:01:06+08:00 ] ::1 /fuckabc/index.php/home/lesson/zan
INFO: [ app_init ] --START--
INFO: Run Behavior\BuildLiteBehavior [ RunTime:0.000043s ]
INFO: [ app_init ] --END-- [ RunTime:0.002330s ]
INFO: [ app_begin ] --START--
INFO: Run Behavior\ReadHtmlCacheBehavior [ RunTime:0.002825s ]
INFO: [ app_begin ] --END-- [ RunTime:0.003049s ]
SQL: SHOW COLUMNS FROM `news_lesson` [ RunTime:0.0989s ]
SQL: SELECT * FROM `news_lesson` WHERE ( id=37 ) LIMIT 1   [ RunTime:0.0016s ]
ERR: Call to a member function getField() on array

[ 2016-09-19T22:01:31+08:00 ] ::1 /fuckabc/
INFO: [ app_init ] --START--
INFO: Run Behavior\BuildLiteBehavior [ RunTime:0.000068s ]
INFO: [ app_init ] --END-- [ RunTime:0.008168s ]
INFO: [ app_begin ] --START--
INFO: Run Behavior\ReadHtmlCacheBehavior [ RunTime:0.002862s ]
INFO: [ app_begin ] --END-- [ RunTime:0.003091s ]
SQL: SHOW COLUMNS FROM `news_lesson` [ RunTime:0.0639s ]
SQL: SELECT * FROM `news_lesson` LIMIT 4   [ RunTime:0.0019s ]
INFO: [ view_parse ] --START--
INFO: [ template_filter ] --START--
INFO: Run Behavior\ContentReplaceBehavior [ RunTime:0.000146s ]
INFO: [ template_filter ] --END-- [ RunTime:0.000281s ]
INFO: Run Behavior\ParseTemplateBehavior [ RunTime:0.039474s ]
INFO: [ view_parse ] --END-- [ RunTime:0.039749s ]
INFO: [ view_filter ] --START--
INFO: Run Behavior\WriteHtmlCacheBehavior [ RunTime:0.002884s ]
INFO: [ view_filter ] --END-- [ RunTime:0.003051s ]
INFO: [ app_end ] --START--
INFO: Run Behavior\ShowPageTraceBehavior [ RunTime:0.005686s ]
INFO: [ app_end ] --END-- [ RunTime:0.006473s ]

[ 2016-09-19T22:01:35+08:00 ] ::1 /fuckabc/index.php/home/lesson/zan
INFO: [ app_init ] --START--
INFO: Run Behavior\BuildLiteBehavior [ RunTime:0.000055s ]
INFO: [ app_init ] --END-- [ RunTime:0.004568s ]
INFO: [ app_begin ] --START--
INFO: Run Behavior\ReadHtmlCacheBehavior [ RunTime:0.005862s ]
INFO: [ app_begin ] --END-- [ RunTime:0.006100s ]
SQL: SHOW COLUMNS FROM `news_lesson` [ RunTime:0.0470s ]
ERR: Call to undefined function Home\Controller\getField()

[ 2016-09-19T22:02:07+08:00 ] ::1 /fuckabc/
INFO: [ app_init ] --START--
INFO: Run Behavior\BuildLiteBehavior [ RunTime:0.000319s ]
INFO: [ app_init ] --END-- [ RunTime:0.002524s ]
INFO: [ app_begin ] --START--
INFO: Run Behavior\ReadHtmlCacheBehavior [ RunTime:0.003425s ]
INFO: [ app_begin ] --END-- [ RunTime:0.003636s ]
SQL: SHOW COLUMNS FROM `news_lesson` [ RunTime:0.1072s ]
SQL: SELECT * FROM `news_lesson` LIMIT 4   [ RunTime:0.0020s ]
INFO: [ view_parse ] --START--
INFO: [ template_filter ] --START--
INFO: Run Behavior\ContentReplaceBehavior [ RunTime:0.000998s ]
INFO: [ template_filter ] --END-- [ RunTime:0.001203s ]
INFO: Run Behavior\ParseTemplateBehavior [ RunTime:0.040492s ]
INFO: [ view_parse ] --END-- [ RunTime:0.040707s ]
INFO: [ view_filter ] --START--
INFO: Run Behavior\WriteHtmlCacheBehavior [ RunTime:0.004501s ]
INFO: [ view_filter ] --END-- [ RunTime:0.004657s ]
INFO: [ app_end ] --START--
INFO: Run Behavior\ShowPageTraceBehavior [ RunTime:0.004535s ]
INFO: [ app_end ] --END-- [ RunTime:0.004784s ]

[ 2016-09-19T22:02:13+08:00 ] ::1 /fuckabc/index.php/home/lesson/zan
INFO: [ app_init ] --START--
INFO: Run Behavior\BuildLiteBehavior [ RunTime:0.000045s ]
INFO: [ app_init ] --END-- [ RunTime:0.001488s ]
INFO: [ app_begin ] --START--
INFO: Run Behavior\ReadHtmlCacheBehavior [ RunTime:0.007967s ]
INFO: [ app_begin ] --END-- [ RunTime:0.008196s ]
SQL: SHOW COLUMNS FROM `news_lesson` [ RunTime:0.0519s ]
SQL: SELECT `zan` FROM `news_lesson` WHERE ( id=37 ) LIMIT 1   [ RunTime:0.0012s ]

[ 2016-09-19T22:02:18+08:00 ] ::1 /fuckabc/index.php/home/lesson/zan
INFO: [ app_init ] --START--
INFO: Run Behavior\BuildLiteBehavior [ RunTime:0.000049s ]
INFO: [ app_init ] --END-- [ RunTime:0.002634s ]
INFO: [ app_begin ] --START--
INFO: Run Behavior\ReadHtmlCacheBehavior [ RunTime:0.006085s ]
INFO: [ app_begin ] --END-- [ RunTime:0.006329s ]
SQL: SHOW COLUMNS FROM `news_lesson` [ RunTime:0.0545s ]
SQL: SELECT `zan` FROM `news_lesson` WHERE ( id=37 ) LIMIT 1   [ RunTime:0.0013s ]

[ 2016-09-19T22:02:39+08:00 ] ::1 /fuckabc/
INFO: [ app_init ] --START--
INFO: Run Behavior\BuildLiteBehavior [ RunTime:0.000251s ]
INFO: [ app_init ] --END-- [ RunTime:0.005721s ]
INFO: [ app_begin ] --START--
INFO: Run Behavior\ReadHtmlCacheBehavior [ RunTime:0.007774s ]
INFO: [ app_begin ] --END-- [ RunTime:0.008695s ]
SQL: SHOW COLUMNS FROM `news_lesson` [ RunTime:0.0549s ]
SQL: SELECT * FROM `news_lesson` LIMIT 4   [ RunTime:0.0019s ]
INFO: [ view_parse ] --START--
INFO: [ template_filter ] --START--
INFO: Run Behavior\ContentReplaceBehavior [ RunTime:0.000184s ]
INFO: [ template_filter ] --END-- [ RunTime:0.000351s ]
INFO: Run Behavior\ParseTemplateBehavior [ RunTime:0.028570s ]
INFO: [ view_parse ] --END-- [ RunTime:0.028732s ]
INFO: [ view_filter ] --START--
INFO: Run Behavior\WriteHtmlCacheBehavior [ RunTime:0.002521s ]
INFO: [ view_filter ] --END-- [ RunTime:0.002694s ]
INFO: [ app_end ] --START--
INFO: Run Behavior\ShowPageTraceBehavior [ RunTime:0.004503s ]
INFO: [ app_end ] --END-- [ RunTime:0.004766s ]

[ 2016-09-19T22:02:42+08:00 ] ::1 /fuckabc/index.php/home/lesson/zan
INFO: [ app_init ] --START--
INFO: Run Behavior\BuildLiteBehavior [ RunTime:0.000045s ]
INFO: [ app_init ] --END-- [ RunTime:0.003327s ]
INFO: [ app_begin ] --START--
INFO: Run Behavior\ReadHtmlCacheBehavior [ RunTime:0.003236s ]
INFO: [ app_begin ] --END-- [ RunTime:0.003625s ]
SQL: SHOW COLUMNS FROM `news_lesson` [ RunTime:0.0433s ]
ERR: 1054:Unknown column '$id' in 'where clause'
 [ SQL语句 ] : UPDATE `news_lesson` SET `zan`=zan+1 WHERE ( id=$id )
ERR: 1054:Unknown column '$id' in 'where clause'
 [ SQL语句 ] : UPDATE `news_lesson` SET `zan`=zan+1 WHERE ( id=$id )

[ 2016-09-19T22:03:00+08:00 ] ::1 /fuckabc/
INFO: [ app_init ] --START--
INFO: Run Behavior\BuildLiteBehavior [ RunTime:0.000048s ]
INFO: [ app_init ] --END-- [ RunTime:0.005382s ]
INFO: [ app_begin ] --START--
INFO: Run Behavior\ReadHtmlCacheBehavior [ RunTime:0.005054s ]
INFO: [ app_begin ] --END-- [ RunTime:0.011667s ]
SQL: SHOW COLUMNS FROM `news_lesson` [ RunTime:0.0522s ]
SQL: SELECT * FROM `news_lesson` LIMIT 4   [ RunTime:0.0016s ]
INFO: [ view_parse ] --START--
INFO: [ template_filter ] --START--
INFO: Run Behavior\ContentReplaceBehavior [ RunTime:0.000169s ]
INFO: [ template_filter ] --END-- [ RunTime:0.000319s ]
INFO: Run Behavior\ParseTemplateBehavior [ RunTime:0.026352s ]
INFO: [ view_parse ] --END-- [ RunTime:0.026536s ]
INFO: [ view_filter ] --START--
INFO: Run Behavior\WriteHtmlCacheBehavior [ RunTime:0.003759s ]
INFO: [ view_filter ] --END-- [ RunTime:0.003916s ]
INFO: [ app_end ] --START--
INFO: Run Behavior\ShowPageTraceBehavior [ RunTime:0.005472s ]
INFO: [ app_end ] --END-- [ RunTime:0.005689s ]

[ 2016-09-19T22:03:05+08:00 ] ::1 /fuckabc/index.php/home/lesson/zan
INFO: [ app_init ] --START--
INFO: Run Behavior\BuildLiteBehavior [ RunTime:0.000042s ]
INFO: [ app_init ] --END-- [ RunTime:0.001508s ]
INFO: [ app_begin ] --START--
INFO: Run Behavior\ReadHtmlCacheBehavior [ RunTime:0.004070s ]
INFO: [ app_begin ] --END-- [ RunTime:0.004262s ]
SQL: SHOW COLUMNS FROM `news_lesson` [ RunTime:0.0612s ]
SQL: UPDATE `news_lesson` SET `zan`=zan+1 WHERE ( id=37 ) [ RunTime:0.0121s ]
SQL: SELECT `zan` FROM `news_lesson` WHERE ( id=37 ) LIMIT 1   [ RunTime:0.0014s ]

[ 2016-09-19T22:03:06+08:00 ] ::1 /fuckabc/index.php/home/lesson/zan
INFO: [ app_init ] --START--
INFO: Run Behavior\BuildLiteBehavior [ RunTime:0.000053s ]
INFO: [ app_init ] --END-- [ RunTime:0.001897s ]
INFO: [ app_begin ] --START--
INFO: Run Behavior\ReadHtmlCacheBehavior [ RunTime:0.002586s ]
INFO: [ app_begin ] --END-- [ RunTime:0.002782s ]
SQL: SHOW COLUMNS FROM `news_lesson` [ RunTime:0.0408s ]
SQL: UPDATE `news_lesson` SET `zan`=zan+1 WHERE ( id=37 ) [ RunTime:0.0106s ]
SQL: SELECT `zan` FROM `news_lesson` WHERE ( id=37 ) LIMIT 1   [ RunTime:0.0011s ]

[ 2016-09-19T22:03:06+08:00 ] ::1 /fuckabc/index.php/home/lesson/zan
INFO: [ app_init ] --START--
INFO: Run Behavior\BuildLiteBehavior [ RunTime:0.000050s ]
INFO: [ app_init ] --END-- [ RunTime:0.001578s ]
INFO: [ app_begin ] --START--
INFO: Run Behavior\ReadHtmlCacheBehavior [ RunTime:0.002567s ]
INFO: [ app_begin ] --END-- [ RunTime:0.002840s ]
SQL: SHOW COLUMNS FROM `news_lesson` [ RunTime:0.0416s ]
SQL: UPDATE `news_lesson` SET `zan`=zan+1 WHERE ( id=37 ) [ RunTime:0.0109s ]
SQL: SELECT `zan` FROM `news_lesson` WHERE ( id=37 ) LIMIT 1   [ RunTime:0.0019s ]

[ 2016-09-19T22:06:37+08:00 ] ::1 /fuckabc/index.php/home/lesson/zan
INFO: [ app_init ] --START--
INFO: Run Behavior\BuildLiteBehavior [ RunTime:0.000051s ]
INFO: [ app_init ] --END-- [ RunTime:0.001896s ]
INFO: [ app_begin ] --START--
INFO: Run Behavior\ReadHtmlCacheBehavior [ RunTime:0.002918s ]
INFO: [ app_begin ] --END-- [ RunTime:0.003122s ]
SQL: SHOW COLUMNS FROM `news_lesson` [ RunTime:0.0483s ]
SQL: UPDATE `news_lesson` SET `zan`=zan+1 WHERE ( id=37 ) [ RunTime:0.0102s ]
SQL: SELECT `zan` FROM `news_lesson` WHERE ( id=37 ) LIMIT 1   [ RunTime:0.0011s ]

[ 2016-09-19T22:06:38+08:00 ] ::1 /fuckabc/index.php/home/lesson/zan
INFO: [ app_init ] --START--
INFO: Run Behavior\BuildLiteBehavior [ RunTime:0.000046s ]
INFO: [ app_init ] --END-- [ RunTime:0.001706s ]
INFO: [ app_begin ] --START--
INFO: Run Behavior\ReadHtmlCacheBehavior [ RunTime:0.002559s ]
INFO: [ app_begin ] --END-- [ RunTime:0.002768s ]
SQL: SHOW COLUMNS FROM `news_lesson` [ RunTime:0.0628s ]
SQL: UPDATE `news_lesson` SET `zan`=zan+1 WHERE ( id=37 ) [ RunTime:0.0100s ]
SQL: SELECT `zan` FROM `news_lesson` WHERE ( id=37 ) LIMIT 1   [ RunTime:0.0017s ]

[ 2016-09-19T22:06:38+08:00 ] ::1 /fuckabc/index.php/home/lesson/zan
INFO: [ app_init ] --START--
INFO: Run Behavior\BuildLiteBehavior [ RunTime:0.000042s ]
INFO: [ app_init ] --END-- [ RunTime:0.002022s ]
INFO: [ app_begin ] --START--
INFO: Run Behavior\ReadHtmlCacheBehavior [ RunTime:0.005466s ]
INFO: [ app_begin ] --END-- [ RunTime:0.005820s ]
SQL: SHOW COLUMNS FROM `news_lesson` [ RunTime:0.0344s ]
SQL: UPDATE `news_lesson` SET `zan`=zan+1 WHERE ( id=37 ) [ RunTime:0.0099s ]
SQL: SELECT `zan` FROM `news_lesson` WHERE ( id=37 ) LIMIT 1   [ RunTime:0.0014s ]

[ 2016-09-19T22:06:39+08:00 ] ::1 /fuckabc/index.php/home/lesson/zan
INFO: [ app_init ] --START--
INFO: Run Behavior\BuildLiteBehavior [ RunTime:0.000052s ]
INFO: [ app_init ] --END-- [ RunTime:0.006209s ]
INFO: [ app_begin ] --START--
INFO: Run Behavior\ReadHtmlCacheBehavior [ RunTime:0.004031s ]
INFO: [ app_begin ] --END-- [ RunTime:0.004247s ]
SQL: SHOW COLUMNS FROM `news_lesson` [ RunTime:0.1098s ]
SQL: UPDATE `news_lesson` SET `zan`=zan+1 WHERE ( id=37 ) [ RunTime:0.0116s ]
SQL: SELECT `zan` FROM `news_lesson` WHERE ( id=37 ) LIMIT 1   [ RunTime:0.0018s ]

[ 2016-09-19T22:06:39+08:00 ] ::1 /fuckabc/index.php/home/lesson/zan
INFO: [ app_init ] --START--
INFO: Run Behavior\BuildLiteBehavior [ RunTime:0.000043s ]
INFO: [ app_init ] --END-- [ RunTime:0.001491s ]
INFO: [ app_begin ] --START--
INFO: Run Behavior\ReadHtmlCacheBehavior [ RunTime:0.003710s ]
INFO: [ app_begin ] --END-- [ RunTime:0.003909s ]
SQL: SHOW COLUMNS FROM `news_lesson` [ RunTime:0.1419s ]
SQL: UPDATE `news_lesson` SET `zan`=zan+1 WHERE ( id=37 ) [ RunTime:0.0114s ]
SQL: SELECT `zan` FROM `news_lesson` WHERE ( id=37 ) LIMIT 1   [ RunTime:0.0016s ]

[ 2016-09-19T22:06:39+08:00 ] ::1 /fuckabc/index.php/home/lesson/zan
INFO: [ app_init ] --START--
INFO: Run Behavior\BuildLiteBehavior [ RunTime:0.000046s ]
INFO: [ app_init ] --END-- [ RunTime:0.002071s ]
INFO: [ app_begin ] --START--
INFO: Run Behavior\ReadHtmlCacheBehavior [ RunTime:0.002961s ]
INFO: [ app_begin ] --END-- [ RunTime:0.003169s ]
SQL: SHOW COLUMNS FROM `news_lesson` [ RunTime:0.0557s ]
SQL: UPDATE `news_lesson` SET `zan`=zan+1 WHERE ( id=37 ) [ RunTime:0.0098s ]
SQL: SELECT `zan` FROM `news_lesson` WHERE ( id=37 ) LIMIT 1   [ RunTime:0.0017s ]

[ 2016-09-19T22:06:39+08:00 ] ::1 /fuckabc/index.php/home/lesson/zan
INFO: [ app_init ] --START--
INFO: Run Behavior\BuildLiteBehavior [ RunTime:0.000053s ]
INFO: [ app_init ] --END-- [ RunTime:0.002483s ]
INFO: [ app_begin ] --START--
INFO: Run Behavior\ReadHtmlCacheBehavior [ RunTime:0.002571s ]
INFO: [ app_begin ] --END-- [ RunTime:0.002768s ]
SQL: SHOW COLUMNS FROM `news_lesson` [ RunTime:0.0264s ]
SQL: UPDATE `news_lesson` SET `zan`=zan+1 WHERE ( id=37 ) [ RunTime:0.0108s ]
SQL: SELECT `zan` FROM `news_lesson` WHERE ( id=37 ) LIMIT 1   [ RunTime:0.0020s ]

[ 2016-09-19T22:06:39+08:00 ] ::1 /fuckabc/index.php/home/lesson/zan
INFO: [ app_init ] --START--
INFO: Run Behavior\BuildLiteBehavior [ RunTime:0.000048s ]
INFO: [ app_init ] --END-- [ RunTime:0.003351s ]
INFO: [ app_begin ] --START--
INFO: Run Behavior\ReadHtmlCacheBehavior [ RunTime:0.002604s ]
INFO: [ app_begin ] --END-- [ RunTime:0.002786s ]
SQL: SHOW COLUMNS FROM `news_lesson` [ RunTime:0.0771s ]
SQL: UPDATE `news_lesson` SET `zan`=zan+1 WHERE ( id=37 ) [ RunTime:0.0103s ]
SQL: SELECT `zan` FROM `news_lesson` WHERE ( id=37 ) LIMIT 1   [ RunTime:0.0019s ]

[ 2016-09-19T22:06:40+08:00 ] ::1 /fuckabc/index.php/home/lesson/zan
INFO: [ app_init ] --START--
INFO: Run Behavior\BuildLiteBehavior [ RunTime:0.000062s ]
INFO: [ app_init ] --END-- [ RunTime:0.004697s ]
INFO: [ app_begin ] --START--
INFO: Run Behavior\ReadHtmlCacheBehavior [ RunTime:0.004549s ]
INFO: [ app_begin ] --END-- [ RunTime:0.004761s ]
SQL: SHOW COLUMNS FROM `news_lesson` [ RunTime:0.0671s ]
SQL: UPDATE `news_lesson` SET `zan`=zan+1 WHERE ( id=37 ) [ RunTime:0.0134s ]
SQL: SELECT `zan` FROM `news_lesson` WHERE ( id=37 ) LIMIT 1   [ RunTime:0.0016s ]

[ 2016-09-19T22:06:40+08:00 ] ::1 /fuckabc/index.php/home/lesson/zan
INFO: [ app_init ] --START--
INFO: Run Behavior\BuildLiteBehavior [ RunTime:0.000044s ]
INFO: [ app_init ] --END-- [ RunTime:0.001486s ]
INFO: [ app_begin ] --START--
INFO: Run Behavior\ReadHtmlCacheBehavior [ RunTime:0.002590s ]
INFO: [ app_begin ] --END-- [ RunTime:0.002785s ]
SQL: SHOW COLUMNS FROM `news_lesson` [ RunTime:0.0342s ]
SQL: UPDATE `news_lesson` SET `zan`=zan+1 WHERE ( id=37 ) [ RunTime:0.0047s ]
SQL: SELECT `zan` FROM `news_lesson` WHERE ( id=37 ) LIMIT 1   [ RunTime:0.0016s ]

[ 2016-09-19T22:06:40+08:00 ] ::1 /fuckabc/index.php/home/lesson/zan
INFO: [ app_init ] --START--
INFO: Run Behavior\BuildLiteBehavior [ RunTime:0.000054s ]
INFO: [ app_init ] --END-- [ RunTime:0.002530s ]
INFO: [ app_begin ] --START--
INFO: Run Behavior\ReadHtmlCacheBehavior [ RunTime:0.008075s ]
INFO: [ app_begin ] --END-- [ RunTime:0.008384s ]
SQL: SHOW COLUMNS FROM `news_lesson` [ RunTime:0.0429s ]
SQL: UPDATE `news_lesson` SET `zan`=zan+1 WHERE ( id=37 ) [ RunTime:0.0106s ]
SQL: SELECT `zan` FROM `news_lesson` WHERE ( id=37 ) LIMIT 1   [ RunTime:0.0019s ]

[ 2016-09-19T22:06:40+08:00 ] ::1 /fuckabc/index.php/home/lesson/zan
INFO: [ app_init ] --START--
INFO: Run Behavior\BuildLiteBehavior [ RunTime:0.000036s ]
INFO: [ app_init ] --END-- [ RunTime:0.001336s ]
INFO: [ app_begin ] --START--
INFO: Run Behavior\ReadHtmlCacheBehavior [ RunTime:0.027587s ]
INFO: [ app_begin ] --END-- [ RunTime:0.027826s ]
SQL: SHOW COLUMNS FROM `news_lesson` [ RunTime:0.0348s ]
SQL: UPDATE `news_lesson` SET `zan`=zan+1 WHERE ( id=37 ) [ RunTime:0.0117s ]
SQL: SELECT `zan` FROM `news_lesson` WHERE ( id=37 ) LIMIT 1   [ RunTime:0.0012s ]

[ 2016-09-19T22:06:40+08:00 ] ::1 /fuckabc/index.php/home/lesson/zan
INFO: [ app_init ] --START--
INFO: Run Behavior\BuildLiteBehavior [ RunTime:0.000051s ]
INFO: [ app_init ] --END-- [ RunTime:0.002051s ]
INFO: [ app_begin ] --START--
INFO: Run Behavior\ReadHtmlCacheBehavior [ RunTime:0.009592s ]
INFO: [ app_begin ] --END-- [ RunTime:0.015192s ]
SQL: SHOW COLUMNS FROM `news_lesson` [ RunTime:0.0427s ]
SQL: UPDATE `news_lesson` SET `zan`=zan+1 WHERE ( id=37 ) [ RunTime:0.0109s ]
SQL: SELECT `zan` FROM `news_lesson` WHERE ( id=37 ) LIMIT 1   [ RunTime:0.0015s ]

[ 2016-09-19T22:06:40+08:00 ] ::1 /fuckabc/index.php/home/lesson/zan
INFO: [ app_init ] --START--
INFO: Run Behavior\BuildLiteBehavior [ RunTime:0.000049s ]
INFO: [ app_init ] --END-- [ RunTime:0.002170s ]
INFO: [ app_begin ] --START--
INFO: Run Behavior\ReadHtmlCacheBehavior [ RunTime:0.010890s ]
INFO: [ app_begin ] --END-- [ RunTime:0.011532s ]
SQL: SHOW COLUMNS FROM `news_lesson` [ RunTime:0.0345s ]
SQL: UPDATE `news_lesson` SET `zan`=zan+1 WHERE ( id=37 ) [ RunTime:0.0135s ]
SQL: SELECT `zan` FROM `news_lesson` WHERE ( id=37 ) LIMIT 1   [ RunTime:0.0021s ]

[ 2016-09-19T22:06:41+08:00 ] ::1 /fuckabc/index.php/home/lesson/zan
INFO: [ app_init ] --START--
INFO: Run Behavior\BuildLiteBehavior [ RunTime:0.000045s ]
INFO: [ app_init ] --END-- [ RunTime:0.002325s ]
INFO: [ app_begin ] --START--
INFO: Run Behavior\ReadHtmlCacheBehavior [ RunTime:0.003814s ]
INFO: [ app_begin ] --END-- [ RunTime:0.004380s ]
SQL: SHOW COLUMNS FROM `news_lesson` [ RunTime:0.0897s ]
SQL: UPDATE `news_lesson` SET `zan`=zan+1 WHERE ( id=37 ) [ RunTime:0.0113s ]
SQL: SELECT `zan` FROM `news_lesson` WHERE ( id=37 ) LIMIT 1   [ RunTime:0.0016s ]

[ 2016-09-19T22:06:41+08:00 ] ::1 /fuckabc/index.php/home/lesson/zan
INFO: [ app_init ] --START--
INFO: Run Behavior\BuildLiteBehavior [ RunTime:0.000041s ]
INFO: [ app_init ] --END-- [ RunTime:0.001465s ]
INFO: [ app_begin ] --START--
INFO: Run Behavior\ReadHtmlCacheBehavior [ RunTime:0.002212s ]
INFO: [ app_begin ] --END-- [ RunTime:0.002400s ]
SQL: SHOW COLUMNS FROM `news_lesson` [ RunTime:0.0335s ]
SQL: UPDATE `news_lesson` SET `zan`=zan+1 WHERE ( id=37 ) [ RunTime:0.0100s ]
SQL: SELECT `zan` FROM `news_lesson` WHERE ( id=37 ) LIMIT 1   [ RunTime:0.0017s ]

[ 2016-09-19T22:06:41+08:00 ] ::1 /fuckabc/index.php/home/lesson/zan
INFO: [ app_init ] --START--
INFO: Run Behavior\BuildLiteBehavior [ RunTime:0.000045s ]
INFO: [ app_init ] --END-- [ RunTime:0.002295s ]
INFO: [ app_begin ] --START--
INFO: Run Behavior\ReadHtmlCacheBehavior [ RunTime:0.029326s ]
INFO: [ app_begin ] --END-- [ RunTime:0.029546s ]
SQL: SHOW COLUMNS FROM `news_lesson` [ RunTime:0.0285s ]
SQL: UPDATE `news_lesson` SET `zan`=zan+1 WHERE ( id=37 ) [ RunTime:0.0105s ]
SQL: SELECT `zan` FROM `news_lesson` WHERE ( id=37 ) LIMIT 1   [ RunTime:0.0015s ]

[ 2016-09-19T22:06:41+08:00 ] ::1 /fuckabc/index.php/home/lesson/zan
INFO: [ app_init ] --START--
INFO: Run Behavior\BuildLiteBehavior [ RunTime:0.000051s ]
INFO: [ app_init ] --END-- [ RunTime:0.004307s ]
INFO: [ app_begin ] --START--
INFO: Run Behavior\ReadHtmlCacheBehavior [ RunTime:0.006897s ]
INFO: [ app_begin ] --END-- [ RunTime:0.007165s ]
SQL: SHOW COLUMNS FROM `news_lesson` [ RunTime:0.1167s ]
SQL: UPDATE `news_lesson` SET `zan`=zan+1 WHERE ( id=37 ) [ RunTime:0.0048s ]
SQL: SELECT `zan` FROM `news_lesson` WHERE ( id=37 ) LIMIT 1   [ RunTime:0.0014s ]

[ 2016-09-19T22:06:41+08:00 ] ::1 /fuckabc/index.php/home/lesson/zan
INFO: [ app_init ] --START--
INFO: Run Behavior\BuildLiteBehavior [ RunTime:0.000383s ]
INFO: [ app_init ] --END-- [ RunTime:0.002442s ]
INFO: [ app_begin ] --START--
INFO: Run Behavior\ReadHtmlCacheBehavior [ RunTime:0.003302s ]
INFO: [ app_begin ] --END-- [ RunTime:0.003556s ]
SQL: SHOW COLUMNS FROM `news_lesson` [ RunTime:0.0453s ]
SQL: UPDATE `news_lesson` SET `zan`=zan+1 WHERE ( id=37 ) [ RunTime:0.0105s ]
SQL: SELECT `zan` FROM `news_lesson` WHERE ( id=37 ) LIMIT 1   [ RunTime:0.0025s ]

[ 2016-09-19T22:06:42+08:00 ] ::1 /fuckabc/index.php/home/lesson/zan
INFO: [ app_init ] --START--
INFO: Run Behavior\BuildLiteBehavior [ RunTime:0.000172s ]
INFO: [ app_init ] --END-- [ RunTime:0.004267s ]
INFO: [ app_begin ] --START--
INFO: Run Behavior\ReadHtmlCacheBehavior [ RunTime:0.005110s ]
INFO: [ app_begin ] --END-- [ RunTime:0.005304s ]
SQL: SHOW COLUMNS FROM `news_lesson` [ RunTime:0.0496s ]
SQL: UPDATE `news_lesson` SET `zan`=zan+1 WHERE ( id=37 ) [ RunTime:0.0107s ]
SQL: SELECT `zan` FROM `news_lesson` WHERE ( id=37 ) LIMIT 1   [ RunTime:0.0013s ]

[ 2016-09-19T22:06:42+08:00 ] ::1 /fuckabc/index.php/home/lesson/zan
INFO: [ app_init ] --START--
INFO: Run Behavior\BuildLiteBehavior [ RunTime:0.000045s ]
INFO: [ app_init ] --END-- [ RunTime:0.001516s ]
INFO: [ app_begin ] --START--
INFO: Run Behavior\ReadHtmlCacheBehavior [ RunTime:0.003299s ]
INFO: [ app_begin ] --END-- [ RunTime:0.003488s ]
SQL: SHOW COLUMNS FROM `news_lesson` [ RunTime:0.0687s ]
SQL: UPDATE `news_lesson` SET `zan`=zan+1 WHERE ( id=37 ) [ RunTime:0.0111s ]
SQL: SELECT `zan` FROM `news_lesson` WHERE ( id=37 ) LIMIT 1   [ RunTime:0.0016s ]

[ 2016-09-19T22:06:42+08:00 ] ::1 /fuckabc/index.php/home/lesson/zan
INFO: [ app_init ] --START--
INFO: Run Behavior\BuildLiteBehavior [ RunTime:0.000046s ]
INFO: [ app_init ] --END-- [ RunTime:0.001694s ]
INFO: [ app_begin ] --START--
INFO: Run Behavior\ReadHtmlCacheBehavior [ RunTime:0.004555s ]
INFO: [ app_begin ] --END-- [ RunTime:0.004851s ]
SQL: SHOW COLUMNS FROM `news_lesson` [ RunTime:0.0336s ]
SQL: UPDATE `news_lesson` SET `zan`=zan+1 WHERE ( id=37 ) [ RunTime:0.0105s ]
SQL: SELECT `zan` FROM `news_lesson` WHERE ( id=37 ) LIMIT 1   [ RunTime:0.0015s ]

[ 2016-09-19T22:06:42+08:00 ] ::1 /fuckabc/index.php/home/lesson/zan
INFO: [ app_init ] --START--
INFO: Run Behavior\BuildLiteBehavior [ RunTime:0.000047s ]
INFO: [ app_init ] --END-- [ RunTime:0.002362s ]
INFO: [ app_begin ] --START--
INFO: Run Behavior\ReadHtmlCacheBehavior [ RunTime:0.003882s ]
INFO: [ app_begin ] --END-- [ RunTime:0.004064s ]
SQL: SHOW COLUMNS FROM `news_lesson` [ RunTime:0.0914s ]
SQL: UPDATE `news_lesson` SET `zan`=zan+1 WHERE ( id=37 ) [ RunTime:0.0122s ]
SQL: SELECT `zan` FROM `news_lesson` WHERE ( id=37 ) LIMIT 1   [ RunTime:0.0018s ]

[ 2016-09-19T22:06:43+08:00 ] ::1 /fuckabc/index.php/home/lesson/zan
INFO: [ app_init ] --START--
INFO: Run Behavior\BuildLiteBehavior [ RunTime:0.000046s ]
INFO: [ app_init ] --END-- [ RunTime:0.006033s ]
INFO: [ app_begin ] --START--
INFO: Run Behavior\ReadHtmlCacheBehavior [ RunTime:0.002225s ]
INFO: [ app_begin ] --END-- [ RunTime:0.002400s ]
SQL: SHOW COLUMNS FROM `news_lesson` [ RunTime:0.0839s ]
SQL: UPDATE `news_lesson` SET `zan`=zan+1 WHERE ( id=37 ) [ RunTime:0.0103s ]
SQL: SELECT `zan` FROM `news_lesson` WHERE ( id=37 ) LIMIT 1   [ RunTime:0.0020s ]

[ 2016-09-19T22:06:43+08:00 ] ::1 /fuckabc/index.php/home/lesson/zan
INFO: [ app_init ] --START--
INFO: Run Behavior\BuildLiteBehavior [ RunTime:0.000047s ]
INFO: [ app_init ] --END-- [ RunTime:0.001752s ]
INFO: [ app_begin ] --START--
INFO: Run Behavior\ReadHtmlCacheBehavior [ RunTime:0.027264s ]
INFO: [ app_begin ] --END-- [ RunTime:0.027512s ]
SQL: SHOW COLUMNS FROM `news_lesson` [ RunTime:0.2082s ]
SQL: UPDATE `news_lesson` SET `zan`=zan+1 WHERE ( id=37 ) [ RunTime:0.0111s ]
SQL: SELECT `zan` FROM `news_lesson` WHERE ( id=37 ) LIMIT 1   [ RunTime:0.0018s ]

[ 2016-09-19T22:06:43+08:00 ] ::1 /fuckabc/index.php/home/lesson/zan
INFO: [ app_init ] --START--
INFO: Run Behavior\BuildLiteBehavior [ RunTime:0.000046s ]
INFO: [ app_init ] --END-- [ RunTime:0.001775s ]
INFO: [ app_begin ] --START--
INFO: Run Behavior\ReadHtmlCacheBehavior [ RunTime:0.005486s ]
INFO: [ app_begin ] --END-- [ RunTime:0.005719s ]
SQL: SHOW COLUMNS FROM `news_lesson` [ RunTime:0.0675s ]
SQL: UPDATE `news_lesson` SET `zan`=zan+1 WHERE ( id=38 ) [ RunTime:0.0103s ]
SQL: SELECT `zan` FROM `news_lesson` WHERE ( id=38 ) LIMIT 1   [ RunTime:0.0014s ]

[ 2016-09-19T22:06:44+08:00 ] ::1 /fuckabc/index.php/home/lesson/zan
INFO: [ app_init ] --START--
INFO: Run Behavior\BuildLiteBehavior [ RunTime:0.000050s ]
INFO: [ app_init ] --END-- [ RunTime:0.001797s ]
INFO: [ app_begin ] --START--
INFO: Run Behavior\ReadHtmlCacheBehavior [ RunTime:0.002443s ]
INFO: [ app_begin ] --END-- [ RunTime:0.002634s ]
SQL: SHOW COLUMNS FROM `news_lesson` [ RunTime:0.0991s ]
SQL: UPDATE `news_lesson` SET `zan`=zan+1 WHERE ( id=38 ) [ RunTime:0.0114s ]
SQL: SELECT `zan` FROM `news_lesson` WHERE ( id=38 ) LIMIT 1   [ RunTime:0.0016s ]

[ 2016-09-19T22:06:44+08:00 ] ::1 /fuckabc/index.php/home/lesson/zan
INFO: [ app_init ] --START--
INFO: Run Behavior\BuildLiteBehavior [ RunTime:0.000043s ]
INFO: [ app_init ] --END-- [ RunTime:0.001340s ]
INFO: [ app_begin ] --START--
INFO: Run Behavior\ReadHtmlCacheBehavior [ RunTime:0.043502s ]
INFO: [ app_begin ] --END-- [ RunTime:0.068023s ]
SQL: SHOW COLUMNS FROM `news_lesson` [ RunTime:0.1132s ]
SQL: UPDATE `news_lesson` SET `zan`=zan+1 WHERE ( id=38 ) [ RunTime:0.0113s ]
SQL: SELECT `zan` FROM `news_lesson` WHERE ( id=38 ) LIMIT 1   [ RunTime:0.0014s ]

[ 2016-09-19T22:06:44+08:00 ] ::1 /fuckabc/index.php/home/lesson/zan
INFO: [ app_init ] --START--
INFO: Run Behavior\BuildLiteBehavior [ RunTime:0.000045s ]
INFO: [ app_init ] --END-- [ RunTime:0.002595s ]
INFO: [ app_begin ] --START--
INFO: Run Behavior\ReadHtmlCacheBehavior [ RunTime:0.004895s ]
INFO: [ app_begin ] --END-- [ RunTime:0.005223s ]
SQL: SHOW COLUMNS FROM `news_lesson` [ RunTime:0.0467s ]
SQL: UPDATE `news_lesson` SET `zan`=zan+1 WHERE ( id=38 ) [ RunTime:0.0139s ]
SQL: SELECT `zan` FROM `news_lesson` WHERE ( id=38 ) LIMIT 1   [ RunTime:0.0014s ]

[ 2016-09-19T22:06:44+08:00 ] ::1 /fuckabc/index.php/home/lesson/zan
INFO: [ app_init ] --START--
INFO: Run Behavior\BuildLiteBehavior [ RunTime:0.000055s ]
INFO: [ app_init ] --END-- [ RunTime:0.003749s ]
INFO: [ app_begin ] --START--
INFO: Run Behavior\ReadHtmlCacheBehavior [ RunTime:0.012802s ]
INFO: [ app_begin ] --END-- [ RunTime:0.013015s ]
SQL: SHOW COLUMNS FROM `news_lesson` [ RunTime:0.0548s ]
SQL: UPDATE `news_lesson` SET `zan`=zan+1 WHERE ( id=38 ) [ RunTime:0.0109s ]
SQL: SELECT `zan` FROM `news_lesson` WHERE ( id=38 ) LIMIT 1   [ RunTime:0.0013s ]

[ 2016-09-19T22:06:44+08:00 ] ::1 /fuckabc/index.php/home/lesson/zan
INFO: [ app_init ] --START--
INFO: Run Behavior\BuildLiteBehavior [ RunTime:0.000052s ]
INFO: [ app_init ] --END-- [ RunTime:0.002579s ]
INFO: [ app_begin ] --START--
INFO: Run Behavior\ReadHtmlCacheBehavior [ RunTime:0.009247s ]
INFO: [ app_begin ] --END-- [ RunTime:0.009452s ]
SQL: SHOW COLUMNS FROM `news_lesson` [ RunTime:0.0620s ]
SQL: UPDATE `news_lesson` SET `zan`=zan+1 WHERE ( id=38 ) [ RunTime:0.0145s ]
SQL: SELECT `zan` FROM `news_lesson` WHERE ( id=38 ) LIMIT 1   [ RunTime:0.0015s ]

[ 2016-09-19T22:06:44+08:00 ] ::1 /fuckabc/index.php/home/lesson/zan
INFO: [ app_init ] --START--
INFO: Run Behavior\BuildLiteBehavior [ RunTime:0.000047s ]
INFO: [ app_init ] --END-- [ RunTime:0.001808s ]
INFO: [ app_begin ] --START--
INFO: Run Behavior\ReadHtmlCacheBehavior [ RunTime:0.005845s ]
INFO: [ app_begin ] --END-- [ RunTime:0.011642s ]
SQL: SHOW COLUMNS FROM `news_lesson` [ RunTime:0.0329s ]
SQL: UPDATE `news_lesson` SET `zan`=zan+1 WHERE ( id=38 ) [ RunTime:0.0102s ]
SQL: SELECT `zan` FROM `news_lesson` WHERE ( id=38 ) LIMIT 1   [ RunTime:0.0014s ]

[ 2016-09-19T22:06:45+08:00 ] ::1 /fuckabc/index.php/home/lesson/zan
INFO: [ app_init ] --START--
INFO: Run Behavior\BuildLiteBehavior [ RunTime:0.000047s ]
INFO: [ app_init ] --END-- [ RunTime:0.002355s ]
INFO: [ app_begin ] --START--
INFO: Run Behavior\ReadHtmlCacheBehavior [ RunTime:0.002659s ]
INFO: [ app_begin ] --END-- [ RunTime:0.002886s ]
SQL: SHOW COLUMNS FROM `news_lesson` [ RunTime:0.1086s ]
SQL: UPDATE `news_lesson` SET `zan`=zan+1 WHERE ( id=38 ) [ RunTime:0.0125s ]
SQL: SELECT `zan` FROM `news_lesson` WHERE ( id=38 ) LIMIT 1   [ RunTime:0.0018s ]

[ 2016-09-19T22:06:45+08:00 ] ::1 /fuckabc/index.php/home/lesson/zan
INFO: [ app_init ] --START--
INFO: Run Behavior\BuildLiteBehavior [ RunTime:0.000049s ]
INFO: [ app_init ] --END-- [ RunTime:0.001772s ]
INFO: [ app_begin ] --START--
INFO: Run Behavior\ReadHtmlCacheBehavior [ RunTime:0.006763s ]
INFO: [ app_begin ] --END-- [ RunTime:0.008281s ]
SQL: SHOW COLUMNS FROM `news_lesson` [ RunTime:0.0701s ]
SQL: UPDATE `news_lesson` SET `zan`=zan+1 WHERE ( id=38 ) [ RunTime:0.0101s ]
SQL: SELECT `zan` FROM `news_lesson` WHERE ( id=38 ) LIMIT 1   [ RunTime:0.0023s ]

[ 2016-09-19T22:06:45+08:00 ] ::1 /fuckabc/index.php/home/lesson/zan
INFO: [ app_init ] --START--
INFO: Run Behavior\BuildLiteBehavior [ RunTime:0.000044s ]
INFO: [ app_init ] --END-- [ RunTime:0.001583s ]
INFO: [ app_begin ] --START--
INFO: Run Behavior\ReadHtmlCacheBehavior [ RunTime:0.002356s ]
INFO: [ app_begin ] --END-- [ RunTime:0.002539s ]
SQL: SHOW COLUMNS FROM `news_lesson` [ RunTime:0.0383s ]
SQL: UPDATE `news_lesson` SET `zan`=zan+1 WHERE ( id=38 ) [ RunTime:0.0059s ]
SQL: SELECT `zan` FROM `news_lesson` WHERE ( id=38 ) LIMIT 1   [ RunTime:0.0015s ]

[ 2016-09-19T22:06:46+08:00 ] ::1 /fuckabc/index.php/home/lesson/zan
INFO: [ app_init ] --START--
INFO: Run Behavior\BuildLiteBehavior [ RunTime:0.000048s ]
INFO: [ app_init ] --END-- [ RunTime:0.002098s ]
INFO: [ app_begin ] --START--
INFO: Run Behavior\ReadHtmlCacheBehavior [ RunTime:0.002553s ]
INFO: [ app_begin ] --END-- [ RunTime:0.002723s ]
SQL: SHOW COLUMNS FROM `news_lesson` [ RunTime:0.0656s ]
SQL: UPDATE `news_lesson` SET `zan`=zan+1 WHERE ( id=39 ) [ RunTime:0.0099s ]
SQL: SELECT `zan` FROM `news_lesson` WHERE ( id=39 ) LIMIT 1   [ RunTime:0.0018s ]

[ 2016-09-19T22:06:46+08:00 ] ::1 /fuckabc/index.php/home/lesson/zan
INFO: [ app_init ] --START--
INFO: Run Behavior\BuildLiteBehavior [ RunTime:0.000045s ]
INFO: [ app_init ] --END-- [ RunTime:0.001736s ]
INFO: [ app_begin ] --START--
INFO: Run Behavior\ReadHtmlCacheBehavior [ RunTime:0.003212s ]
INFO: [ app_begin ] --END-- [ RunTime:0.003515s ]
SQL: SHOW COLUMNS FROM `news_lesson` [ RunTime:0.0301s ]
SQL: UPDATE `news_lesson` SET `zan`=zan+1 WHERE ( id=39 ) [ RunTime:0.0048s ]
SQL: SELECT `zan` FROM `news_lesson` WHERE ( id=39 ) LIMIT 1   [ RunTime:0.0016s ]

[ 2016-09-19T22:06:46+08:00 ] ::1 /fuckabc/index.php/home/lesson/zan
INFO: [ app_init ] --START--
INFO: Run Behavior\BuildLiteBehavior [ RunTime:0.000040s ]
INFO: [ app_init ] --END-- [ RunTime:0.001430s ]
INFO: [ app_begin ] --START--
INFO: Run Behavior\ReadHtmlCacheBehavior [ RunTime:0.006925s ]
INFO: [ app_begin ] --END-- [ RunTime:0.007440s ]
SQL: SHOW COLUMNS FROM `news_lesson` [ RunTime:0.0605s ]
SQL: UPDATE `news_lesson` SET `zan`=zan+1 WHERE ( id=39 ) [ RunTime:0.0099s ]
SQL: SELECT `zan` FROM `news_lesson` WHERE ( id=39 ) LIMIT 1   [ RunTime:0.0012s ]

[ 2016-09-19T22:06:47+08:00 ] ::1 /fuckabc/index.php/home/lesson/zan
INFO: [ app_init ] --START--
INFO: Run Behavior\BuildLiteBehavior [ RunTime:0.000058s ]
INFO: [ app_init ] --END-- [ RunTime:0.002590s ]
INFO: [ app_begin ] --START--
INFO: Run Behavior\ReadHtmlCacheBehavior [ RunTime:0.015611s ]
INFO: [ app_begin ] --END-- [ RunTime:0.015827s ]
SQL: SHOW COLUMNS FROM `news_lesson` [ RunTime:0.1743s ]
SQL: UPDATE `news_lesson` SET `zan`=zan+1 WHERE ( id=39 ) [ RunTime:0.0108s ]
SQL: SELECT `zan` FROM `news_lesson` WHERE ( id=39 ) LIMIT 1   [ RunTime:0.0022s ]

[ 2016-09-19T22:06:47+08:00 ] ::1 /fuckabc/index.php/home/lesson/zan
INFO: [ app_init ] --START--
INFO: Run Behavior\BuildLiteBehavior [ RunTime:0.000046s ]
INFO: [ app_init ] --END-- [ RunTime:0.002086s ]
INFO: [ app_begin ] --START--
INFO: Run Behavior\ReadHtmlCacheBehavior [ RunTime:0.002469s ]
INFO: [ app_begin ] --END-- [ RunTime:0.002655s ]
SQL: SHOW COLUMNS FROM `news_lesson` [ RunTime:0.2167s ]
SQL: UPDATE `news_lesson` SET `zan`=zan+1 WHERE ( id=39 ) [ RunTime:0.0105s ]
SQL: SELECT `zan` FROM `news_lesson` WHERE ( id=39 ) LIMIT 1   [ RunTime:0.0015s ]

[ 2016-09-19T22:06:47+08:00 ] ::1 /fuckabc/index.php/home/lesson/zan
INFO: [ app_init ] --START--
INFO: Run Behavior\BuildLiteBehavior [ RunTime:0.000053s ]
INFO: [ app_init ] --END-- [ RunTime:0.001536s ]
INFO: [ app_begin ] --START--
INFO: Run Behavior\ReadHtmlCacheBehavior [ RunTime:0.084805s ]
INFO: [ app_begin ] --END-- [ RunTime:0.085022s ]
SQL: SHOW COLUMNS FROM `news_lesson` [ RunTime:0.0840s ]
SQL: UPDATE `news_lesson` SET `zan`=zan+1 WHERE ( id=39 ) [ RunTime:0.0102s ]
SQL: SELECT `zan` FROM `news_lesson` WHERE ( id=39 ) LIMIT 1   [ RunTime:0.0014s ]

[ 2016-09-19T22:06:47+08:00 ] ::1 /fuckabc/index.php/home/lesson/zan
INFO: [ app_init ] --START--
INFO: Run Behavior\BuildLiteBehavior [ RunTime:0.000044s ]
INFO: [ app_init ] --END-- [ RunTime:0.001585s ]
INFO: [ app_begin ] --START--
INFO: Run Behavior\ReadHtmlCacheBehavior [ RunTime:0.003049s ]
INFO: [ app_begin ] --END-- [ RunTime:0.003239s ]
SQL: SHOW COLUMNS FROM `news_lesson` [ RunTime:0.0388s ]
SQL: UPDATE `news_lesson` SET `zan`=zan+1 WHERE ( id=39 ) [ RunTime:0.0102s ]
SQL: SELECT `zan` FROM `news_lesson` WHERE ( id=39 ) LIMIT 1   [ RunTime:0.0014s ]

[ 2016-09-19T22:06:48+08:00 ] ::1 /fuckabc/index.php/home/lesson/zan
INFO: [ app_init ] --START--
INFO: Run Behavior\BuildLiteBehavior [ RunTime:0.000050s ]
INFO: [ app_init ] --END-- [ RunTime:0.003016s ]
INFO: [ app_begin ] --START--
INFO: Run Behavior\ReadHtmlCacheBehavior [ RunTime:0.004762s ]
INFO: [ app_begin ] --END-- [ RunTime:0.004983s ]
SQL: SHOW COLUMNS FROM `news_lesson` [ RunTime:0.0412s ]
SQL: UPDATE `news_lesson` SET `zan`=zan+1 WHERE ( id=38 ) [ RunTime:0.0096s ]
SQL: SELECT `zan` FROM `news_lesson` WHERE ( id=38 ) LIMIT 1   [ RunTime:0.0009s ]

[ 2016-09-19T22:06:48+08:00 ] ::1 /fuckabc/index.php/home/lesson/zan
INFO: [ app_init ] --START--
INFO: Run Behavior\BuildLiteBehavior [ RunTime:0.000048s ]
INFO: [ app_init ] --END-- [ RunTime:0.001757s ]
INFO: [ app_begin ] --START--
INFO: Run Behavior\ReadHtmlCacheBehavior [ RunTime:0.008048s ]
INFO: [ app_begin ] --END-- [ RunTime:0.008280s ]
SQL: SHOW COLUMNS FROM `news_lesson` [ RunTime:0.0225s ]
SQL: UPDATE `news_lesson` SET `zan`=zan+1 WHERE ( id=38 ) [ RunTime:0.0093s ]
SQL: SELECT `zan` FROM `news_lesson` WHERE ( id=38 ) LIMIT 1   [ RunTime:0.0009s ]

[ 2016-09-19T22:07:02+08:00 ] ::1 /fuckabc/index.php/home/user/sign
INFO: [ app_init ] --START--
INFO: Run Behavior\BuildLiteBehavior [ RunTime:0.000204s ]
INFO: [ app_init ] --END-- [ RunTime:0.002346s ]
INFO: [ app_begin ] --START--
INFO: Run Behavior\ReadHtmlCacheBehavior [ RunTime:0.007736s ]
INFO: [ app_begin ] --END-- [ RunTime:0.008051s ]
INFO: [ view_parse ] --START--
INFO: [ template_filter ] --START--
INFO: Run Behavior\ContentReplaceBehavior [ RunTime:0.000134s ]
INFO: [ template_filter ] --END-- [ RunTime:0.000313s ]
INFO: Run Behavior\ParseTemplateBehavior [ RunTime:0.198536s ]
INFO: [ view_parse ] --END-- [ RunTime:0.198762s ]
INFO: [ view_filter ] --START--
INFO: Run Behavior\WriteHtmlCacheBehavior [ RunTime:0.003752s ]
INFO: [ view_filter ] --END-- [ RunTime:0.003922s ]
INFO: [ app_end ] --START--
INFO: Run Behavior\ShowPageTraceBehavior [ RunTime:0.003983s ]
INFO: [ app_end ] --END-- [ RunTime:0.005473s ]

[ 2016-09-19T22:07:05+08:00 ] ::1 /fuckabc/index.php/home/user/signup
INFO: [ app_init ] --START--
INFO: Run Behavior\BuildLiteBehavior [ RunTime:0.000047s ]
INFO: [ app_init ] --END-- [ RunTime:0.014640s ]
INFO: [ app_begin ] --START--
INFO: Run Behavior\ReadHtmlCacheBehavior [ RunTime:0.003489s ]
INFO: [ app_begin ] --END-- [ RunTime:0.003696s ]
SQL: SHOW COLUMNS FROM `news_user` [ RunTime:0.0559s ]
NOTIC: [8] Undefined index: validate D:\myweb\fuckabc\ThinkPHP\Library\Think\Model.class.php 第 1185 行.
SQL: SELECT * FROM `news_user` WHERE `name` = 'xujiajia' LIMIT 1   [ RunTime:0.0022s ]
NOTIC: [8] Undefined index: auto D:\myweb\fuckabc\ThinkPHP\Library\Think\Model.class.php 第 1128 行.
SQL: INSERT INTO `news_user` (`name`,`password`,`create_time`) VALUES ('xujiajia','chen1210','2016-09-19 22:07:05') [ RunTime:0.0117s ]

[ 2016-09-19T22:07:08+08:00 ] ::1 /fuckabc/index.php/home/user/gosession
INFO: [ app_init ] --START--
INFO: Run Behavior\BuildLiteBehavior [ RunTime:0.000047s ]
INFO: [ app_init ] --END-- [ RunTime:0.001557s ]
INFO: [ app_begin ] --START--
INFO: Run Behavior\ReadHtmlCacheBehavior [ RunTime:0.002238s ]
INFO: [ app_begin ] --END-- [ RunTime:0.002412s ]
INFO: [ app_end ] --START--
INFO: Run Behavior\ShowPageTraceBehavior [ RunTime:0.003287s ]
INFO: [ app_end ] --END-- [ RunTime:0.003795s ]

[ 2016-09-19T22:07:08+08:00 ] ::1 /fuckabc/index.php/home/index/index
INFO: [ app_init ] --START--
INFO: Run Behavior\BuildLiteBehavior [ RunTime:0.000050s ]
INFO: [ app_init ] --END-- [ RunTime:0.002099s ]
INFO: [ app_begin ] --START--
INFO: Run Behavior\ReadHtmlCacheBehavior [ RunTime:0.004835s ]
INFO: [ app_begin ] --END-- [ RunTime:0.005040s ]
SQL: SHOW COLUMNS FROM `news_lesson` [ RunTime:0.0549s ]
SQL: SELECT * FROM `news_lesson` LIMIT 4   [ RunTime:0.0019s ]
INFO: [ view_parse ] --START--
INFO: [ template_filter ] --START--
INFO: Run Behavior\ContentReplaceBehavior [ RunTime:0.000165s ]
INFO: [ template_filter ] --END-- [ RunTime:0.000313s ]
INFO: Run Behavior\ParseTemplateBehavior [ RunTime:0.028029s ]
INFO: [ view_parse ] --END-- [ RunTime:0.028208s ]
INFO: [ view_filter ] --START--
INFO: Run Behavior\WriteHtmlCacheBehavior [ RunTime:0.002201s ]
INFO: [ view_filter ] --END-- [ RunTime:0.002323s ]
INFO: [ app_end ] --START--
INFO: Run Behavior\ShowPageTraceBehavior [ RunTime:0.007361s ]
INFO: [ app_end ] --END-- [ RunTime:0.007577s ]

