[ 2016-11-07T01:30:52+08:00 ] 87.118.92.43 /
INFO: [ app_init ] --START--
INFO: Run Behavior\BuildLiteBehavior [ RunTime:0.000000s ]
INFO: [ app_init ] --END-- [ RunTime:0.000976s ]
INFO: [ app_begin ] --START--
INFO: Run Behavior\ReadHtmlCacheBehavior [ RunTime:0.000977s ]
INFO: [ app_begin ] --END-- [ RunTime:0.000977s ]
SQL: SHOW COLUMNS FROM `news_lesson` [ RunTime:0.0059s ]
SQL: SELECT * FROM `news_lesson` ORDER BY addtime desc LIMIT 4   [ RunTime:0.0020s ]
SQL: SHOW COLUMNS FROM `news_picnews` [ RunTime:0.0107s ]
SQL: SELECT * FROM `news_picnews` ORDER BY time desc LIMIT 6   [ RunTime:0.0010s ]
SQL: SELECT * FROM `news_picnews` WHERE `type` = 'gzhd' ORDER BY time desc LIMIT 6   [ RunTime:0.0000s ]
SQL: SELECT * FROM `news_picnews` WHERE `type` = 'sdln' ORDER BY time desc LIMIT 6   [ RunTime:0.0000s ]
SQL: SELECT * FROM `news_picnews` ORDER BY view desc LIMIT 6   [ RunTime:0.0010s ]
SQL: SELECT * FROM `news_picnews` ORDER BY love desc LIMIT 3   [ RunTime:0.0020s ]
SQL: SHOW COLUMNS FROM `news_video` [ RunTime:0.0088s ]
SQL: SELECT * FROM `news_video` ORDER BY addtime desc LIMIT 6   [ RunTime:0.0000s ]
SQL: SHOW COLUMNS FROM `news_rank` [ RunTime:0.0068s ]
SQL: SELECT * FROM `news_rank` ORDER BY rank LIMIT 8   [ RunTime:0.0000s ]
SQL: SHOW COLUMNS FROM `news_lesson` [ RunTime:0.0049s ]
SQL: SELECT * FROM `news_lesson` ORDER BY addtime desc LIMIT 5   [ RunTime:0.0000s ]
SQL: SELECT * FROM `news_lesson` WHERE `forteam` = '广州恒大' ORDER BY view desc LIMIT 5   [ RunTime:0.0010s ]
SQL: SELECT * FROM `news_lesson` WHERE `forteam` = '山东鲁能' ORDER BY view desc LIMIT 5   [ RunTime:0.0010s ]
SQL: SELECT * FROM `news_lesson` WHERE `forteam` = '北京国安' ORDER BY view desc LIMIT 5   [ RunTime:0.0000s ]
SQL: SELECT * FROM `news_video` WHERE `type` = 'gzhd'  [ RunTime:0.0010s ]
INFO: [ view_parse ] --START--
INFO: [ template_filter ] --START--
INFO: Run Behavior\ContentReplaceBehavior [ RunTime:0.004883s ]
INFO: [ template_filter ] --END-- [ RunTime:0.004883s ]
NOTIC: [8] Undefined index: view D:\freehost\chensiwei\web\Application\Runtime\Cache\Home\74c9bdbded7009a43a281be8a565b911.php 第 426 行.
NOTIC: [8] Undefined index: view D:\freehost\chensiwei\web\Application\Runtime\Cache\Home\74c9bdbded7009a43a281be8a565b911.php 第 426 行.
NOTIC: [8] Undefined index: view D:\freehost\chensiwei\web\Application\Runtime\Cache\Home\74c9bdbded7009a43a281be8a565b911.php 第 426 行.
NOTIC: [8] Undefined index: view D:\freehost\chensiwei\web\Application\Runtime\Cache\Home\74c9bdbded7009a43a281be8a565b911.php 第 426 行.
INFO: Run Behavior\ParseTemplateBehavior [ RunTime:0.052735s ]
INFO: [ view_parse ] --END-- [ RunTime:0.052735s ]
INFO: [ view_filter ] --START--
INFO: Run Behavior\WriteHtmlCacheBehavior [ RunTime:0.000000s ]
INFO: [ view_filter ] --END-- [ RunTime:0.000000s ]
INFO: [ app_end ] --START--
INFO: Run Behavior\ShowPageTraceBehavior [ RunTime:0.001953s ]
INFO: [ app_end ] --END-- [ RunTime:0.001953s ]

[ 2016-11-07T03:20:47+08:00 ] 38.100.21.67 /
INFO: [ app_init ] --START--
INFO: Run Behavior\BuildLiteBehavior [ RunTime:0.000000s ]
INFO: [ app_init ] --END-- [ RunTime:0.000977s ]
INFO: [ app_begin ] --START--
INFO: Run Behavior\ReadHtmlCacheBehavior [ RunTime:0.000976s ]
INFO: [ app_begin ] --END-- [ RunTime:0.000976s ]
SQL: SHOW COLUMNS FROM `news_lesson` [ RunTime:0.0059s ]
SQL: SELECT * FROM `news_lesson` ORDER BY addtime desc LIMIT 4   [ RunTime:0.0000s ]
SQL: SHOW COLUMNS FROM `news_picnews` [ RunTime:0.0039s ]
SQL: SELECT * FROM `news_picnews` ORDER BY time desc LIMIT 6   [ RunTime:0.0000s ]
SQL: SELECT * FROM `news_picnews` WHERE `type` = 'gzhd' ORDER BY time desc LIMIT 6   [ RunTime:0.0000s ]
SQL: SELECT * FROM `news_picnews` WHERE `type` = 'sdln' ORDER BY time desc LIMIT 6   [ RunTime:0.0000s ]
SQL: SELECT * FROM `news_picnews` ORDER BY view desc LIMIT 6   [ RunTime:0.0010s ]
SQL: SELECT * FROM `news_picnews` ORDER BY love desc LIMIT 3   [ RunTime:0.0010s ]
SQL: SHOW COLUMNS FROM `news_video` [ RunTime:0.0039s ]
SQL: SELECT * FROM `news_video` ORDER BY addtime desc LIMIT 6   [ RunTime:0.0000s ]
SQL: SHOW COLUMNS FROM `news_rank` [ RunTime:0.0049s ]
SQL: SELECT * FROM `news_rank` ORDER BY rank LIMIT 8   [ RunTime:0.0010s ]
SQL: SHOW COLUMNS FROM `news_lesson` [ RunTime:0.0039s ]
SQL: SELECT * FROM `news_lesson` ORDER BY addtime desc LIMIT 5   [ RunTime:0.0000s ]
SQL: SELECT * FROM `news_lesson` WHERE `forteam` = '广州恒大' ORDER BY view desc LIMIT 5   [ RunTime:0.0000s ]
SQL: SELECT * FROM `news_lesson` WHERE `forteam` = '山东鲁能' ORDER BY view desc LIMIT 5   [ RunTime:0.0000s ]
SQL: SELECT * FROM `news_lesson` WHERE `forteam` = '北京国安' ORDER BY view desc LIMIT 5   [ RunTime:0.0010s ]
SQL: SELECT * FROM `news_video` WHERE `type` = 'gzhd'  [ RunTime:0.0000s ]
INFO: [ view_parse ] --START--
INFO: [ template_filter ] --START--
INFO: Run Behavior\ContentReplaceBehavior [ RunTime:0.000000s ]
INFO: [ template_filter ] --END-- [ RunTime:0.000000s ]
NOTIC: [8] Undefined index: view D:\freehost\chensiwei\web\Application\Runtime\Cache\Home\74c9bdbded7009a43a281be8a565b911.php 第 426 行.
NOTIC: [8] Undefined index: view D:\freehost\chensiwei\web\Application\Runtime\Cache\Home\74c9bdbded7009a43a281be8a565b911.php 第 426 行.
NOTIC: [8] Undefined index: view D:\freehost\chensiwei\web\Application\Runtime\Cache\Home\74c9bdbded7009a43a281be8a565b911.php 第 426 行.
NOTIC: [8] Undefined index: view D:\freehost\chensiwei\web\Application\Runtime\Cache\Home\74c9bdbded7009a43a281be8a565b911.php 第 426 行.
INFO: Run Behavior\ParseTemplateBehavior [ RunTime:0.027344s ]
INFO: [ view_parse ] --END-- [ RunTime:0.028321s ]
INFO: [ view_filter ] --START--
INFO: Run Behavior\WriteHtmlCacheBehavior [ RunTime:0.000000s ]
INFO: [ view_filter ] --END-- [ RunTime:0.000000s ]
INFO: [ app_end ] --START--
INFO: Run Behavior\ShowPageTraceBehavior [ RunTime:0.001953s ]
INFO: [ app_end ] --END-- [ RunTime:0.001953s ]

[ 2016-11-07T03:20:49+08:00 ] 38.100.21.67 /index.php/home/video/play/id/21
INFO: [ app_init ] --START--
INFO: Run Behavior\BuildLiteBehavior [ RunTime:0.000000s ]
INFO: [ app_init ] --END-- [ RunTime:0.000000s ]
INFO: [ app_begin ] --START--
INFO: Run Behavior\ReadHtmlCacheBehavior [ RunTime:0.000977s ]
INFO: [ app_begin ] --END-- [ RunTime:0.000977s ]
SQL: SHOW COLUMNS FROM `news_video` [ RunTime:0.0049s ]
SQL: SELECT * FROM `news_video` WHERE ( id=21 ) LIMIT 1   [ RunTime:0.0000s ]
SQL: SHOW COLUMNS FROM `news_videocomment` [ RunTime:0.0068s ]
SQL: SELECT * FROM `news_videocomment` WHERE `videoid` = 21 AND `pid` = 0  [ RunTime:0.0020s ]
INFO: [ view_parse ] --START--
INFO: [ template_filter ] --START--
INFO: Run Behavior\ContentReplaceBehavior [ RunTime:0.000000s ]
INFO: [ template_filter ] --END-- [ RunTime:0.000000s ]
NOTIC: [2] Invalid argument supplied for foreach() D:\freehost\chensiwei\web\Application\Runtime\Cache\Home\3962c1439881f76e0b56ff4f1dff9f00.php 第 116 行.
INFO: Run Behavior\ParseTemplateBehavior [ RunTime:0.009766s ]
INFO: [ view_parse ] --END-- [ RunTime:0.009766s ]
INFO: [ view_filter ] --START--
INFO: Run Behavior\WriteHtmlCacheBehavior [ RunTime:0.000977s ]
INFO: [ view_filter ] --END-- [ RunTime:0.000977s ]
INFO: [ app_end ] --START--
INFO: Run Behavior\ShowPageTraceBehavior [ RunTime:0.000000s ]
INFO: [ app_end ] --END-- [ RunTime:0.000000s ]

[ 2016-11-07T03:20:49+08:00 ] 38.100.21.67 /index.php/home/user/usercenter/name/
INFO: [ app_init ] --START--
INFO: Run Behavior\BuildLiteBehavior [ RunTime:0.000000s ]
INFO: [ app_init ] --END-- [ RunTime:0.000000s ]
INFO: [ app_begin ] --START--
INFO: Run Behavior\ReadHtmlCacheBehavior [ RunTime:0.000000s ]
INFO: [ app_begin ] --END-- [ RunTime:0.000000s ]
NOTIC: [8] Undefined index: name D:\freehost\chensiwei\web\Application\Home\Controller\UserController.class.php 第 100 行.
SQL: SHOW COLUMNS FROM `news_user` [ RunTime:0.0088s ]
SQL: SELECT * FROM `news_user` WHERE `name` = null LIMIT 1   [ RunTime:0.0010s ]
SQL: SHOW COLUMNS FROM `news_lesson` [ RunTime:0.0049s ]
SQL: SELECT * FROM `news_lesson` WHERE `editor` = null  [ RunTime:0.0020s ]
INFO: [ view_parse ] --START--
INFO: [ template_filter ] --START--
INFO: Run Behavior\ContentReplaceBehavior [ RunTime:0.000000s ]
INFO: [ template_filter ] --END-- [ RunTime:0.000000s ]
INFO: Run Behavior\ParseTemplateBehavior [ RunTime:0.020508s ]
INFO: [ view_parse ] --END-- [ RunTime:0.020508s ]
INFO: [ view_filter ] --START--
INFO: Run Behavior\WriteHtmlCacheBehavior [ RunTime:0.000000s ]
INFO: [ view_filter ] --END-- [ RunTime:0.000000s ]
INFO: [ app_end ] --START--
INFO: Run Behavior\ShowPageTraceBehavior [ RunTime:0.000000s ]
INFO: [ app_end ] --END-- [ RunTime:0.000000s ]

[ 2016-11-07T03:20:51+08:00 ] 38.100.21.67 /index.php/home/index/rankcsl
INFO: [ app_init ] --START--
INFO: Run Behavior\BuildLiteBehavior [ RunTime:0.000000s ]
INFO: [ app_init ] --END-- [ RunTime:0.000000s ]
INFO: [ app_begin ] --START--
INFO: Run Behavior\ReadHtmlCacheBehavior [ RunTime:0.000977s ]
INFO: [ app_begin ] --END-- [ RunTime:0.000977s ]
SQL: SHOW COLUMNS FROM `news_rank` [ RunTime:0.0107s ]
SQL: SELECT * FROM `news_rank` ORDER BY rank  [ RunTime:0.0010s ]
INFO: [ view_parse ] --START--
INFO: [ template_filter ] --START--
INFO: Run Behavior\ContentReplaceBehavior [ RunTime:0.000000s ]
INFO: [ template_filter ] --END-- [ RunTime:0.000000s ]
INFO: Run Behavior\ParseTemplateBehavior [ RunTime:0.009766s ]
INFO: [ view_parse ] --END-- [ RunTime:0.009766s ]
INFO: [ view_filter ] --START--
INFO: Run Behavior\WriteHtmlCacheBehavior [ RunTime:0.000000s ]
INFO: [ view_filter ] --END-- [ RunTime:0.000000s ]
INFO: [ app_end ] --START--
INFO: Run Behavior\ShowPageTraceBehavior [ RunTime:0.000976s ]
INFO: [ app_end ] --END-- [ RunTime:0.000976s ]

[ 2016-11-07T03:20:53+08:00 ] 38.100.21.67 /index.php
INFO: [ app_init ] --START--
INFO: Run Behavior\BuildLiteBehavior [ RunTime:0.000000s ]
INFO: [ app_init ] --END-- [ RunTime:0.001953s ]
INFO: [ app_begin ] --START--
INFO: Run Behavior\ReadHtmlCacheBehavior [ RunTime:0.000000s ]
INFO: [ app_begin ] --END-- [ RunTime:0.000000s ]
SQL: SHOW COLUMNS FROM `news_lesson` [ RunTime:0.0039s ]
SQL: SELECT * FROM `news_lesson` ORDER BY addtime desc LIMIT 4   [ RunTime:0.0000s ]
SQL: SHOW COLUMNS FROM `news_picnews` [ RunTime:0.0059s ]
SQL: SELECT * FROM `news_picnews` ORDER BY time desc LIMIT 6   [ RunTime:0.0029s ]
SQL: SELECT * FROM `news_picnews` WHERE `type` = 'gzhd' ORDER BY time desc LIMIT 6   [ RunTime:0.0000s ]
SQL: SELECT * FROM `news_picnews` WHERE `type` = 'sdln' ORDER BY time desc LIMIT 6   [ RunTime:0.0000s ]
SQL: SELECT * FROM `news_picnews` ORDER BY view desc LIMIT 6   [ RunTime:0.0000s ]
SQL: SELECT * FROM `news_picnews` ORDER BY love desc LIMIT 3   [ RunTime:0.0000s ]
SQL: SHOW COLUMNS FROM `news_video` [ RunTime:0.0059s ]
SQL: SELECT * FROM `news_video` ORDER BY addtime desc LIMIT 6   [ RunTime:0.0000s ]
SQL: SHOW COLUMNS FROM `news_rank` [ RunTime:0.0059s ]
SQL: SELECT * FROM `news_rank` ORDER BY rank LIMIT 8   [ RunTime:0.0000s ]
SQL: SHOW COLUMNS FROM `news_lesson` [ RunTime:0.0039s ]
SQL: SELECT * FROM `news_lesson` ORDER BY addtime desc LIMIT 5   [ RunTime:0.0000s ]
SQL: SELECT * FROM `news_lesson` WHERE `forteam` = '广州恒大' ORDER BY view desc LIMIT 5   [ RunTime:0.0000s ]
SQL: SELECT * FROM `news_lesson` WHERE `forteam` = '山东鲁能' ORDER BY view desc LIMIT 5   [ RunTime:0.0010s ]
SQL: SELECT * FROM `news_lesson` WHERE `forteam` = '北京国安' ORDER BY view desc LIMIT 5   [ RunTime:0.0000s ]
SQL: SELECT * FROM `news_video` WHERE `type` = 'gzhd'  [ RunTime:0.0000s ]
INFO: [ view_parse ] --START--
INFO: [ template_filter ] --START--
INFO: Run Behavior\ContentReplaceBehavior [ RunTime:0.000000s ]
INFO: [ template_filter ] --END-- [ RunTime:0.000000s ]
NOTIC: [8] Undefined index: view D:\freehost\chensiwei\web\Application\Runtime\Cache\Home\74c9bdbded7009a43a281be8a565b911.php 第 426 行.
NOTIC: [8] Undefined index: view D:\freehost\chensiwei\web\Application\Runtime\Cache\Home\74c9bdbded7009a43a281be8a565b911.php 第 426 行.
NOTIC: [8] Undefined index: view D:\freehost\chensiwei\web\Application\Runtime\Cache\Home\74c9bdbded7009a43a281be8a565b911.php 第 426 行.
NOTIC: [8] Undefined index: view D:\freehost\chensiwei\web\Application\Runtime\Cache\Home\74c9bdbded7009a43a281be8a565b911.php 第 426 行.
INFO: Run Behavior\ParseTemplateBehavior [ RunTime:0.013672s ]
INFO: [ view_parse ] --END-- [ RunTime:0.013672s ]
INFO: [ view_filter ] --START--
INFO: Run Behavior\WriteHtmlCacheBehavior [ RunTime:0.000000s ]
INFO: [ view_filter ] --END-- [ RunTime:0.000000s ]
INFO: [ app_end ] --START--
INFO: Run Behavior\ShowPageTraceBehavior [ RunTime:0.000977s ]
INFO: [ app_end ] --END-- [ RunTime:0.000977s ]

[ 2016-11-07T03:20:56+08:00 ] 38.100.21.67 /index.php/home/video/play/id/17
INFO: [ app_init ] --START--
INFO: Run Behavior\BuildLiteBehavior [ RunTime:0.000000s ]
INFO: [ app_init ] --END-- [ RunTime:0.001953s ]
INFO: [ app_begin ] --START--
INFO: Run Behavior\ReadHtmlCacheBehavior [ RunTime:0.000977s ]
INFO: [ app_begin ] --END-- [ RunTime:0.000977s ]
SQL: SHOW COLUMNS FROM `news_video` [ RunTime:0.0049s ]
SQL: SELECT * FROM `news_video` WHERE ( id=17 ) LIMIT 1   [ RunTime:0.0010s ]
SQL: SHOW COLUMNS FROM `news_videocomment` [ RunTime:0.0039s ]
SQL: SELECT * FROM `news_videocomment` WHERE `videoid` = 17 AND `pid` = 0  [ RunTime:0.0000s ]
SQL: SELECT * FROM `news_videocomment` WHERE `videoid` = 17 AND `pid` = 9  [ RunTime:0.0000s ]
INFO: [ view_parse ] --START--
INFO: [ template_filter ] --START--
INFO: Run Behavior\ContentReplaceBehavior [ RunTime:0.000000s ]
INFO: [ template_filter ] --END-- [ RunTime:0.000000s ]
NOTIC: [8] Undefined variable: level3 D:\freehost\chensiwei\web\Application\Runtime\Cache\Home\3962c1439881f76e0b56ff4f1dff9f00.php 第 117 行.
NOTIC: [8] Undefined variable: level3 D:\freehost\chensiwei\web\Application\Runtime\Cache\Home\3962c1439881f76e0b56ff4f1dff9f00.php 第 134 行.
INFO: Run Behavior\ParseTemplateBehavior [ RunTime:0.005860s ]
INFO: [ view_parse ] --END-- [ RunTime:0.005860s ]
INFO: [ view_filter ] --START--
INFO: Run Behavior\WriteHtmlCacheBehavior [ RunTime:0.000000s ]
INFO: [ view_filter ] --END-- [ RunTime:0.000000s ]
INFO: [ app_end ] --START--
INFO: Run Behavior\ShowPageTraceBehavior [ RunTime:0.000000s ]
INFO: [ app_end ] --END-- [ RunTime:0.000000s ]

[ 2016-11-07T03:20:58+08:00 ] 38.100.21.67 /index.php/home/lesson/view/id/
INFO: [ app_init ] --START--
INFO: Run Behavior\BuildLiteBehavior [ RunTime:0.000000s ]
INFO: [ app_init ] --END-- [ RunTime:0.000977s ]
INFO: [ app_begin ] --START--
INFO: Run Behavior\ReadHtmlCacheBehavior [ RunTime:0.000976s ]
INFO: [ app_begin ] --END-- [ RunTime:0.000976s ]
NOTIC: [8] Undefined index: id D:\freehost\chensiwei\web\Application\Home\Controller\LessonController.class.php 第 52 行.
SQL: SHOW COLUMNS FROM `news_lesson` [ RunTime:0.0039s ]
ERR: 1064:You have an error in your SQL syntax; check the manual that corresponds to your MySQL server version for the right syntax to use near ')' at line 1
 [ SQL语句 ] : UPDATE `news_lesson` SET `view`=view+1 WHERE ( id= )
ERR: 1064:You have an error in your SQL syntax; check the manual that corresponds to your MySQL server version for the right syntax to use near ')' at line 1
 [ SQL语句 ] : UPDATE `news_lesson` SET `view`=view+1 WHERE ( id= )

[ 2016-11-07T03:21:03+08:00 ] 38.100.21.67 /index.php/home/lesson/view/id/55
INFO: [ app_init ] --START--
INFO: Run Behavior\BuildLiteBehavior [ RunTime:0.000000s ]
INFO: [ app_init ] --END-- [ RunTime:0.000000s ]
INFO: [ app_begin ] --START--
INFO: Run Behavior\ReadHtmlCacheBehavior [ RunTime:0.000977s ]
INFO: [ app_begin ] --END-- [ RunTime:0.000977s ]
SQL: SHOW COLUMNS FROM `news_lesson` [ RunTime:0.0039s ]
SQL: UPDATE `news_lesson` SET `view`=view+1 WHERE ( id=55 ) [ RunTime:0.0020s ]
SQL: SELECT * FROM `news_lesson` WHERE `id` = '55' LIMIT 1   [ RunTime:0.0000s ]
SQL: SHOW COLUMNS FROM `news_comment` [ RunTime:0.0059s ]
SQL: SELECT * FROM `news_comment` WHERE `pid` = 0 AND `lesson_id` = 55 ORDER BY time desc  [ RunTime:0.0010s ]
SQL: SELECT * FROM `news_comment` WHERE `pid` = 16 AND `lesson_id` = 55 ORDER BY time desc  [ RunTime:0.0010s ]
SQL: SELECT * FROM `news_comment` WHERE `pid` = 15 AND `lesson_id` = 55 ORDER BY time desc  [ RunTime:0.0000s ]
SQL: SELECT * FROM `news_comment` WHERE `pid` = 14 AND `lesson_id` = 55 ORDER BY time desc  [ RunTime:0.0000s ]
INFO: [ view_parse ] --START--
INFO: [ template_filter ] --START--
INFO: Run Behavior\ContentReplaceBehavior [ RunTime:0.000000s ]
INFO: [ template_filter ] --END-- [ RunTime:0.000000s ]
SQL: SELECT COUNT(*) AS tp_count FROM `news_comment` WHERE `lesson_id` = 55 LIMIT 1   [ RunTime:0.0010s ]
SQL: SHOW COLUMNS FROM `news_user` [ RunTime:0.0039s ]
SQL: SELECT * FROM `news_user` WHERE `name` = 'admin' LIMIT 1   [ RunTime:0.0000s ]
SQL: SELECT COUNT(*) AS tp_count FROM `news_comment` WHERE `lesson_id` = 55 AND `pid` = 16 LIMIT 1   [ RunTime:0.0010s ]
SQL: SELECT * FROM `news_user` WHERE `name` = 'admin' LIMIT 1   [ RunTime:0.0000s ]
SQL: SELECT COUNT(*) AS tp_count FROM `news_comment` WHERE `lesson_id` = 55 AND `pid` = 15 LIMIT 1   [ RunTime:0.0000s ]
SQL: SELECT * FROM `news_user` WHERE `name` = 'admin' LIMIT 1   [ RunTime:0.0000s ]
SQL: SELECT COUNT(*) AS tp_count FROM `news_comment` WHERE `lesson_id` = 55 AND `pid` = 14 LIMIT 1   [ RunTime:0.0010s ]
INFO: Run Behavior\ParseTemplateBehavior [ RunTime:0.013672s ]
INFO: [ view_parse ] --END-- [ RunTime:0.013672s ]
INFO: [ view_filter ] --START--
INFO: Run Behavior\WriteHtmlCacheBehavior [ RunTime:0.000976s ]
INFO: [ view_filter ] --END-- [ RunTime:0.000976s ]
INFO: [ app_end ] --START--
INFO: Run Behavior\ShowPageTraceBehavior [ RunTime:0.000977s ]
INFO: [ app_end ] --END-- [ RunTime:0.000977s ]

