[ 2016-10-21T14:22:33+08:00 ] ::1 /Zuqiuweb/
INFO: [ app_init ] --START--
INFO: Run Behavior\BuildLiteBehavior [ RunTime:0.000047s ]
INFO: [ app_init ] --END-- [ RunTime:0.042772s ]
INFO: [ app_begin ] --START--
INFO: Run Behavior\ReadHtmlCacheBehavior [ RunTime:0.055895s ]
INFO: [ app_begin ] --END-- [ RunTime:0.056091s ]
SQL: SHOW COLUMNS FROM `news_lesson` [ RunTime:0.0582s ]
SQL: SELECT * FROM `news_lesson` ORDER BY addtime desc LIMIT 4   [ RunTime:0.0109s ]
SQL: SHOW COLUMNS FROM `news_picnews` [ RunTime:0.0408s ]
SQL: SELECT * FROM `news_picnews` ORDER BY time desc LIMIT 6   [ RunTime:0.0025s ]
SQL: SELECT * FROM `news_picnews` WHERE `type` = 'gzhd' ORDER BY time desc LIMIT 6   [ RunTime:0.0010s ]
SQL: SELECT * FROM `news_picnews` WHERE `type` = 'sdln' ORDER BY time desc LIMIT 6   [ RunTime:0.0008s ]
SQL: SELECT * FROM `news_picnews` ORDER BY view desc LIMIT 6   [ RunTime:0.0015s ]
SQL: SELECT * FROM `news_picnews` ORDER BY love desc LIMIT 3   [ RunTime:0.0012s ]
SQL: SHOW COLUMNS FROM `news_video` [ RunTime:0.0388s ]
SQL: SELECT * FROM `news_video` ORDER BY addtime desc LIMIT 6   [ RunTime:0.0013s ]
SQL: SHOW COLUMNS FROM `news_rank` [ RunTime:0.0426s ]
SQL: SELECT * FROM `news_rank` ORDER BY rank LIMIT 8   [ RunTime:0.0017s ]
SQL: SHOW COLUMNS FROM `news_lesson` [ RunTime:0.0238s ]
SQL: SELECT * FROM `news_lesson` ORDER BY addtime desc LIMIT 5   [ RunTime:0.0011s ]
SQL: SELECT * FROM `news_lesson` WHERE `forteam` = '广州恒大' ORDER BY view desc LIMIT 5   [ RunTime:0.0012s ]
SQL: SELECT * FROM `news_lesson` WHERE `forteam` = '山东鲁能' ORDER BY view desc LIMIT 5   [ RunTime:0.0010s ]
SQL: SELECT * FROM `news_lesson` WHERE `forteam` = '北京国安' ORDER BY view desc LIMIT 5   [ RunTime:0.0007s ]
SQL: SELECT * FROM `news_video` WHERE `type` = 'gzhd'  [ RunTime:0.0005s ]
INFO: [ view_parse ] --START--
INFO: [ template_filter ] --START--
INFO: Run Behavior\ContentReplaceBehavior [ RunTime:0.000423s ]
INFO: [ template_filter ] --END-- [ RunTime:0.000583s ]
NOTIC: [8] Undefined index: view D:\myweb\Zuqiuweb\Application\Runtime\Cache\Home\74c9bdbded7009a43a281be8a565b911.php 第 426 行.
NOTIC: [8] Undefined index: view D:\myweb\Zuqiuweb\Application\Runtime\Cache\Home\74c9bdbded7009a43a281be8a565b911.php 第 426 行.
NOTIC: [8] Undefined index: view D:\myweb\Zuqiuweb\Application\Runtime\Cache\Home\74c9bdbded7009a43a281be8a565b911.php 第 426 行.
INFO: Run Behavior\ParseTemplateBehavior [ RunTime:0.749743s ]
INFO: [ view_parse ] --END-- [ RunTime:0.749883s ]
INFO: [ view_filter ] --START--
INFO: Run Behavior\WriteHtmlCacheBehavior [ RunTime:0.029543s ]
INFO: [ view_filter ] --END-- [ RunTime:0.029704s ]
INFO: [ app_end ] --START--
INFO: Run Behavior\ShowPageTraceBehavior [ RunTime:0.168138s ]
INFO: [ app_end ] --END-- [ RunTime:0.168348s ]

