[ 2016-12-13T21:45:48+08:00 ] ::1 /foot/index.php
INFO: [ app_init ] --START--
INFO: Run Behavior\BuildLiteBehavior [ RunTime:0.000028s ]
INFO: [ app_init ] --END-- [ RunTime:0.000211s ]
INFO: [ app_begin ] --START--
INFO: Run Behavior\ReadHtmlCacheBehavior [ RunTime:0.000132s ]
INFO: [ app_begin ] --END-- [ RunTime:0.000230s ]
SQL: SHOW COLUMNS FROM `news_lesson` [ RunTime:0.0028s ]
SQL: SELECT * FROM `news_lesson` ORDER BY addtime desc LIMIT 4   [ RunTime:0.0021s ]
SQL: SHOW COLUMNS FROM `news_picnews` [ RunTime:0.0035s ]
SQL: SELECT * FROM `news_picnews` ORDER BY time desc LIMIT 6   [ RunTime:0.0018s ]
SQL: SELECT * FROM `news_picnews` WHERE `type` = 'gzhd' ORDER BY time desc LIMIT 6   [ RunTime:0.0019s ]
SQL: SELECT * FROM `news_picnews` WHERE `type` = 'sdln' ORDER BY time desc LIMIT 6   [ RunTime:0.0011s ]
SQL: SELECT * FROM `news_picnews` ORDER BY view desc LIMIT 6   [ RunTime:0.0014s ]
SQL: SELECT * FROM `news_picnews` ORDER BY love desc LIMIT 3   [ RunTime:0.0013s ]
SQL: SHOW COLUMNS FROM `news_video` [ RunTime:0.0016s ]
SQL: SELECT * FROM `news_video` ORDER BY addtime desc LIMIT 6   [ RunTime:0.0016s ]
SQL: SHOW COLUMNS FROM `news_rank` [ RunTime:0.0017s ]
SQL: SELECT * FROM `news_rank` ORDER BY rank LIMIT 8   [ RunTime:0.0011s ]
SQL: SHOW COLUMNS FROM `news_lesson` [ RunTime:0.0024s ]
SQL: SELECT * FROM `news_lesson` ORDER BY addtime desc LIMIT 5   [ RunTime:0.0010s ]
SQL: SELECT * FROM `news_lesson` WHERE `forteam` = '广州恒大' ORDER BY view desc LIMIT 5   [ RunTime:0.0008s ]
SQL: SELECT * FROM `news_lesson` WHERE `forteam` = '山东鲁能' ORDER BY view desc LIMIT 5   [ RunTime:0.0004s ]
SQL: SELECT * FROM `news_lesson` WHERE `forteam` = '北京国安' ORDER BY view desc LIMIT 5   [ RunTime:0.0006s ]
SQL: SELECT * FROM `news_video` WHERE `type` = 'gzhd'  [ RunTime:0.0006s ]
INFO: [ view_parse ] --START--
INFO: [ template_filter ] --START--
INFO: Run Behavior\ContentReplaceBehavior [ RunTime:0.000367s ]
INFO: [ template_filter ] --END-- [ RunTime:0.000481s ]
NOTIC: [8] Undefined index: view /var/www/foot/Application/Runtime/Cache/Home/74c9bdbded7009a43a281be8a565b911.php 第 422 行.
NOTIC: [8] Undefined index: view /var/www/foot/Application/Runtime/Cache/Home/74c9bdbded7009a43a281be8a565b911.php 第 422 行.
NOTIC: [8] Undefined index: view /var/www/foot/Application/Runtime/Cache/Home/74c9bdbded7009a43a281be8a565b911.php 第 422 行.
NOTIC: [8] Undefined index: view /var/www/foot/Application/Runtime/Cache/Home/74c9bdbded7009a43a281be8a565b911.php 第 422 行.
INFO: Run Behavior\ParseTemplateBehavior [ RunTime:0.018550s ]
INFO: [ view_parse ] --END-- [ RunTime:0.018645s ]
INFO: [ view_filter ] --START--
INFO: Run Behavior\WriteHtmlCacheBehavior [ RunTime:0.000135s ]
INFO: [ view_filter ] --END-- [ RunTime:0.000198s ]
INFO: [ app_end ] --START--
INFO: Run Behavior\ShowPageTraceBehavior [ RunTime:0.000141s ]
INFO: [ app_end ] --END-- [ RunTime:0.000244s ]

[ 2016-12-13T21:45:52+08:00 ] ::1 /foot/index.php/home/picnews/view/id/4
INFO: [ app_init ] --START--
INFO: Run Behavior\BuildLiteBehavior [ RunTime:0.000022s ]
INFO: [ app_init ] --END-- [ RunTime:0.000160s ]
INFO: [ app_begin ] --START--
INFO: Run Behavior\ReadHtmlCacheBehavior [ RunTime:0.000066s ]
INFO: [ app_begin ] --END-- [ RunTime:0.000130s ]
SQL: SHOW COLUMNS FROM `news_picnews` [ RunTime:0.0016s ]
SQL: SELECT * FROM `news_picnews` WHERE ( id=4 ) LIMIT 1   [ RunTime:0.0007s ]
SQL: UPDATE `news_picnews` SET `view`=view+1 WHERE ( id=4 ) [ RunTime:0.0197s ]
ERR: 模板不存在:./Application/Home/View/Picnews/view.php

[ 2016-12-13T21:46:00+08:00 ] ::1 /foot/index.php/home/index/rankcsl
INFO: [ app_init ] --START--
INFO: Run Behavior\BuildLiteBehavior [ RunTime:0.000024s ]
INFO: [ app_init ] --END-- [ RunTime:0.000175s ]
INFO: [ app_begin ] --START--
INFO: Run Behavior\ReadHtmlCacheBehavior [ RunTime:0.000077s ]
INFO: [ app_begin ] --END-- [ RunTime:0.000143s ]
SQL: SHOW COLUMNS FROM `news_rank` [ RunTime:0.0017s ]
SQL: SELECT * FROM `news_rank` ORDER BY rank  [ RunTime:0.0010s ]
INFO: [ view_parse ] --START--
INFO: [ template_filter ] --START--
INFO: Run Behavior\ContentReplaceBehavior [ RunTime:0.000192s ]
INFO: [ template_filter ] --END-- [ RunTime:0.000309s ]
INFO: Run Behavior\ParseTemplateBehavior [ RunTime:0.005824s ]
INFO: [ view_parse ] --END-- [ RunTime:0.005943s ]
INFO: [ view_filter ] --START--
INFO: Run Behavior\WriteHtmlCacheBehavior [ RunTime:0.000123s ]
INFO: [ view_filter ] --END-- [ RunTime:0.000184s ]
INFO: [ app_end ] --START--
INFO: Run Behavior\ShowPageTraceBehavior [ RunTime:0.000098s ]
INFO: [ app_end ] --END-- [ RunTime:0.000171s ]

[ 2016-12-13T21:46:02+08:00 ] ::1 /foot/index.php
INFO: [ app_init ] --START--
INFO: Run Behavior\BuildLiteBehavior [ RunTime:0.000023s ]
INFO: [ app_init ] --END-- [ RunTime:0.000202s ]
INFO: [ app_begin ] --START--
INFO: Run Behavior\ReadHtmlCacheBehavior [ RunTime:0.000061s ]
INFO: [ app_begin ] --END-- [ RunTime:0.000125s ]
SQL: SHOW COLUMNS FROM `news_lesson` [ RunTime:0.0018s ]
SQL: SELECT * FROM `news_lesson` ORDER BY addtime desc LIMIT 4   [ RunTime:0.0010s ]
SQL: SHOW COLUMNS FROM `news_picnews` [ RunTime:0.0018s ]
SQL: SELECT * FROM `news_picnews` ORDER BY time desc LIMIT 6   [ RunTime:0.0009s ]
SQL: SELECT * FROM `news_picnews` WHERE `type` = 'gzhd' ORDER BY time desc LIMIT 6   [ RunTime:0.0007s ]
SQL: SELECT * FROM `news_picnews` WHERE `type` = 'sdln' ORDER BY time desc LIMIT 6   [ RunTime:0.0006s ]
SQL: SELECT * FROM `news_picnews` ORDER BY view desc LIMIT 6   [ RunTime:0.0007s ]
SQL: SELECT * FROM `news_picnews` ORDER BY love desc LIMIT 3   [ RunTime:0.0008s ]
SQL: SHOW COLUMNS FROM `news_video` [ RunTime:0.0015s ]
SQL: SELECT * FROM `news_video` ORDER BY addtime desc LIMIT 6   [ RunTime:0.0008s ]
SQL: SHOW COLUMNS FROM `news_rank` [ RunTime:0.0014s ]
SQL: SELECT * FROM `news_rank` ORDER BY rank LIMIT 8   [ RunTime:0.0008s ]
SQL: SHOW COLUMNS FROM `news_lesson` [ RunTime:0.0015s ]
SQL: SELECT * FROM `news_lesson` ORDER BY addtime desc LIMIT 5   [ RunTime:0.0007s ]
SQL: SELECT * FROM `news_lesson` WHERE `forteam` = '广州恒大' ORDER BY view desc LIMIT 5   [ RunTime:0.0007s ]
SQL: SELECT * FROM `news_lesson` WHERE `forteam` = '山东鲁能' ORDER BY view desc LIMIT 5   [ RunTime:0.0007s ]
SQL: SELECT * FROM `news_lesson` WHERE `forteam` = '北京国安' ORDER BY view desc LIMIT 5   [ RunTime:0.0006s ]
SQL: SELECT * FROM `news_video` WHERE `type` = 'gzhd'  [ RunTime:0.0005s ]
INFO: [ view_parse ] --START--
INFO: [ template_filter ] --START--
INFO: Run Behavior\ContentReplaceBehavior [ RunTime:0.000361s ]
INFO: [ template_filter ] --END-- [ RunTime:0.000460s ]
NOTIC: [8] Undefined index: view /var/www/foot/Application/Runtime/Cache/Home/74c9bdbded7009a43a281be8a565b911.php 第 422 行.
NOTIC: [8] Undefined index: view /var/www/foot/Application/Runtime/Cache/Home/74c9bdbded7009a43a281be8a565b911.php 第 422 行.
NOTIC: [8] Undefined index: view /var/www/foot/Application/Runtime/Cache/Home/74c9bdbded7009a43a281be8a565b911.php 第 422 行.
NOTIC: [8] Undefined index: view /var/www/foot/Application/Runtime/Cache/Home/74c9bdbded7009a43a281be8a565b911.php 第 422 行.
INFO: Run Behavior\ParseTemplateBehavior [ RunTime:0.012690s ]
INFO: [ view_parse ] --END-- [ RunTime:0.012779s ]
INFO: [ view_filter ] --START--
INFO: Run Behavior\WriteHtmlCacheBehavior [ RunTime:0.000097s ]
INFO: [ view_filter ] --END-- [ RunTime:0.000156s ]
INFO: [ app_end ] --START--
INFO: Run Behavior\ShowPageTraceBehavior [ RunTime:0.000086s ]
INFO: [ app_end ] --END-- [ RunTime:0.000166s ]

