[ 2016-10-13T09:46:30+08:00 ] ::1 /fuckabc/
INFO: [ app_init ] --START--
INFO: Run Behavior\BuildLiteBehavior [ RunTime:0.000039s ]
INFO: [ app_init ] --END-- [ RunTime:0.001541s ]
INFO: [ app_begin ] --START--
INFO: Run Behavior\ReadHtmlCacheBehavior [ RunTime:0.001565s ]
INFO: [ app_begin ] --END-- [ RunTime:0.001717s ]
SQL: SHOW COLUMNS FROM `news_lesson` [ RunTime:0.0635s ]
SQL: SELECT * FROM `news_lesson` ORDER BY addtime desc LIMIT 4   [ RunTime:0.0036s ]
SQL: SHOW COLUMNS FROM `news_rank` [ RunTime:0.0405s ]
SQL: SELECT * FROM `news_rank` ORDER BY rank LIMIT 8   [ RunTime:0.0022s ]
SQL: SELECT * FROM `news_lesson` WHERE `forteam` = '广州恒大' ORDER BY view desc LIMIT 5   [ RunTime:0.0012s ]
SQL: SELECT * FROM `news_lesson` WHERE `forteam` = '山东鲁能' ORDER BY view desc LIMIT 5   [ RunTime:0.0013s ]
SQL: SELECT * FROM `news_lesson` WHERE `forteam` = '北京国安' ORDER BY view desc LIMIT 5   [ RunTime:0.0015s ]
SQL: SHOW COLUMNS FROM `news_video` [ RunTime:0.0425s ]
SQL: SELECT * FROM `news_video` WHERE `type` = 'gzhd'  [ RunTime:0.0013s ]
INFO: [ view_parse ] --START--
INFO: [ template_filter ] --START--
INFO: Run Behavior\ContentReplaceBehavior [ RunTime:0.000324s ]
INFO: [ template_filter ] --END-- [ RunTime:0.000489s ]
NOTIC: [8] Undefined index: view D:\myweb\fuckabc\Application\Runtime\Cache\Home\74c9bdbded7009a43a281be8a565b911.php 第 296 行.
NOTIC: [8] Undefined index: view D:\myweb\fuckabc\Application\Runtime\Cache\Home\74c9bdbded7009a43a281be8a565b911.php 第 296 行.
NOTIC: [8] Undefined index: view D:\myweb\fuckabc\Application\Runtime\Cache\Home\74c9bdbded7009a43a281be8a565b911.php 第 296 行.
INFO: Run Behavior\ParseTemplateBehavior [ RunTime:0.493155s ]
INFO: [ view_parse ] --END-- [ RunTime:0.493326s ]
INFO: [ view_filter ] --START--
INFO: Run Behavior\WriteHtmlCacheBehavior [ RunTime:0.001017s ]
INFO: [ view_filter ] --END-- [ RunTime:0.001154s ]
INFO: [ app_end ] --START--
INFO: Run Behavior\ShowPageTraceBehavior [ RunTime:0.002627s ]
INFO: [ app_end ] --END-- [ RunTime:0.002848s ]

[ 2016-10-13T09:50:23+08:00 ] ::1 /fuckabc/
INFO: [ app_init ] --START--
INFO: Run Behavior\BuildLiteBehavior [ RunTime:0.000047s ]
INFO: [ app_init ] --END-- [ RunTime:0.001675s ]
INFO: [ app_begin ] --START--
INFO: Run Behavior\ReadHtmlCacheBehavior [ RunTime:0.001534s ]
INFO: [ app_begin ] --END-- [ RunTime:0.001687s ]
SQL: SHOW COLUMNS FROM `news_lesson` [ RunTime:0.0466s ]
SQL: SELECT * FROM `news_lesson` ORDER BY addtime desc LIMIT 4   [ RunTime:0.0017s ]
SQL: SHOW COLUMNS FROM `news_rank` [ RunTime:0.0338s ]
SQL: SELECT * FROM `news_rank` ORDER BY rank LIMIT 8   [ RunTime:0.0016s ]
SQL: SELECT * FROM `news_lesson` WHERE `forteam` = '广州恒大' ORDER BY view desc LIMIT 5   [ RunTime:0.0015s ]
SQL: SELECT * FROM `news_lesson` WHERE `forteam` = '山东鲁能' ORDER BY view desc LIMIT 5   [ RunTime:0.0013s ]
SQL: SELECT * FROM `news_lesson` WHERE `forteam` = '北京国安' ORDER BY view desc LIMIT 5   [ RunTime:0.0013s ]
SQL: SHOW COLUMNS FROM `news_video` [ RunTime:0.0320s ]
SQL: SELECT * FROM `news_video` WHERE `type` = 'gzhd'  [ RunTime:0.0011s ]
INFO: [ view_parse ] --START--
INFO: [ template_filter ] --START--
INFO: Run Behavior\ContentReplaceBehavior [ RunTime:0.000316s ]
INFO: [ template_filter ] --END-- [ RunTime:0.000479s ]
NOTIC: [8] Undefined index: view D:\myweb\fuckabc\Application\Runtime\Cache\Home\74c9bdbded7009a43a281be8a565b911.php 第 296 行.
NOTIC: [8] Undefined index: view D:\myweb\fuckabc\Application\Runtime\Cache\Home\74c9bdbded7009a43a281be8a565b911.php 第 296 行.
NOTIC: [8] Undefined index: view D:\myweb\fuckabc\Application\Runtime\Cache\Home\74c9bdbded7009a43a281be8a565b911.php 第 296 行.
INFO: Run Behavior\ParseTemplateBehavior [ RunTime:0.251663s ]
INFO: [ view_parse ] --END-- [ RunTime:0.251846s ]
INFO: [ view_filter ] --START--
INFO: Run Behavior\WriteHtmlCacheBehavior [ RunTime:0.001650s ]
INFO: [ view_filter ] --END-- [ RunTime:0.001875s ]
INFO: [ app_end ] --START--
INFO: Run Behavior\ShowPageTraceBehavior [ RunTime:0.002748s ]
INFO: [ app_end ] --END-- [ RunTime:0.002961s ]

[ 2016-10-13T09:50:30+08:00 ] ::1 /fuckabc/index.php/home/lesson/view/id/37
INFO: [ app_init ] --START--
INFO: Run Behavior\BuildLiteBehavior [ RunTime:0.000049s ]
INFO: [ app_init ] --END-- [ RunTime:0.002130s ]
INFO: [ app_begin ] --START--
INFO: Run Behavior\ReadHtmlCacheBehavior [ RunTime:0.002255s ]
INFO: [ app_begin ] --END-- [ RunTime:0.002456s ]
SQL: SHOW COLUMNS FROM `news_lesson` [ RunTime:0.0471s ]
SQL: UPDATE `news_lesson` SET `view`=view+1 WHERE ( id=37 ) [ RunTime:0.0113s ]
SQL: SELECT * FROM `news_lesson` WHERE `id` = '37' LIMIT 1   [ RunTime:0.0012s ]
SQL: SHOW COLUMNS FROM `news_comment` [ RunTime:0.0434s ]
SQL: SELECT * FROM `news_comment` WHERE `pid` = 0 AND `lesson_id` = 37 ORDER BY time desc  [ RunTime:0.0031s ]
SQL: SELECT * FROM `news_comment` WHERE `pid` = 164 AND `lesson_id` = 37 ORDER BY time desc  [ RunTime:0.0014s ]
SQL: SELECT * FROM `news_comment` WHERE `pid` = 92 AND `lesson_id` = 37 ORDER BY time desc  [ RunTime:0.0014s ]
SQL: SELECT * FROM `news_comment` WHERE `pid` = 163 AND `lesson_id` = 37 ORDER BY time desc  [ RunTime:0.0014s ]
SQL: SELECT * FROM `news_comment` WHERE `pid` = 91 AND `lesson_id` = 37 ORDER BY time desc  [ RunTime:0.0014s ]
SQL: SELECT * FROM `news_comment` WHERE `pid` = 90 AND `lesson_id` = 37 ORDER BY time desc  [ RunTime:0.0014s ]
SQL: SELECT * FROM `news_comment` WHERE `pid` = 89 AND `lesson_id` = 37 ORDER BY time desc  [ RunTime:0.0014s ]
SQL: SELECT * FROM `news_comment` WHERE `pid` = 148 AND `lesson_id` = 37 ORDER BY time desc  [ RunTime:0.0017s ]
SQL: SELECT * FROM `news_comment` WHERE `pid` = 88 AND `lesson_id` = 37 ORDER BY time desc  [ RunTime:0.0017s ]
SQL: SELECT * FROM `news_comment` WHERE `pid` = 172 AND `lesson_id` = 37 ORDER BY time desc  [ RunTime:0.0020s ]
SQL: SELECT * FROM `news_comment` WHERE `pid` = 171 AND `lesson_id` = 37 ORDER BY time desc  [ RunTime:0.0015s ]
SQL: SELECT * FROM `news_comment` WHERE `pid` = 173 AND `lesson_id` = 37 ORDER BY time desc  [ RunTime:0.0013s ]
SQL: SELECT * FROM `news_comment` WHERE `pid` = 174 AND `lesson_id` = 37 ORDER BY time desc  [ RunTime:0.0014s ]
SQL: SELECT * FROM `news_comment` WHERE `pid` = 175 AND `lesson_id` = 37 ORDER BY time desc  [ RunTime:0.0012s ]
SQL: SELECT * FROM `news_comment` WHERE `pid` = 87 AND `lesson_id` = 37 ORDER BY time desc  [ RunTime:0.0011s ]
SQL: SELECT * FROM `news_comment` WHERE `pid` = 86 AND `lesson_id` = 37 ORDER BY time desc  [ RunTime:0.0011s ]
SQL: SELECT * FROM `news_comment` WHERE `pid` = 85 AND `lesson_id` = 37 ORDER BY time desc  [ RunTime:0.0014s ]
SQL: SELECT * FROM `news_comment` WHERE `pid` = 84 AND `lesson_id` = 37 ORDER BY time desc  [ RunTime:0.0014s ]
SQL: SELECT * FROM `news_comment` WHERE `pid` = 83 AND `lesson_id` = 37 ORDER BY time desc  [ RunTime:0.0017s ]
SQL: SELECT * FROM `news_comment` WHERE `pid` = 82 AND `lesson_id` = 37 ORDER BY time desc  [ RunTime:0.0014s ]
SQL: SELECT * FROM `news_comment` WHERE `pid` = 81 AND `lesson_id` = 37 ORDER BY time desc  [ RunTime:0.0014s ]
SQL: SELECT * FROM `news_comment` WHERE `pid` = 80 AND `lesson_id` = 37 ORDER BY time desc  [ RunTime:0.0015s ]
SQL: SELECT * FROM `news_comment` WHERE `pid` = 79 AND `lesson_id` = 37 ORDER BY time desc  [ RunTime:0.0015s ]
SQL: SELECT * FROM `news_comment` WHERE `pid` = 78 AND `lesson_id` = 37 ORDER BY time desc  [ RunTime:0.0014s ]
SQL: SELECT * FROM `news_comment` WHERE `pid` = 77 AND `lesson_id` = 37 ORDER BY time desc  [ RunTime:0.0020s ]
SQL: SELECT * FROM `news_comment` WHERE `pid` = 76 AND `lesson_id` = 37 ORDER BY time desc  [ RunTime:0.0018s ]
SQL: SELECT * FROM `news_comment` WHERE `pid` = 162 AND `lesson_id` = 37 ORDER BY time desc  [ RunTime:0.0014s ]
SQL: SELECT * FROM `news_comment` WHERE `pid` = 75 AND `lesson_id` = 37 ORDER BY time desc  [ RunTime:0.0013s ]
SQL: SELECT * FROM `news_comment` WHERE `pid` = 74 AND `lesson_id` = 37 ORDER BY time desc  [ RunTime:0.0012s ]
SQL: SELECT * FROM `news_comment` WHERE `pid` = 72 AND `lesson_id` = 37 ORDER BY time desc  [ RunTime:0.0012s ]
INFO: [ view_parse ] --START--
INFO: [ template_filter ] --START--
INFO: Run Behavior\ContentReplaceBehavior [ RunTime:0.000321s ]
INFO: [ template_filter ] --END-- [ RunTime:0.000484s ]
SQL: SELECT COUNT(*) AS tp_count FROM `news_comment` WHERE `lesson_id` = 37 LIMIT 1   [ RunTime:0.0013s ]
SQL: SELECT COUNT(*) AS tp_count FROM `news_comment` WHERE `lesson_id` = 37 AND `pid` = 164 LIMIT 1   [ RunTime:0.0013s ]
SQL: SELECT COUNT(*) AS tp_count FROM `news_comment` WHERE `lesson_id` = 37 AND `pid` = 92 LIMIT 1   [ RunTime:0.0013s ]
SQL: SELECT COUNT(*) AS tp_count FROM `news_comment` WHERE `lesson_id` = 37 AND `pid` = 91 LIMIT 1   [ RunTime:0.0013s ]
SQL: SELECT COUNT(*) AS tp_count FROM `news_comment` WHERE `lesson_id` = 37 AND `pid` = 90 LIMIT 1   [ RunTime:0.0011s ]
SQL: SELECT COUNT(*) AS tp_count FROM `news_comment` WHERE `lesson_id` = 37 AND `pid` = 89 LIMIT 1   [ RunTime:0.0013s ]
SQL: SELECT COUNT(*) AS tp_count FROM `news_comment` WHERE `lesson_id` = 37 AND `pid` = 88 LIMIT 1   [ RunTime:0.0016s ]
SQL: SELECT COUNT(*) AS tp_count FROM `news_comment` WHERE `lesson_id` = 37 AND `pid` = 87 LIMIT 1   [ RunTime:0.0016s ]
SQL: SELECT COUNT(*) AS tp_count FROM `news_comment` WHERE `lesson_id` = 37 AND `pid` = 86 LIMIT 1   [ RunTime:0.0012s ]
SQL: SELECT COUNT(*) AS tp_count FROM `news_comment` WHERE `lesson_id` = 37 AND `pid` = 85 LIMIT 1   [ RunTime:0.0010s ]
SQL: SELECT COUNT(*) AS tp_count FROM `news_comment` WHERE `lesson_id` = 37 AND `pid` = 84 LIMIT 1   [ RunTime:0.0021s ]
SQL: SELECT COUNT(*) AS tp_count FROM `news_comment` WHERE `lesson_id` = 37 AND `pid` = 83 LIMIT 1   [ RunTime:0.0013s ]
SQL: SELECT COUNT(*) AS tp_count FROM `news_comment` WHERE `lesson_id` = 37 AND `pid` = 82 LIMIT 1   [ RunTime:0.0010s ]
SQL: SELECT COUNT(*) AS tp_count FROM `news_comment` WHERE `lesson_id` = 37 AND `pid` = 81 LIMIT 1   [ RunTime:0.0017s ]
SQL: SELECT COUNT(*) AS tp_count FROM `news_comment` WHERE `lesson_id` = 37 AND `pid` = 80 LIMIT 1   [ RunTime:0.0018s ]
SQL: SELECT COUNT(*) AS tp_count FROM `news_comment` WHERE `lesson_id` = 37 AND `pid` = 79 LIMIT 1   [ RunTime:0.0019s ]
SQL: SELECT COUNT(*) AS tp_count FROM `news_comment` WHERE `lesson_id` = 37 AND `pid` = 78 LIMIT 1   [ RunTime:0.0018s ]
SQL: SELECT COUNT(*) AS tp_count FROM `news_comment` WHERE `lesson_id` = 37 AND `pid` = 77 LIMIT 1   [ RunTime:0.0014s ]
SQL: SELECT COUNT(*) AS tp_count FROM `news_comment` WHERE `lesson_id` = 37 AND `pid` = 76 LIMIT 1   [ RunTime:0.0017s ]
SQL: SELECT COUNT(*) AS tp_count FROM `news_comment` WHERE `lesson_id` = 37 AND `pid` = 75 LIMIT 1   [ RunTime:0.0014s ]
SQL: SELECT COUNT(*) AS tp_count FROM `news_comment` WHERE `lesson_id` = 37 AND `pid` = 74 LIMIT 1   [ RunTime:0.0016s ]
SQL: SELECT COUNT(*) AS tp_count FROM `news_comment` WHERE `lesson_id` = 37 AND `pid` = 72 LIMIT 1   [ RunTime:0.0018s ]
INFO: Run Behavior\ParseTemplateBehavior [ RunTime:0.383601s ]
INFO: [ view_parse ] --END-- [ RunTime:0.383720s ]
INFO: [ view_filter ] --START--
INFO: Run Behavior\WriteHtmlCacheBehavior [ RunTime:0.001515s ]
INFO: [ view_filter ] --END-- [ RunTime:0.001652s ]
INFO: [ app_end ] --START--
INFO: Run Behavior\ShowPageTraceBehavior [ RunTime:0.002384s ]
INFO: [ app_end ] --END-- [ RunTime:0.002628s ]

[ 2016-10-13T09:52:00+08:00 ] ::1 /fuckabc/
INFO: [ app_init ] --START--
INFO: Run Behavior\BuildLiteBehavior [ RunTime:0.000090s ]
INFO: [ app_init ] --END-- [ RunTime:0.001606s ]
INFO: [ app_begin ] --START--
INFO: Run Behavior\ReadHtmlCacheBehavior [ RunTime:0.002331s ]
INFO: [ app_begin ] --END-- [ RunTime:0.002555s ]
SQL: SHOW COLUMNS FROM `news_lesson` [ RunTime:0.0398s ]
SQL: SELECT * FROM `news_lesson` ORDER BY addtime desc LIMIT 4   [ RunTime:0.0016s ]
SQL: SHOW COLUMNS FROM `news_rank` [ RunTime:0.0391s ]
SQL: SELECT * FROM `news_rank` ORDER BY rank LIMIT 8   [ RunTime:0.0010s ]
SQL: SELECT * FROM `news_lesson` WHERE `forteam` = '广州恒大' ORDER BY view desc LIMIT 5   [ RunTime:0.0009s ]
SQL: SELECT * FROM `news_lesson` WHERE `forteam` = '山东鲁能' ORDER BY view desc LIMIT 5   [ RunTime:0.0009s ]
SQL: SELECT * FROM `news_lesson` WHERE `forteam` = '北京国安' ORDER BY view desc LIMIT 5   [ RunTime:0.0008s ]
SQL: SHOW COLUMNS FROM `news_video` [ RunTime:0.0277s ]
SQL: SELECT * FROM `news_video` WHERE `type` = 'gzhd'  [ RunTime:0.0008s ]
INFO: [ view_parse ] --START--
INFO: [ template_filter ] --START--
INFO: Run Behavior\ContentReplaceBehavior [ RunTime:0.000321s ]
INFO: [ template_filter ] --END-- [ RunTime:0.000499s ]
NOTIC: [8] Undefined index: view D:\myweb\fuckabc\Application\Runtime\Cache\Home\74c9bdbded7009a43a281be8a565b911.php 第 296 行.
NOTIC: [8] Undefined index: view D:\myweb\fuckabc\Application\Runtime\Cache\Home\74c9bdbded7009a43a281be8a565b911.php 第 296 行.
NOTIC: [8] Undefined index: view D:\myweb\fuckabc\Application\Runtime\Cache\Home\74c9bdbded7009a43a281be8a565b911.php 第 296 行.
INFO: Run Behavior\ParseTemplateBehavior [ RunTime:0.226406s ]
INFO: [ view_parse ] --END-- [ RunTime:0.226541s ]
INFO: [ view_filter ] --START--
INFO: Run Behavior\WriteHtmlCacheBehavior [ RunTime:0.001050s ]
INFO: [ view_filter ] --END-- [ RunTime:0.001177s ]
INFO: [ app_end ] --START--
INFO: Run Behavior\ShowPageTraceBehavior [ RunTime:0.001980s ]
INFO: [ app_end ] --END-- [ RunTime:0.002198s ]

[ 2016-10-13T09:53:34+08:00 ] ::1 /fuckabc/
INFO: [ app_init ] --START--
INFO: Run Behavior\BuildLiteBehavior [ RunTime:0.000046s ]
INFO: [ app_init ] --END-- [ RunTime:0.001636s ]
INFO: [ app_begin ] --START--
INFO: Run Behavior\ReadHtmlCacheBehavior [ RunTime:0.002045s ]
INFO: [ app_begin ] --END-- [ RunTime:0.002206s ]
SQL: SHOW COLUMNS FROM `news_lesson` [ RunTime:0.0769s ]
SQL: SELECT * FROM `news_lesson` ORDER BY addtime desc LIMIT 4   [ RunTime:0.0015s ]
SQL: SHOW COLUMNS FROM `news_rank` [ RunTime:0.0350s ]
SQL: SELECT * FROM `news_rank` ORDER BY rank LIMIT 8   [ RunTime:0.0015s ]
SQL: SELECT * FROM `news_lesson` WHERE `forteam` = '广州恒大' ORDER BY view desc LIMIT 5   [ RunTime:0.0015s ]
SQL: SELECT * FROM `news_lesson` WHERE `forteam` = '山东鲁能' ORDER BY view desc LIMIT 5   [ RunTime:0.0015s ]
SQL: SELECT * FROM `news_lesson` WHERE `forteam` = '北京国安' ORDER BY view desc LIMIT 5   [ RunTime:0.0014s ]
SQL: SHOW COLUMNS FROM `news_video` [ RunTime:0.0368s ]
SQL: SELECT * FROM `news_video` WHERE `type` = 'gzhd'  [ RunTime:0.0009s ]
INFO: [ view_parse ] --START--
INFO: [ template_filter ] --START--
INFO: Run Behavior\ContentReplaceBehavior [ RunTime:0.000351s ]
INFO: [ template_filter ] --END-- [ RunTime:0.000503s ]
NOTIC: [8] Undefined index: view D:\myweb\fuckabc\Application\Runtime\Cache\Home\74c9bdbded7009a43a281be8a565b911.php 第 317 行.
NOTIC: [8] Undefined index: view D:\myweb\fuckabc\Application\Runtime\Cache\Home\74c9bdbded7009a43a281be8a565b911.php 第 317 行.
NOTIC: [8] Undefined index: view D:\myweb\fuckabc\Application\Runtime\Cache\Home\74c9bdbded7009a43a281be8a565b911.php 第 317 行.
INFO: Run Behavior\ParseTemplateBehavior [ RunTime:0.234978s ]
INFO: [ view_parse ] --END-- [ RunTime:0.235137s ]
INFO: [ view_filter ] --START--
INFO: Run Behavior\WriteHtmlCacheBehavior [ RunTime:0.001288s ]
INFO: [ view_filter ] --END-- [ RunTime:0.001456s ]
INFO: [ app_end ] --START--
INFO: Run Behavior\ShowPageTraceBehavior [ RunTime:0.006195s ]
INFO: [ app_end ] --END-- [ RunTime:0.006481s ]

[ 2016-10-13T09:54:59+08:00 ] ::1 /fuckabc/
INFO: [ app_init ] --START--
INFO: Run Behavior\BuildLiteBehavior [ RunTime:0.000053s ]
INFO: [ app_init ] --END-- [ RunTime:0.001653s ]
INFO: [ app_begin ] --START--
INFO: Run Behavior\ReadHtmlCacheBehavior [ RunTime:0.005268s ]
INFO: [ app_begin ] --END-- [ RunTime:0.005487s ]
SQL: SHOW COLUMNS FROM `news_lesson` [ RunTime:0.0451s ]
SQL: SELECT * FROM `news_lesson` ORDER BY addtime desc LIMIT 4   [ RunTime:0.0015s ]
SQL: SELECT * FROM `news_lesson` ORDER BY view desc LIMIT 4   [ RunTime:0.0011s ]
SQL: SHOW COLUMNS FROM `news_rank` [ RunTime:0.0315s ]
SQL: SELECT * FROM `news_rank` ORDER BY rank LIMIT 8   [ RunTime:0.0014s ]
SQL: SELECT * FROM `news_lesson` WHERE `forteam` = '广州恒大' ORDER BY view desc LIMIT 5   [ RunTime:0.0014s ]
SQL: SELECT * FROM `news_lesson` WHERE `forteam` = '山东鲁能' ORDER BY view desc LIMIT 5   [ RunTime:0.0013s ]
SQL: SELECT * FROM `news_lesson` WHERE `forteam` = '北京国安' ORDER BY view desc LIMIT 5   [ RunTime:0.0009s ]
SQL: SHOW COLUMNS FROM `news_video` [ RunTime:0.0295s ]
SQL: SELECT * FROM `news_video` WHERE `type` = 'gzhd'  [ RunTime:0.0010s ]
INFO: [ view_parse ] --START--
INFO: [ template_filter ] --START--
INFO: Run Behavior\ContentReplaceBehavior [ RunTime:0.000342s ]
INFO: [ template_filter ] --END-- [ RunTime:0.000496s ]
NOTIC: [8] Undefined index: view D:\myweb\fuckabc\Application\Runtime\Cache\Home\74c9bdbded7009a43a281be8a565b911.php 第 317 行.
NOTIC: [8] Undefined index: view D:\myweb\fuckabc\Application\Runtime\Cache\Home\74c9bdbded7009a43a281be8a565b911.php 第 317 行.
NOTIC: [8] Undefined index: view D:\myweb\fuckabc\Application\Runtime\Cache\Home\74c9bdbded7009a43a281be8a565b911.php 第 317 行.
INFO: Run Behavior\ParseTemplateBehavior [ RunTime:0.236847s ]
INFO: [ view_parse ] --END-- [ RunTime:0.236991s ]
INFO: [ view_filter ] --START--
INFO: Run Behavior\WriteHtmlCacheBehavior [ RunTime:0.001106s ]
INFO: [ view_filter ] --END-- [ RunTime:0.001210s ]
INFO: [ app_end ] --START--
INFO: Run Behavior\ShowPageTraceBehavior [ RunTime:0.002438s ]
INFO: [ app_end ] --END-- [ RunTime:0.002686s ]

[ 2016-10-13T09:55:08+08:00 ] ::1 /fuckabc/index.php/home/lesson/view/id/37
INFO: [ app_init ] --START--
INFO: Run Behavior\BuildLiteBehavior [ RunTime:0.000063s ]
INFO: [ app_init ] --END-- [ RunTime:0.001698s ]
INFO: [ app_begin ] --START--
INFO: Run Behavior\ReadHtmlCacheBehavior [ RunTime:0.001785s ]
INFO: [ app_begin ] --END-- [ RunTime:0.001973s ]
SQL: SHOW COLUMNS FROM `news_lesson` [ RunTime:0.0416s ]
SQL: UPDATE `news_lesson` SET `view`=view+1 WHERE ( id=37 ) [ RunTime:0.0049s ]
SQL: SELECT * FROM `news_lesson` WHERE `id` = '37' LIMIT 1   [ RunTime:0.0009s ]
SQL: SHOW COLUMNS FROM `news_comment` [ RunTime:0.0299s ]
SQL: SELECT * FROM `news_comment` WHERE `pid` = 0 AND `lesson_id` = 37 ORDER BY time desc  [ RunTime:0.0020s ]
SQL: SELECT * FROM `news_comment` WHERE `pid` = 164 AND `lesson_id` = 37 ORDER BY time desc  [ RunTime:0.0011s ]
SQL: SELECT * FROM `news_comment` WHERE `pid` = 92 AND `lesson_id` = 37 ORDER BY time desc  [ RunTime:0.0013s ]
SQL: SELECT * FROM `news_comment` WHERE `pid` = 163 AND `lesson_id` = 37 ORDER BY time desc  [ RunTime:0.0013s ]
SQL: SELECT * FROM `news_comment` WHERE `pid` = 91 AND `lesson_id` = 37 ORDER BY time desc  [ RunTime:0.0014s ]
SQL: SELECT * FROM `news_comment` WHERE `pid` = 90 AND `lesson_id` = 37 ORDER BY time desc  [ RunTime:0.0016s ]
SQL: SELECT * FROM `news_comment` WHERE `pid` = 89 AND `lesson_id` = 37 ORDER BY time desc  [ RunTime:0.0014s ]
SQL: SELECT * FROM `news_comment` WHERE `pid` = 148 AND `lesson_id` = 37 ORDER BY time desc  [ RunTime:0.0014s ]
SQL: SELECT * FROM `news_comment` WHERE `pid` = 88 AND `lesson_id` = 37 ORDER BY time desc  [ RunTime:0.0019s ]
SQL: SELECT * FROM `news_comment` WHERE `pid` = 172 AND `lesson_id` = 37 ORDER BY time desc  [ RunTime:0.0016s ]
SQL: SELECT * FROM `news_comment` WHERE `pid` = 171 AND `lesson_id` = 37 ORDER BY time desc  [ RunTime:0.0014s ]
SQL: SELECT * FROM `news_comment` WHERE `pid` = 173 AND `lesson_id` = 37 ORDER BY time desc  [ RunTime:0.0011s ]
SQL: SELECT * FROM `news_comment` WHERE `pid` = 174 AND `lesson_id` = 37 ORDER BY time desc  [ RunTime:0.0011s ]
SQL: SELECT * FROM `news_comment` WHERE `pid` = 175 AND `lesson_id` = 37 ORDER BY time desc  [ RunTime:0.0010s ]
SQL: SELECT * FROM `news_comment` WHERE `pid` = 87 AND `lesson_id` = 37 ORDER BY time desc  [ RunTime:0.0012s ]
SQL: SELECT * FROM `news_comment` WHERE `pid` = 86 AND `lesson_id` = 37 ORDER BY time desc  [ RunTime:0.0015s ]
SQL: SELECT * FROM `news_comment` WHERE `pid` = 85 AND `lesson_id` = 37 ORDER BY time desc  [ RunTime:0.0010s ]
SQL: SELECT * FROM `news_comment` WHERE `pid` = 84 AND `lesson_id` = 37 ORDER BY time desc  [ RunTime:0.0011s ]
SQL: SELECT * FROM `news_comment` WHERE `pid` = 83 AND `lesson_id` = 37 ORDER BY time desc  [ RunTime:0.0010s ]
SQL: SELECT * FROM `news_comment` WHERE `pid` = 82 AND `lesson_id` = 37 ORDER BY time desc  [ RunTime:0.0012s ]
SQL: SELECT * FROM `news_comment` WHERE `pid` = 81 AND `lesson_id` = 37 ORDER BY time desc  [ RunTime:0.0013s ]
SQL: SELECT * FROM `news_comment` WHERE `pid` = 80 AND `lesson_id` = 37 ORDER BY time desc  [ RunTime:0.0014s ]
SQL: SELECT * FROM `news_comment` WHERE `pid` = 79 AND `lesson_id` = 37 ORDER BY time desc  [ RunTime:0.0014s ]
SQL: SELECT * FROM `news_comment` WHERE `pid` = 78 AND `lesson_id` = 37 ORDER BY time desc  [ RunTime:0.0015s ]
SQL: SELECT * FROM `news_comment` WHERE `pid` = 77 AND `lesson_id` = 37 ORDER BY time desc  [ RunTime:0.0015s ]
SQL: SELECT * FROM `news_comment` WHERE `pid` = 76 AND `lesson_id` = 37 ORDER BY time desc  [ RunTime:0.0023s ]
SQL: SELECT * FROM `news_comment` WHERE `pid` = 162 AND `lesson_id` = 37 ORDER BY time desc  [ RunTime:0.0017s ]
SQL: SELECT * FROM `news_comment` WHERE `pid` = 75 AND `lesson_id` = 37 ORDER BY time desc  [ RunTime:0.0011s ]
SQL: SELECT * FROM `news_comment` WHERE `pid` = 74 AND `lesson_id` = 37 ORDER BY time desc  [ RunTime:0.0011s ]
SQL: SELECT * FROM `news_comment` WHERE `pid` = 72 AND `lesson_id` = 37 ORDER BY time desc  [ RunTime:0.0011s ]
INFO: [ view_parse ] --START--
INFO: [ template_filter ] --START--
INFO: Run Behavior\ContentReplaceBehavior [ RunTime:0.000288s ]
INFO: [ template_filter ] --END-- [ RunTime:0.000440s ]
SQL: SELECT COUNT(*) AS tp_count FROM `news_comment` WHERE `lesson_id` = 37 LIMIT 1   [ RunTime:0.0016s ]
SQL: SELECT COUNT(*) AS tp_count FROM `news_comment` WHERE `lesson_id` = 37 AND `pid` = 164 LIMIT 1   [ RunTime:0.0013s ]
SQL: SELECT COUNT(*) AS tp_count FROM `news_comment` WHERE `lesson_id` = 37 AND `pid` = 92 LIMIT 1   [ RunTime:0.0016s ]
SQL: SELECT COUNT(*) AS tp_count FROM `news_comment` WHERE `lesson_id` = 37 AND `pid` = 91 LIMIT 1   [ RunTime:0.0012s ]
SQL: SELECT COUNT(*) AS tp_count FROM `news_comment` WHERE `lesson_id` = 37 AND `pid` = 90 LIMIT 1   [ RunTime:0.0012s ]
SQL: SELECT COUNT(*) AS tp_count FROM `news_comment` WHERE `lesson_id` = 37 AND `pid` = 89 LIMIT 1   [ RunTime:0.0013s ]
SQL: SELECT COUNT(*) AS tp_count FROM `news_comment` WHERE `lesson_id` = 37 AND `pid` = 88 LIMIT 1   [ RunTime:0.0019s ]
SQL: SELECT COUNT(*) AS tp_count FROM `news_comment` WHERE `lesson_id` = 37 AND `pid` = 87 LIMIT 1   [ RunTime:0.0017s ]
SQL: SELECT COUNT(*) AS tp_count FROM `news_comment` WHERE `lesson_id` = 37 AND `pid` = 86 LIMIT 1   [ RunTime:0.0013s ]
SQL: SELECT COUNT(*) AS tp_count FROM `news_comment` WHERE `lesson_id` = 37 AND `pid` = 85 LIMIT 1   [ RunTime:0.0013s ]
SQL: SELECT COUNT(*) AS tp_count FROM `news_comment` WHERE `lesson_id` = 37 AND `pid` = 84 LIMIT 1   [ RunTime:0.0016s ]
SQL: SELECT COUNT(*) AS tp_count FROM `news_comment` WHERE `lesson_id` = 37 AND `pid` = 83 LIMIT 1   [ RunTime:0.0014s ]
SQL: SELECT COUNT(*) AS tp_count FROM `news_comment` WHERE `lesson_id` = 37 AND `pid` = 82 LIMIT 1   [ RunTime:0.0010s ]
SQL: SELECT COUNT(*) AS tp_count FROM `news_comment` WHERE `lesson_id` = 37 AND `pid` = 81 LIMIT 1   [ RunTime:0.0014s ]
SQL: SELECT COUNT(*) AS tp_count FROM `news_comment` WHERE `lesson_id` = 37 AND `pid` = 80 LIMIT 1   [ RunTime:0.0014s ]
SQL: SELECT COUNT(*) AS tp_count FROM `news_comment` WHERE `lesson_id` = 37 AND `pid` = 79 LIMIT 1   [ RunTime:0.0015s ]
SQL: SELECT COUNT(*) AS tp_count FROM `news_comment` WHERE `lesson_id` = 37 AND `pid` = 78 LIMIT 1   [ RunTime:0.0017s ]
SQL: SELECT COUNT(*) AS tp_count FROM `news_comment` WHERE `lesson_id` = 37 AND `pid` = 77 LIMIT 1   [ RunTime:0.0023s ]
SQL: SELECT COUNT(*) AS tp_count FROM `news_comment` WHERE `lesson_id` = 37 AND `pid` = 76 LIMIT 1   [ RunTime:0.0017s ]
SQL: SELECT COUNT(*) AS tp_count FROM `news_comment` WHERE `lesson_id` = 37 AND `pid` = 75 LIMIT 1   [ RunTime:0.0019s ]
SQL: SELECT COUNT(*) AS tp_count FROM `news_comment` WHERE `lesson_id` = 37 AND `pid` = 74 LIMIT 1   [ RunTime:0.0014s ]
SQL: SELECT COUNT(*) AS tp_count FROM `news_comment` WHERE `lesson_id` = 37 AND `pid` = 72 LIMIT 1   [ RunTime:0.0017s ]
INFO: Run Behavior\ParseTemplateBehavior [ RunTime:0.332660s ]
INFO: [ view_parse ] --END-- [ RunTime:0.332801s ]
INFO: [ view_filter ] --START--
INFO: Run Behavior\WriteHtmlCacheBehavior [ RunTime:0.001094s ]
INFO: [ view_filter ] --END-- [ RunTime:0.001226s ]
INFO: [ app_end ] --START--
INFO: Run Behavior\ShowPageTraceBehavior [ RunTime:0.001966s ]
INFO: [ app_end ] --END-- [ RunTime:0.002193s ]

[ 2016-10-13T09:55:12+08:00 ] ::1 /fuckabc/index.php/home/lesson/view/id/37
INFO: [ app_init ] --START--
INFO: Run Behavior\BuildLiteBehavior [ RunTime:0.000061s ]
INFO: [ app_init ] --END-- [ RunTime:0.002269s ]
INFO: [ app_begin ] --START--
INFO: Run Behavior\ReadHtmlCacheBehavior [ RunTime:0.002153s ]
INFO: [ app_begin ] --END-- [ RunTime:0.002370s ]
SQL: SHOW COLUMNS FROM `news_lesson` [ RunTime:0.0480s ]
SQL: UPDATE `news_lesson` SET `view`=view+1 WHERE ( id=37 ) [ RunTime:0.0113s ]
SQL: SELECT * FROM `news_lesson` WHERE `id` = '37' LIMIT 1   [ RunTime:0.0013s ]
SQL: SHOW COLUMNS FROM `news_comment` [ RunTime:0.0361s ]
SQL: SELECT * FROM `news_comment` WHERE `pid` = 0 AND `lesson_id` = 37 ORDER BY time desc  [ RunTime:0.0025s ]
SQL: SELECT * FROM `news_comment` WHERE `pid` = 164 AND `lesson_id` = 37 ORDER BY time desc  [ RunTime:0.0017s ]
SQL: SELECT * FROM `news_comment` WHERE `pid` = 92 AND `lesson_id` = 37 ORDER BY time desc  [ RunTime:0.0018s ]
SQL: SELECT * FROM `news_comment` WHERE `pid` = 163 AND `lesson_id` = 37 ORDER BY time desc  [ RunTime:0.0018s ]
SQL: SELECT * FROM `news_comment` WHERE `pid` = 91 AND `lesson_id` = 37 ORDER BY time desc  [ RunTime:0.0019s ]
SQL: SELECT * FROM `news_comment` WHERE `pid` = 90 AND `lesson_id` = 37 ORDER BY time desc  [ RunTime:0.0017s ]
SQL: SELECT * FROM `news_comment` WHERE `pid` = 89 AND `lesson_id` = 37 ORDER BY time desc  [ RunTime:0.0016s ]
SQL: SELECT * FROM `news_comment` WHERE `pid` = 148 AND `lesson_id` = 37 ORDER BY time desc  [ RunTime:0.0023s ]
SQL: SELECT * FROM `news_comment` WHERE `pid` = 88 AND `lesson_id` = 37 ORDER BY time desc  [ RunTime:0.0017s ]
SQL: SELECT * FROM `news_comment` WHERE `pid` = 172 AND `lesson_id` = 37 ORDER BY time desc  [ RunTime:0.0015s ]
SQL: SELECT * FROM `news_comment` WHERE `pid` = 171 AND `lesson_id` = 37 ORDER BY time desc  [ RunTime:0.0016s ]
SQL: SELECT * FROM `news_comment` WHERE `pid` = 173 AND `lesson_id` = 37 ORDER BY time desc  [ RunTime:0.0017s ]
SQL: SELECT * FROM `news_comment` WHERE `pid` = 174 AND `lesson_id` = 37 ORDER BY time desc  [ RunTime:0.0019s ]
SQL: SELECT * FROM `news_comment` WHERE `pid` = 175 AND `lesson_id` = 37 ORDER BY time desc  [ RunTime:0.0018s ]
SQL: SELECT * FROM `news_comment` WHERE `pid` = 87 AND `lesson_id` = 37 ORDER BY time desc  [ RunTime:0.0017s ]
SQL: SELECT * FROM `news_comment` WHERE `pid` = 86 AND `lesson_id` = 37 ORDER BY time desc  [ RunTime:0.0019s ]
SQL: SELECT * FROM `news_comment` WHERE `pid` = 85 AND `lesson_id` = 37 ORDER BY time desc  [ RunTime:0.0019s ]
SQL: SELECT * FROM `news_comment` WHERE `pid` = 84 AND `lesson_id` = 37 ORDER BY time desc  [ RunTime:0.0018s ]
SQL: SELECT * FROM `news_comment` WHERE `pid` = 83 AND `lesson_id` = 37 ORDER BY time desc  [ RunTime:0.0017s ]
SQL: SELECT * FROM `news_comment` WHERE `pid` = 82 AND `lesson_id` = 37 ORDER BY time desc  [ RunTime:0.0018s ]
SQL: SELECT * FROM `news_comment` WHERE `pid` = 81 AND `lesson_id` = 37 ORDER BY time desc  [ RunTime:0.0018s ]
SQL: SELECT * FROM `news_comment` WHERE `pid` = 80 AND `lesson_id` = 37 ORDER BY time desc  [ RunTime:0.0018s ]
SQL: SELECT * FROM `news_comment` WHERE `pid` = 79 AND `lesson_id` = 37 ORDER BY time desc  [ RunTime:0.0018s ]
SQL: SELECT * FROM `news_comment` WHERE `pid` = 78 AND `lesson_id` = 37 ORDER BY time desc  [ RunTime:0.0016s ]
SQL: SELECT * FROM `news_comment` WHERE `pid` = 77 AND `lesson_id` = 37 ORDER BY time desc  [ RunTime:0.0016s ]
SQL: SELECT * FROM `news_comment` WHERE `pid` = 76 AND `lesson_id` = 37 ORDER BY time desc  [ RunTime:0.0016s ]
SQL: SELECT * FROM `news_comment` WHERE `pid` = 162 AND `lesson_id` = 37 ORDER BY time desc  [ RunTime:0.0016s ]
SQL: SELECT * FROM `news_comment` WHERE `pid` = 75 AND `lesson_id` = 37 ORDER BY time desc  [ RunTime:0.0016s ]
SQL: SELECT * FROM `news_comment` WHERE `pid` = 74 AND `lesson_id` = 37 ORDER BY time desc  [ RunTime:0.0020s ]
SQL: SELECT * FROM `news_comment` WHERE `pid` = 72 AND `lesson_id` = 37 ORDER BY time desc  [ RunTime:0.0019s ]
INFO: [ view_parse ] --START--
INFO: [ template_filter ] --START--
INFO: Run Behavior\ContentReplaceBehavior [ RunTime:0.000292s ]
INFO: [ template_filter ] --END-- [ RunTime:0.000456s ]
SQL: SELECT COUNT(*) AS tp_count FROM `news_comment` WHERE `lesson_id` = 37 LIMIT 1   [ RunTime:0.0017s ]
SQL: SELECT COUNT(*) AS tp_count FROM `news_comment` WHERE `lesson_id` = 37 AND `pid` = 164 LIMIT 1   [ RunTime:0.0016s ]
SQL: SELECT COUNT(*) AS tp_count FROM `news_comment` WHERE `lesson_id` = 37 AND `pid` = 92 LIMIT 1   [ RunTime:0.0015s ]
SQL: SELECT COUNT(*) AS tp_count FROM `news_comment` WHERE `lesson_id` = 37 AND `pid` = 91 LIMIT 1   [ RunTime:0.0013s ]
SQL: SELECT COUNT(*) AS tp_count FROM `news_comment` WHERE `lesson_id` = 37 AND `pid` = 90 LIMIT 1   [ RunTime:0.0010s ]
SQL: SELECT COUNT(*) AS tp_count FROM `news_comment` WHERE `lesson_id` = 37 AND `pid` = 89 LIMIT 1   [ RunTime:0.0011s ]
SQL: SELECT COUNT(*) AS tp_count FROM `news_comment` WHERE `lesson_id` = 37 AND `pid` = 88 LIMIT 1   [ RunTime:0.0012s ]
SQL: SELECT COUNT(*) AS tp_count FROM `news_comment` WHERE `lesson_id` = 37 AND `pid` = 87 LIMIT 1   [ RunTime:0.0010s ]
SQL: SELECT COUNT(*) AS tp_count FROM `news_comment` WHERE `lesson_id` = 37 AND `pid` = 86 LIMIT 1   [ RunTime:0.0010s ]
SQL: SELECT COUNT(*) AS tp_count FROM `news_comment` WHERE `lesson_id` = 37 AND `pid` = 85 LIMIT 1   [ RunTime:0.0013s ]
SQL: SELECT COUNT(*) AS tp_count FROM `news_comment` WHERE `lesson_id` = 37 AND `pid` = 84 LIMIT 1   [ RunTime:0.0015s ]
SQL: SELECT COUNT(*) AS tp_count FROM `news_comment` WHERE `lesson_id` = 37 AND `pid` = 83 LIMIT 1   [ RunTime:0.0013s ]
SQL: SELECT COUNT(*) AS tp_count FROM `news_comment` WHERE `lesson_id` = 37 AND `pid` = 82 LIMIT 1   [ RunTime:0.0013s ]
SQL: SELECT COUNT(*) AS tp_count FROM `news_comment` WHERE `lesson_id` = 37 AND `pid` = 81 LIMIT 1   [ RunTime:0.0013s ]
SQL: SELECT COUNT(*) AS tp_count FROM `news_comment` WHERE `lesson_id` = 37 AND `pid` = 80 LIMIT 1   [ RunTime:0.0014s ]
SQL: SELECT COUNT(*) AS tp_count FROM `news_comment` WHERE `lesson_id` = 37 AND `pid` = 79 LIMIT 1   [ RunTime:0.0013s ]
SQL: SELECT COUNT(*) AS tp_count FROM `news_comment` WHERE `lesson_id` = 37 AND `pid` = 78 LIMIT 1   [ RunTime:0.0017s ]
SQL: SELECT COUNT(*) AS tp_count FROM `news_comment` WHERE `lesson_id` = 37 AND `pid` = 77 LIMIT 1   [ RunTime:0.0021s ]
SQL: SELECT COUNT(*) AS tp_count FROM `news_comment` WHERE `lesson_id` = 37 AND `pid` = 76 LIMIT 1   [ RunTime:0.0021s ]
SQL: SELECT COUNT(*) AS tp_count FROM `news_comment` WHERE `lesson_id` = 37 AND `pid` = 75 LIMIT 1   [ RunTime:0.0014s ]
SQL: SELECT COUNT(*) AS tp_count FROM `news_comment` WHERE `lesson_id` = 37 AND `pid` = 74 LIMIT 1   [ RunTime:0.0014s ]
SQL: SELECT COUNT(*) AS tp_count FROM `news_comment` WHERE `lesson_id` = 37 AND `pid` = 72 LIMIT 1   [ RunTime:0.0012s ]
INFO: Run Behavior\ParseTemplateBehavior [ RunTime:0.306192s ]
INFO: [ view_parse ] --END-- [ RunTime:0.306342s ]
INFO: [ view_filter ] --START--
INFO: Run Behavior\WriteHtmlCacheBehavior [ RunTime:0.001121s ]
INFO: [ view_filter ] --END-- [ RunTime:0.001232s ]
INFO: [ app_end ] --START--
INFO: Run Behavior\ShowPageTraceBehavior [ RunTime:0.001959s ]
INFO: [ app_end ] --END-- [ RunTime:0.002236s ]

[ 2016-10-13T09:55:18+08:00 ] ::1 /fuckabc/index.php/home/lesson/view/id/36
INFO: [ app_init ] --START--
INFO: Run Behavior\BuildLiteBehavior [ RunTime:0.000044s ]
INFO: [ app_init ] --END-- [ RunTime:0.001867s ]
INFO: [ app_begin ] --START--
INFO: Run Behavior\ReadHtmlCacheBehavior [ RunTime:0.001503s ]
INFO: [ app_begin ] --END-- [ RunTime:0.001646s ]
SQL: SHOW COLUMNS FROM `news_lesson` [ RunTime:0.0420s ]
SQL: UPDATE `news_lesson` SET `view`=view+1 WHERE ( id=36 ) [ RunTime:0.0112s ]
SQL: SELECT * FROM `news_lesson` WHERE `id` = '36' LIMIT 1   [ RunTime:0.0015s ]
SQL: SHOW COLUMNS FROM `news_comment` [ RunTime:0.0321s ]
SQL: SELECT * FROM `news_comment` WHERE `pid` = 0 AND `lesson_id` = 36 ORDER BY time desc  [ RunTime:0.0028s ]
SQL: SELECT * FROM `news_comment` WHERE `pid` = 195 AND `lesson_id` = 36 ORDER BY time desc  [ RunTime:0.0017s ]
SQL: SELECT * FROM `news_comment` WHERE `pid` = 194 AND `lesson_id` = 36 ORDER BY time desc  [ RunTime:0.0017s ]
SQL: SELECT * FROM `news_comment` WHERE `pid` = 193 AND `lesson_id` = 36 ORDER BY time desc  [ RunTime:0.0014s ]
SQL: SELECT * FROM `news_comment` WHERE `pid` = 192 AND `lesson_id` = 36 ORDER BY time desc  [ RunTime:0.0013s ]
SQL: SELECT * FROM `news_comment` WHERE `pid` = 168 AND `lesson_id` = 36 ORDER BY time desc  [ RunTime:0.0013s ]
SQL: SELECT * FROM `news_comment` WHERE `pid` = 165 AND `lesson_id` = 36 ORDER BY time desc  [ RunTime:0.0014s ]
SQL: SELECT * FROM `news_comment` WHERE `pid` = 123 AND `lesson_id` = 36 ORDER BY time desc  [ RunTime:0.0016s ]
SQL: SELECT * FROM `news_comment` WHERE `pid` = 169 AND `lesson_id` = 36 ORDER BY time desc  [ RunTime:0.0016s ]
SQL: SELECT * FROM `news_comment` WHERE `pid` = 166 AND `lesson_id` = 36 ORDER BY time desc  [ RunTime:0.0017s ]
SQL: SELECT * FROM `news_comment` WHERE `pid` = 167 AND `lesson_id` = 36 ORDER BY time desc  [ RunTime:0.0017s ]
SQL: SELECT * FROM `news_comment` WHERE `pid` = 122 AND `lesson_id` = 36 ORDER BY time desc  [ RunTime:0.0017s ]
SQL: SELECT * FROM `news_comment` WHERE `pid` = 121 AND `lesson_id` = 36 ORDER BY time desc  [ RunTime:0.0020s ]
SQL: SELECT * FROM `news_comment` WHERE `pid` = 117 AND `lesson_id` = 36 ORDER BY time desc  [ RunTime:0.0018s ]
SQL: SELECT * FROM `news_comment` WHERE `pid` = 118 AND `lesson_id` = 36 ORDER BY time desc  [ RunTime:0.0016s ]
SQL: SELECT * FROM `news_comment` WHERE `pid` = 119 AND `lesson_id` = 36 ORDER BY time desc  [ RunTime:0.0015s ]
SQL: SELECT * FROM `news_comment` WHERE `pid` = 115 AND `lesson_id` = 36 ORDER BY time desc  [ RunTime:0.0015s ]
SQL: SELECT * FROM `news_comment` WHERE `pid` = 116 AND `lesson_id` = 36 ORDER BY time desc  [ RunTime:0.0017s ]
SQL: SELECT * FROM `news_comment` WHERE `pid` = 114 AND `lesson_id` = 36 ORDER BY time desc  [ RunTime:0.0017s ]
SQL: SELECT * FROM `news_comment` WHERE `pid` = 112 AND `lesson_id` = 36 ORDER BY time desc  [ RunTime:0.0016s ]
SQL: SELECT * FROM `news_comment` WHERE `pid` = 120 AND `lesson_id` = 36 ORDER BY time desc  [ RunTime:0.0016s ]
SQL: SELECT * FROM `news_comment` WHERE `pid` = 111 AND `lesson_id` = 36 ORDER BY time desc  [ RunTime:0.0016s ]
SQL: SELECT * FROM `news_comment` WHERE `pid` = 105 AND `lesson_id` = 36 ORDER BY time desc  [ RunTime:0.0016s ]
SQL: SELECT * FROM `news_comment` WHERE `pid` = 106 AND `lesson_id` = 36 ORDER BY time desc  [ RunTime:0.0017s ]
SQL: SELECT * FROM `news_comment` WHERE `pid` = 107 AND `lesson_id` = 36 ORDER BY time desc  [ RunTime:0.0017s ]
SQL: SELECT * FROM `news_comment` WHERE `pid` = 108 AND `lesson_id` = 36 ORDER BY time desc  [ RunTime:0.0017s ]
SQL: SELECT * FROM `news_comment` WHERE `pid` = 109 AND `lesson_id` = 36 ORDER BY time desc  [ RunTime:0.0018s ]
SQL: SELECT * FROM `news_comment` WHERE `pid` = 110 AND `lesson_id` = 36 ORDER BY time desc  [ RunTime:0.0018s ]
SQL: SELECT * FROM `news_comment` WHERE `pid` = 99 AND `lesson_id` = 36 ORDER BY time desc  [ RunTime:0.0017s ]
SQL: SELECT * FROM `news_comment` WHERE `pid` = 100 AND `lesson_id` = 36 ORDER BY time desc  [ RunTime:0.0016s ]
SQL: SELECT * FROM `news_comment` WHERE `pid` = 101 AND `lesson_id` = 36 ORDER BY time desc  [ RunTime:0.0016s ]
SQL: SELECT * FROM `news_comment` WHERE `pid` = 102 AND `lesson_id` = 36 ORDER BY time desc  [ RunTime:0.0017s ]
SQL: SELECT * FROM `news_comment` WHERE `pid` = 103 AND `lesson_id` = 36 ORDER BY time desc  [ RunTime:0.0017s ]
SQL: SELECT * FROM `news_comment` WHERE `pid` = 104 AND `lesson_id` = 36 ORDER BY time desc  [ RunTime:0.0018s ]
SQL: SELECT * FROM `news_comment` WHERE `pid` = 113 AND `lesson_id` = 36 ORDER BY time desc  [ RunTime:0.0017s ]
SQL: SELECT * FROM `news_comment` WHERE `pid` = 95 AND `lesson_id` = 36 ORDER BY time desc  [ RunTime:0.0017s ]
SQL: SELECT * FROM `news_comment` WHERE `pid` = 96 AND `lesson_id` = 36 ORDER BY time desc  [ RunTime:0.0017s ]
SQL: SELECT * FROM `news_comment` WHERE `pid` = 97 AND `lesson_id` = 36 ORDER BY time desc  [ RunTime:0.0016s ]
SQL: SELECT * FROM `news_comment` WHERE `pid` = 98 AND `lesson_id` = 36 ORDER BY time desc  [ RunTime:0.0017s ]
SQL: SELECT * FROM `news_comment` WHERE `pid` = 94 AND `lesson_id` = 36 ORDER BY time desc  [ RunTime:0.0017s ]
SQL: SELECT * FROM `news_comment` WHERE `pid` = 93 AND `lesson_id` = 36 ORDER BY time desc  [ RunTime:0.0018s ]
SQL: SELECT * FROM `news_comment` WHERE `pid` = 57 AND `lesson_id` = 36 ORDER BY time desc  [ RunTime:0.0037s ]
SQL: SELECT * FROM `news_comment` WHERE `pid` = 67 AND `lesson_id` = 36 ORDER BY time desc  [ RunTime:0.0016s ]
SQL: SELECT * FROM `news_comment` WHERE `pid` = 64 AND `lesson_id` = 36 ORDER BY time desc  [ RunTime:0.0017s ]
SQL: SELECT * FROM `news_comment` WHERE `pid` = 61 AND `lesson_id` = 36 ORDER BY time desc  [ RunTime:0.0017s ]
SQL: SELECT * FROM `news_comment` WHERE `pid` = 68 AND `lesson_id` = 36 ORDER BY time desc  [ RunTime:0.0014s ]
SQL: SELECT * FROM `news_comment` WHERE `pid` = 56 AND `lesson_id` = 36 ORDER BY time desc  [ RunTime:0.0018s ]
SQL: SELECT * FROM `news_comment` WHERE `pid` = 63 AND `lesson_id` = 36 ORDER BY time desc  [ RunTime:0.0016s ]
SQL: SELECT * FROM `news_comment` WHERE `pid` = 52 AND `lesson_id` = 36 ORDER BY time desc  [ RunTime:0.0017s ]
SQL: SELECT * FROM `news_comment` WHERE `pid` = 62 AND `lesson_id` = 36 ORDER BY time desc  [ RunTime:0.0015s ]
SQL: SELECT * FROM `news_comment` WHERE `pid` = 54 AND `lesson_id` = 36 ORDER BY time desc  [ RunTime:0.0015s ]
SQL: SELECT * FROM `news_comment` WHERE `pid` = 53 AND `lesson_id` = 36 ORDER BY time desc  [ RunTime:0.0018s ]
SQL: SELECT * FROM `news_comment` WHERE `pid` = 55 AND `lesson_id` = 36 ORDER BY time desc  [ RunTime:0.0019s ]
SQL: SELECT * FROM `news_comment` WHERE `pid` = 65 AND `lesson_id` = 36 ORDER BY time desc  [ RunTime:0.0017s ]
INFO: [ view_parse ] --START--
INFO: [ template_filter ] --START--
INFO: Run Behavior\ContentReplaceBehavior [ RunTime:0.000298s ]
INFO: [ template_filter ] --END-- [ RunTime:0.000462s ]
SQL: SELECT COUNT(*) AS tp_count FROM `news_comment` WHERE `lesson_id` = 36 LIMIT 1   [ RunTime:0.0013s ]
SQL: SELECT COUNT(*) AS tp_count FROM `news_comment` WHERE `lesson_id` = 36 AND `pid` = 195 LIMIT 1   [ RunTime:0.0011s ]
SQL: SELECT COUNT(*) AS tp_count FROM `news_comment` WHERE `lesson_id` = 36 AND `pid` = 194 LIMIT 1   [ RunTime:0.0017s ]
SQL: SELECT COUNT(*) AS tp_count FROM `news_comment` WHERE `lesson_id` = 36 AND `pid` = 193 LIMIT 1   [ RunTime:0.0012s ]
SQL: SELECT COUNT(*) AS tp_count FROM `news_comment` WHERE `lesson_id` = 36 AND `pid` = 192 LIMIT 1   [ RunTime:0.0011s ]
SQL: SELECT COUNT(*) AS tp_count FROM `news_comment` WHERE `lesson_id` = 36 AND `pid` = 168 LIMIT 1   [ RunTime:0.0011s ]
SQL: SELECT COUNT(*) AS tp_count FROM `news_comment` WHERE `lesson_id` = 36 AND `pid` = 165 LIMIT 1   [ RunTime:0.0011s ]
SQL: SELECT COUNT(*) AS tp_count FROM `news_comment` WHERE `lesson_id` = 36 AND `pid` = 123 LIMIT 1   [ RunTime:0.0011s ]
SQL: SELECT COUNT(*) AS tp_count FROM `news_comment` WHERE `lesson_id` = 36 AND `pid` = 122 LIMIT 1   [ RunTime:0.0012s ]
SQL: SELECT COUNT(*) AS tp_count FROM `news_comment` WHERE `lesson_id` = 36 AND `pid` = 121 LIMIT 1   [ RunTime:0.0016s ]
SQL: SELECT COUNT(*) AS tp_count FROM `news_comment` WHERE `lesson_id` = 36 AND `pid` = 117 LIMIT 1   [ RunTime:0.0015s ]
SQL: SELECT COUNT(*) AS tp_count FROM `news_comment` WHERE `lesson_id` = 36 AND `pid` = 118 LIMIT 1   [ RunTime:0.0016s ]
SQL: SELECT COUNT(*) AS tp_count FROM `news_comment` WHERE `lesson_id` = 36 AND `pid` = 119 LIMIT 1   [ RunTime:0.0012s ]
SQL: SELECT COUNT(*) AS tp_count FROM `news_comment` WHERE `lesson_id` = 36 AND `pid` = 115 LIMIT 1   [ RunTime:0.0009s ]
SQL: SELECT COUNT(*) AS tp_count FROM `news_comment` WHERE `lesson_id` = 36 AND `pid` = 116 LIMIT 1   [ RunTime:0.0008s ]
SQL: SELECT COUNT(*) AS tp_count FROM `news_comment` WHERE `lesson_id` = 36 AND `pid` = 114 LIMIT 1   [ RunTime:0.0010s ]
SQL: SELECT COUNT(*) AS tp_count FROM `news_comment` WHERE `lesson_id` = 36 AND `pid` = 112 LIMIT 1   [ RunTime:0.0008s ]
SQL: SELECT COUNT(*) AS tp_count FROM `news_comment` WHERE `lesson_id` = 36 AND `pid` = 111 LIMIT 1   [ RunTime:0.0009s ]
SQL: SELECT COUNT(*) AS tp_count FROM `news_comment` WHERE `lesson_id` = 36 AND `pid` = 105 LIMIT 1   [ RunTime:0.0009s ]
SQL: SELECT COUNT(*) AS tp_count FROM `news_comment` WHERE `lesson_id` = 36 AND `pid` = 106 LIMIT 1   [ RunTime:0.0008s ]
SQL: SELECT COUNT(*) AS tp_count FROM `news_comment` WHERE `lesson_id` = 36 AND `pid` = 107 LIMIT 1   [ RunTime:0.0009s ]
SQL: SELECT COUNT(*) AS tp_count FROM `news_comment` WHERE `lesson_id` = 36 AND `pid` = 108 LIMIT 1   [ RunTime:0.0010s ]
SQL: SELECT COUNT(*) AS tp_count FROM `news_comment` WHERE `lesson_id` = 36 AND `pid` = 109 LIMIT 1   [ RunTime:0.0014s ]
SQL: SELECT COUNT(*) AS tp_count FROM `news_comment` WHERE `lesson_id` = 36 AND `pid` = 110 LIMIT 1   [ RunTime:0.0014s ]
SQL: SELECT COUNT(*) AS tp_count FROM `news_comment` WHERE `lesson_id` = 36 AND `pid` = 99 LIMIT 1   [ RunTime:0.0012s ]
SQL: SELECT COUNT(*) AS tp_count FROM `news_comment` WHERE `lesson_id` = 36 AND `pid` = 100 LIMIT 1   [ RunTime:0.0011s ]
SQL: SELECT COUNT(*) AS tp_count FROM `news_comment` WHERE `lesson_id` = 36 AND `pid` = 101 LIMIT 1   [ RunTime:0.0011s ]
SQL: SELECT COUNT(*) AS tp_count FROM `news_comment` WHERE `lesson_id` = 36 AND `pid` = 102 LIMIT 1   [ RunTime:0.0013s ]
SQL: SELECT COUNT(*) AS tp_count FROM `news_comment` WHERE `lesson_id` = 36 AND `pid` = 103 LIMIT 1   [ RunTime:0.0015s ]
SQL: SELECT COUNT(*) AS tp_count FROM `news_comment` WHERE `lesson_id` = 36 AND `pid` = 104 LIMIT 1   [ RunTime:0.0015s ]
SQL: SELECT COUNT(*) AS tp_count FROM `news_comment` WHERE `lesson_id` = 36 AND `pid` = 95 LIMIT 1   [ RunTime:0.0011s ]
SQL: SELECT COUNT(*) AS tp_count FROM `news_comment` WHERE `lesson_id` = 36 AND `pid` = 96 LIMIT 1   [ RunTime:0.0011s ]
SQL: SELECT COUNT(*) AS tp_count FROM `news_comment` WHERE `lesson_id` = 36 AND `pid` = 97 LIMIT 1   [ RunTime:0.0011s ]
SQL: SELECT COUNT(*) AS tp_count FROM `news_comment` WHERE `lesson_id` = 36 AND `pid` = 98 LIMIT 1   [ RunTime:0.0010s ]
SQL: SELECT COUNT(*) AS tp_count FROM `news_comment` WHERE `lesson_id` = 36 AND `pid` = 94 LIMIT 1   [ RunTime:0.0008s ]
SQL: SELECT COUNT(*) AS tp_count FROM `news_comment` WHERE `lesson_id` = 36 AND `pid` = 93 LIMIT 1   [ RunTime:0.0008s ]
SQL: SELECT COUNT(*) AS tp_count FROM `news_comment` WHERE `lesson_id` = 36 AND `pid` = 57 LIMIT 1   [ RunTime:0.0008s ]
SQL: SELECT COUNT(*) AS tp_count FROM `news_comment` WHERE `lesson_id` = 36 AND `pid` = 56 LIMIT 1   [ RunTime:0.0008s ]
SQL: SELECT COUNT(*) AS tp_count FROM `news_comment` WHERE `lesson_id` = 36 AND `pid` = 52 LIMIT 1   [ RunTime:0.0009s ]
INFO: Run Behavior\ParseTemplateBehavior [ RunTime:0.376566s ]
INFO: [ view_parse ] --END-- [ RunTime:0.376721s ]
INFO: [ view_filter ] --START--
INFO: Run Behavior\WriteHtmlCacheBehavior [ RunTime:0.001069s ]
INFO: [ view_filter ] --END-- [ RunTime:0.001174s ]
INFO: [ app_end ] --START--
INFO: Run Behavior\ShowPageTraceBehavior [ RunTime:0.002282s ]
INFO: [ app_end ] --END-- [ RunTime:0.002520s ]

[ 2016-10-13T09:55:22+08:00 ] ::1 /fuckabc/index.php/home/lesson/view/id/36
INFO: [ app_init ] --START--
INFO: Run Behavior\BuildLiteBehavior [ RunTime:0.000042s ]
INFO: [ app_init ] --END-- [ RunTime:0.001692s ]
INFO: [ app_begin ] --START--
INFO: Run Behavior\ReadHtmlCacheBehavior [ RunTime:0.001583s ]
INFO: [ app_begin ] --END-- [ RunTime:0.001726s ]
SQL: SHOW COLUMNS FROM `news_lesson` [ RunTime:0.0399s ]
SQL: UPDATE `news_lesson` SET `view`=view+1 WHERE ( id=36 ) [ RunTime:0.0055s ]
SQL: SELECT * FROM `news_lesson` WHERE `id` = '36' LIMIT 1   [ RunTime:0.0011s ]
SQL: SHOW COLUMNS FROM `news_comment` [ RunTime:0.0317s ]
SQL: SELECT * FROM `news_comment` WHERE `pid` = 0 AND `lesson_id` = 36 ORDER BY time desc  [ RunTime:0.0039s ]
SQL: SELECT * FROM `news_comment` WHERE `pid` = 195 AND `lesson_id` = 36 ORDER BY time desc  [ RunTime:0.0016s ]
SQL: SELECT * FROM `news_comment` WHERE `pid` = 194 AND `lesson_id` = 36 ORDER BY time desc  [ RunTime:0.0014s ]
SQL: SELECT * FROM `news_comment` WHERE `pid` = 193 AND `lesson_id` = 36 ORDER BY time desc  [ RunTime:0.0016s ]
SQL: SELECT * FROM `news_comment` WHERE `pid` = 192 AND `lesson_id` = 36 ORDER BY time desc  [ RunTime:0.0019s ]
SQL: SELECT * FROM `news_comment` WHERE `pid` = 168 AND `lesson_id` = 36 ORDER BY time desc  [ RunTime:0.0015s ]
SQL: SELECT * FROM `news_comment` WHERE `pid` = 165 AND `lesson_id` = 36 ORDER BY time desc  [ RunTime:0.0017s ]
SQL: SELECT * FROM `news_comment` WHERE `pid` = 123 AND `lesson_id` = 36 ORDER BY time desc  [ RunTime:0.0018s ]
SQL: SELECT * FROM `news_comment` WHERE `pid` = 169 AND `lesson_id` = 36 ORDER BY time desc  [ RunTime:0.0019s ]
SQL: SELECT * FROM `news_comment` WHERE `pid` = 166 AND `lesson_id` = 36 ORDER BY time desc  [ RunTime:0.0018s ]
SQL: SELECT * FROM `news_comment` WHERE `pid` = 167 AND `lesson_id` = 36 ORDER BY time desc  [ RunTime:0.0015s ]
SQL: SELECT * FROM `news_comment` WHERE `pid` = 122 AND `lesson_id` = 36 ORDER BY time desc  [ RunTime:0.0014s ]
SQL: SELECT * FROM `news_comment` WHERE `pid` = 121 AND `lesson_id` = 36 ORDER BY time desc  [ RunTime:0.0021s ]
SQL: SELECT * FROM `news_comment` WHERE `pid` = 117 AND `lesson_id` = 36 ORDER BY time desc  [ RunTime:0.0017s ]
SQL: SELECT * FROM `news_comment` WHERE `pid` = 118 AND `lesson_id` = 36 ORDER BY time desc  [ RunTime:0.0016s ]
SQL: SELECT * FROM `news_comment` WHERE `pid` = 119 AND `lesson_id` = 36 ORDER BY time desc  [ RunTime:0.0016s ]
SQL: SELECT * FROM `news_comment` WHERE `pid` = 115 AND `lesson_id` = 36 ORDER BY time desc  [ RunTime:0.0014s ]
SQL: SELECT * FROM `news_comment` WHERE `pid` = 116 AND `lesson_id` = 36 ORDER BY time desc  [ RunTime:0.0014s ]
SQL: SELECT * FROM `news_comment` WHERE `pid` = 114 AND `lesson_id` = 36 ORDER BY time desc  [ RunTime:0.0014s ]
SQL: SELECT * FROM `news_comment` WHERE `pid` = 112 AND `lesson_id` = 36 ORDER BY time desc  [ RunTime:0.0017s ]
SQL: SELECT * FROM `news_comment` WHERE `pid` = 120 AND `lesson_id` = 36 ORDER BY time desc  [ RunTime:0.0018s ]
SQL: SELECT * FROM `news_comment` WHERE `pid` = 111 AND `lesson_id` = 36 ORDER BY time desc  [ RunTime:0.0016s ]
SQL: SELECT * FROM `news_comment` WHERE `pid` = 105 AND `lesson_id` = 36 ORDER BY time desc  [ RunTime:0.0019s ]
SQL: SELECT * FROM `news_comment` WHERE `pid` = 106 AND `lesson_id` = 36 ORDER BY time desc  [ RunTime:0.0017s ]
SQL: SELECT * FROM `news_comment` WHERE `pid` = 107 AND `lesson_id` = 36 ORDER BY time desc  [ RunTime:0.0016s ]
SQL: SELECT * FROM `news_comment` WHERE `pid` = 108 AND `lesson_id` = 36 ORDER BY time desc  [ RunTime:0.0013s ]
SQL: SELECT * FROM `news_comment` WHERE `pid` = 109 AND `lesson_id` = 36 ORDER BY time desc  [ RunTime:0.0014s ]
SQL: SELECT * FROM `news_comment` WHERE `pid` = 110 AND `lesson_id` = 36 ORDER BY time desc  [ RunTime:0.0015s ]
SQL: SELECT * FROM `news_comment` WHERE `pid` = 99 AND `lesson_id` = 36 ORDER BY time desc  [ RunTime:0.0017s ]
SQL: SELECT * FROM `news_comment` WHERE `pid` = 100 AND `lesson_id` = 36 ORDER BY time desc  [ RunTime:0.0015s ]
SQL: SELECT * FROM `news_comment` WHERE `pid` = 101 AND `lesson_id` = 36 ORDER BY time desc  [ RunTime:0.0013s ]
SQL: SELECT * FROM `news_comment` WHERE `pid` = 102 AND `lesson_id` = 36 ORDER BY time desc  [ RunTime:0.0014s ]
SQL: SELECT * FROM `news_comment` WHERE `pid` = 103 AND `lesson_id` = 36 ORDER BY time desc  [ RunTime:0.0016s ]
SQL: SELECT * FROM `news_comment` WHERE `pid` = 104 AND `lesson_id` = 36 ORDER BY time desc  [ RunTime:0.0020s ]
SQL: SELECT * FROM `news_comment` WHERE `pid` = 113 AND `lesson_id` = 36 ORDER BY time desc  [ RunTime:0.0015s ]
SQL: SELECT * FROM `news_comment` WHERE `pid` = 95 AND `lesson_id` = 36 ORDER BY time desc  [ RunTime:0.0016s ]
SQL: SELECT * FROM `news_comment` WHERE `pid` = 96 AND `lesson_id` = 36 ORDER BY time desc  [ RunTime:0.0015s ]
SQL: SELECT * FROM `news_comment` WHERE `pid` = 97 AND `lesson_id` = 36 ORDER BY time desc  [ RunTime:0.0017s ]
SQL: SELECT * FROM `news_comment` WHERE `pid` = 98 AND `lesson_id` = 36 ORDER BY time desc  [ RunTime:0.0017s ]
SQL: SELECT * FROM `news_comment` WHERE `pid` = 94 AND `lesson_id` = 36 ORDER BY time desc  [ RunTime:0.0018s ]
SQL: SELECT * FROM `news_comment` WHERE `pid` = 93 AND `lesson_id` = 36 ORDER BY time desc  [ RunTime:0.0014s ]
SQL: SELECT * FROM `news_comment` WHERE `pid` = 57 AND `lesson_id` = 36 ORDER BY time desc  [ RunTime:0.0015s ]
SQL: SELECT * FROM `news_comment` WHERE `pid` = 67 AND `lesson_id` = 36 ORDER BY time desc  [ RunTime:0.0017s ]
SQL: SELECT * FROM `news_comment` WHERE `pid` = 64 AND `lesson_id` = 36 ORDER BY time desc  [ RunTime:0.0019s ]
SQL: SELECT * FROM `news_comment` WHERE `pid` = 61 AND `lesson_id` = 36 ORDER BY time desc  [ RunTime:0.0017s ]
SQL: SELECT * FROM `news_comment` WHERE `pid` = 68 AND `lesson_id` = 36 ORDER BY time desc  [ RunTime:0.0016s ]
SQL: SELECT * FROM `news_comment` WHERE `pid` = 56 AND `lesson_id` = 36 ORDER BY time desc  [ RunTime:0.0017s ]
SQL: SELECT * FROM `news_comment` WHERE `pid` = 63 AND `lesson_id` = 36 ORDER BY time desc  [ RunTime:0.0015s ]
SQL: SELECT * FROM `news_comment` WHERE `pid` = 52 AND `lesson_id` = 36 ORDER BY time desc  [ RunTime:0.0022s ]
SQL: SELECT * FROM `news_comment` WHERE `pid` = 62 AND `lesson_id` = 36 ORDER BY time desc  [ RunTime:0.0023s ]
SQL: SELECT * FROM `news_comment` WHERE `pid` = 54 AND `lesson_id` = 36 ORDER BY time desc  [ RunTime:0.0017s ]
SQL: SELECT * FROM `news_comment` WHERE `pid` = 53 AND `lesson_id` = 36 ORDER BY time desc  [ RunTime:0.0018s ]
SQL: SELECT * FROM `news_comment` WHERE `pid` = 55 AND `lesson_id` = 36 ORDER BY time desc  [ RunTime:0.0018s ]
SQL: SELECT * FROM `news_comment` WHERE `pid` = 65 AND `lesson_id` = 36 ORDER BY time desc  [ RunTime:0.0017s ]
INFO: [ view_parse ] --START--
INFO: [ template_filter ] --START--
INFO: Run Behavior\ContentReplaceBehavior [ RunTime:0.000294s ]
INFO: [ template_filter ] --END-- [ RunTime:0.000478s ]
SQL: SELECT COUNT(*) AS tp_count FROM `news_comment` WHERE `lesson_id` = 36 LIMIT 1   [ RunTime:0.0017s ]
SQL: SELECT COUNT(*) AS tp_count FROM `news_comment` WHERE `lesson_id` = 36 AND `pid` = 195 LIMIT 1   [ RunTime:0.0018s ]
SQL: SELECT COUNT(*) AS tp_count FROM `news_comment` WHERE `lesson_id` = 36 AND `pid` = 194 LIMIT 1   [ RunTime:0.0014s ]
SQL: SELECT COUNT(*) AS tp_count FROM `news_comment` WHERE `lesson_id` = 36 AND `pid` = 193 LIMIT 1   [ RunTime:0.0014s ]
SQL: SELECT COUNT(*) AS tp_count FROM `news_comment` WHERE `lesson_id` = 36 AND `pid` = 192 LIMIT 1   [ RunTime:0.0015s ]
SQL: SELECT COUNT(*) AS tp_count FROM `news_comment` WHERE `lesson_id` = 36 AND `pid` = 168 LIMIT 1   [ RunTime:0.0014s ]
SQL: SELECT COUNT(*) AS tp_count FROM `news_comment` WHERE `lesson_id` = 36 AND `pid` = 165 LIMIT 1   [ RunTime:0.0014s ]
SQL: SELECT COUNT(*) AS tp_count FROM `news_comment` WHERE `lesson_id` = 36 AND `pid` = 123 LIMIT 1   [ RunTime:0.0014s ]
SQL: SELECT COUNT(*) AS tp_count FROM `news_comment` WHERE `lesson_id` = 36 AND `pid` = 122 LIMIT 1   [ RunTime:0.0013s ]
SQL: SELECT COUNT(*) AS tp_count FROM `news_comment` WHERE `lesson_id` = 36 AND `pid` = 121 LIMIT 1   [ RunTime:0.0014s ]
SQL: SELECT COUNT(*) AS tp_count FROM `news_comment` WHERE `lesson_id` = 36 AND `pid` = 117 LIMIT 1   [ RunTime:0.0014s ]
SQL: SELECT COUNT(*) AS tp_count FROM `news_comment` WHERE `lesson_id` = 36 AND `pid` = 118 LIMIT 1   [ RunTime:0.0015s ]
SQL: SELECT COUNT(*) AS tp_count FROM `news_comment` WHERE `lesson_id` = 36 AND `pid` = 119 LIMIT 1   [ RunTime:0.0016s ]
SQL: SELECT COUNT(*) AS tp_count FROM `news_comment` WHERE `lesson_id` = 36 AND `pid` = 115 LIMIT 1   [ RunTime:0.0012s ]
SQL: SELECT COUNT(*) AS tp_count FROM `news_comment` WHERE `lesson_id` = 36 AND `pid` = 116 LIMIT 1   [ RunTime:0.0013s ]
SQL: SELECT COUNT(*) AS tp_count FROM `news_comment` WHERE `lesson_id` = 36 AND `pid` = 114 LIMIT 1   [ RunTime:0.0017s ]
SQL: SELECT COUNT(*) AS tp_count FROM `news_comment` WHERE `lesson_id` = 36 AND `pid` = 112 LIMIT 1   [ RunTime:0.0013s ]
SQL: SELECT COUNT(*) AS tp_count FROM `news_comment` WHERE `lesson_id` = 36 AND `pid` = 111 LIMIT 1   [ RunTime:0.0013s ]
SQL: SELECT COUNT(*) AS tp_count FROM `news_comment` WHERE `lesson_id` = 36 AND `pid` = 105 LIMIT 1   [ RunTime:0.0012s ]
SQL: SELECT COUNT(*) AS tp_count FROM `news_comment` WHERE `lesson_id` = 36 AND `pid` = 106 LIMIT 1   [ RunTime:0.0013s ]
SQL: SELECT COUNT(*) AS tp_count FROM `news_comment` WHERE `lesson_id` = 36 AND `pid` = 107 LIMIT 1   [ RunTime:0.0012s ]
SQL: SELECT COUNT(*) AS tp_count FROM `news_comment` WHERE `lesson_id` = 36 AND `pid` = 108 LIMIT 1   [ RunTime:0.0013s ]
SQL: SELECT COUNT(*) AS tp_count FROM `news_comment` WHERE `lesson_id` = 36 AND `pid` = 109 LIMIT 1   [ RunTime:0.0013s ]
SQL: SELECT COUNT(*) AS tp_count FROM `news_comment` WHERE `lesson_id` = 36 AND `pid` = 110 LIMIT 1   [ RunTime:0.0013s ]
SQL: SELECT COUNT(*) AS tp_count FROM `news_comment` WHERE `lesson_id` = 36 AND `pid` = 99 LIMIT 1   [ RunTime:0.0014s ]
SQL: SELECT COUNT(*) AS tp_count FROM `news_comment` WHERE `lesson_id` = 36 AND `pid` = 100 LIMIT 1   [ RunTime:0.0015s ]
SQL: SELECT COUNT(*) AS tp_count FROM `news_comment` WHERE `lesson_id` = 36 AND `pid` = 101 LIMIT 1   [ RunTime:0.0014s ]
SQL: SELECT COUNT(*) AS tp_count FROM `news_comment` WHERE `lesson_id` = 36 AND `pid` = 102 LIMIT 1   [ RunTime:0.0015s ]
SQL: SELECT COUNT(*) AS tp_count FROM `news_comment` WHERE `lesson_id` = 36 AND `pid` = 103 LIMIT 1   [ RunTime:0.0016s ]
SQL: SELECT COUNT(*) AS tp_count FROM `news_comment` WHERE `lesson_id` = 36 AND `pid` = 104 LIMIT 1   [ RunTime:0.0015s ]
SQL: SELECT COUNT(*) AS tp_count FROM `news_comment` WHERE `lesson_id` = 36 AND `pid` = 95 LIMIT 1   [ RunTime:0.0014s ]
SQL: SELECT COUNT(*) AS tp_count FROM `news_comment` WHERE `lesson_id` = 36 AND `pid` = 96 LIMIT 1   [ RunTime:0.0014s ]
SQL: SELECT COUNT(*) AS tp_count FROM `news_comment` WHERE `lesson_id` = 36 AND `pid` = 97 LIMIT 1   [ RunTime:0.0014s ]
SQL: SELECT COUNT(*) AS tp_count FROM `news_comment` WHERE `lesson_id` = 36 AND `pid` = 98 LIMIT 1   [ RunTime:0.0016s ]
SQL: SELECT COUNT(*) AS tp_count FROM `news_comment` WHERE `lesson_id` = 36 AND `pid` = 94 LIMIT 1   [ RunTime:0.0014s ]
SQL: SELECT COUNT(*) AS tp_count FROM `news_comment` WHERE `lesson_id` = 36 AND `pid` = 93 LIMIT 1   [ RunTime:0.0013s ]
SQL: SELECT COUNT(*) AS tp_count FROM `news_comment` WHERE `lesson_id` = 36 AND `pid` = 57 LIMIT 1   [ RunTime:0.0014s ]
SQL: SELECT COUNT(*) AS tp_count FROM `news_comment` WHERE `lesson_id` = 36 AND `pid` = 56 LIMIT 1   [ RunTime:0.0015s ]
SQL: SELECT COUNT(*) AS tp_count FROM `news_comment` WHERE `lesson_id` = 36 AND `pid` = 52 LIMIT 1   [ RunTime:0.0015s ]
INFO: Run Behavior\ParseTemplateBehavior [ RunTime:0.371621s ]
INFO: [ view_parse ] --END-- [ RunTime:0.371752s ]
INFO: [ view_filter ] --START--
INFO: Run Behavior\WriteHtmlCacheBehavior [ RunTime:0.001115s ]
INFO: [ view_filter ] --END-- [ RunTime:0.001261s ]
INFO: [ app_end ] --START--
INFO: Run Behavior\ShowPageTraceBehavior [ RunTime:0.002267s ]
INFO: [ app_end ] --END-- [ RunTime:0.002610s ]

[ 2016-10-13T09:55:25+08:00 ] ::1 /fuckabc/index.php/home/lesson/view/id/36
INFO: [ app_init ] --START--
INFO: Run Behavior\BuildLiteBehavior [ RunTime:0.000064s ]
INFO: [ app_init ] --END-- [ RunTime:0.001868s ]
INFO: [ app_begin ] --START--
INFO: Run Behavior\ReadHtmlCacheBehavior [ RunTime:0.001900s ]
INFO: [ app_begin ] --END-- [ RunTime:0.002114s ]
SQL: SHOW COLUMNS FROM `news_lesson` [ RunTime:0.0522s ]
SQL: UPDATE `news_lesson` SET `view`=view+1 WHERE ( id=36 ) [ RunTime:0.0054s ]
SQL: SELECT * FROM `news_lesson` WHERE `id` = '36' LIMIT 1   [ RunTime:0.0012s ]
SQL: SHOW COLUMNS FROM `news_comment` [ RunTime:0.0323s ]
SQL: SELECT * FROM `news_comment` WHERE `pid` = 0 AND `lesson_id` = 36 ORDER BY time desc  [ RunTime:0.0026s ]
SQL: SELECT * FROM `news_comment` WHERE `pid` = 195 AND `lesson_id` = 36 ORDER BY time desc  [ RunTime:0.0017s ]
SQL: SELECT * FROM `news_comment` WHERE `pid` = 194 AND `lesson_id` = 36 ORDER BY time desc  [ RunTime:0.0018s ]
SQL: SELECT * FROM `news_comment` WHERE `pid` = 193 AND `lesson_id` = 36 ORDER BY time desc  [ RunTime:0.0018s ]
SQL: SELECT * FROM `news_comment` WHERE `pid` = 192 AND `lesson_id` = 36 ORDER BY time desc  [ RunTime:0.0018s ]
SQL: SELECT * FROM `news_comment` WHERE `pid` = 168 AND `lesson_id` = 36 ORDER BY time desc  [ RunTime:0.0014s ]
SQL: SELECT * FROM `news_comment` WHERE `pid` = 165 AND `lesson_id` = 36 ORDER BY time desc  [ RunTime:0.0016s ]
SQL: SELECT * FROM `news_comment` WHERE `pid` = 123 AND `lesson_id` = 36 ORDER BY time desc  [ RunTime:0.0017s ]
SQL: SELECT * FROM `news_comment` WHERE `pid` = 169 AND `lesson_id` = 36 ORDER BY time desc  [ RunTime:0.0016s ]
SQL: SELECT * FROM `news_comment` WHERE `pid` = 166 AND `lesson_id` = 36 ORDER BY time desc  [ RunTime:0.0016s ]
SQL: SELECT * FROM `news_comment` WHERE `pid` = 167 AND `lesson_id` = 36 ORDER BY time desc  [ RunTime:0.0014s ]
SQL: SELECT * FROM `news_comment` WHERE `pid` = 122 AND `lesson_id` = 36 ORDER BY time desc  [ RunTime:0.0015s ]
SQL: SELECT * FROM `news_comment` WHERE `pid` = 121 AND `lesson_id` = 36 ORDER BY time desc  [ RunTime:0.0015s ]
SQL: SELECT * FROM `news_comment` WHERE `pid` = 117 AND `lesson_id` = 36 ORDER BY time desc  [ RunTime:0.0015s ]
SQL: SELECT * FROM `news_comment` WHERE `pid` = 118 AND `lesson_id` = 36 ORDER BY time desc  [ RunTime:0.0016s ]
SQL: SELECT * FROM `news_comment` WHERE `pid` = 119 AND `lesson_id` = 36 ORDER BY time desc  [ RunTime:0.0017s ]
SQL: SELECT * FROM `news_comment` WHERE `pid` = 115 AND `lesson_id` = 36 ORDER BY time desc  [ RunTime:0.0020s ]
SQL: SELECT * FROM `news_comment` WHERE `pid` = 116 AND `lesson_id` = 36 ORDER BY time desc  [ RunTime:0.0020s ]
SQL: SELECT * FROM `news_comment` WHERE `pid` = 114 AND `lesson_id` = 36 ORDER BY time desc  [ RunTime:0.0017s ]
SQL: SELECT * FROM `news_comment` WHERE `pid` = 112 AND `lesson_id` = 36 ORDER BY time desc  [ RunTime:0.0017s ]
SQL: SELECT * FROM `news_comment` WHERE `pid` = 120 AND `lesson_id` = 36 ORDER BY time desc  [ RunTime:0.0015s ]
SQL: SELECT * FROM `news_comment` WHERE `pid` = 111 AND `lesson_id` = 36 ORDER BY time desc  [ RunTime:0.0020s ]
SQL: SELECT * FROM `news_comment` WHERE `pid` = 105 AND `lesson_id` = 36 ORDER BY time desc  [ RunTime:0.0033s ]
SQL: SELECT * FROM `news_comment` WHERE `pid` = 106 AND `lesson_id` = 36 ORDER BY time desc  [ RunTime:0.0020s ]
SQL: SELECT * FROM `news_comment` WHERE `pid` = 107 AND `lesson_id` = 36 ORDER BY time desc  [ RunTime:0.0022s ]
SQL: SELECT * FROM `news_comment` WHERE `pid` = 108 AND `lesson_id` = 36 ORDER BY time desc  [ RunTime:0.0019s ]
SQL: SELECT * FROM `news_comment` WHERE `pid` = 109 AND `lesson_id` = 36 ORDER BY time desc  [ RunTime:0.0021s ]
SQL: SELECT * FROM `news_comment` WHERE `pid` = 110 AND `lesson_id` = 36 ORDER BY time desc  [ RunTime:0.0025s ]
SQL: SELECT * FROM `news_comment` WHERE `pid` = 99 AND `lesson_id` = 36 ORDER BY time desc  [ RunTime:0.0020s ]
SQL: SELECT * FROM `news_comment` WHERE `pid` = 100 AND `lesson_id` = 36 ORDER BY time desc  [ RunTime:0.0020s ]
SQL: SELECT * FROM `news_comment` WHERE `pid` = 101 AND `lesson_id` = 36 ORDER BY time desc  [ RunTime:0.0020s ]
SQL: SELECT * FROM `news_comment` WHERE `pid` = 102 AND `lesson_id` = 36 ORDER BY time desc  [ RunTime:0.0022s ]
SQL: SELECT * FROM `news_comment` WHERE `pid` = 103 AND `lesson_id` = 36 ORDER BY time desc  [ RunTime:0.0022s ]
SQL: SELECT * FROM `news_comment` WHERE `pid` = 104 AND `lesson_id` = 36 ORDER BY time desc  [ RunTime:0.0030s ]
SQL: SELECT * FROM `news_comment` WHERE `pid` = 113 AND `lesson_id` = 36 ORDER BY time desc  [ RunTime:0.0019s ]
SQL: SELECT * FROM `news_comment` WHERE `pid` = 95 AND `lesson_id` = 36 ORDER BY time desc  [ RunTime:0.0020s ]
SQL: SELECT * FROM `news_comment` WHERE `pid` = 96 AND `lesson_id` = 36 ORDER BY time desc  [ RunTime:0.0014s ]
SQL: SELECT * FROM `news_comment` WHERE `pid` = 97 AND `lesson_id` = 36 ORDER BY time desc  [ RunTime:0.0018s ]
SQL: SELECT * FROM `news_comment` WHERE `pid` = 98 AND `lesson_id` = 36 ORDER BY time desc  [ RunTime:0.0020s ]
SQL: SELECT * FROM `news_comment` WHERE `pid` = 94 AND `lesson_id` = 36 ORDER BY time desc  [ RunTime:0.0020s ]
SQL: SELECT * FROM `news_comment` WHERE `pid` = 93 AND `lesson_id` = 36 ORDER BY time desc  [ RunTime:0.0020s ]
SQL: SELECT * FROM `news_comment` WHERE `pid` = 57 AND `lesson_id` = 36 ORDER BY time desc  [ RunTime:0.0025s ]
SQL: SELECT * FROM `news_comment` WHERE `pid` = 67 AND `lesson_id` = 36 ORDER BY time desc  [ RunTime:0.0023s ]
SQL: SELECT * FROM `news_comment` WHERE `pid` = 64 AND `lesson_id` = 36 ORDER BY time desc  [ RunTime:0.0022s ]
SQL: SELECT * FROM `news_comment` WHERE `pid` = 61 AND `lesson_id` = 36 ORDER BY time desc  [ RunTime:0.0017s ]
SQL: SELECT * FROM `news_comment` WHERE `pid` = 68 AND `lesson_id` = 36 ORDER BY time desc  [ RunTime:0.0016s ]
SQL: SELECT * FROM `news_comment` WHERE `pid` = 56 AND `lesson_id` = 36 ORDER BY time desc  [ RunTime:0.0023s ]
SQL: SELECT * FROM `news_comment` WHERE `pid` = 63 AND `lesson_id` = 36 ORDER BY time desc  [ RunTime:0.0020s ]
SQL: SELECT * FROM `news_comment` WHERE `pid` = 52 AND `lesson_id` = 36 ORDER BY time desc  [ RunTime:0.0020s ]
SQL: SELECT * FROM `news_comment` WHERE `pid` = 62 AND `lesson_id` = 36 ORDER BY time desc  [ RunTime:0.0019s ]
SQL: SELECT * FROM `news_comment` WHERE `pid` = 54 AND `lesson_id` = 36 ORDER BY time desc  [ RunTime:0.0015s ]
SQL: SELECT * FROM `news_comment` WHERE `pid` = 53 AND `lesson_id` = 36 ORDER BY time desc  [ RunTime:0.0017s ]
SQL: SELECT * FROM `news_comment` WHERE `pid` = 55 AND `lesson_id` = 36 ORDER BY time desc  [ RunTime:0.0015s ]
SQL: SELECT * FROM `news_comment` WHERE `pid` = 65 AND `lesson_id` = 36 ORDER BY time desc  [ RunTime:0.0020s ]
INFO: [ view_parse ] --START--
INFO: [ template_filter ] --START--
INFO: Run Behavior\ContentReplaceBehavior [ RunTime:0.000292s ]
INFO: [ template_filter ] --END-- [ RunTime:0.000458s ]
SQL: SELECT COUNT(*) AS tp_count FROM `news_comment` WHERE `lesson_id` = 36 LIMIT 1   [ RunTime:0.0016s ]
SQL: SELECT COUNT(*) AS tp_count FROM `news_comment` WHERE `lesson_id` = 36 AND `pid` = 195 LIMIT 1   [ RunTime:0.0021s ]
SQL: SELECT COUNT(*) AS tp_count FROM `news_comment` WHERE `lesson_id` = 36 AND `pid` = 194 LIMIT 1   [ RunTime:0.0015s ]
SQL: SELECT COUNT(*) AS tp_count FROM `news_comment` WHERE `lesson_id` = 36 AND `pid` = 193 LIMIT 1   [ RunTime:0.0013s ]
SQL: SELECT COUNT(*) AS tp_count FROM `news_comment` WHERE `lesson_id` = 36 AND `pid` = 192 LIMIT 1   [ RunTime:0.0015s ]
SQL: SELECT COUNT(*) AS tp_count FROM `news_comment` WHERE `lesson_id` = 36 AND `pid` = 168 LIMIT 1   [ RunTime:0.0014s ]
SQL: SELECT COUNT(*) AS tp_count FROM `news_comment` WHERE `lesson_id` = 36 AND `pid` = 165 LIMIT 1   [ RunTime:0.0012s ]
SQL: SELECT COUNT(*) AS tp_count FROM `news_comment` WHERE `lesson_id` = 36 AND `pid` = 123 LIMIT 1   [ RunTime:0.0013s ]
SQL: SELECT COUNT(*) AS tp_count FROM `news_comment` WHERE `lesson_id` = 36 AND `pid` = 122 LIMIT 1   [ RunTime:0.0014s ]
SQL: SELECT COUNT(*) AS tp_count FROM `news_comment` WHERE `lesson_id` = 36 AND `pid` = 121 LIMIT 1   [ RunTime:0.0014s ]
SQL: SELECT COUNT(*) AS tp_count FROM `news_comment` WHERE `lesson_id` = 36 AND `pid` = 117 LIMIT 1   [ RunTime:0.0014s ]
SQL: SELECT COUNT(*) AS tp_count FROM `news_comment` WHERE `lesson_id` = 36 AND `pid` = 118 LIMIT 1   [ RunTime:0.0014s ]
SQL: SELECT COUNT(*) AS tp_count FROM `news_comment` WHERE `lesson_id` = 36 AND `pid` = 119 LIMIT 1   [ RunTime:0.0014s ]
SQL: SELECT COUNT(*) AS tp_count FROM `news_comment` WHERE `lesson_id` = 36 AND `pid` = 115 LIMIT 1   [ RunTime:0.0014s ]
SQL: SELECT COUNT(*) AS tp_count FROM `news_comment` WHERE `lesson_id` = 36 AND `pid` = 116 LIMIT 1   [ RunTime:0.0013s ]
SQL: SELECT COUNT(*) AS tp_count FROM `news_comment` WHERE `lesson_id` = 36 AND `pid` = 114 LIMIT 1   [ RunTime:0.0013s ]
SQL: SELECT COUNT(*) AS tp_count FROM `news_comment` WHERE `lesson_id` = 36 AND `pid` = 112 LIMIT 1   [ RunTime:0.0013s ]
SQL: SELECT COUNT(*) AS tp_count FROM `news_comment` WHERE `lesson_id` = 36 AND `pid` = 111 LIMIT 1   [ RunTime:0.0013s ]
SQL: SELECT COUNT(*) AS tp_count FROM `news_comment` WHERE `lesson_id` = 36 AND `pid` = 105 LIMIT 1   [ RunTime:0.0012s ]
SQL: SELECT COUNT(*) AS tp_count FROM `news_comment` WHERE `lesson_id` = 36 AND `pid` = 106 LIMIT 1   [ RunTime:0.0012s ]
SQL: SELECT COUNT(*) AS tp_count FROM `news_comment` WHERE `lesson_id` = 36 AND `pid` = 107 LIMIT 1   [ RunTime:0.0018s ]
SQL: SELECT COUNT(*) AS tp_count FROM `news_comment` WHERE `lesson_id` = 36 AND `pid` = 108 LIMIT 1   [ RunTime:0.0018s ]
SQL: SELECT COUNT(*) AS tp_count FROM `news_comment` WHERE `lesson_id` = 36 AND `pid` = 109 LIMIT 1   [ RunTime:0.0014s ]
SQL: SELECT COUNT(*) AS tp_count FROM `news_comment` WHERE `lesson_id` = 36 AND `pid` = 110 LIMIT 1   [ RunTime:0.0013s ]
SQL: SELECT COUNT(*) AS tp_count FROM `news_comment` WHERE `lesson_id` = 36 AND `pid` = 99 LIMIT 1   [ RunTime:0.0012s ]
SQL: SELECT COUNT(*) AS tp_count FROM `news_comment` WHERE `lesson_id` = 36 AND `pid` = 100 LIMIT 1   [ RunTime:0.0010s ]
SQL: SELECT COUNT(*) AS tp_count FROM `news_comment` WHERE `lesson_id` = 36 AND `pid` = 101 LIMIT 1   [ RunTime:0.0014s ]
SQL: SELECT COUNT(*) AS tp_count FROM `news_comment` WHERE `lesson_id` = 36 AND `pid` = 102 LIMIT 1   [ RunTime:0.0019s ]
SQL: SELECT COUNT(*) AS tp_count FROM `news_comment` WHERE `lesson_id` = 36 AND `pid` = 103 LIMIT 1   [ RunTime:0.0019s ]
SQL: SELECT COUNT(*) AS tp_count FROM `news_comment` WHERE `lesson_id` = 36 AND `pid` = 104 LIMIT 1   [ RunTime:0.0023s ]
SQL: SELECT COUNT(*) AS tp_count FROM `news_comment` WHERE `lesson_id` = 36 AND `pid` = 95 LIMIT 1   [ RunTime:0.0018s ]
SQL: SELECT COUNT(*) AS tp_count FROM `news_comment` WHERE `lesson_id` = 36 AND `pid` = 96 LIMIT 1   [ RunTime:0.0019s ]
SQL: SELECT COUNT(*) AS tp_count FROM `news_comment` WHERE `lesson_id` = 36 AND `pid` = 97 LIMIT 1   [ RunTime:0.0013s ]
SQL: SELECT COUNT(*) AS tp_count FROM `news_comment` WHERE `lesson_id` = 36 AND `pid` = 98 LIMIT 1   [ RunTime:0.0013s ]
SQL: SELECT COUNT(*) AS tp_count FROM `news_comment` WHERE `lesson_id` = 36 AND `pid` = 94 LIMIT 1   [ RunTime:0.0018s ]
SQL: SELECT COUNT(*) AS tp_count FROM `news_comment` WHERE `lesson_id` = 36 AND `pid` = 93 LIMIT 1   [ RunTime:0.0024s ]
SQL: SELECT COUNT(*) AS tp_count FROM `news_comment` WHERE `lesson_id` = 36 AND `pid` = 57 LIMIT 1   [ RunTime:0.0018s ]
SQL: SELECT COUNT(*) AS tp_count FROM `news_comment` WHERE `lesson_id` = 36 AND `pid` = 56 LIMIT 1   [ RunTime:0.0013s ]
SQL: SELECT COUNT(*) AS tp_count FROM `news_comment` WHERE `lesson_id` = 36 AND `pid` = 52 LIMIT 1   [ RunTime:0.0012s ]
INFO: Run Behavior\ParseTemplateBehavior [ RunTime:0.354090s ]
INFO: [ view_parse ] --END-- [ RunTime:0.354242s ]
INFO: [ view_filter ] --START--
INFO: Run Behavior\WriteHtmlCacheBehavior [ RunTime:0.001081s ]
INFO: [ view_filter ] --END-- [ RunTime:0.001199s ]
INFO: [ app_end ] --START--
INFO: Run Behavior\ShowPageTraceBehavior [ RunTime:0.002000s ]
INFO: [ app_end ] --END-- [ RunTime:0.002219s ]

[ 2016-10-13T09:55:29+08:00 ] ::1 /fuckabc/index.php/home/lesson/view/id/35
INFO: [ app_init ] --START--
INFO: Run Behavior\BuildLiteBehavior [ RunTime:0.000035s ]
INFO: [ app_init ] --END-- [ RunTime:0.001100s ]
INFO: [ app_begin ] --START--
INFO: Run Behavior\ReadHtmlCacheBehavior [ RunTime:0.002021s ]
INFO: [ app_begin ] --END-- [ RunTime:0.002214s ]
SQL: SHOW COLUMNS FROM `news_lesson` [ RunTime:0.0439s ]
SQL: UPDATE `news_lesson` SET `view`=view+1 WHERE ( id=35 ) [ RunTime:0.0145s ]
SQL: SELECT * FROM `news_lesson` WHERE `id` = '35' LIMIT 1   [ RunTime:0.0011s ]
SQL: SHOW COLUMNS FROM `news_comment` [ RunTime:0.0315s ]
SQL: SELECT * FROM `news_comment` WHERE `pid` = 0 AND `lesson_id` = 35 ORDER BY time desc  [ RunTime:0.0018s ]
SQL: SELECT * FROM `news_comment` WHERE `pid` = 44 AND `lesson_id` = 35 ORDER BY time desc  [ RunTime:0.0016s ]
SQL: SELECT * FROM `news_comment` WHERE `pid` = 47 AND `lesson_id` = 35 ORDER BY time desc  [ RunTime:0.0016s ]
SQL: SELECT * FROM `news_comment` WHERE `pid` = 46 AND `lesson_id` = 35 ORDER BY time desc  [ RunTime:0.0016s ]
SQL: SELECT * FROM `news_comment` WHERE `pid` = 39 AND `lesson_id` = 35 ORDER BY time desc  [ RunTime:0.0016s ]
SQL: SELECT * FROM `news_comment` WHERE `pid` = 42 AND `lesson_id` = 35 ORDER BY time desc  [ RunTime:0.0017s ]
SQL: SELECT * FROM `news_comment` WHERE `pid` = 38 AND `lesson_id` = 35 ORDER BY time desc  [ RunTime:0.0020s ]
SQL: SELECT * FROM `news_comment` WHERE `pid` = 41 AND `lesson_id` = 35 ORDER BY time desc  [ RunTime:0.0015s ]
SQL: SELECT * FROM `news_comment` WHERE `pid` = 40 AND `lesson_id` = 35 ORDER BY time desc  [ RunTime:0.0014s ]
SQL: SELECT * FROM `news_comment` WHERE `pid` = 45 AND `lesson_id` = 35 ORDER BY time desc  [ RunTime:0.0011s ]
SQL: SELECT * FROM `news_comment` WHERE `pid` = 43 AND `lesson_id` = 35 ORDER BY time desc  [ RunTime:0.0012s ]
SQL: SELECT * FROM `news_comment` WHERE `pid` = 48 AND `lesson_id` = 35 ORDER BY time desc  [ RunTime:0.0016s ]
SQL: SELECT * FROM `news_comment` WHERE `pid` = 51 AND `lesson_id` = 35 ORDER BY time desc  [ RunTime:0.0015s ]
INFO: [ view_parse ] --START--
INFO: [ template_filter ] --START--
INFO: Run Behavior\ContentReplaceBehavior [ RunTime:0.000308s ]
INFO: [ template_filter ] --END-- [ RunTime:0.000494s ]
SQL: SELECT COUNT(*) AS tp_count FROM `news_comment` WHERE `lesson_id` = 35 LIMIT 1   [ RunTime:0.0018s ]
SQL: SELECT COUNT(*) AS tp_count FROM `news_comment` WHERE `lesson_id` = 35 AND `pid` = 44 LIMIT 1   [ RunTime:0.0018s ]
SQL: SELECT COUNT(*) AS tp_count FROM `news_comment` WHERE `lesson_id` = 35 AND `pid` = 39 LIMIT 1   [ RunTime:0.0018s ]
SQL: SELECT COUNT(*) AS tp_count FROM `news_comment` WHERE `lesson_id` = 35 AND `pid` = 38 LIMIT 1   [ RunTime:0.0014s ]
INFO: Run Behavior\ParseTemplateBehavior [ RunTime:0.282494s ]
INFO: [ view_parse ] --END-- [ RunTime:0.282613s ]
INFO: [ view_filter ] --START--
INFO: Run Behavior\WriteHtmlCacheBehavior [ RunTime:0.001520s ]
INFO: [ view_filter ] --END-- [ RunTime:0.001723s ]
INFO: [ app_end ] --START--
INFO: Run Behavior\ShowPageTraceBehavior [ RunTime:0.001943s ]
INFO: [ app_end ] --END-- [ RunTime:0.002135s ]

[ 2016-10-13T09:55:34+08:00 ] ::1 /fuckabc/
INFO: [ app_init ] --START--
INFO: Run Behavior\BuildLiteBehavior [ RunTime:0.000046s ]
INFO: [ app_init ] --END-- [ RunTime:0.001332s ]
INFO: [ app_begin ] --START--
INFO: Run Behavior\ReadHtmlCacheBehavior [ RunTime:0.002263s ]
INFO: [ app_begin ] --END-- [ RunTime:0.002557s ]
SQL: SHOW COLUMNS FROM `news_lesson` [ RunTime:0.0396s ]
SQL: SELECT * FROM `news_lesson` ORDER BY addtime desc LIMIT 4   [ RunTime:0.0016s ]
SQL: SELECT * FROM `news_lesson` ORDER BY view desc LIMIT 4   [ RunTime:0.0015s ]
SQL: SHOW COLUMNS FROM `news_rank` [ RunTime:0.0313s ]
SQL: SELECT * FROM `news_rank` ORDER BY rank LIMIT 8   [ RunTime:0.0011s ]
SQL: SELECT * FROM `news_lesson` WHERE `forteam` = '广州恒大' ORDER BY view desc LIMIT 5   [ RunTime:0.0014s ]
SQL: SELECT * FROM `news_lesson` WHERE `forteam` = '山东鲁能' ORDER BY view desc LIMIT 5   [ RunTime:0.0011s ]
SQL: SELECT * FROM `news_lesson` WHERE `forteam` = '北京国安' ORDER BY view desc LIMIT 5   [ RunTime:0.0012s ]
SQL: SHOW COLUMNS FROM `news_video` [ RunTime:0.0295s ]
SQL: SELECT * FROM `news_video` WHERE `type` = 'gzhd'  [ RunTime:0.0009s ]
INFO: [ view_parse ] --START--
INFO: [ template_filter ] --START--
INFO: Run Behavior\ContentReplaceBehavior [ RunTime:0.000347s ]
INFO: [ template_filter ] --END-- [ RunTime:0.000521s ]
NOTIC: [8] Undefined index: view D:\myweb\fuckabc\Application\Runtime\Cache\Home\74c9bdbded7009a43a281be8a565b911.php 第 317 行.
NOTIC: [8] Undefined index: view D:\myweb\fuckabc\Application\Runtime\Cache\Home\74c9bdbded7009a43a281be8a565b911.php 第 317 行.
NOTIC: [8] Undefined index: view D:\myweb\fuckabc\Application\Runtime\Cache\Home\74c9bdbded7009a43a281be8a565b911.php 第 317 行.
INFO: Run Behavior\ParseTemplateBehavior [ RunTime:0.229914s ]
INFO: [ view_parse ] --END-- [ RunTime:0.230054s ]
INFO: [ view_filter ] --START--
INFO: Run Behavior\WriteHtmlCacheBehavior [ RunTime:0.001151s ]
INFO: [ view_filter ] --END-- [ RunTime:0.001317s ]
INFO: [ app_end ] --START--
INFO: Run Behavior\ShowPageTraceBehavior [ RunTime:0.002068s ]
INFO: [ app_end ] --END-- [ RunTime:0.002328s ]

[ 2016-10-13T09:55:45+08:00 ] ::1 /fuckabc/index.php/home/lesson/view/id/43
INFO: [ app_init ] --START--
INFO: Run Behavior\BuildLiteBehavior [ RunTime:0.000042s ]
INFO: [ app_init ] --END-- [ RunTime:0.001114s ]
INFO: [ app_begin ] --START--
INFO: Run Behavior\ReadHtmlCacheBehavior [ RunTime:0.002041s ]
INFO: [ app_begin ] --END-- [ RunTime:0.002416s ]
SQL: SHOW COLUMNS FROM `news_lesson` [ RunTime:0.0443s ]
SQL: UPDATE `news_lesson` SET `view`=view+1 WHERE ( id=43 ) [ RunTime:0.0100s ]
SQL: SELECT * FROM `news_lesson` WHERE `id` = '43' LIMIT 1   [ RunTime:0.0013s ]
SQL: SHOW COLUMNS FROM `news_comment` [ RunTime:0.0326s ]
SQL: SELECT * FROM `news_comment` WHERE `pid` = 0 AND `lesson_id` = 43 ORDER BY time desc  [ RunTime:0.0019s ]
SQL: SELECT * FROM `news_comment` WHERE `pid` = 242 AND `lesson_id` = 43 ORDER BY time desc  [ RunTime:0.0020s ]
SQL: SELECT * FROM `news_comment` WHERE `pid` = 244 AND `lesson_id` = 43 ORDER BY time desc  [ RunTime:0.0018s ]
SQL: SELECT * FROM `news_comment` WHERE `pid` = 243 AND `lesson_id` = 43 ORDER BY time desc  [ RunTime:0.0016s ]
SQL: SELECT * FROM `news_comment` WHERE `pid` = 241 AND `lesson_id` = 43 ORDER BY time desc  [ RunTime:0.0016s ]
SQL: SELECT * FROM `news_comment` WHERE `pid` = 240 AND `lesson_id` = 43 ORDER BY time desc  [ RunTime:0.0021s ]
INFO: [ view_parse ] --START--
INFO: [ template_filter ] --START--
INFO: Run Behavior\ContentReplaceBehavior [ RunTime:0.000336s ]
INFO: [ template_filter ] --END-- [ RunTime:0.000521s ]
SQL: SELECT COUNT(*) AS tp_count FROM `news_comment` WHERE `lesson_id` = 43 LIMIT 1   [ RunTime:0.0017s ]
SQL: SELECT COUNT(*) AS tp_count FROM `news_comment` WHERE `lesson_id` = 43 AND `pid` = 242 LIMIT 1   [ RunTime:0.0020s ]
SQL: SELECT COUNT(*) AS tp_count FROM `news_comment` WHERE `lesson_id` = 43 AND `pid` = 241 LIMIT 1   [ RunTime:0.0015s ]
SQL: SELECT COUNT(*) AS tp_count FROM `news_comment` WHERE `lesson_id` = 43 AND `pid` = 240 LIMIT 1   [ RunTime:0.0031s ]
INFO: Run Behavior\ParseTemplateBehavior [ RunTime:0.285575s ]
INFO: [ view_parse ] --END-- [ RunTime:0.285706s ]
INFO: [ view_filter ] --START--
INFO: Run Behavior\WriteHtmlCacheBehavior [ RunTime:0.001278s ]
INFO: [ view_filter ] --END-- [ RunTime:0.001413s ]
INFO: [ app_end ] --START--
INFO: Run Behavior\ShowPageTraceBehavior [ RunTime:0.002273s ]
INFO: [ app_end ] --END-- [ RunTime:0.002498s ]

[ 2016-10-13T09:56:00+08:00 ] ::1 /fuckabc/
INFO: [ app_init ] --START--
INFO: Run Behavior\BuildLiteBehavior [ RunTime:0.000055s ]
INFO: [ app_init ] --END-- [ RunTime:0.001990s ]
INFO: [ app_begin ] --START--
INFO: Run Behavior\ReadHtmlCacheBehavior [ RunTime:0.002389s ]
INFO: [ app_begin ] --END-- [ RunTime:0.002591s ]
SQL: SHOW COLUMNS FROM `news_lesson` [ RunTime:0.0483s ]
SQL: SELECT * FROM `news_lesson` ORDER BY addtime desc LIMIT 4   [ RunTime:0.0016s ]
SQL: SELECT * FROM `news_lesson` ORDER BY view desc LIMIT 4   [ RunTime:0.0014s ]
SQL: SHOW COLUMNS FROM `news_rank` [ RunTime:0.0340s ]
SQL: SELECT * FROM `news_rank` ORDER BY rank LIMIT 8   [ RunTime:0.0012s ]
SQL: SELECT * FROM `news_lesson` WHERE `forteam` = '广州恒大' ORDER BY view desc LIMIT 5   [ RunTime:0.0013s ]
SQL: SELECT * FROM `news_lesson` WHERE `forteam` = '山东鲁能' ORDER BY view desc LIMIT 5   [ RunTime:0.0014s ]
SQL: SELECT * FROM `news_lesson` WHERE `forteam` = '北京国安' ORDER BY view desc LIMIT 5   [ RunTime:0.0016s ]
SQL: SHOW COLUMNS FROM `news_video` [ RunTime:0.0316s ]
SQL: SELECT * FROM `news_video` WHERE `type` = 'gzhd'  [ RunTime:0.0010s ]
INFO: [ view_parse ] --START--
INFO: [ template_filter ] --START--
INFO: Run Behavior\ContentReplaceBehavior [ RunTime:0.000344s ]
INFO: [ template_filter ] --END-- [ RunTime:0.000511s ]
NOTIC: [8] Undefined index: view D:\myweb\fuckabc\Application\Runtime\Cache\Home\74c9bdbded7009a43a281be8a565b911.php 第 317 行.
NOTIC: [8] Undefined index: view D:\myweb\fuckabc\Application\Runtime\Cache\Home\74c9bdbded7009a43a281be8a565b911.php 第 317 行.
NOTIC: [8] Undefined index: view D:\myweb\fuckabc\Application\Runtime\Cache\Home\74c9bdbded7009a43a281be8a565b911.php 第 317 行.
INFO: Run Behavior\ParseTemplateBehavior [ RunTime:0.227926s ]
INFO: [ view_parse ] --END-- [ RunTime:0.228085s ]
INFO: [ view_filter ] --START--
INFO: Run Behavior\WriteHtmlCacheBehavior [ RunTime:0.000791s ]
INFO: [ view_filter ] --END-- [ RunTime:0.000899s ]
INFO: [ app_end ] --START--
INFO: Run Behavior\ShowPageTraceBehavior [ RunTime:0.002240s ]
INFO: [ app_end ] --END-- [ RunTime:0.002414s ]

[ 2016-10-13T09:56:19+08:00 ] ::1 /fuckabc/index.php/home/index/rankcsl
INFO: [ app_init ] --START--
INFO: Run Behavior\BuildLiteBehavior [ RunTime:0.000039s ]
INFO: [ app_init ] --END-- [ RunTime:0.001330s ]
INFO: [ app_begin ] --START--
INFO: Run Behavior\ReadHtmlCacheBehavior [ RunTime:0.002508s ]
INFO: [ app_begin ] --END-- [ RunTime:0.002724s ]
SQL: SHOW COLUMNS FROM `news_rank` [ RunTime:0.0409s ]
SQL: SELECT * FROM `news_rank` ORDER BY rank  [ RunTime:0.0020s ]
INFO: [ view_parse ] --START--
INFO: [ template_filter ] --START--
INFO: Run Behavior\ContentReplaceBehavior [ RunTime:0.000218s ]
INFO: [ template_filter ] --END-- [ RunTime:0.000366s ]
INFO: Run Behavior\ParseTemplateBehavior [ RunTime:0.197186s ]
INFO: [ view_parse ] --END-- [ RunTime:0.197372s ]
INFO: [ view_filter ] --START--
INFO: Run Behavior\WriteHtmlCacheBehavior [ RunTime:0.001202s ]
INFO: [ view_filter ] --END-- [ RunTime:0.001329s ]
INFO: [ app_end ] --START--
INFO: Run Behavior\ShowPageTraceBehavior [ RunTime:0.002244s ]
INFO: [ app_end ] --END-- [ RunTime:0.002509s ]

