[ 2016-10-26T10:49:15+08:00 ] ::1 /Zuqiuweb/index.php/home/lesson/dh
INFO: [ app_init ] --START--
INFO: Run Behavior\BuildLiteBehavior [ RunTime:0.000041s ]
INFO: [ app_init ] --END-- [ RunTime:0.043538s ]
INFO: [ app_begin ] --START--
INFO: Run Behavior\ReadHtmlCacheBehavior [ RunTime:0.049768s ]
INFO: [ app_begin ] --END-- [ RunTime:0.049960s ]
ERR: 非法操作:dh

[ 2016-10-26T10:49:20+08:00 ] ::1 /Zuqiuweb/index.php/home/lesson/dg
INFO: [ app_init ] --START--
INFO: Run Behavior\BuildLiteBehavior [ RunTime:0.000031s ]
INFO: [ app_init ] --END-- [ RunTime:0.001044s ]
INFO: [ app_begin ] --START--
INFO: Run Behavior\ReadHtmlCacheBehavior [ RunTime:0.002563s ]
INFO: [ app_begin ] --END-- [ RunTime:0.002737s ]
SQL: SHOW COLUMNS FROM `news_cate` [ RunTime:0.0358s ]
SQL: SELECT * FROM `news_cate` WHERE `pid` = 0  [ RunTime:0.0016s ]
SQL: SELECT * FROM `news_cate` WHERE `pid` = 1  [ RunTime:0.0005s ]
SQL: SELECT * FROM `news_cate` WHERE `pid` = 5  [ RunTime:0.0004s ]
SQL: SELECT * FROM `news_cate` WHERE `pid` = 6  [ RunTime:0.0005s ]
SQL: SELECT * FROM `news_cate` WHERE `pid` = 2  [ RunTime:0.0004s ]
INFO: [ view_parse ] --START--
INFO: [ template_filter ] --START--
INFO: Run Behavior\ContentReplaceBehavior [ RunTime:0.000347s ]
INFO: [ template_filter ] --END-- [ RunTime:0.000478s ]
INFO: Run Behavior\ParseTemplateBehavior [ RunTime:0.467991s ]
INFO: [ view_parse ] --END-- [ RunTime:0.468137s ]
INFO: [ view_filter ] --START--
INFO: Run Behavior\WriteHtmlCacheBehavior [ RunTime:0.031335s ]
INFO: [ view_filter ] --END-- [ RunTime:0.031473s ]
INFO: [ app_end ] --START--
INFO: Run Behavior\ShowPageTraceBehavior [ RunTime:0.029810s ]
INFO: [ app_end ] --END-- [ RunTime:0.029957s ]

[ 2016-10-26T10:49:53+08:00 ] ::1 /Zuqiuweb/index.php/home/lesson/dg
INFO: [ app_init ] --START--
INFO: Run Behavior\BuildLiteBehavior [ RunTime:0.000053s ]
INFO: [ app_init ] --END-- [ RunTime:0.017315s ]
INFO: [ app_begin ] --START--
INFO: Run Behavior\ReadHtmlCacheBehavior [ RunTime:0.003249s ]
INFO: [ app_begin ] --END-- [ RunTime:0.004885s ]
SQL: SHOW COLUMNS FROM `news_cate` [ RunTime:0.0372s ]
SQL: SELECT * FROM `news_cate` WHERE `pid` = 0  [ RunTime:0.0007s ]
SQL: SELECT * FROM `news_cate` WHERE `pid` = 1  [ RunTime:0.0006s ]
SQL: SELECT * FROM `news_cate` WHERE `pid` = 5  [ RunTime:0.0008s ]
SQL: SELECT * FROM `news_cate` WHERE `pid` = 6  [ RunTime:0.0004s ]
SQL: SELECT * FROM `news_cate` WHERE `pid` = 2  [ RunTime:0.0004s ]
INFO: [ view_parse ] --START--
INFO: [ template_filter ] --START--
INFO: Run Behavior\ContentReplaceBehavior [ RunTime:0.000172s ]
INFO: [ template_filter ] --END-- [ RunTime:0.000311s ]
INFO: Run Behavior\ParseTemplateBehavior [ RunTime:0.099102s ]
INFO: [ view_parse ] --END-- [ RunTime:0.099254s ]
INFO: [ view_filter ] --START--
INFO: Run Behavior\WriteHtmlCacheBehavior [ RunTime:0.001550s ]
INFO: [ view_filter ] --END-- [ RunTime:0.001634s ]
INFO: [ app_end ] --START--
INFO: Run Behavior\ShowPageTraceBehavior [ RunTime:0.002386s ]
INFO: [ app_end ] --END-- [ RunTime:0.002515s ]

[ 2016-10-26T10:56:49+08:00 ] ::1 /Zuqiuweb/index.php/home/lesson/dg
INFO: [ app_init ] --START--
INFO: Run Behavior\BuildLiteBehavior [ RunTime:0.000042s ]
INFO: [ app_init ] --END-- [ RunTime:0.033173s ]
INFO: [ app_begin ] --START--
INFO: Run Behavior\ReadHtmlCacheBehavior [ RunTime:0.053199s ]
INFO: [ app_begin ] --END-- [ RunTime:0.053381s ]
SQL: SHOW COLUMNS FROM `news_cate` [ RunTime:0.0413s ]
SQL: SELECT * FROM `news_cate` WHERE `pid` = 0  [ RunTime:0.0008s ]
SQL: SELECT * FROM `news_cate` WHERE `pid` = 1  [ RunTime:0.0008s ]
SQL: SELECT * FROM `news_cate` WHERE `pid` = 5  [ RunTime:0.0005s ]
SQL: SELECT * FROM `news_cate` WHERE `pid` = 6  [ RunTime:0.0004s ]
SQL: SELECT * FROM `news_cate` WHERE `pid` = 2  [ RunTime:0.0004s ]
INFO: [ view_parse ] --START--
INFO: [ template_filter ] --START--
INFO: Run Behavior\ContentReplaceBehavior [ RunTime:0.000152s ]
INFO: [ template_filter ] --END-- [ RunTime:0.000283s ]
INFO: Run Behavior\ParseTemplateBehavior [ RunTime:0.460606s ]
INFO: [ view_parse ] --END-- [ RunTime:0.460734s ]
INFO: [ view_filter ] --START--
INFO: Run Behavior\WriteHtmlCacheBehavior [ RunTime:0.043557s ]
INFO: [ view_filter ] --END-- [ RunTime:0.043715s ]
INFO: [ app_end ] --START--
INFO: Run Behavior\ShowPageTraceBehavior [ RunTime:0.030948s ]
INFO: [ app_end ] --END-- [ RunTime:0.031117s ]

[ 2016-10-26T10:57:22+08:00 ] ::1 /Zuqiuweb/index.php/home/lesson/dg
INFO: [ app_init ] --START--
INFO: Run Behavior\BuildLiteBehavior [ RunTime:0.000040s ]
INFO: [ app_init ] --END-- [ RunTime:0.001342s ]
INFO: [ app_begin ] --START--
INFO: Run Behavior\ReadHtmlCacheBehavior [ RunTime:0.002029s ]
INFO: [ app_begin ] --END-- [ RunTime:0.002145s ]
SQL: SHOW COLUMNS FROM `news_cate` [ RunTime:0.0362s ]
SQL: SELECT * FROM `news_cate` WHERE `pid` = 0  [ RunTime:0.0007s ]
SQL: SELECT * FROM `news_cate` WHERE `pid` = 1  [ RunTime:0.0004s ]
SQL: SELECT * FROM `news_cate` WHERE `pid` = 5  [ RunTime:0.0004s ]
SQL: SELECT * FROM `news_cate` WHERE `pid` = 6  [ RunTime:0.0004s ]
SQL: SELECT * FROM `news_cate` WHERE `pid` = 2  [ RunTime:0.0004s ]
INFO: [ view_parse ] --START--
INFO: [ template_filter ] --START--
INFO: Run Behavior\ContentReplaceBehavior [ RunTime:0.000173s ]
INFO: [ template_filter ] --END-- [ RunTime:0.000435s ]
INFO: Run Behavior\ParseTemplateBehavior [ RunTime:0.105083s ]
INFO: [ view_parse ] --END-- [ RunTime:0.105209s ]
INFO: [ view_filter ] --START--
INFO: Run Behavior\WriteHtmlCacheBehavior [ RunTime:0.001485s ]
INFO: [ view_filter ] --END-- [ RunTime:0.001567s ]
INFO: [ app_end ] --START--
INFO: Run Behavior\ShowPageTraceBehavior [ RunTime:0.002551s ]
INFO: [ app_end ] --END-- [ RunTime:0.002645s ]

[ 2016-10-26T10:58:03+08:00 ] ::1 /Zuqiuweb/index.php/home/lesson/dg
INFO: [ app_init ] --START--
INFO: Run Behavior\BuildLiteBehavior [ RunTime:0.000034s ]
INFO: [ app_init ] --END-- [ RunTime:0.001143s ]
INFO: [ app_begin ] --START--
INFO: Run Behavior\ReadHtmlCacheBehavior [ RunTime:0.002398s ]
INFO: [ app_begin ] --END-- [ RunTime:0.002566s ]
SQL: SHOW COLUMNS FROM `news_cate` [ RunTime:0.0419s ]
SQL: SELECT * FROM `news_cate` WHERE `pid` = 0  [ RunTime:0.0009s ]
SQL: SELECT * FROM `news_cate` WHERE `pid` = 1  [ RunTime:0.0009s ]
SQL: SELECT * FROM `news_cate` WHERE `pid` = 5  [ RunTime:0.0012s ]
SQL: SELECT * FROM `news_cate` WHERE `pid` = 6  [ RunTime:0.0015s ]
SQL: SELECT * FROM `news_cate` WHERE `pid` = 2  [ RunTime:0.0008s ]
INFO: [ view_parse ] --START--
INFO: [ template_filter ] --START--
INFO: Run Behavior\ContentReplaceBehavior [ RunTime:0.000149s ]
INFO: [ template_filter ] --END-- [ RunTime:0.000284s ]
INFO: Run Behavior\ParseTemplateBehavior [ RunTime:0.099988s ]
INFO: [ view_parse ] --END-- [ RunTime:0.100123s ]
INFO: [ view_filter ] --START--
INFO: Run Behavior\WriteHtmlCacheBehavior [ RunTime:0.001504s ]
INFO: [ view_filter ] --END-- [ RunTime:0.001586s ]
INFO: [ app_end ] --START--
INFO: Run Behavior\ShowPageTraceBehavior [ RunTime:0.002217s ]
INFO: [ app_end ] --END-- [ RunTime:0.002344s ]

[ 2016-10-26T11:03:55+08:00 ] ::1 /Zuqiuweb/index.php/home/lesson/dg
INFO: [ app_init ] --START--
INFO: Run Behavior\BuildLiteBehavior [ RunTime:0.000039s ]
INFO: [ app_init ] --END-- [ RunTime:0.001446s ]
INFO: [ app_begin ] --START--
INFO: Run Behavior\ReadHtmlCacheBehavior [ RunTime:0.002487s ]
INFO: [ app_begin ] --END-- [ RunTime:0.002655s ]
SQL: SHOW COLUMNS FROM `news_cate` [ RunTime:0.0345s ]
SQL: SELECT * FROM `news_cate` WHERE `pid` = 0  [ RunTime:0.0010s ]
SQL: SELECT * FROM `news_cate` WHERE `pid` = 1  [ RunTime:0.0010s ]
SQL: SELECT * FROM `news_cate` WHERE `pid` = 5  [ RunTime:0.0009s ]
SQL: SELECT * FROM `news_cate` WHERE `pid` = 6  [ RunTime:0.0007s ]
SQL: SELECT * FROM `news_cate` WHERE `pid` = 2  [ RunTime:0.0008s ]
INFO: [ view_parse ] --START--
INFO: [ template_filter ] --START--
INFO: Run Behavior\ContentReplaceBehavior [ RunTime:0.000210s ]
INFO: [ template_filter ] --END-- [ RunTime:0.000378s ]
INFO: Run Behavior\ParseTemplateBehavior [ RunTime:0.121358s ]
INFO: [ view_parse ] --END-- [ RunTime:0.121504s ]
INFO: [ view_filter ] --START--
INFO: Run Behavior\WriteHtmlCacheBehavior [ RunTime:0.001324s ]
INFO: [ view_filter ] --END-- [ RunTime:0.001399s ]
INFO: [ app_end ] --START--
INFO: Run Behavior\ShowPageTraceBehavior [ RunTime:0.001878s ]
INFO: [ app_end ] --END-- [ RunTime:0.001988s ]

[ 2016-10-26T11:14:05+08:00 ] ::1 /Zuqiuweb/index.php/home/lesson/dg
INFO: [ app_init ] --START--
INFO: Run Behavior\BuildLiteBehavior [ RunTime:0.000038s ]
INFO: [ app_init ] --END-- [ RunTime:0.001832s ]
INFO: [ app_begin ] --START--
INFO: Run Behavior\ReadHtmlCacheBehavior [ RunTime:0.002983s ]
INFO: [ app_begin ] --END-- [ RunTime:0.003136s ]
SQL: SHOW COLUMNS FROM `news_cate` [ RunTime:0.0316s ]
SQL: SELECT * FROM `news_cate` WHERE `pid` = 0  [ RunTime:0.0008s ]
SQL: SELECT * FROM `news_cate` WHERE `pid` = 1  [ RunTime:0.0004s ]
SQL: SELECT * FROM `news_cate` WHERE `pid` = 5  [ RunTime:0.0006s ]
SQL: SELECT * FROM `news_cate` WHERE `pid` = 6  [ RunTime:0.0004s ]
SQL: SELECT * FROM `news_cate` WHERE `pid` = 2  [ RunTime:0.0004s ]
INFO: [ view_parse ] --START--
INFO: [ template_filter ] --START--
INFO: Run Behavior\ContentReplaceBehavior [ RunTime:0.000179s ]
INFO: [ template_filter ] --END-- [ RunTime:0.000316s ]
INFO: Run Behavior\ParseTemplateBehavior [ RunTime:0.111909s ]
INFO: [ view_parse ] --END-- [ RunTime:0.112069s ]
INFO: [ view_filter ] --START--
INFO: Run Behavior\WriteHtmlCacheBehavior [ RunTime:0.002104s ]
INFO: [ view_filter ] --END-- [ RunTime:0.002242s ]
INFO: [ app_end ] --START--
INFO: Run Behavior\ShowPageTraceBehavior [ RunTime:0.002713s ]
INFO: [ app_end ] --END-- [ RunTime:0.002810s ]

[ 2016-10-26T11:31:54+08:00 ] ::1 /Zuqiuweb/index.php/home/lesson/dg
INFO: [ app_init ] --START--
INFO: Run Behavior\BuildLiteBehavior [ RunTime:0.000060s ]
INFO: [ app_init ] --END-- [ RunTime:0.002011s ]
INFO: [ app_begin ] --START--
INFO: Run Behavior\ReadHtmlCacheBehavior [ RunTime:0.002340s ]
INFO: [ app_begin ] --END-- [ RunTime:0.002466s ]
SQL: SHOW COLUMNS FROM `news_cate` [ RunTime:0.0496s ]
SQL: SELECT * FROM `news_cate` WHERE `pid` = 0  [ RunTime:0.0010s ]
SQL: SELECT * FROM `news_cate` WHERE `pid` = 1  [ RunTime:0.0008s ]
SQL: SELECT * FROM `news_cate` WHERE `pid` = 5  [ RunTime:0.0008s ]
SQL: SELECT * FROM `news_cate` WHERE `pid` = 6  [ RunTime:0.0007s ]
SQL: SELECT * FROM `news_cate` WHERE `pid` = 2  [ RunTime:0.0007s ]
INFO: [ view_parse ] --START--
INFO: [ template_filter ] --START--
INFO: Run Behavior\ContentReplaceBehavior [ RunTime:0.000193s ]
INFO: [ template_filter ] --END-- [ RunTime:0.000347s ]
INFO: Run Behavior\ParseTemplateBehavior [ RunTime:0.136270s ]
INFO: [ view_parse ] --END-- [ RunTime:0.136465s ]
INFO: [ view_filter ] --START--
INFO: Run Behavior\WriteHtmlCacheBehavior [ RunTime:0.001776s ]
INFO: [ view_filter ] --END-- [ RunTime:0.001887s ]
INFO: [ app_end ] --START--
INFO: Run Behavior\ShowPageTraceBehavior [ RunTime:0.001805s ]
INFO: [ app_end ] --END-- [ RunTime:0.001881s ]

[ 2016-10-26T11:34:48+08:00 ] ::1 /Zuqiuweb/index.php/home/lesson/dg
INFO: [ app_init ] --START--
INFO: Run Behavior\BuildLiteBehavior [ RunTime:0.000055s ]
INFO: [ app_init ] --END-- [ RunTime:0.002255s ]
INFO: [ app_begin ] --START--
INFO: Run Behavior\ReadHtmlCacheBehavior [ RunTime:0.003543s ]
INFO: [ app_begin ] --END-- [ RunTime:0.003869s ]
SQL: SHOW COLUMNS FROM `news_cate` [ RunTime:0.0353s ]
SQL: SELECT * FROM `news_cate` WHERE `pid` = 0  [ RunTime:0.0008s ]
SQL: SELECT * FROM `news_cate` WHERE `pid` = 1  [ RunTime:0.0006s ]
SQL: SELECT * FROM `news_cate` WHERE `pid` = 5  [ RunTime:0.0004s ]
SQL: SELECT * FROM `news_cate` WHERE `pid` = 6  [ RunTime:0.0004s ]
SQL: SELECT * FROM `news_cate` WHERE `pid` = 2  [ RunTime:0.0005s ]
INFO: [ view_parse ] --START--
INFO: [ template_filter ] --START--
INFO: Run Behavior\ContentReplaceBehavior [ RunTime:0.000151s ]
INFO: [ template_filter ] --END-- [ RunTime:0.000278s ]
NOTIC: [2] Illegal string offset 'catename' D:\myweb\Zuqiuweb\Application\Runtime\Cache\Home\dd40a20825110c2b5b7588d92b7ce2ac.php 第 97 行.
NOTIC: [2] Illegal string offset 'catename' D:\myweb\Zuqiuweb\Application\Runtime\Cache\Home\dd40a20825110c2b5b7588d92b7ce2ac.php 第 97 行.
NOTIC: [2] Illegal string offset 'catename' D:\myweb\Zuqiuweb\Application\Runtime\Cache\Home\dd40a20825110c2b5b7588d92b7ce2ac.php 第 97 行.
NOTIC: [8] Undefined index: catename D:\myweb\Zuqiuweb\Application\Runtime\Cache\Home\dd40a20825110c2b5b7588d92b7ce2ac.php 第 97 行.
NOTIC: [2] Illegal string offset 'catename' D:\myweb\Zuqiuweb\Application\Runtime\Cache\Home\dd40a20825110c2b5b7588d92b7ce2ac.php 第 97 行.
NOTIC: [2] Illegal string offset 'catename' D:\myweb\Zuqiuweb\Application\Runtime\Cache\Home\dd40a20825110c2b5b7588d92b7ce2ac.php 第 97 行.
NOTIC: [2] Illegal string offset 'catename' D:\myweb\Zuqiuweb\Application\Runtime\Cache\Home\dd40a20825110c2b5b7588d92b7ce2ac.php 第 97 行.
NOTIC: [8] Undefined index: catename D:\myweb\Zuqiuweb\Application\Runtime\Cache\Home\dd40a20825110c2b5b7588d92b7ce2ac.php 第 97 行.
INFO: Run Behavior\ParseTemplateBehavior [ RunTime:0.154491s ]
INFO: [ view_parse ] --END-- [ RunTime:0.154620s ]
INFO: [ view_filter ] --START--
INFO: Run Behavior\WriteHtmlCacheBehavior [ RunTime:0.001545s ]
INFO: [ view_filter ] --END-- [ RunTime:0.001627s ]
INFO: [ app_end ] --START--
INFO: Run Behavior\ShowPageTraceBehavior [ RunTime:0.001982s ]
INFO: [ app_end ] --END-- [ RunTime:0.002069s ]

[ 2016-10-26T11:35:35+08:00 ] ::1 /Zuqiuweb/index.php/home/lesson/dg
INFO: [ app_init ] --START--
INFO: Run Behavior\BuildLiteBehavior [ RunTime:0.000045s ]
INFO: [ app_init ] --END-- [ RunTime:0.002042s ]
INFO: [ app_begin ] --START--
INFO: Run Behavior\ReadHtmlCacheBehavior [ RunTime:0.003806s ]
INFO: [ app_begin ] --END-- [ RunTime:0.004037s ]
SQL: SHOW COLUMNS FROM `news_cate` [ RunTime:0.0323s ]
SQL: SELECT * FROM `news_cate` WHERE `pid` = 0  [ RunTime:0.0007s ]
SQL: SELECT * FROM `news_cate` WHERE `pid` = 1  [ RunTime:0.0004s ]
SQL: SELECT * FROM `news_cate` WHERE `pid` = 5  [ RunTime:0.0004s ]
SQL: SELECT * FROM `news_cate` WHERE `pid` = 6  [ RunTime:0.0004s ]
SQL: SELECT * FROM `news_cate` WHERE `pid` = 2  [ RunTime:0.0005s ]
INFO: [ view_parse ] --START--
INFO: [ template_filter ] --START--
INFO: Run Behavior\ContentReplaceBehavior [ RunTime:0.000141s ]
INFO: [ template_filter ] --END-- [ RunTime:0.000256s ]
INFO: Run Behavior\ParseTemplateBehavior [ RunTime:0.144954s ]
INFO: [ view_parse ] --END-- [ RunTime:0.145096s ]
INFO: [ view_filter ] --START--
INFO: Run Behavior\WriteHtmlCacheBehavior [ RunTime:0.001375s ]
INFO: [ view_filter ] --END-- [ RunTime:0.001450s ]
INFO: [ app_end ] --START--
INFO: Run Behavior\ShowPageTraceBehavior [ RunTime:0.001777s ]
INFO: [ app_end ] --END-- [ RunTime:0.001854s ]

[ 2016-10-26T11:59:03+08:00 ] ::1 /Zuqiuweb/index.php
INFO: [ app_init ] --START--
INFO: Run Behavior\BuildLiteBehavior [ RunTime:0.000114s ]
INFO: [ app_init ] --END-- [ RunTime:0.001721s ]
INFO: [ app_begin ] --START--
INFO: Run Behavior\ReadHtmlCacheBehavior [ RunTime:0.002871s ]
INFO: [ app_begin ] --END-- [ RunTime:0.003068s ]
SQL: SHOW COLUMNS FROM `news_lesson` [ RunTime:0.0448s ]
SQL: SELECT * FROM `news_lesson` ORDER BY addtime desc LIMIT 4   [ RunTime:0.0018s ]
SQL: SHOW COLUMNS FROM `news_picnews` [ RunTime:0.0339s ]
SQL: SELECT * FROM `news_picnews` ORDER BY time desc LIMIT 6   [ RunTime:0.0021s ]
SQL: SELECT * FROM `news_picnews` WHERE `type` = 'gzhd' ORDER BY time desc LIMIT 6   [ RunTime:0.0006s ]
SQL: SELECT * FROM `news_picnews` WHERE `type` = 'sdln' ORDER BY time desc LIMIT 6   [ RunTime:0.0005s ]
SQL: SELECT * FROM `news_picnews` ORDER BY view desc LIMIT 6   [ RunTime:0.0010s ]
SQL: SELECT * FROM `news_picnews` ORDER BY love desc LIMIT 3   [ RunTime:0.0010s ]
SQL: SHOW COLUMNS FROM `news_video` [ RunTime:0.0327s ]
SQL: SELECT * FROM `news_video` ORDER BY addtime desc LIMIT 6   [ RunTime:0.0012s ]
SQL: SHOW COLUMNS FROM `news_rank` [ RunTime:0.0372s ]
SQL: SELECT * FROM `news_rank` ORDER BY rank LIMIT 8   [ RunTime:0.0014s ]
SQL: SHOW COLUMNS FROM `news_lesson` [ RunTime:0.0348s ]
SQL: SELECT * FROM `news_lesson` ORDER BY addtime desc LIMIT 5   [ RunTime:0.0008s ]
SQL: SELECT * FROM `news_lesson` WHERE `forteam` = '广州恒大' ORDER BY view desc LIMIT 5   [ RunTime:0.0006s ]
SQL: SELECT * FROM `news_lesson` WHERE `forteam` = '山东鲁能' ORDER BY view desc LIMIT 5   [ RunTime:0.0006s ]
SQL: SELECT * FROM `news_lesson` WHERE `forteam` = '北京国安' ORDER BY view desc LIMIT 5   [ RunTime:0.0005s ]
SQL: SELECT * FROM `news_video` WHERE `type` = 'gzhd'  [ RunTime:0.0003s ]
INFO: [ view_parse ] --START--
INFO: [ template_filter ] --START--
INFO: Run Behavior\ContentReplaceBehavior [ RunTime:0.000353s ]
INFO: [ template_filter ] --END-- [ RunTime:0.000483s ]
NOTIC: [8] Undefined index: view D:\myweb\Zuqiuweb\Application\Runtime\Cache\Home\74c9bdbded7009a43a281be8a565b911.php 第 426 行.
NOTIC: [8] Undefined index: view D:\myweb\Zuqiuweb\Application\Runtime\Cache\Home\74c9bdbded7009a43a281be8a565b911.php 第 426 行.
NOTIC: [8] Undefined index: view D:\myweb\Zuqiuweb\Application\Runtime\Cache\Home\74c9bdbded7009a43a281be8a565b911.php 第 426 行.
INFO: Run Behavior\ParseTemplateBehavior [ RunTime:0.349698s ]
INFO: [ view_parse ] --END-- [ RunTime:0.349817s ]
INFO: [ view_filter ] --START--
INFO: Run Behavior\WriteHtmlCacheBehavior [ RunTime:0.001913s ]
INFO: [ view_filter ] --END-- [ RunTime:0.002021s ]
INFO: [ app_end ] --START--
INFO: Run Behavior\ShowPageTraceBehavior [ RunTime:0.007247s ]
INFO: [ app_end ] --END-- [ RunTime:0.007521s ]

