[ 2016-10-06T19:48:37+08:00 ] ::1 /fuckabc/
INFO: [ app_init ] --START--
INFO: Run Behavior\BuildLiteBehavior [ RunTime:0.000061s ]
INFO: [ app_init ] --END-- [ RunTime:0.023651s ]
INFO: [ app_begin ] --START--
INFO: Run Behavior\ReadHtmlCacheBehavior [ RunTime:0.023105s ]
INFO: [ app_begin ] --END-- [ RunTime:0.023310s ]
ERR: Undefined class constant 'MYSQL_ATTR_INIT_COMMAND'

[ 2016-10-06T19:54:12+08:00 ] ::1 /fuckabc/
INFO: [ app_init ] --START--
INFO: Run Behavior\BuildLiteBehavior [ RunTime:0.000036s ]
INFO: [ app_init ] --END-- [ RunTime:0.001424s ]
INFO: [ app_begin ] --START--
INFO: Run Behavior\ReadHtmlCacheBehavior [ RunTime:0.002030s ]
INFO: [ app_begin ] --END-- [ RunTime:0.002186s ]
ERR: Undefined class constant 'MYSQL_ATTR_INIT_COMMAND'

[ 2016-10-06T19:54:32+08:00 ] ::1 /fuckabc/
INFO: [ app_init ] --START--
INFO: Run Behavior\BuildLiteBehavior [ RunTime:0.000034s ]
INFO: [ app_init ] --END-- [ RunTime:0.001079s ]
INFO: [ app_begin ] --START--
INFO: Run Behavior\ReadHtmlCacheBehavior [ RunTime:0.001731s ]
INFO: [ app_begin ] --END-- [ RunTime:0.001925s ]
ERR: Undefined class constant 'MYSQL_ATTR_INIT_COMMAND'

[ 2016-10-06T19:59:59+08:00 ] ::1 /fuckabc/
INFO: [ app_init ] --START--
INFO: Run Behavior\BuildLiteBehavior [ RunTime:0.000055s ]
INFO: [ app_init ] --END-- [ RunTime:0.024519s ]
INFO: [ app_begin ] --START--
INFO: Run Behavior\ReadHtmlCacheBehavior [ RunTime:0.023475s ]
INFO: [ app_begin ] --END-- [ RunTime:0.023668s ]
SQL: SHOW COLUMNS FROM `news_lesson` [ RunTime:0.1613s ]
SQL: SELECT * FROM `news_lesson` ORDER BY addtime desc LIMIT 4   [ RunTime:0.0023s ]
INFO: [ view_parse ] --START--
INFO: [ template_filter ] --START--
INFO: Run Behavior\ContentReplaceBehavior [ RunTime:0.004285s ]
INFO: [ template_filter ] --END-- [ RunTime:0.004495s ]
INFO: Run Behavior\ParseTemplateBehavior [ RunTime:0.268440s ]
INFO: [ view_parse ] --END-- [ RunTime:0.268644s ]
INFO: [ view_filter ] --START--
INFO: Run Behavior\WriteHtmlCacheBehavior [ RunTime:0.025667s ]
INFO: [ view_filter ] --END-- [ RunTime:0.025834s ]
INFO: [ app_end ] --START--
INFO: Run Behavior\ShowPageTraceBehavior [ RunTime:0.023427s ]
INFO: [ app_end ] --END-- [ RunTime:0.023592s ]

[ 2016-10-06T20:00:06+08:00 ] ::1 /fuckabc/index.php/home/lesson/add
INFO: [ app_init ] --START--
INFO: Run Behavior\BuildLiteBehavior [ RunTime:0.000266s ]
INFO: [ app_init ] --END-- [ RunTime:0.002850s ]
INFO: [ app_begin ] --START--
INFO: Run Behavior\ReadHtmlCacheBehavior [ RunTime:0.002233s ]
INFO: [ app_begin ] --END-- [ RunTime:0.002429s ]
INFO: [ view_parse ] --START--
INFO: [ template_filter ] --START--
INFO: Run Behavior\ContentReplaceBehavior [ RunTime:0.000185s ]
INFO: [ template_filter ] --END-- [ RunTime:0.000350s ]
INFO: Run Behavior\ParseTemplateBehavior [ RunTime:0.070874s ]
INFO: [ view_parse ] --END-- [ RunTime:0.071197s ]
INFO: [ view_filter ] --START--
INFO: Run Behavior\WriteHtmlCacheBehavior [ RunTime:0.001844s ]
INFO: [ view_filter ] --END-- [ RunTime:0.002051s ]
INFO: [ app_end ] --START--
INFO: Run Behavior\ShowPageTraceBehavior [ RunTime:0.002973s ]
INFO: [ app_end ] --END-- [ RunTime:0.003406s ]

[ 2016-10-06T20:00:18+08:00 ] ::1 /fuckabc/index.php/home/lesson/addessay
INFO: [ app_init ] --START--
INFO: Run Behavior\BuildLiteBehavior [ RunTime:0.000046s ]
INFO: [ app_init ] --END-- [ RunTime:0.001319s ]
INFO: [ app_begin ] --START--
INFO: Run Behavior\ReadHtmlCacheBehavior [ RunTime:0.001840s ]
INFO: [ app_begin ] --END-- [ RunTime:0.002025s ]
SQL: SHOW COLUMNS FROM `news_lesson` [ RunTime:0.0358s ]
ERR: 1048:Column 'editor' cannot be null
 [ SQL语句 ] : INSERT INTO `news_lesson` (`title`,`description`,`content`,`tag`,`editor`,`addtime`) VALUES ('asdasda','asdadsd','<p>sadasdsa</p>

<p>asdbjasbkd</p>

<p>ahksdvasvdhs</p>
','love',NULL,'2016-10-06 20:00:18')
ERR: 1048:Column 'editor' cannot be null
 [ SQL语句 ] : INSERT INTO `news_lesson` (`title`,`description`,`content`,`tag`,`editor`,`addtime`) VALUES ('asdasda','asdadsd','<p>sadasdsa</p>

<p>asdbjasbkd</p>

<p>ahksdvasvdhs</p>
','love',NULL,'2016-10-06 20:00:18')

[ 2016-10-06T20:00:23+08:00 ] ::1 /fuckabc/index.php/home/lesson/addessay
INFO: [ app_init ] --START--
INFO: Run Behavior\BuildLiteBehavior [ RunTime:0.000039s ]
INFO: [ app_init ] --END-- [ RunTime:0.001343s ]
INFO: [ app_begin ] --START--
INFO: Run Behavior\ReadHtmlCacheBehavior [ RunTime:0.001532s ]
INFO: [ app_begin ] --END-- [ RunTime:0.001668s ]
SQL: SHOW COLUMNS FROM `news_lesson` [ RunTime:0.0336s ]
ERR: 1048:Column 'editor' cannot be null
 [ SQL语句 ] : INSERT INTO `news_lesson` (`title`,`description`,`content`,`tag`,`editor`,`addtime`) VALUES ('asdasda','asdadsd','<p>sadasdsa</p>

<p>asdbjasbkd</p>

<p>ahksdvasvdhs</p>
','love',NULL,'2016-10-06 20:00:22')
ERR: 1048:Column 'editor' cannot be null
 [ SQL语句 ] : INSERT INTO `news_lesson` (`title`,`description`,`content`,`tag`,`editor`,`addtime`) VALUES ('asdasda','asdadsd','<p>sadasdsa</p>

<p>asdbjasbkd</p>

<p>ahksdvasvdhs</p>
','love',NULL,'2016-10-06 20:00:22')

[ 2016-10-06T20:00:24+08:00 ] ::1 /fuckabc/index.php/home/lesson/addessay
INFO: [ app_init ] --START--
INFO: Run Behavior\BuildLiteBehavior [ RunTime:0.000035s ]
INFO: [ app_init ] --END-- [ RunTime:0.001182s ]
INFO: [ app_begin ] --START--
INFO: Run Behavior\ReadHtmlCacheBehavior [ RunTime:0.002304s ]
INFO: [ app_begin ] --END-- [ RunTime:0.002586s ]
SQL: SHOW COLUMNS FROM `news_lesson` [ RunTime:0.0338s ]
ERR: 1048:Column 'editor' cannot be null
 [ SQL语句 ] : INSERT INTO `news_lesson` (`title`,`description`,`content`,`tag`,`editor`,`addtime`) VALUES ('asdasda','asdadsd','<p>sadasdsa</p>

<p>asdbjasbkd</p>

<p>ahksdvasvdhs</p>
','love',NULL,'2016-10-06 20:00:24')
ERR: 1048:Column 'editor' cannot be null
 [ SQL语句 ] : INSERT INTO `news_lesson` (`title`,`description`,`content`,`tag`,`editor`,`addtime`) VALUES ('asdasda','asdadsd','<p>sadasdsa</p>

<p>asdbjasbkd</p>

<p>ahksdvasvdhs</p>
','love',NULL,'2016-10-06 20:00:24')

[ 2016-10-06T20:00:24+08:00 ] ::1 /fuckabc/index.php/home/lesson/addessay
INFO: [ app_init ] --START--
INFO: Run Behavior\BuildLiteBehavior [ RunTime:0.000044s ]
INFO: [ app_init ] --END-- [ RunTime:0.002284s ]
INFO: [ app_begin ] --START--
INFO: Run Behavior\ReadHtmlCacheBehavior [ RunTime:0.002288s ]
INFO: [ app_begin ] --END-- [ RunTime:0.002480s ]
SQL: SHOW COLUMNS FROM `news_lesson` [ RunTime:0.0170s ]
ERR: 1048:Column 'editor' cannot be null
 [ SQL语句 ] : INSERT INTO `news_lesson` (`title`,`description`,`content`,`tag`,`editor`,`addtime`) VALUES ('asdasda','asdadsd','<p>sadasdsa</p>

<p>asdbjasbkd</p>

<p>ahksdvasvdhs</p>
','love',NULL,'2016-10-06 20:00:24')
ERR: 1048:Column 'editor' cannot be null
 [ SQL语句 ] : INSERT INTO `news_lesson` (`title`,`description`,`content`,`tag`,`editor`,`addtime`) VALUES ('asdasda','asdadsd','<p>sadasdsa</p>

<p>asdbjasbkd</p>

<p>ahksdvasvdhs</p>
','love',NULL,'2016-10-06 20:00:24')

[ 2016-10-06T20:00:24+08:00 ] ::1 /fuckabc/index.php/home/lesson/addessay
INFO: [ app_init ] --START--
INFO: Run Behavior\BuildLiteBehavior [ RunTime:0.000047s ]
INFO: [ app_init ] --END-- [ RunTime:0.001628s ]
INFO: [ app_begin ] --START--
INFO: Run Behavior\ReadHtmlCacheBehavior [ RunTime:0.001630s ]
INFO: [ app_begin ] --END-- [ RunTime:0.001849s ]
SQL: SHOW COLUMNS FROM `news_lesson` [ RunTime:0.0184s ]
ERR: 1048:Column 'editor' cannot be null
 [ SQL语句 ] : INSERT INTO `news_lesson` (`title`,`description`,`content`,`tag`,`editor`,`addtime`) VALUES ('asdasda','asdadsd','<p>sadasdsa</p>

<p>asdbjasbkd</p>

<p>ahksdvasvdhs</p>
','love',NULL,'2016-10-06 20:00:24')
ERR: 1048:Column 'editor' cannot be null
 [ SQL语句 ] : INSERT INTO `news_lesson` (`title`,`description`,`content`,`tag`,`editor`,`addtime`) VALUES ('asdasda','asdadsd','<p>sadasdsa</p>

<p>asdbjasbkd</p>

<p>ahksdvasvdhs</p>
','love',NULL,'2016-10-06 20:00:24')

[ 2016-10-06T20:00:24+08:00 ] ::1 /fuckabc/index.php/home/lesson/addessay
INFO: [ app_init ] --START--
INFO: Run Behavior\BuildLiteBehavior [ RunTime:0.000043s ]
INFO: [ app_init ] --END-- [ RunTime:0.001433s ]
INFO: [ app_begin ] --START--
INFO: Run Behavior\ReadHtmlCacheBehavior [ RunTime:0.001428s ]
INFO: [ app_begin ] --END-- [ RunTime:0.001565s ]
SQL: SHOW COLUMNS FROM `news_lesson` [ RunTime:0.0237s ]
ERR: 1048:Column 'editor' cannot be null
 [ SQL语句 ] : INSERT INTO `news_lesson` (`title`,`description`,`content`,`tag`,`editor`,`addtime`) VALUES ('asdasda','asdadsd','<p>sadasdsa</p>

<p>asdbjasbkd</p>

<p>ahksdvasvdhs</p>
','love',NULL,'2016-10-06 20:00:24')
ERR: 1048:Column 'editor' cannot be null
 [ SQL语句 ] : INSERT INTO `news_lesson` (`title`,`description`,`content`,`tag`,`editor`,`addtime`) VALUES ('asdasda','asdadsd','<p>sadasdsa</p>

<p>asdbjasbkd</p>

<p>ahksdvasvdhs</p>
','love',NULL,'2016-10-06 20:00:24')

[ 2016-10-06T20:00:24+08:00 ] ::1 /fuckabc/index.php/home/lesson/addessay
INFO: [ app_init ] --START--
INFO: Run Behavior\BuildLiteBehavior [ RunTime:0.000033s ]
INFO: [ app_init ] --END-- [ RunTime:0.001106s ]
INFO: [ app_begin ] --START--
INFO: Run Behavior\ReadHtmlCacheBehavior [ RunTime:0.001667s ]
INFO: [ app_begin ] --END-- [ RunTime:0.001832s ]
SQL: SHOW COLUMNS FROM `news_lesson` [ RunTime:0.0174s ]
ERR: 1048:Column 'editor' cannot be null
 [ SQL语句 ] : INSERT INTO `news_lesson` (`title`,`description`,`content`,`tag`,`editor`,`addtime`) VALUES ('asdasda','asdadsd','<p>sadasdsa</p>

<p>asdbjasbkd</p>

<p>ahksdvasvdhs</p>
','love',NULL,'2016-10-06 20:00:24')
ERR: 1048:Column 'editor' cannot be null
 [ SQL语句 ] : INSERT INTO `news_lesson` (`title`,`description`,`content`,`tag`,`editor`,`addtime`) VALUES ('asdasda','asdadsd','<p>sadasdsa</p>

<p>asdbjasbkd</p>

<p>ahksdvasvdhs</p>
','love',NULL,'2016-10-06 20:00:24')

[ 2016-10-06T20:00:24+08:00 ] ::1 /fuckabc/index.php/home/lesson/addessay
INFO: [ app_init ] --START--
INFO: Run Behavior\BuildLiteBehavior [ RunTime:0.000036s ]
INFO: [ app_init ] --END-- [ RunTime:0.001103s ]
INFO: [ app_begin ] --START--
INFO: Run Behavior\ReadHtmlCacheBehavior [ RunTime:0.001734s ]
INFO: [ app_begin ] --END-- [ RunTime:0.001898s ]
SQL: SHOW COLUMNS FROM `news_lesson` [ RunTime:0.0199s ]
ERR: 1048:Column 'editor' cannot be null
 [ SQL语句 ] : INSERT INTO `news_lesson` (`title`,`description`,`content`,`tag`,`editor`,`addtime`) VALUES ('asdasda','asdadsd','<p>sadasdsa</p>

<p>asdbjasbkd</p>

<p>ahksdvasvdhs</p>
','love',NULL,'2016-10-06 20:00:24')
ERR: 1048:Column 'editor' cannot be null
 [ SQL语句 ] : INSERT INTO `news_lesson` (`title`,`description`,`content`,`tag`,`editor`,`addtime`) VALUES ('asdasda','asdadsd','<p>sadasdsa</p>

<p>asdbjasbkd</p>

<p>ahksdvasvdhs</p>
','love',NULL,'2016-10-06 20:00:24')

[ 2016-10-06T20:00:25+08:00 ] ::1 /fuckabc/index.php/home/lesson/addessay
INFO: [ app_init ] --START--
INFO: Run Behavior\BuildLiteBehavior [ RunTime:0.000061s ]
INFO: [ app_init ] --END-- [ RunTime:0.002027s ]
INFO: [ app_begin ] --START--
INFO: Run Behavior\ReadHtmlCacheBehavior [ RunTime:0.001913s ]
INFO: [ app_begin ] --END-- [ RunTime:0.002094s ]
SQL: SHOW COLUMNS FROM `news_lesson` [ RunTime:0.0394s ]
ERR: 1048:Column 'editor' cannot be null
 [ SQL语句 ] : INSERT INTO `news_lesson` (`title`,`description`,`content`,`tag`,`editor`,`addtime`) VALUES ('asdasda','asdadsd','<p>sadasdsa</p>

<p>asdbjasbkd</p>

<p>ahksdvasvdhs</p>
','love',NULL,'2016-10-06 20:00:25')
ERR: 1048:Column 'editor' cannot be null
 [ SQL语句 ] : INSERT INTO `news_lesson` (`title`,`description`,`content`,`tag`,`editor`,`addtime`) VALUES ('asdasda','asdadsd','<p>sadasdsa</p>

<p>asdbjasbkd</p>

<p>ahksdvasvdhs</p>
','love',NULL,'2016-10-06 20:00:25')

[ 2016-10-06T20:00:25+08:00 ] ::1 /fuckabc/index.php/home/lesson/addessay
INFO: [ app_init ] --START--
INFO: Run Behavior\BuildLiteBehavior [ RunTime:0.000044s ]
INFO: [ app_init ] --END-- [ RunTime:0.001379s ]
INFO: [ app_begin ] --START--
INFO: Run Behavior\ReadHtmlCacheBehavior [ RunTime:0.001925s ]
INFO: [ app_begin ] --END-- [ RunTime:0.002140s ]
SQL: SHOW COLUMNS FROM `news_lesson` [ RunTime:0.0191s ]
ERR: 1048:Column 'editor' cannot be null
 [ SQL语句 ] : INSERT INTO `news_lesson` (`title`,`description`,`content`,`tag`,`editor`,`addtime`) VALUES ('asdasda','asdadsd','<p>sadasdsa</p>

<p>asdbjasbkd</p>

<p>ahksdvasvdhs</p>
','love',NULL,'2016-10-06 20:00:25')
ERR: 1048:Column 'editor' cannot be null
 [ SQL语句 ] : INSERT INTO `news_lesson` (`title`,`description`,`content`,`tag`,`editor`,`addtime`) VALUES ('asdasda','asdadsd','<p>sadasdsa</p>

<p>asdbjasbkd</p>

<p>ahksdvasvdhs</p>
','love',NULL,'2016-10-06 20:00:25')

[ 2016-10-06T20:00:25+08:00 ] ::1 /fuckabc/index.php/home/lesson/addessay
INFO: [ app_init ] --START--
INFO: Run Behavior\BuildLiteBehavior [ RunTime:0.000041s ]
INFO: [ app_init ] --END-- [ RunTime:0.001349s ]
INFO: [ app_begin ] --START--
INFO: Run Behavior\ReadHtmlCacheBehavior [ RunTime:0.002387s ]
INFO: [ app_begin ] --END-- [ RunTime:0.002589s ]
SQL: SHOW COLUMNS FROM `news_lesson` [ RunTime:0.0184s ]
ERR: 1048:Column 'editor' cannot be null
 [ SQL语句 ] : INSERT INTO `news_lesson` (`title`,`description`,`content`,`tag`,`editor`,`addtime`) VALUES ('asdasda','asdadsd','<p>sadasdsa</p>

<p>asdbjasbkd</p>

<p>ahksdvasvdhs</p>
','love',NULL,'2016-10-06 20:00:25')
ERR: 1048:Column 'editor' cannot be null
 [ SQL语句 ] : INSERT INTO `news_lesson` (`title`,`description`,`content`,`tag`,`editor`,`addtime`) VALUES ('asdasda','asdadsd','<p>sadasdsa</p>

<p>asdbjasbkd</p>

<p>ahksdvasvdhs</p>
','love',NULL,'2016-10-06 20:00:25')

[ 2016-10-06T20:00:33+08:00 ] ::1 /fuckabc/index.php/home/user/login
INFO: [ app_init ] --START--
INFO: Run Behavior\BuildLiteBehavior [ RunTime:0.000049s ]
INFO: [ app_init ] --END-- [ RunTime:0.001375s ]
INFO: [ app_begin ] --START--
INFO: Run Behavior\ReadHtmlCacheBehavior [ RunTime:0.002060s ]
INFO: [ app_begin ] --END-- [ RunTime:0.002306s ]
INFO: [ view_parse ] --START--
INFO: [ template_filter ] --START--
INFO: Run Behavior\ContentReplaceBehavior [ RunTime:0.000145s ]
INFO: [ template_filter ] --END-- [ RunTime:0.000329s ]
INFO: Run Behavior\ParseTemplateBehavior [ RunTime:0.073089s ]
INFO: [ view_parse ] --END-- [ RunTime:0.073321s ]
INFO: [ view_filter ] --START--
INFO: Run Behavior\WriteHtmlCacheBehavior [ RunTime:0.002092s ]
INFO: [ view_filter ] --END-- [ RunTime:0.002278s ]
INFO: [ app_end ] --START--
INFO: Run Behavior\ShowPageTraceBehavior [ RunTime:0.004247s ]
INFO: [ app_end ] --END-- [ RunTime:0.004453s ]

[ 2016-10-06T20:00:46+08:00 ] ::1 /fuckabc/index.php/home/user/chklogin
INFO: [ app_init ] --START--
INFO: Run Behavior\BuildLiteBehavior [ RunTime:0.000041s ]
INFO: [ app_init ] --END-- [ RunTime:0.001316s ]
INFO: [ app_begin ] --START--
INFO: Run Behavior\ReadHtmlCacheBehavior [ RunTime:0.014154s ]
INFO: [ app_begin ] --END-- [ RunTime:0.014554s ]
SQL: SHOW COLUMNS FROM `news_user` [ RunTime:0.0548s ]
SQL: SELECT COUNT(*) AS tp_count FROM `news_user` WHERE `name` = 'xujiajia' AND `password` = 'chen1210' LIMIT 1   [ RunTime:0.0034s ]

[ 2016-10-06T20:00:47+08:00 ] ::1 /fuckabc/index.php/home/index/index
INFO: [ app_init ] --START--
INFO: Run Behavior\BuildLiteBehavior [ RunTime:0.000053s ]
INFO: [ app_init ] --END-- [ RunTime:0.001812s ]
INFO: [ app_begin ] --START--
INFO: Run Behavior\ReadHtmlCacheBehavior [ RunTime:0.002825s ]
INFO: [ app_begin ] --END-- [ RunTime:0.003076s ]
SQL: SHOW COLUMNS FROM `news_lesson` [ RunTime:0.0338s ]
SQL: SELECT * FROM `news_lesson` ORDER BY addtime desc LIMIT 4   [ RunTime:0.0017s ]
INFO: [ view_parse ] --START--
INFO: [ template_filter ] --START--
INFO: Run Behavior\ContentReplaceBehavior [ RunTime:0.000219s ]
INFO: [ template_filter ] --END-- [ RunTime:0.000395s ]
INFO: Run Behavior\ParseTemplateBehavior [ RunTime:0.021285s ]
INFO: [ view_parse ] --END-- [ RunTime:0.021468s ]
INFO: [ view_filter ] --START--
INFO: Run Behavior\WriteHtmlCacheBehavior [ RunTime:0.000959s ]
INFO: [ view_filter ] --END-- [ RunTime:0.001087s ]
INFO: [ app_end ] --START--
INFO: Run Behavior\ShowPageTraceBehavior [ RunTime:0.001905s ]
INFO: [ app_end ] --END-- [ RunTime:0.002083s ]

[ 2016-10-06T20:00:50+08:00 ] ::1 /fuckabc/index.php/home/lesson/add
INFO: [ app_init ] --START--
INFO: Run Behavior\BuildLiteBehavior [ RunTime:0.000043s ]
INFO: [ app_init ] --END-- [ RunTime:0.001436s ]
INFO: [ app_begin ] --START--
INFO: Run Behavior\ReadHtmlCacheBehavior [ RunTime:0.001940s ]
INFO: [ app_begin ] --END-- [ RunTime:0.002133s ]
INFO: [ view_parse ] --START--
INFO: [ template_filter ] --START--
INFO: Run Behavior\ContentReplaceBehavior [ RunTime:0.000193s ]
INFO: [ template_filter ] --END-- [ RunTime:0.000372s ]
INFO: Run Behavior\ParseTemplateBehavior [ RunTime:0.029908s ]
INFO: [ view_parse ] --END-- [ RunTime:0.030111s ]
INFO: [ view_filter ] --START--
INFO: Run Behavior\WriteHtmlCacheBehavior [ RunTime:0.001206s ]
INFO: [ view_filter ] --END-- [ RunTime:0.001356s ]
INFO: [ app_end ] --START--
INFO: Run Behavior\ShowPageTraceBehavior [ RunTime:0.002041s ]
INFO: [ app_end ] --END-- [ RunTime:0.002204s ]

[ 2016-10-06T20:01:36+08:00 ] ::1 /fuckabc/index.php/home/lesson/addessay
INFO: [ app_init ] --START--
INFO: Run Behavior\BuildLiteBehavior [ RunTime:0.000764s ]
INFO: [ app_init ] --END-- [ RunTime:0.002748s ]
INFO: [ app_begin ] --START--
INFO: Run Behavior\ReadHtmlCacheBehavior [ RunTime:0.002774s ]
INFO: [ app_begin ] --END-- [ RunTime:0.003000s ]
SQL: SHOW COLUMNS FROM `news_lesson` [ RunTime:0.0351s ]
SQL: INSERT INTO `news_lesson` (`title`,`description`,`content`,`tag`,`editor`,`addtime`) VALUES ('VAICTORY','HAHHA','<p>China will defeat the other country.</p>

<p>hahha</p>

<p>loving chensiwei</p>
','soccer','xujiajia','2016-10-06 20:01:36') [ RunTime:0.0110s ]

[ 2016-10-06T20:01:38+08:00 ] ::1 /fuckabc/index.php/home/lesson/view/id/8
INFO: [ app_init ] --START--
INFO: Run Behavior\BuildLiteBehavior [ RunTime:0.000051s ]
INFO: [ app_init ] --END-- [ RunTime:0.001536s ]
INFO: [ app_begin ] --START--
INFO: Run Behavior\ReadHtmlCacheBehavior [ RunTime:0.002111s ]
INFO: [ app_begin ] --END-- [ RunTime:0.002347s ]
SQL: SHOW COLUMNS FROM `news_lesson` [ RunTime:0.0500s ]
SQL: UPDATE `news_lesson` SET `view`=view+1 WHERE ( id=8 ) [ RunTime:0.0128s ]
SQL: SELECT * FROM `news_lesson` WHERE `id` = '8' LIMIT 1   [ RunTime:0.0012s ]
SQL: SHOW COLUMNS FROM `news_comment` [ RunTime:0.0445s ]
SQL: SELECT * FROM `news_comment` WHERE `pid` = 0 AND `lesson_id` = 8 ORDER BY time desc  [ RunTime:0.0014s ]
INFO: [ view_parse ] --START--
INFO: [ template_filter ] --START--
INFO: Run Behavior\ContentReplaceBehavior [ RunTime:0.000262s ]
INFO: [ template_filter ] --END-- [ RunTime:0.000411s ]
SQL: SELECT COUNT(*) AS tp_count FROM `news_comment` WHERE `lesson_id` = 8 LIMIT 1   [ RunTime:0.0012s ]
INFO: Run Behavior\ParseTemplateBehavior [ RunTime:0.091663s ]
INFO: [ view_parse ] --END-- [ RunTime:0.091781s ]
INFO: [ view_filter ] --START--
INFO: Run Behavior\WriteHtmlCacheBehavior [ RunTime:0.000982s ]
INFO: [ view_filter ] --END-- [ RunTime:0.001083s ]
INFO: [ app_end ] --START--
INFO: Run Behavior\ShowPageTraceBehavior [ RunTime:0.001485s ]
INFO: [ app_end ] --END-- [ RunTime:0.001586s ]

[ 2016-10-06T20:01:43+08:00 ] ::1 /fuckabc/index.php
INFO: [ app_init ] --START--
INFO: Run Behavior\BuildLiteBehavior [ RunTime:0.000068s ]
INFO: [ app_init ] --END-- [ RunTime:0.001984s ]
INFO: [ app_begin ] --START--
INFO: Run Behavior\ReadHtmlCacheBehavior [ RunTime:0.002457s ]
INFO: [ app_begin ] --END-- [ RunTime:0.002965s ]
SQL: SHOW COLUMNS FROM `news_lesson` [ RunTime:0.0322s ]
SQL: SELECT * FROM `news_lesson` ORDER BY addtime desc LIMIT 4   [ RunTime:0.0011s ]
INFO: [ view_parse ] --START--
INFO: [ template_filter ] --START--
INFO: Run Behavior\ContentReplaceBehavior [ RunTime:0.000225s ]
INFO: [ template_filter ] --END-- [ RunTime:0.000385s ]
INFO: Run Behavior\ParseTemplateBehavior [ RunTime:0.020661s ]
INFO: [ view_parse ] --END-- [ RunTime:0.020839s ]
INFO: [ view_filter ] --START--
INFO: Run Behavior\WriteHtmlCacheBehavior [ RunTime:0.001131s ]
INFO: [ view_filter ] --END-- [ RunTime:0.001282s ]
INFO: [ app_end ] --START--
INFO: Run Behavior\ShowPageTraceBehavior [ RunTime:0.002138s ]
INFO: [ app_end ] --END-- [ RunTime:0.002320s ]

[ 2016-10-06T20:01:48+08:00 ] ::1 /fuckabc/index.php/home/lesson/view/id/8
INFO: [ app_init ] --START--
INFO: Run Behavior\BuildLiteBehavior [ RunTime:0.000069s ]
INFO: [ app_init ] --END-- [ RunTime:0.001718s ]
INFO: [ app_begin ] --START--
INFO: Run Behavior\ReadHtmlCacheBehavior [ RunTime:0.002221s ]
INFO: [ app_begin ] --END-- [ RunTime:0.002426s ]
SQL: SHOW COLUMNS FROM `news_lesson` [ RunTime:0.0331s ]
SQL: UPDATE `news_lesson` SET `view`=view+1 WHERE ( id=8 ) [ RunTime:0.0101s ]
SQL: SELECT * FROM `news_lesson` WHERE `id` = '8' LIMIT 1   [ RunTime:0.0013s ]
SQL: SHOW COLUMNS FROM `news_comment` [ RunTime:0.0235s ]
SQL: SELECT * FROM `news_comment` WHERE `pid` = 0 AND `lesson_id` = 8 ORDER BY time desc  [ RunTime:0.0018s ]
INFO: [ view_parse ] --START--
INFO: [ template_filter ] --START--
INFO: Run Behavior\ContentReplaceBehavior [ RunTime:0.000248s ]
INFO: [ template_filter ] --END-- [ RunTime:0.000396s ]
SQL: SELECT COUNT(*) AS tp_count FROM `news_comment` WHERE `lesson_id` = 8 LIMIT 1   [ RunTime:0.0013s ]
INFO: Run Behavior\ParseTemplateBehavior [ RunTime:0.068990s ]
INFO: [ view_parse ] --END-- [ RunTime:0.069120s ]
INFO: [ view_filter ] --START--
INFO: Run Behavior\WriteHtmlCacheBehavior [ RunTime:0.001019s ]
INFO: [ view_filter ] --END-- [ RunTime:0.001129s ]
INFO: [ app_end ] --START--
INFO: Run Behavior\ShowPageTraceBehavior [ RunTime:0.001518s ]
INFO: [ app_end ] --END-- [ RunTime:0.001654s ]

[ 2016-10-06T20:01:55+08:00 ] ::1 /fuckabc/index.php/home/lesson/addcomment
INFO: [ app_init ] --START--
INFO: Run Behavior\BuildLiteBehavior [ RunTime:0.000038s ]
INFO: [ app_init ] --END-- [ RunTime:0.001182s ]
INFO: [ app_begin ] --START--
INFO: Run Behavior\ReadHtmlCacheBehavior [ RunTime:0.001660s ]
INFO: [ app_begin ] --END-- [ RunTime:0.001823s ]
SQL: SHOW COLUMNS FROM `news_comment` [ RunTime:0.0328s ]
SQL: INSERT INTO `news_comment` (`lesson_id`,`content`,`editor`,`time`,`pid`) VALUES ('8','shee','xujiajia','2016-10-06 20:01:55','0') [ RunTime:0.0099s ]

[ 2016-10-06T20:02:07+08:00 ] ::1 /fuckabc/index.php/home/lesson/addcomment
INFO: [ app_init ] --START--
INFO: Run Behavior\BuildLiteBehavior [ RunTime:0.000034s ]
INFO: [ app_init ] --END-- [ RunTime:0.001278s ]
INFO: [ app_begin ] --START--
INFO: Run Behavior\ReadHtmlCacheBehavior [ RunTime:0.001847s ]
INFO: [ app_begin ] --END-- [ RunTime:0.001959s ]
SQL: SHOW COLUMNS FROM `news_comment` [ RunTime:0.0299s ]
SQL: INSERT INTO `news_comment` (`lesson_id`,`content`,`editor`,`time`,`pid`) VALUES ('8','what r u thinking>','xujiajia','2016-10-06 20:02:07','252') [ RunTime:0.0031s ]

