[ 2016-11-18T16:54:07+08:00 ] ::1 /foot/
INFO: [ app_init ] --START--
INFO: Run Behavior\BuildLiteBehavior [ RunTime:0.000000s ]
INFO: [ app_init ] --END-- [ RunTime:0.012695s ]
INFO: [ app_begin ] --START--
INFO: Run Behavior\ReadHtmlCacheBehavior [ RunTime:0.018555s ]
INFO: [ app_begin ] --END-- [ RunTime:0.018555s ]
SQL: SHOW COLUMNS FROM `news_lesson` [ RunTime:0.0684s ]
SQL: SELECT * FROM `news_lesson` ORDER BY addtime desc LIMIT 4   [ RunTime:0.0000s ]
SQL: SHOW COLUMNS FROM `news_picnews` [ RunTime:0.0098s ]
SQL: SELECT * FROM `news_picnews` ORDER BY time desc LIMIT 6   [ RunTime:0.0010s ]
SQL: SELECT * FROM `news_picnews` WHERE `type` = 'gzhd' ORDER BY time desc LIMIT 6   [ RunTime:0.0000s ]
SQL: SELECT * FROM `news_picnews` WHERE `type` = 'sdln' ORDER BY time desc LIMIT 6   [ RunTime:0.0000s ]
SQL: SELECT * FROM `news_picnews` ORDER BY view desc LIMIT 6   [ RunTime:0.0010s ]
SQL: SELECT * FROM `news_picnews` ORDER BY love desc LIMIT 3   [ RunTime:0.0010s ]
SQL: SHOW COLUMNS FROM `news_video` [ RunTime:0.0098s ]
SQL: SELECT * FROM `news_video` ORDER BY addtime desc LIMIT 6   [ RunTime:0.0010s ]
SQL: SHOW COLUMNS FROM `news_rank` [ RunTime:0.0098s ]
SQL: SELECT * FROM `news_rank` ORDER BY rank LIMIT 8   [ RunTime:0.0010s ]
SQL: SHOW COLUMNS FROM `news_lesson` [ RunTime:0.0107s ]
SQL: SELECT * FROM `news_lesson` ORDER BY addtime desc LIMIT 5   [ RunTime:0.0010s ]
SQL: SELECT * FROM `news_lesson` WHERE `forteam` = '广州恒大' ORDER BY view desc LIMIT 5   [ RunTime:0.0000s ]
SQL: SELECT * FROM `news_lesson` WHERE `forteam` = '山东鲁能' ORDER BY view desc LIMIT 5   [ RunTime:0.0010s ]
SQL: SELECT * FROM `news_lesson` WHERE `forteam` = '北京国安' ORDER BY view desc LIMIT 5   [ RunTime:0.0000s ]
SQL: SELECT * FROM `news_video` WHERE `type` = 'gzhd'  [ RunTime:0.0000s ]
INFO: [ view_parse ] --START--
INFO: [ template_filter ] --START--
INFO: Run Behavior\ContentReplaceBehavior [ RunTime:0.000000s ]
INFO: [ template_filter ] --END-- [ RunTime:0.000000s ]
NOTIC: [8] Undefined index: view D:\www\foot\Application\Runtime\Cache\Home\74c9bdbded7009a43a281be8a565b911.php 第 426 行.
NOTIC: [8] Undefined index: view D:\www\foot\Application\Runtime\Cache\Home\74c9bdbded7009a43a281be8a565b911.php 第 426 行.
NOTIC: [8] Undefined index: view D:\www\foot\Application\Runtime\Cache\Home\74c9bdbded7009a43a281be8a565b911.php 第 426 行.
NOTIC: [8] Undefined index: view D:\www\foot\Application\Runtime\Cache\Home\74c9bdbded7009a43a281be8a565b911.php 第 426 行.
INFO: Run Behavior\ParseTemplateBehavior [ RunTime:0.173828s ]
INFO: [ view_parse ] --END-- [ RunTime:0.174804s ]
INFO: [ view_filter ] --START--
INFO: Run Behavior\WriteHtmlCacheBehavior [ RunTime:0.014649s ]
INFO: [ view_filter ] --END-- [ RunTime:0.014649s ]
INFO: [ app_end ] --START--
INFO: Run Behavior\ShowPageTraceBehavior [ RunTime:0.013672s ]
INFO: [ app_end ] --END-- [ RunTime:0.013672s ]

[ 2016-11-18T16:54:18+08:00 ] ::1 /foot/index.php/home/video/play/id/22
INFO: [ app_init ] --START--
INFO: Run Behavior\BuildLiteBehavior [ RunTime:0.000000s ]
INFO: [ app_init ] --END-- [ RunTime:0.000976s ]
INFO: [ app_begin ] --START--
INFO: Run Behavior\ReadHtmlCacheBehavior [ RunTime:0.000976s ]
INFO: [ app_begin ] --END-- [ RunTime:0.000976s ]
SQL: SHOW COLUMNS FROM `news_video` [ RunTime:0.0234s ]
SQL: SELECT * FROM `news_video` WHERE ( id=22 ) LIMIT 1   [ RunTime:0.0010s ]
SQL: SHOW COLUMNS FROM `news_videocomment` [ RunTime:0.0098s ]
SQL: SELECT * FROM `news_videocomment` WHERE `videoid` = 22 AND `pid` = 0  [ RunTime:0.0000s ]
SQL: SHOW COLUMNS FROM `news_user` [ RunTime:0.0107s ]
SQL: SELECT `head_pic` FROM `news_user` WHERE `name` = '123' LIMIT 1   [ RunTime:0.0010s ]
SQL: SELECT * FROM `news_videocomment` WHERE `videoid` = 22 AND `pid` = 11  [ RunTime:0.0000s ]
SQL: SELECT `head_pic` FROM `news_user` WHERE `name` = '123' LIMIT 1   [ RunTime:0.0000s ]
SQL: SELECT * FROM `news_videocomment` WHERE `videoid` = 22 AND `pid` = 12  [ RunTime:0.0000s ]

[ 2016-11-18T16:55:22+08:00 ] ::1 /foot/index.php/home/video/play/id/22
INFO: [ app_init ] --START--
INFO: Run Behavior\BuildLiteBehavior [ RunTime:0.000000s ]
INFO: [ app_init ] --END-- [ RunTime:0.000000s ]
INFO: [ app_begin ] --START--
INFO: Run Behavior\ReadHtmlCacheBehavior [ RunTime:0.000977s ]
INFO: [ app_begin ] --END-- [ RunTime:0.000977s ]
SQL: SHOW COLUMNS FROM `news_video` [ RunTime:0.0107s ]
SQL: SELECT * FROM `news_video` WHERE ( id=22 ) LIMIT 1   [ RunTime:0.0000s ]
SQL: SHOW COLUMNS FROM `news_videocomment` [ RunTime:0.0098s ]
SQL: SELECT * FROM `news_videocomment` WHERE `videoid` = 22 AND `pid` = 0  [ RunTime:0.0000s ]
SQL: SHOW COLUMNS FROM `news_user` [ RunTime:0.0107s ]
SQL: SELECT `head_pic` FROM `news_user` WHERE `name` = '123' LIMIT 1   [ RunTime:0.0000s ]
SQL: SELECT * FROM `news_videocomment` WHERE `videoid` = 22 AND `pid` = 11  [ RunTime:0.0000s ]
SQL: SELECT `head_pic` FROM `news_user` WHERE `name` = '123' LIMIT 1   [ RunTime:0.0000s ]
SQL: SELECT * FROM `news_videocomment` WHERE `videoid` = 22 AND `pid` = 12  [ RunTime:0.0010s ]

[ 2016-11-18T16:55:26+08:00 ] ::1 /foot/index.php/home/video/play/id/22
INFO: [ app_init ] --START--
INFO: Run Behavior\BuildLiteBehavior [ RunTime:0.000000s ]
INFO: [ app_init ] --END-- [ RunTime:0.000977s ]
INFO: [ app_begin ] --START--
INFO: Run Behavior\ReadHtmlCacheBehavior [ RunTime:0.000977s ]
INFO: [ app_begin ] --END-- [ RunTime:0.001953s ]
SQL: SHOW COLUMNS FROM `news_video` [ RunTime:0.0098s ]
SQL: SELECT * FROM `news_video` WHERE ( id=22 ) LIMIT 1   [ RunTime:0.0137s ]
SQL: SHOW COLUMNS FROM `news_videocomment` [ RunTime:0.0098s ]
SQL: SELECT * FROM `news_videocomment` WHERE `videoid` = 22 AND `pid` = 0  [ RunTime:0.0000s ]
SQL: SHOW COLUMNS FROM `news_user` [ RunTime:0.0107s ]
SQL: SELECT `head_pic` FROM `news_user` WHERE `name` = '123' LIMIT 1   [ RunTime:0.0010s ]
SQL: SELECT * FROM `news_videocomment` WHERE `videoid` = 22 AND `pid` = 11  [ RunTime:0.0000s ]
SQL: SELECT `head_pic` FROM `news_user` WHERE `name` = '123' LIMIT 1   [ RunTime:0.0000s ]
SQL: SELECT * FROM `news_videocomment` WHERE `videoid` = 22 AND `pid` = 12  [ RunTime:0.0010s ]

[ 2016-11-18T16:55:41+08:00 ] ::1 /foot/index.php/home/video/play/id/22
INFO: [ app_init ] --START--
INFO: Run Behavior\BuildLiteBehavior [ RunTime:0.000000s ]
INFO: [ app_init ] --END-- [ RunTime:0.000976s ]
INFO: [ app_begin ] --START--
INFO: Run Behavior\ReadHtmlCacheBehavior [ RunTime:0.000977s ]
INFO: [ app_begin ] --END-- [ RunTime:0.000977s ]
SQL: SHOW COLUMNS FROM `news_video` [ RunTime:0.0107s ]
SQL: SELECT * FROM `news_video` WHERE ( id=22 ) LIMIT 1   [ RunTime:0.0010s ]
SQL: SHOW COLUMNS FROM `news_videocomment` [ RunTime:0.0098s ]
SQL: SELECT * FROM `news_videocomment` WHERE `videoid` = 22 AND `pid` = 0  [ RunTime:0.0010s ]
SQL: SHOW COLUMNS FROM `news_user` [ RunTime:0.0098s ]
SQL: SELECT `head_pic` FROM `news_user` WHERE `name` = '123' LIMIT 1   [ RunTime:0.0010s ]
SQL: SELECT * FROM `news_videocomment` WHERE `videoid` = 22 AND `pid` = 11  [ RunTime:0.0000s ]
SQL: SELECT `head_pic` FROM `news_user` WHERE `name` = '123' LIMIT 1   [ RunTime:0.0010s ]
SQL: SELECT * FROM `news_videocomment` WHERE `videoid` = 22 AND `pid` = 12  [ RunTime:0.0010s ]
INFO: [ view_parse ] --START--
INFO: [ template_filter ] --START--
INFO: Run Behavior\ContentReplaceBehavior [ RunTime:0.000000s ]
INFO: [ template_filter ] --END-- [ RunTime:0.000977s ]
NOTIC: [8] Undefined variable: level3 D:\www\foot\Application\Runtime\Cache\Home\3962c1439881f76e0b56ff4f1dff9f00.php 第 117 行.
NOTIC: [8] Undefined index: head_pic D:\www\foot\Application\Runtime\Cache\Home\3962c1439881f76e0b56ff4f1dff9f00.php 第 119 行.
NOTIC: [8] Undefined variable: level3 D:\www\foot\Application\Runtime\Cache\Home\3962c1439881f76e0b56ff4f1dff9f00.php 第 134 行.
NOTIC: [8] Undefined variable: level3 D:\www\foot\Application\Runtime\Cache\Home\3962c1439881f76e0b56ff4f1dff9f00.php 第 117 行.
NOTIC: [8] Undefined index: head_pic D:\www\foot\Application\Runtime\Cache\Home\3962c1439881f76e0b56ff4f1dff9f00.php 第 119 行.
NOTIC: [8] Undefined variable: level3 D:\www\foot\Application\Runtime\Cache\Home\3962c1439881f76e0b56ff4f1dff9f00.php 第 134 行.
INFO: Run Behavior\ParseTemplateBehavior [ RunTime:0.025390s ]
INFO: [ view_parse ] --END-- [ RunTime:0.025390s ]
INFO: [ view_filter ] --START--
INFO: Run Behavior\WriteHtmlCacheBehavior [ RunTime:0.000000s ]
INFO: [ view_filter ] --END-- [ RunTime:0.000977s ]
INFO: [ app_end ] --START--
INFO: Run Behavior\ShowPageTraceBehavior [ RunTime:0.000977s ]
INFO: [ app_end ] --END-- [ RunTime:0.000977s ]

[ 2016-11-18T16:55:41+08:00 ] ::1 /foot/index.php/home/video/play/id/__PUBBLIC__/img/pay.jpg
INFO: [ app_init ] --START--
INFO: Run Behavior\BuildLiteBehavior [ RunTime:0.000000s ]
INFO: [ app_init ] --END-- [ RunTime:0.000977s ]

[ 2016-11-18T16:55:49+08:00 ] ::1 /foot/index.php/home/video/comment
INFO: [ app_init ] --START--
INFO: Run Behavior\BuildLiteBehavior [ RunTime:0.000000s ]
INFO: [ app_init ] --END-- [ RunTime:0.000000s ]
INFO: [ app_begin ] --START--
INFO: Run Behavior\ReadHtmlCacheBehavior [ RunTime:0.000977s ]
INFO: [ app_begin ] --END-- [ RunTime:0.000977s ]
SQL: SHOW COLUMNS FROM `news_videocomment` [ RunTime:0.0098s ]
ERR: 1048:Column 'editor' cannot be null
 [ SQL语句 ] : INSERT INTO `news_videocomment` (`pid`,`videoid`,`content`,`time`,`editor`) VALUES ('0','22','eeeer','2016-11-18 16:55:47',NULL)
ERR: 1048:Column 'editor' cannot be null
 [ SQL语句 ] : INSERT INTO `news_videocomment` (`pid`,`videoid`,`content`,`time`,`editor`) VALUES ('0','22','eeeer','2016-11-18 16:55:47',NULL)

[ 2016-11-18T16:55:58+08:00 ] ::1 /foot/index.php/home/video/comment
INFO: [ app_init ] --START--
INFO: Run Behavior\BuildLiteBehavior [ RunTime:0.000000s ]
INFO: [ app_init ] --END-- [ RunTime:0.000977s ]
INFO: [ app_begin ] --START--
INFO: Run Behavior\ReadHtmlCacheBehavior [ RunTime:0.000976s ]
INFO: [ app_begin ] --END-- [ RunTime:0.000976s ]
SQL: SHOW COLUMNS FROM `news_videocomment` [ RunTime:0.0107s ]
ERR: 1048:Column 'editor' cannot be null
 [ SQL语句 ] : INSERT INTO `news_videocomment` (`pid`,`videoid`,`content`,`time`,`editor`) VALUES ('0','22','eeeer','2016-11-18 16:55:57',NULL)
ERR: 1048:Column 'editor' cannot be null
 [ SQL语句 ] : INSERT INTO `news_videocomment` (`pid`,`videoid`,`content`,`time`,`editor`) VALUES ('0','22','eeeer','2016-11-18 16:55:57',NULL)

[ 2016-11-18T16:55:59+08:00 ] ::1 /foot/index.php/home/video/comment
INFO: [ app_init ] --START--
INFO: Run Behavior\BuildLiteBehavior [ RunTime:0.000000s ]
INFO: [ app_init ] --END-- [ RunTime:0.000977s ]
INFO: [ app_begin ] --START--
INFO: Run Behavior\ReadHtmlCacheBehavior [ RunTime:0.000976s ]
INFO: [ app_begin ] --END-- [ RunTime:0.001953s ]
SQL: SHOW COLUMNS FROM `news_videocomment` [ RunTime:0.0000s ]
ERR: 1048:Column 'editor' cannot be null
 [ SQL语句 ] : INSERT INTO `news_videocomment` (`pid`,`videoid`,`content`,`time`,`editor`) VALUES ('0','22','eeeer','2016-11-18 16:55:58',NULL)
ERR: 1048:Column 'editor' cannot be null
 [ SQL语句 ] : INSERT INTO `news_videocomment` (`pid`,`videoid`,`content`,`time`,`editor`) VALUES ('0','22','eeeer','2016-11-18 16:55:58',NULL)

[ 2016-11-18T16:56:00+08:00 ] ::1 /foot/index.php/home/video/comment
INFO: [ app_init ] --START--
INFO: Run Behavior\BuildLiteBehavior [ RunTime:0.000000s ]
INFO: [ app_init ] --END-- [ RunTime:0.000000s ]
INFO: [ app_begin ] --START--
INFO: Run Behavior\ReadHtmlCacheBehavior [ RunTime:0.000000s ]
INFO: [ app_begin ] --END-- [ RunTime:0.000000s ]
SQL: SHOW COLUMNS FROM `news_videocomment` [ RunTime:0.0098s ]
ERR: 1048:Column 'editor' cannot be null
 [ SQL语句 ] : INSERT INTO `news_videocomment` (`pid`,`videoid`,`content`,`time`,`editor`) VALUES ('0','22','eeeer','2016-11-18 16:55:59',NULL)
ERR: 1048:Column 'editor' cannot be null
 [ SQL语句 ] : INSERT INTO `news_videocomment` (`pid`,`videoid`,`content`,`time`,`editor`) VALUES ('0','22','eeeer','2016-11-18 16:55:59',NULL)

[ 2016-11-18T16:56:01+08:00 ] ::1 /foot/index.php/home/video/comment
INFO: [ app_init ] --START--
INFO: Run Behavior\BuildLiteBehavior [ RunTime:0.000000s ]
INFO: [ app_init ] --END-- [ RunTime:0.000976s ]
INFO: [ app_begin ] --START--
INFO: Run Behavior\ReadHtmlCacheBehavior [ RunTime:0.000977s ]
INFO: [ app_begin ] --END-- [ RunTime:0.001953s ]
SQL: SHOW COLUMNS FROM `news_videocomment` [ RunTime:0.0000s ]
ERR: 1048:Column 'editor' cannot be null
 [ SQL语句 ] : INSERT INTO `news_videocomment` (`pid`,`videoid`,`content`,`time`,`editor`) VALUES ('0','22','eeeer','2016-11-18 16:56:00',NULL)
ERR: 1048:Column 'editor' cannot be null
 [ SQL语句 ] : INSERT INTO `news_videocomment` (`pid`,`videoid`,`content`,`time`,`editor`) VALUES ('0','22','eeeer','2016-11-18 16:56:00',NULL)

[ 2016-11-18T16:56:02+08:00 ] ::1 /foot/index.php/home/video/comment
INFO: [ app_init ] --START--
INFO: Run Behavior\BuildLiteBehavior [ RunTime:0.000000s ]
INFO: [ app_init ] --END-- [ RunTime:0.000977s ]
INFO: [ app_begin ] --START--
INFO: Run Behavior\ReadHtmlCacheBehavior [ RunTime:0.000977s ]
INFO: [ app_begin ] --END-- [ RunTime:0.000977s ]
SQL: SHOW COLUMNS FROM `news_videocomment` [ RunTime:0.0098s ]
ERR: 1048:Column 'editor' cannot be null
 [ SQL语句 ] : INSERT INTO `news_videocomment` (`pid`,`videoid`,`content`,`time`,`editor`) VALUES ('0','22','eeeer','2016-11-18 16:56:01',NULL)
ERR: 1048:Column 'editor' cannot be null
 [ SQL语句 ] : INSERT INTO `news_videocomment` (`pid`,`videoid`,`content`,`time`,`editor`) VALUES ('0','22','eeeer','2016-11-18 16:56:01',NULL)

[ 2016-11-18T16:56:03+08:00 ] ::1 /foot/index.php/home/video/comment
INFO: [ app_init ] --START--
INFO: Run Behavior\BuildLiteBehavior [ RunTime:0.000000s ]
INFO: [ app_init ] --END-- [ RunTime:0.000977s ]
INFO: [ app_begin ] --START--
INFO: Run Behavior\ReadHtmlCacheBehavior [ RunTime:0.000977s ]
INFO: [ app_begin ] --END-- [ RunTime:0.000977s ]
SQL: SHOW COLUMNS FROM `news_videocomment` [ RunTime:0.0000s ]
ERR: 1048:Column 'editor' cannot be null
 [ SQL语句 ] : INSERT INTO `news_videocomment` (`pid`,`videoid`,`content`,`time`,`editor`) VALUES ('0','22','eeeer','2016-11-18 16:56:02',NULL)
ERR: 1048:Column 'editor' cannot be null
 [ SQL语句 ] : INSERT INTO `news_videocomment` (`pid`,`videoid`,`content`,`time`,`editor`) VALUES ('0','22','eeeer','2016-11-18 16:56:02',NULL)

[ 2016-11-18T16:56:14+08:00 ] ::1 /foot/index.php/home/video/play/id/22
INFO: [ app_init ] --START--
INFO: Run Behavior\BuildLiteBehavior [ RunTime:0.000000s ]
INFO: [ app_init ] --END-- [ RunTime:0.000977s ]
INFO: [ app_begin ] --START--
INFO: Run Behavior\ReadHtmlCacheBehavior [ RunTime:0.000977s ]
INFO: [ app_begin ] --END-- [ RunTime:0.000977s ]
SQL: SHOW COLUMNS FROM `news_video` [ RunTime:0.0107s ]
SQL: SELECT * FROM `news_video` WHERE ( id=22 ) LIMIT 1   [ RunTime:0.0010s ]
SQL: SHOW COLUMNS FROM `news_videocomment` [ RunTime:0.0107s ]
SQL: SELECT * FROM `news_videocomment` WHERE `videoid` = 22 AND `pid` = 0  [ RunTime:0.0010s ]
SQL: SHOW COLUMNS FROM `news_user` [ RunTime:0.0098s ]
SQL: SELECT `head_pic` FROM `news_user` WHERE `name` = '123' LIMIT 1   [ RunTime:0.0000s ]
SQL: SELECT * FROM `news_videocomment` WHERE `videoid` = 22 AND `pid` = 11  [ RunTime:0.0010s ]
SQL: SELECT `head_pic` FROM `news_user` WHERE `name` = '123' LIMIT 1   [ RunTime:0.0000s ]
SQL: SELECT * FROM `news_videocomment` WHERE `videoid` = 22 AND `pid` = 12  [ RunTime:0.0010s ]
INFO: [ view_parse ] --START--
INFO: [ template_filter ] --START--
INFO: Run Behavior\ContentReplaceBehavior [ RunTime:0.000000s ]
INFO: [ template_filter ] --END-- [ RunTime:0.000000s ]
NOTIC: [8] Undefined variable: level3 D:\www\foot\Application\Runtime\Cache\Home\3962c1439881f76e0b56ff4f1dff9f00.php 第 117 行.
NOTIC: [8] Undefined index: head_pic D:\www\foot\Application\Runtime\Cache\Home\3962c1439881f76e0b56ff4f1dff9f00.php 第 119 行.
NOTIC: [8] Undefined variable: level3 D:\www\foot\Application\Runtime\Cache\Home\3962c1439881f76e0b56ff4f1dff9f00.php 第 134 行.
NOTIC: [8] Undefined variable: level3 D:\www\foot\Application\Runtime\Cache\Home\3962c1439881f76e0b56ff4f1dff9f00.php 第 117 行.
NOTIC: [8] Undefined index: head_pic D:\www\foot\Application\Runtime\Cache\Home\3962c1439881f76e0b56ff4f1dff9f00.php 第 119 行.
NOTIC: [8] Undefined variable: level3 D:\www\foot\Application\Runtime\Cache\Home\3962c1439881f76e0b56ff4f1dff9f00.php 第 134 行.
INFO: Run Behavior\ParseTemplateBehavior [ RunTime:0.027344s ]
INFO: [ view_parse ] --END-- [ RunTime:0.027344s ]
INFO: [ view_filter ] --START--
INFO: Run Behavior\WriteHtmlCacheBehavior [ RunTime:0.000000s ]
INFO: [ view_filter ] --END-- [ RunTime:0.000000s ]
INFO: [ app_end ] --START--
INFO: Run Behavior\ShowPageTraceBehavior [ RunTime:0.000976s ]
INFO: [ app_end ] --END-- [ RunTime:0.000976s ]

[ 2016-11-18T16:56:14+08:00 ] ::1 /foot/index.php/home/video/play/id/__PUBBLIC__/img/pay.jpg
INFO: [ app_init ] --START--
INFO: Run Behavior\BuildLiteBehavior [ RunTime:0.000000s ]
INFO: [ app_init ] --END-- [ RunTime:0.000000s ]

[ 2016-11-18T16:56:46+08:00 ] ::1 /foot/index.php/home/video/play/id/22
INFO: [ app_init ] --START--
INFO: Run Behavior\BuildLiteBehavior [ RunTime:0.000000s ]
INFO: [ app_init ] --END-- [ RunTime:0.000977s ]
INFO: [ app_begin ] --START--
INFO: Run Behavior\ReadHtmlCacheBehavior [ RunTime:0.001953s ]
INFO: [ app_begin ] --END-- [ RunTime:0.001953s ]
SQL: SHOW COLUMNS FROM `news_video` [ RunTime:0.0098s ]
SQL: SELECT * FROM `news_video` WHERE ( id=22 ) LIMIT 1   [ RunTime:0.0000s ]
SQL: SHOW COLUMNS FROM `news_videocomment` [ RunTime:0.0098s ]
SQL: SELECT * FROM `news_videocomment` WHERE `videoid` = 22 AND `pid` = 0  [ RunTime:0.0000s ]
SQL: SHOW COLUMNS FROM `news_user` [ RunTime:0.0098s ]
SQL: SELECT `head_pic` FROM `news_user` WHERE `name` = '123' LIMIT 1   [ RunTime:0.0000s ]
SQL: SELECT * FROM `news_videocomment` WHERE `videoid` = 22 AND `pid` = 11  [ RunTime:0.0000s ]
SQL: SELECT `head_pic` FROM `news_user` WHERE `name` = '123' LIMIT 1   [ RunTime:0.0000s ]
SQL: SELECT * FROM `news_videocomment` WHERE `videoid` = 22 AND `pid` = 12  [ RunTime:0.0000s ]

[ 2016-11-18T16:58:06+08:00 ] ::1 /foot/index.php/home/video/play/id/22
INFO: [ app_init ] --START--
INFO: Run Behavior\BuildLiteBehavior [ RunTime:0.000000s ]
INFO: [ app_init ] --END-- [ RunTime:0.000977s ]
INFO: [ app_begin ] --START--
INFO: Run Behavior\ReadHtmlCacheBehavior [ RunTime:0.001953s ]
INFO: [ app_begin ] --END-- [ RunTime:0.001953s ]
SQL: SHOW COLUMNS FROM `news_video` [ RunTime:0.0107s ]
SQL: SELECT * FROM `news_video` WHERE ( id=22 ) LIMIT 1   [ RunTime:0.0000s ]
SQL: SHOW COLUMNS FROM `news_videocomment` [ RunTime:0.0107s ]
SQL: SELECT * FROM `news_videocomment` WHERE `videoid` = 22 AND `pid` = 0  [ RunTime:0.0010s ]
SQL: SHOW COLUMNS FROM `news_user` [ RunTime:0.0107s ]
SQL: SELECT `head_pic` FROM `news_user` WHERE `name` = '123' LIMIT 1   [ RunTime:0.0010s ]
SQL: SELECT * FROM `news_videocomment` WHERE `videoid` = 22 AND `pid` = 11  [ RunTime:0.0000s ]
SQL: SELECT `head_pic` FROM `news_user` WHERE `name` = '123' LIMIT 1   [ RunTime:0.0000s ]
SQL: SELECT * FROM `news_videocomment` WHERE `videoid` = 22 AND `pid` = 12  [ RunTime:0.0000s ]

[ 2016-11-18T16:58:14+08:00 ] ::1 /foot/index.php/home/video/play/id/22
INFO: [ app_init ] --START--
INFO: Run Behavior\BuildLiteBehavior [ RunTime:0.000000s ]
INFO: [ app_init ] --END-- [ RunTime:0.000000s ]
INFO: [ app_begin ] --START--
INFO: Run Behavior\ReadHtmlCacheBehavior [ RunTime:0.001953s ]
INFO: [ app_begin ] --END-- [ RunTime:0.001953s ]
SQL: SHOW COLUMNS FROM `news_video` [ RunTime:0.0107s ]
SQL: SELECT * FROM `news_video` WHERE ( id=22 ) LIMIT 1   [ RunTime:0.0000s ]
SQL: SHOW COLUMNS FROM `news_videocomment` [ RunTime:0.0098s ]
SQL: SELECT * FROM `news_videocomment` WHERE `videoid` = 22 AND `pid` = 0  [ RunTime:0.0000s ]
SQL: SHOW COLUMNS FROM `news_user` [ RunTime:0.0098s ]
SQL: SELECT `head_pic` FROM `news_user` WHERE `name` = '123' LIMIT 1   [ RunTime:0.0010s ]
SQL: SELECT * FROM `news_videocomment` WHERE `videoid` = 22 AND `pid` = 11  [ RunTime:0.0000s ]
SQL: SELECT `head_pic` FROM `news_user` WHERE `name` = '123' LIMIT 1   [ RunTime:0.0000s ]
SQL: SELECT * FROM `news_videocomment` WHERE `videoid` = 22 AND `pid` = 12  [ RunTime:0.0000s ]
INFO: [ view_parse ] --START--
INFO: [ template_filter ] --START--
INFO: Run Behavior\ContentReplaceBehavior [ RunTime:0.000000s ]
INFO: [ template_filter ] --END-- [ RunTime:0.000000s ]
NOTIC: [8] Undefined variable: level3 D:\www\foot\Application\Runtime\Cache\Home\3962c1439881f76e0b56ff4f1dff9f00.php 第 117 行.
NOTIC: [8] Undefined variable: level3 D:\www\foot\Application\Runtime\Cache\Home\3962c1439881f76e0b56ff4f1dff9f00.php 第 134 行.
NOTIC: [8] Undefined variable: level3 D:\www\foot\Application\Runtime\Cache\Home\3962c1439881f76e0b56ff4f1dff9f00.php 第 117 行.
NOTIC: [8] Undefined variable: level3 D:\www\foot\Application\Runtime\Cache\Home\3962c1439881f76e0b56ff4f1dff9f00.php 第 134 行.
INFO: Run Behavior\ParseTemplateBehavior [ RunTime:0.014648s ]
INFO: [ view_parse ] --END-- [ RunTime:0.014648s ]
INFO: [ view_filter ] --START--
INFO: Run Behavior\WriteHtmlCacheBehavior [ RunTime:0.000977s ]
INFO: [ view_filter ] --END-- [ RunTime:0.000977s ]
INFO: [ app_end ] --START--
INFO: Run Behavior\ShowPageTraceBehavior [ RunTime:0.000976s ]
INFO: [ app_end ] --END-- [ RunTime:0.000976s ]

[ 2016-11-18T16:58:14+08:00 ] ::1 /foot/index.php/home/video/play/id/public/img/default.jpg
INFO: [ app_init ] --START--
INFO: Run Behavior\BuildLiteBehavior [ RunTime:0.000000s ]
INFO: [ app_init ] --END-- [ RunTime:0.000976s ]

[ 2016-11-18T16:58:14+08:00 ] ::1 /foot/index.php/home/video/play/id/__PUBBLIC__/img/pay.jpg
INFO: [ app_init ] --START--
INFO: Run Behavior\BuildLiteBehavior [ RunTime:0.000000s ]
INFO: [ app_init ] --END-- [ RunTime:0.000976s ]

[ 2016-11-18T16:59:24+08:00 ] ::1 /foot/index.php/home/video/play/id/22
INFO: [ app_init ] --START--
INFO: Run Behavior\BuildLiteBehavior [ RunTime:0.000000s ]
INFO: [ app_init ] --END-- [ RunTime:0.000976s ]
INFO: [ app_begin ] --START--
INFO: Run Behavior\ReadHtmlCacheBehavior [ RunTime:0.000977s ]
INFO: [ app_begin ] --END-- [ RunTime:0.000977s ]
SQL: SHOW COLUMNS FROM `news_video` [ RunTime:0.0107s ]
SQL: SELECT * FROM `news_video` WHERE ( id=22 ) LIMIT 1   [ RunTime:0.0000s ]
SQL: SHOW COLUMNS FROM `news_videocomment` [ RunTime:0.0088s ]
SQL: SELECT * FROM `news_videocomment` WHERE `videoid` = 22 AND `pid` = 0  [ RunTime:0.0439s ]
SQL: SHOW COLUMNS FROM `news_user` [ RunTime:0.0107s ]
SQL: SELECT `head_pic` FROM `news_user` WHERE `name` = '123' LIMIT 1   [ RunTime:0.0010s ]
SQL: SELECT * FROM `news_videocomment` WHERE `videoid` = 22 AND `pid` = 11  [ RunTime:0.0000s ]
SQL: SELECT `head_pic` FROM `news_user` WHERE `name` = '123' LIMIT 1   [ RunTime:0.0000s ]
SQL: SELECT * FROM `news_videocomment` WHERE `videoid` = 22 AND `pid` = 12  [ RunTime:0.0000s ]
INFO: [ view_parse ] --START--
INFO: [ template_filter ] --START--
INFO: Run Behavior\ContentReplaceBehavior [ RunTime:0.000000s ]
INFO: [ template_filter ] --END-- [ RunTime:0.000000s ]
NOTIC: [8] Undefined variable: level3 D:\www\foot\Application\Runtime\Cache\Home\3962c1439881f76e0b56ff4f1dff9f00.php 第 117 行.
NOTIC: [8] Undefined variable: level3 D:\www\foot\Application\Runtime\Cache\Home\3962c1439881f76e0b56ff4f1dff9f00.php 第 134 行.
NOTIC: [8] Undefined variable: level3 D:\www\foot\Application\Runtime\Cache\Home\3962c1439881f76e0b56ff4f1dff9f00.php 第 117 行.
NOTIC: [8] Undefined variable: level3 D:\www\foot\Application\Runtime\Cache\Home\3962c1439881f76e0b56ff4f1dff9f00.php 第 134 行.
INFO: Run Behavior\ParseTemplateBehavior [ RunTime:0.014648s ]
INFO: [ view_parse ] --END-- [ RunTime:0.014648s ]
INFO: [ view_filter ] --START--
INFO: Run Behavior\WriteHtmlCacheBehavior [ RunTime:0.000000s ]
INFO: [ view_filter ] --END-- [ RunTime:0.000000s ]
INFO: [ app_end ] --START--
INFO: Run Behavior\ShowPageTraceBehavior [ RunTime:0.000976s ]
INFO: [ app_end ] --END-- [ RunTime:0.000976s ]

[ 2016-11-18T16:59:24+08:00 ] ::1 /foot/index.php/home/video/play/id/__PUBBLIC__/img/pay.jpg
INFO: [ app_init ] --START--
INFO: Run Behavior\BuildLiteBehavior [ RunTime:0.000000s ]
INFO: [ app_init ] --END-- [ RunTime:0.000000s ]

[ 2016-11-18T17:00:00+08:00 ] ::1 /foot/index.php/home/video/play/id/22
INFO: [ app_init ] --START--
INFO: Run Behavior\BuildLiteBehavior [ RunTime:0.000000s ]
INFO: [ app_init ] --END-- [ RunTime:0.000000s ]
INFO: [ app_begin ] --START--
INFO: Run Behavior\ReadHtmlCacheBehavior [ RunTime:0.001953s ]
INFO: [ app_begin ] --END-- [ RunTime:0.001953s ]
SQL: SHOW COLUMNS FROM `news_video` [ RunTime:0.0098s ]
SQL: SELECT * FROM `news_video` WHERE ( id=22 ) LIMIT 1   [ RunTime:0.0000s ]
SQL: SHOW COLUMNS FROM `news_videocomment` [ RunTime:0.0107s ]
SQL: SELECT * FROM `news_videocomment` WHERE `videoid` = 22 AND `pid` = 0  [ RunTime:0.0010s ]
SQL: SHOW COLUMNS FROM `news_user` [ RunTime:0.0098s ]
SQL: SELECT `head_pic` FROM `news_user` WHERE `name` = '123' LIMIT 1   [ RunTime:0.0000s ]
SQL: SELECT * FROM `news_videocomment` WHERE `videoid` = 22 AND `pid` = 11  [ RunTime:0.0010s ]
SQL: SELECT `head_pic` FROM `news_user` WHERE `name` = '123' LIMIT 1   [ RunTime:0.0000s ]
SQL: SELECT * FROM `news_videocomment` WHERE `videoid` = 22 AND `pid` = 12  [ RunTime:0.0010s ]
INFO: [ view_parse ] --START--
INFO: [ template_filter ] --START--
INFO: Run Behavior\ContentReplaceBehavior [ RunTime:0.000000s ]
INFO: [ template_filter ] --END-- [ RunTime:0.000000s ]
NOTIC: [8] Undefined variable: level3 D:\www\foot\Application\Runtime\Cache\Home\3962c1439881f76e0b56ff4f1dff9f00.php 第 117 行.
NOTIC: [8] Undefined variable: level3 D:\www\foot\Application\Runtime\Cache\Home\3962c1439881f76e0b56ff4f1dff9f00.php 第 134 行.
NOTIC: [8] Undefined variable: level3 D:\www\foot\Application\Runtime\Cache\Home\3962c1439881f76e0b56ff4f1dff9f00.php 第 117 行.
NOTIC: [8] Undefined variable: level3 D:\www\foot\Application\Runtime\Cache\Home\3962c1439881f76e0b56ff4f1dff9f00.php 第 134 行.
INFO: Run Behavior\ParseTemplateBehavior [ RunTime:0.014648s ]
INFO: [ view_parse ] --END-- [ RunTime:0.014648s ]
INFO: [ view_filter ] --START--
INFO: Run Behavior\WriteHtmlCacheBehavior [ RunTime:0.000977s ]
INFO: [ view_filter ] --END-- [ RunTime:0.000977s ]
INFO: [ app_end ] --START--
INFO: Run Behavior\ShowPageTraceBehavior [ RunTime:0.000977s ]
INFO: [ app_end ] --END-- [ RunTime:0.001953s ]

[ 2016-11-18T17:00:00+08:00 ] ::1 /foot/index.php/home/video/play/id/__PUBBLIC__/img/pay.jpg
INFO: [ app_init ] --START--
INFO: Run Behavior\BuildLiteBehavior [ RunTime:0.000000s ]
INFO: [ app_init ] --END-- [ RunTime:0.000977s ]

[ 2016-11-18T17:00:07+08:00 ] ::1 /foot/index.php/home/video/comment
INFO: [ app_init ] --START--
INFO: Run Behavior\BuildLiteBehavior [ RunTime:0.000000s ]
INFO: [ app_init ] --END-- [ RunTime:0.000977s ]
INFO: [ app_begin ] --START--
INFO: Run Behavior\ReadHtmlCacheBehavior [ RunTime:0.000976s ]
INFO: [ app_begin ] --END-- [ RunTime:0.001953s ]
SQL: SHOW COLUMNS FROM `news_videocomment` [ RunTime:0.0000s ]
ERR: 1048:Column 'editor' cannot be null
 [ SQL语句 ] : INSERT INTO `news_videocomment` (`pid`,`videoid`,`content`,`time`,`editor`) VALUES ('0','22','AD','2016-11-18 17:00:06',NULL)
ERR: 1048:Column 'editor' cannot be null
 [ SQL语句 ] : INSERT INTO `news_videocomment` (`pid`,`videoid`,`content`,`time`,`editor`) VALUES ('0','22','AD','2016-11-18 17:00:06',NULL)

[ 2016-11-18T17:00:11+08:00 ] ::1 /foot/index.php/home/user/login
INFO: [ app_init ] --START--
INFO: Run Behavior\BuildLiteBehavior [ RunTime:0.000000s ]
INFO: [ app_init ] --END-- [ RunTime:0.000977s ]
INFO: [ app_begin ] --START--
INFO: Run Behavior\ReadHtmlCacheBehavior [ RunTime:0.001953s ]
INFO: [ app_begin ] --END-- [ RunTime:0.001953s ]
INFO: [ view_parse ] --START--
INFO: [ template_filter ] --START--
INFO: Run Behavior\ContentReplaceBehavior [ RunTime:0.000000s ]
INFO: [ template_filter ] --END-- [ RunTime:0.000000s ]
INFO: Run Behavior\ParseTemplateBehavior [ RunTime:0.035156s ]
INFO: [ view_parse ] --END-- [ RunTime:0.035156s ]
INFO: [ view_filter ] --START--
INFO: Run Behavior\WriteHtmlCacheBehavior [ RunTime:0.000976s ]
INFO: [ view_filter ] --END-- [ RunTime:0.000976s ]
INFO: [ app_end ] --START--
INFO: Run Behavior\ShowPageTraceBehavior [ RunTime:0.000977s ]
INFO: [ app_end ] --END-- [ RunTime:0.000977s ]

[ 2016-11-18T17:00:14+08:00 ] ::1 /foot/index.php/home/user/chklogin
INFO: [ app_init ] --START--
INFO: Run Behavior\BuildLiteBehavior [ RunTime:0.000000s ]
INFO: [ app_init ] --END-- [ RunTime:0.000976s ]
INFO: [ app_begin ] --START--
INFO: Run Behavior\ReadHtmlCacheBehavior [ RunTime:0.000976s ]
INFO: [ app_begin ] --END-- [ RunTime:0.000976s ]
SQL: SHOW COLUMNS FROM `news_user` [ RunTime:0.0107s ]
SQL: SELECT COUNT(*) AS tp_count FROM `news_user` WHERE `name` = 'admin' AND `password` = '123456' LIMIT 1   [ RunTime:0.0000s ]

[ 2016-11-18T17:00:26+08:00 ] ::1 /foot/index.php/home/user/chklogin
INFO: [ app_init ] --START--
INFO: Run Behavior\BuildLiteBehavior [ RunTime:0.000000s ]
INFO: [ app_init ] --END-- [ RunTime:0.000977s ]
INFO: [ app_begin ] --START--
INFO: Run Behavior\ReadHtmlCacheBehavior [ RunTime:0.000976s ]
INFO: [ app_begin ] --END-- [ RunTime:0.000976s ]
SQL: SHOW COLUMNS FROM `news_user` [ RunTime:0.0000s ]
SQL: SELECT COUNT(*) AS tp_count FROM `news_user` WHERE `name` = 'admin' AND `password` = 'CHEN1210' LIMIT 1   [ RunTime:0.0000s ]

[ 2016-11-18T17:00:40+08:00 ] ::1 /foot/index.php/home/user/chklogin
INFO: [ app_init ] --START--
INFO: Run Behavior\BuildLiteBehavior [ RunTime:0.000000s ]
INFO: [ app_init ] --END-- [ RunTime:0.000000s ]
INFO: [ app_begin ] --START--
INFO: Run Behavior\ReadHtmlCacheBehavior [ RunTime:0.000977s ]
INFO: [ app_begin ] --END-- [ RunTime:0.000977s ]
SQL: SHOW COLUMNS FROM `news_user` [ RunTime:0.0078s ]
SQL: SELECT COUNT(*) AS tp_count FROM `news_user` WHERE `name` = 'xujaijaia' AND `password` = 'CHEN1210' LIMIT 1   [ RunTime:0.0000s ]

[ 2016-11-18T17:01:04+08:00 ] ::1 /foot/index.php/home/user/chklogin
INFO: [ app_init ] --START--
INFO: Run Behavior\BuildLiteBehavior [ RunTime:0.000000s ]
INFO: [ app_init ] --END-- [ RunTime:0.000977s ]
INFO: [ app_begin ] --START--
INFO: Run Behavior\ReadHtmlCacheBehavior [ RunTime:0.000976s ]
INFO: [ app_begin ] --END-- [ RunTime:0.000976s ]
SQL: SHOW COLUMNS FROM `news_user` [ RunTime:0.0000s ]
SQL: SELECT COUNT(*) AS tp_count FROM `news_user` WHERE `name` = 'admin' AND `password` = 'admin' LIMIT 1   [ RunTime:0.0000s ]

[ 2016-11-18T17:01:09+08:00 ] ::1 /foot/index.php/home/index/index
INFO: [ app_init ] --START--
INFO: Run Behavior\BuildLiteBehavior [ RunTime:0.000000s ]
INFO: [ app_init ] --END-- [ RunTime:0.000000s ]
INFO: [ app_begin ] --START--
INFO: Run Behavior\ReadHtmlCacheBehavior [ RunTime:0.000976s ]
INFO: [ app_begin ] --END-- [ RunTime:0.000976s ]
SQL: SHOW COLUMNS FROM `news_lesson` [ RunTime:0.0107s ]
SQL: SELECT * FROM `news_lesson` ORDER BY addtime desc LIMIT 4   [ RunTime:0.0010s ]
SQL: SHOW COLUMNS FROM `news_picnews` [ RunTime:0.0107s ]
SQL: SELECT * FROM `news_picnews` ORDER BY time desc LIMIT 6   [ RunTime:0.0010s ]
SQL: SELECT * FROM `news_picnews` WHERE `type` = 'gzhd' ORDER BY time desc LIMIT 6   [ RunTime:0.0000s ]
SQL: SELECT * FROM `news_picnews` WHERE `type` = 'sdln' ORDER BY time desc LIMIT 6   [ RunTime:0.0010s ]
SQL: SELECT * FROM `news_picnews` ORDER BY view desc LIMIT 6   [ RunTime:0.0000s ]
SQL: SELECT * FROM `news_picnews` ORDER BY love desc LIMIT 3   [ RunTime:0.0000s ]
SQL: SHOW COLUMNS FROM `news_video` [ RunTime:0.0107s ]
SQL: SELECT * FROM `news_video` ORDER BY addtime desc LIMIT 6   [ RunTime:0.0000s ]
SQL: SHOW COLUMNS FROM `news_rank` [ RunTime:0.0107s ]
SQL: SELECT * FROM `news_rank` ORDER BY rank LIMIT 8   [ RunTime:0.0010s ]
SQL: SHOW COLUMNS FROM `news_lesson` [ RunTime:0.0098s ]
SQL: SELECT * FROM `news_lesson` ORDER BY addtime desc LIMIT 5   [ RunTime:0.0000s ]
SQL: SELECT * FROM `news_lesson` WHERE `forteam` = '广州恒大' ORDER BY view desc LIMIT 5   [ RunTime:0.0010s ]
SQL: SELECT * FROM `news_lesson` WHERE `forteam` = '山东鲁能' ORDER BY view desc LIMIT 5   [ RunTime:0.0000s ]
SQL: SELECT * FROM `news_lesson` WHERE `forteam` = '北京国安' ORDER BY view desc LIMIT 5   [ RunTime:0.0000s ]
SQL: SELECT * FROM `news_video` WHERE `type` = 'gzhd'  [ RunTime:0.0010s ]
INFO: [ view_parse ] --START--
INFO: [ template_filter ] --START--
INFO: Run Behavior\ContentReplaceBehavior [ RunTime:0.000000s ]
INFO: [ template_filter ] --END-- [ RunTime:0.000000s ]
NOTIC: [8] Undefined index: view D:\www\foot\Application\Runtime\Cache\Home\74c9bdbded7009a43a281be8a565b911.php 第 426 行.
NOTIC: [8] Undefined index: view D:\www\foot\Application\Runtime\Cache\Home\74c9bdbded7009a43a281be8a565b911.php 第 426 行.
NOTIC: [8] Undefined index: view D:\www\foot\Application\Runtime\Cache\Home\74c9bdbded7009a43a281be8a565b911.php 第 426 行.
NOTIC: [8] Undefined index: view D:\www\foot\Application\Runtime\Cache\Home\74c9bdbded7009a43a281be8a565b911.php 第 426 行.
INFO: Run Behavior\ParseTemplateBehavior [ RunTime:0.020508s ]
INFO: [ view_parse ] --END-- [ RunTime:0.021484s ]
INFO: [ view_filter ] --START--
INFO: Run Behavior\WriteHtmlCacheBehavior [ RunTime:0.000000s ]
INFO: [ view_filter ] --END-- [ RunTime:0.000000s ]
INFO: [ app_end ] --START--
INFO: Run Behavior\ShowPageTraceBehavior [ RunTime:0.000976s ]
INFO: [ app_end ] --END-- [ RunTime:0.000976s ]

[ 2016-11-18T17:01:15+08:00 ] ::1 /foot/index.php/home/user/center
INFO: [ app_init ] --START--
INFO: Run Behavior\BuildLiteBehavior [ RunTime:0.000000s ]
INFO: [ app_init ] --END-- [ RunTime:0.000977s ]
INFO: [ app_begin ] --START--
INFO: Run Behavior\ReadHtmlCacheBehavior [ RunTime:0.000976s ]
INFO: [ app_begin ] --END-- [ RunTime:0.000976s ]
SQL: SHOW COLUMNS FROM `news_user` [ RunTime:0.0107s ]
SQL: SELECT * FROM `news_user` WHERE `name` = 'admin' LIMIT 1   [ RunTime:0.0000s ]
SQL: SHOW COLUMNS FROM `news_lesson` [ RunTime:0.0098s ]
SQL: SELECT * FROM `news_lesson` WHERE `editor` = 'admin'  [ RunTime:0.0000s ]
INFO: [ view_parse ] --START--
INFO: [ template_filter ] --START--
INFO: Run Behavior\ContentReplaceBehavior [ RunTime:0.000000s ]
INFO: [ template_filter ] --END-- [ RunTime:0.000000s ]
INFO: Run Behavior\ParseTemplateBehavior [ RunTime:0.014649s ]
INFO: [ view_parse ] --END-- [ RunTime:0.014649s ]
INFO: [ view_filter ] --START--
INFO: Run Behavior\WriteHtmlCacheBehavior [ RunTime:0.000976s ]
INFO: [ view_filter ] --END-- [ RunTime:0.000976s ]
INFO: [ app_end ] --START--
INFO: Run Behavior\ShowPageTraceBehavior [ RunTime:0.000977s ]
INFO: [ app_end ] --END-- [ RunTime:0.000977s ]

[ 2016-11-18T17:01:18+08:00 ] ::1 /foot/index.php/home/user/update
INFO: [ app_init ] --START--
INFO: Run Behavior\BuildLiteBehavior [ RunTime:0.000000s ]
INFO: [ app_init ] --END-- [ RunTime:0.000000s ]
INFO: [ app_begin ] --START--
INFO: Run Behavior\ReadHtmlCacheBehavior [ RunTime:0.000976s ]
INFO: [ app_begin ] --END-- [ RunTime:0.000976s ]
SQL: SHOW COLUMNS FROM `news_user` [ RunTime:0.0107s ]
SQL: SELECT * FROM `news_user` WHERE `name` = 'admin' LIMIT 1   [ RunTime:0.0000s ]
INFO: [ view_parse ] --START--
INFO: [ template_filter ] --START--
INFO: Run Behavior\ContentReplaceBehavior [ RunTime:0.000000s ]
INFO: [ template_filter ] --END-- [ RunTime:0.000000s ]
INFO: Run Behavior\ParseTemplateBehavior [ RunTime:0.013672s ]
INFO: [ view_parse ] --END-- [ RunTime:0.013672s ]
INFO: [ view_filter ] --START--
INFO: Run Behavior\WriteHtmlCacheBehavior [ RunTime:0.000976s ]
INFO: [ view_filter ] --END-- [ RunTime:0.000976s ]
INFO: [ app_end ] --START--
INFO: Run Behavior\ShowPageTraceBehavior [ RunTime:0.000977s ]
INFO: [ app_end ] --END-- [ RunTime:0.001954s ]

[ 2016-11-18T17:01:21+08:00 ] ::1 /foot/index.php/home/user/update
INFO: [ app_init ] --START--
INFO: Run Behavior\BuildLiteBehavior [ RunTime:0.000000s ]
INFO: [ app_init ] --END-- [ RunTime:0.000976s ]
INFO: [ app_begin ] --START--
INFO: Run Behavior\ReadHtmlCacheBehavior [ RunTime:0.000977s ]
INFO: [ app_begin ] --END-- [ RunTime:0.000977s ]
SQL: SHOW COLUMNS FROM `news_user` [ RunTime:0.0107s ]
SQL: SELECT * FROM `news_user` WHERE `name` = 'admin' LIMIT 1   [ RunTime:0.0000s ]
INFO: [ view_parse ] --START--
INFO: [ template_filter ] --START--
INFO: Run Behavior\ContentReplaceBehavior [ RunTime:0.000000s ]
INFO: [ template_filter ] --END-- [ RunTime:0.000977s ]
INFO: Run Behavior\ParseTemplateBehavior [ RunTime:0.013672s ]
INFO: [ view_parse ] --END-- [ RunTime:0.013672s ]
INFO: [ view_filter ] --START--
INFO: Run Behavior\WriteHtmlCacheBehavior [ RunTime:0.000977s ]
INFO: [ view_filter ] --END-- [ RunTime:0.000977s ]
INFO: [ app_end ] --START--
INFO: Run Behavior\ShowPageTraceBehavior [ RunTime:0.000976s ]
INFO: [ app_end ] --END-- [ RunTime:0.000976s ]

[ 2016-11-18T17:02:03+08:00 ] ::1 /foot/index.php/home/user/center
INFO: [ app_init ] --START--
INFO: Run Behavior\BuildLiteBehavior [ RunTime:0.000000s ]
INFO: [ app_init ] --END-- [ RunTime:0.000977s ]
INFO: [ app_begin ] --START--
INFO: Run Behavior\ReadHtmlCacheBehavior [ RunTime:0.000976s ]
INFO: [ app_begin ] --END-- [ RunTime:0.000976s ]
SQL: SHOW COLUMNS FROM `news_user` [ RunTime:0.0107s ]
SQL: SELECT * FROM `news_user` WHERE `name` = 'admin' LIMIT 1   [ RunTime:0.0010s ]
SQL: SHOW COLUMNS FROM `news_lesson` [ RunTime:0.0098s ]
SQL: SELECT * FROM `news_lesson` WHERE `editor` = 'admin'  [ RunTime:0.0010s ]
INFO: [ view_parse ] --START--
INFO: [ template_filter ] --START--
INFO: Run Behavior\ContentReplaceBehavior [ RunTime:0.000000s ]
INFO: [ template_filter ] --END-- [ RunTime:0.000000s ]
INFO: Run Behavior\ParseTemplateBehavior [ RunTime:0.014648s ]
INFO: [ view_parse ] --END-- [ RunTime:0.014648s ]
INFO: [ view_filter ] --START--
INFO: Run Behavior\WriteHtmlCacheBehavior [ RunTime:0.000977s ]
INFO: [ view_filter ] --END-- [ RunTime:0.000977s ]
INFO: [ app_end ] --START--
INFO: Run Behavior\ShowPageTraceBehavior [ RunTime:0.001953s ]
INFO: [ app_end ] --END-- [ RunTime:0.001953s ]

[ 2016-11-18T17:02:05+08:00 ] ::1 /foot/index.php/home/index/img
INFO: [ app_init ] --START--
INFO: Run Behavior\BuildLiteBehavior [ RunTime:0.000000s ]
INFO: [ app_init ] --END-- [ RunTime:0.000000s ]
INFO: [ app_begin ] --START--
INFO: Run Behavior\ReadHtmlCacheBehavior [ RunTime:0.000977s ]
INFO: [ app_begin ] --END-- [ RunTime:0.000977s ]
INFO: [ view_parse ] --START--
INFO: [ template_filter ] --START--
INFO: Run Behavior\ContentReplaceBehavior [ RunTime:0.000000s ]
INFO: [ template_filter ] --END-- [ RunTime:0.000000s ]
INFO: Run Behavior\ParseTemplateBehavior [ RunTime:0.012696s ]
INFO: [ view_parse ] --END-- [ RunTime:0.012696s ]
INFO: [ view_filter ] --START--
INFO: Run Behavior\WriteHtmlCacheBehavior [ RunTime:0.000976s ]
INFO: [ view_filter ] --END-- [ RunTime:0.000976s ]
INFO: [ app_end ] --START--
INFO: Run Behavior\ShowPageTraceBehavior [ RunTime:0.000977s ]
INFO: [ app_end ] --END-- [ RunTime:0.000977s ]

[ 2016-11-18T17:02:13+08:00 ] ::1 /foot/index.php
INFO: [ app_init ] --START--
INFO: Run Behavior\BuildLiteBehavior [ RunTime:0.000000s ]
INFO: [ app_init ] --END-- [ RunTime:0.000000s ]
INFO: [ app_begin ] --START--
INFO: Run Behavior\ReadHtmlCacheBehavior [ RunTime:0.000976s ]
INFO: [ app_begin ] --END-- [ RunTime:0.000976s ]
SQL: SHOW COLUMNS FROM `news_lesson` [ RunTime:0.0107s ]
SQL: SELECT * FROM `news_lesson` ORDER BY addtime desc LIMIT 4   [ RunTime:0.0000s ]
SQL: SHOW COLUMNS FROM `news_picnews` [ RunTime:0.0107s ]
SQL: SELECT * FROM `news_picnews` ORDER BY time desc LIMIT 6   [ RunTime:0.0010s ]
SQL: SELECT * FROM `news_picnews` WHERE `type` = 'gzhd' ORDER BY time desc LIMIT 6   [ RunTime:0.0000s ]
SQL: SELECT * FROM `news_picnews` WHERE `type` = 'sdln' ORDER BY time desc LIMIT 6   [ RunTime:0.0010s ]
SQL: SELECT * FROM `news_picnews` ORDER BY view desc LIMIT 6   [ RunTime:0.0010s ]
SQL: SELECT * FROM `news_picnews` ORDER BY love desc LIMIT 3   [ RunTime:0.0000s ]
SQL: SHOW COLUMNS FROM `news_video` [ RunTime:0.0098s ]
SQL: SELECT * FROM `news_video` ORDER BY addtime desc LIMIT 6   [ RunTime:0.0000s ]
SQL: SHOW COLUMNS FROM `news_rank` [ RunTime:0.0098s ]
SQL: SELECT * FROM `news_rank` ORDER BY rank LIMIT 8   [ RunTime:0.0000s ]
SQL: SHOW COLUMNS FROM `news_lesson` [ RunTime:0.0107s ]
SQL: SELECT * FROM `news_lesson` ORDER BY addtime desc LIMIT 5   [ RunTime:0.0010s ]
SQL: SELECT * FROM `news_lesson` WHERE `forteam` = '广州恒大' ORDER BY view desc LIMIT 5   [ RunTime:0.0000s ]
SQL: SELECT * FROM `news_lesson` WHERE `forteam` = '山东鲁能' ORDER BY view desc LIMIT 5   [ RunTime:0.0000s ]
SQL: SELECT * FROM `news_lesson` WHERE `forteam` = '北京国安' ORDER BY view desc LIMIT 5   [ RunTime:0.0000s ]
SQL: SELECT * FROM `news_video` WHERE `type` = 'gzhd'  [ RunTime:0.0000s ]
INFO: [ view_parse ] --START--
INFO: [ template_filter ] --START--
INFO: Run Behavior\ContentReplaceBehavior [ RunTime:0.000000s ]
INFO: [ template_filter ] --END-- [ RunTime:0.000000s ]
NOTIC: [8] Undefined index: view D:\www\foot\Application\Runtime\Cache\Home\74c9bdbded7009a43a281be8a565b911.php 第 426 行.
NOTIC: [8] Undefined index: view D:\www\foot\Application\Runtime\Cache\Home\74c9bdbded7009a43a281be8a565b911.php 第 426 行.
NOTIC: [8] Undefined index: view D:\www\foot\Application\Runtime\Cache\Home\74c9bdbded7009a43a281be8a565b911.php 第 426 行.
NOTIC: [8] Undefined index: view D:\www\foot\Application\Runtime\Cache\Home\74c9bdbded7009a43a281be8a565b911.php 第 426 行.
INFO: Run Behavior\ParseTemplateBehavior [ RunTime:0.073242s ]
INFO: [ view_parse ] --END-- [ RunTime:0.073242s ]
INFO: [ view_filter ] --START--
INFO: Run Behavior\WriteHtmlCacheBehavior [ RunTime:0.000000s ]
INFO: [ view_filter ] --END-- [ RunTime:0.000000s ]
INFO: [ app_end ] --START--
INFO: Run Behavior\ShowPageTraceBehavior [ RunTime:0.000977s ]
INFO: [ app_end ] --END-- [ RunTime:0.000977s ]

[ 2016-11-18T17:02:17+08:00 ] ::1 /foot/index.php/home/video/play/id/22
INFO: [ app_init ] --START--
INFO: Run Behavior\BuildLiteBehavior [ RunTime:0.000000s ]
INFO: [ app_init ] --END-- [ RunTime:0.000976s ]
INFO: [ app_begin ] --START--
INFO: Run Behavior\ReadHtmlCacheBehavior [ RunTime:0.000976s ]
INFO: [ app_begin ] --END-- [ RunTime:0.000976s ]
SQL: SHOW COLUMNS FROM `news_video` [ RunTime:0.0107s ]
SQL: SELECT * FROM `news_video` WHERE ( id=22 ) LIMIT 1   [ RunTime:0.0010s ]
SQL: SHOW COLUMNS FROM `news_videocomment` [ RunTime:0.0107s ]
SQL: SELECT * FROM `news_videocomment` WHERE `videoid` = 22 AND `pid` = 0  [ RunTime:0.0010s ]
SQL: SHOW COLUMNS FROM `news_user` [ RunTime:0.0107s ]
SQL: SELECT `head_pic` FROM `news_user` WHERE `name` = '123' LIMIT 1   [ RunTime:0.0000s ]
SQL: SELECT * FROM `news_videocomment` WHERE `videoid` = 22 AND `pid` = 11  [ RunTime:0.0000s ]
SQL: SELECT `head_pic` FROM `news_user` WHERE `name` = '123' LIMIT 1   [ RunTime:0.0010s ]
SQL: SELECT * FROM `news_videocomment` WHERE `videoid` = 22 AND `pid` = 12  [ RunTime:0.0000s ]
INFO: [ view_parse ] --START--
INFO: [ template_filter ] --START--
INFO: Run Behavior\ContentReplaceBehavior [ RunTime:0.000000s ]
INFO: [ template_filter ] --END-- [ RunTime:0.000977s ]
NOTIC: [8] Undefined variable: level3 D:\www\foot\Application\Runtime\Cache\Home\3962c1439881f76e0b56ff4f1dff9f00.php 第 117 行.
NOTIC: [8] Undefined variable: level3 D:\www\foot\Application\Runtime\Cache\Home\3962c1439881f76e0b56ff4f1dff9f00.php 第 134 行.
NOTIC: [8] Undefined variable: level3 D:\www\foot\Application\Runtime\Cache\Home\3962c1439881f76e0b56ff4f1dff9f00.php 第 117 行.
NOTIC: [8] Undefined variable: level3 D:\www\foot\Application\Runtime\Cache\Home\3962c1439881f76e0b56ff4f1dff9f00.php 第 134 行.
INFO: Run Behavior\ParseTemplateBehavior [ RunTime:0.014649s ]
INFO: [ view_parse ] --END-- [ RunTime:0.014649s ]
INFO: [ view_filter ] --START--
INFO: Run Behavior\WriteHtmlCacheBehavior [ RunTime:0.000000s ]
INFO: [ view_filter ] --END-- [ RunTime:0.000976s ]
INFO: [ app_end ] --START--
INFO: Run Behavior\ShowPageTraceBehavior [ RunTime:0.000977s ]
INFO: [ app_end ] --END-- [ RunTime:0.000977s ]

[ 2016-11-18T17:02:17+08:00 ] ::1 /foot/index.php/home/video/play/id/__PUBBLIC__/img/pay.jpg
INFO: [ app_init ] --START--
INFO: Run Behavior\BuildLiteBehavior [ RunTime:0.000000s ]
INFO: [ app_init ] --END-- [ RunTime:0.000977s ]

[ 2016-11-18T17:02:22+08:00 ] ::1 /foot/index.php/home/video/comment
INFO: [ app_init ] --START--
INFO: Run Behavior\BuildLiteBehavior [ RunTime:0.000000s ]
INFO: [ app_init ] --END-- [ RunTime:0.000000s ]
INFO: [ app_begin ] --START--
INFO: Run Behavior\ReadHtmlCacheBehavior [ RunTime:0.000977s ]
INFO: [ app_begin ] --END-- [ RunTime:0.000977s ]
SQL: SHOW COLUMNS FROM `news_videocomment` [ RunTime:0.0107s ]
SQL: INSERT INTO `news_videocomment` (`pid`,`videoid`,`content`,`time`,`editor`) VALUES ('0','22','qeqe','2016-11-18 17:02:21','admin') [ RunTime:0.1299s ]
SQL: SHOW COLUMNS FROM `news_user` [ RunTime:0.0000s ]
SQL: SELECT `head_pic` FROM `news_user` WHERE `name` = 'admin' LIMIT 1   [ RunTime:0.0000s ]

[ 2016-11-18T17:02:22+08:00 ] ::1 /foot/index.php/home/video/play/id/uploads/2016-10-16/5802e6bfbdc26.jpg
INFO: [ app_init ] --START--
INFO: Run Behavior\BuildLiteBehavior [ RunTime:0.000000s ]
INFO: [ app_init ] --END-- [ RunTime:0.000976s ]

[ 2016-11-18T17:03:42+08:00 ] ::1 /foot/index.php/home/video/play/id/22
INFO: [ app_init ] --START--
INFO: Run Behavior\BuildLiteBehavior [ RunTime:0.000000s ]
INFO: [ app_init ] --END-- [ RunTime:0.000977s ]
INFO: [ app_begin ] --START--
INFO: Run Behavior\ReadHtmlCacheBehavior [ RunTime:0.000976s ]
INFO: [ app_begin ] --END-- [ RunTime:0.000976s ]
SQL: SHOW COLUMNS FROM `news_video` [ RunTime:0.0107s ]
SQL: SELECT * FROM `news_video` WHERE ( id=22 ) LIMIT 1   [ RunTime:0.0010s ]
SQL: SHOW COLUMNS FROM `news_videocomment` [ RunTime:0.0098s ]
SQL: SELECT * FROM `news_videocomment` WHERE `videoid` = 22 AND `pid` = 0  [ RunTime:0.0000s ]
SQL: SHOW COLUMNS FROM `news_user` [ RunTime:0.0107s ]
SQL: SELECT `head_pic` FROM `news_user` WHERE `name` = '123' LIMIT 1   [ RunTime:0.0000s ]
SQL: SELECT * FROM `news_videocomment` WHERE `videoid` = 22 AND `pid` = 11  [ RunTime:0.0000s ]
SQL: SELECT `head_pic` FROM `news_user` WHERE `name` = '123' LIMIT 1   [ RunTime:0.0010s ]
SQL: SELECT * FROM `news_videocomment` WHERE `videoid` = 22 AND `pid` = 12  [ RunTime:0.0000s ]
SQL: SELECT `head_pic` FROM `news_user` WHERE `name` = 'admin' LIMIT 1   [ RunTime:0.0010s ]
SQL: SELECT * FROM `news_videocomment` WHERE `videoid` = 22 AND `pid` = 13  [ RunTime:0.0000s ]
INFO: [ view_parse ] --START--
INFO: [ template_filter ] --START--
INFO: Run Behavior\ContentReplaceBehavior [ RunTime:0.000000s ]
INFO: [ template_filter ] --END-- [ RunTime:0.000000s ]
NOTIC: [8] Undefined variable: level3 D:\www\foot\Application\Runtime\Cache\Home\3962c1439881f76e0b56ff4f1dff9f00.php 第 117 行.
NOTIC: [8] Undefined variable: level3 D:\www\foot\Application\Runtime\Cache\Home\3962c1439881f76e0b56ff4f1dff9f00.php 第 134 行.
NOTIC: [8] Undefined variable: level3 D:\www\foot\Application\Runtime\Cache\Home\3962c1439881f76e0b56ff4f1dff9f00.php 第 117 行.
NOTIC: [8] Undefined variable: level3 D:\www\foot\Application\Runtime\Cache\Home\3962c1439881f76e0b56ff4f1dff9f00.php 第 134 行.
NOTIC: [8] Undefined variable: level3 D:\www\foot\Application\Runtime\Cache\Home\3962c1439881f76e0b56ff4f1dff9f00.php 第 117 行.
NOTIC: [8] Undefined variable: level3 D:\www\foot\Application\Runtime\Cache\Home\3962c1439881f76e0b56ff4f1dff9f00.php 第 134 行.
INFO: Run Behavior\ParseTemplateBehavior [ RunTime:0.014648s ]
INFO: [ view_parse ] --END-- [ RunTime:0.014648s ]
INFO: [ view_filter ] --START--
INFO: Run Behavior\WriteHtmlCacheBehavior [ RunTime:0.000977s ]
INFO: [ view_filter ] --END-- [ RunTime:0.000977s ]
INFO: [ app_end ] --START--
INFO: Run Behavior\ShowPageTraceBehavior [ RunTime:0.000976s ]
INFO: [ app_end ] --END-- [ RunTime:0.000976s ]

[ 2016-11-18T17:03:46+08:00 ] ::1 /foot/index.php/home/video/comment
INFO: [ app_init ] --START--
INFO: Run Behavior\BuildLiteBehavior [ RunTime:0.000000s ]
INFO: [ app_init ] --END-- [ RunTime:0.000000s ]
INFO: [ app_begin ] --START--
INFO: Run Behavior\ReadHtmlCacheBehavior [ RunTime:0.000000s ]
INFO: [ app_begin ] --END-- [ RunTime:0.000000s ]
SQL: SHOW COLUMNS FROM `news_videocomment` [ RunTime:0.0000s ]
SQL: INSERT INTO `news_videocomment` (`pid`,`videoid`,`content`,`time`,`editor`) VALUES ('0','22','ASAS','2016-11-18 17:03:45','admin') [ RunTime:0.0313s ]
SQL: SHOW COLUMNS FROM `news_user` [ RunTime:0.0156s ]
SQL: SELECT `head_pic` FROM `news_user` WHERE `name` = 'admin' LIMIT 1   [ RunTime:0.0000s ]

[ 2016-11-18T17:03:47+08:00 ] ::1 /foot/
INFO: [ app_init ] --START--
INFO: Run Behavior\BuildLiteBehavior [ RunTime:0.000000s ]
INFO: [ app_init ] --END-- [ RunTime:0.000977s ]
INFO: [ app_begin ] --START--
INFO: Run Behavior\ReadHtmlCacheBehavior [ RunTime:0.000976s ]
INFO: [ app_begin ] --END-- [ RunTime:0.000976s ]
SQL: SHOW COLUMNS FROM `news_lesson` [ RunTime:0.0107s ]
SQL: SELECT * FROM `news_lesson` ORDER BY addtime desc LIMIT 4   [ RunTime:0.0010s ]
SQL: SHOW COLUMNS FROM `news_picnews` [ RunTime:0.0098s ]
SQL: SELECT * FROM `news_picnews` ORDER BY time desc LIMIT 6   [ RunTime:0.0010s ]
SQL: SELECT * FROM `news_picnews` WHERE `type` = 'gzhd' ORDER BY time desc LIMIT 6   [ RunTime:0.0000s ]
SQL: SELECT * FROM `news_picnews` WHERE `type` = 'sdln' ORDER BY time desc LIMIT 6   [ RunTime:0.0000s ]
SQL: SELECT * FROM `news_picnews` ORDER BY view desc LIMIT 6   [ RunTime:0.0010s ]
SQL: SELECT * FROM `news_picnews` ORDER BY love desc LIMIT 3   [ RunTime:0.0000s ]
SQL: SHOW COLUMNS FROM `news_video` [ RunTime:0.0098s ]
SQL: SELECT * FROM `news_video` ORDER BY addtime desc LIMIT 6   [ RunTime:0.0000s ]
SQL: SHOW COLUMNS FROM `news_rank` [ RunTime:0.0107s ]
SQL: SELECT * FROM `news_rank` ORDER BY rank LIMIT 8   [ RunTime:0.0010s ]
SQL: SHOW COLUMNS FROM `news_lesson` [ RunTime:0.0107s ]
SQL: SELECT * FROM `news_lesson` ORDER BY addtime desc LIMIT 5   [ RunTime:0.0000s ]
SQL: SELECT * FROM `news_lesson` WHERE `forteam` = '广州恒大' ORDER BY view desc LIMIT 5   [ RunTime:0.0010s ]
SQL: SELECT * FROM `news_lesson` WHERE `forteam` = '山东鲁能' ORDER BY view desc LIMIT 5   [ RunTime:0.0000s ]
SQL: SELECT * FROM `news_lesson` WHERE `forteam` = '北京国安' ORDER BY view desc LIMIT 5   [ RunTime:0.0000s ]
SQL: SELECT * FROM `news_video` WHERE `type` = 'gzhd'  [ RunTime:0.0000s ]
INFO: [ view_parse ] --START--
INFO: [ template_filter ] --START--
INFO: Run Behavior\ContentReplaceBehavior [ RunTime:0.000000s ]
INFO: [ template_filter ] --END-- [ RunTime:0.000000s ]
NOTIC: [8] Undefined index: view D:\www\foot\Application\Runtime\Cache\Home\74c9bdbded7009a43a281be8a565b911.php 第 426 行.
NOTIC: [8] Undefined index: view D:\www\foot\Application\Runtime\Cache\Home\74c9bdbded7009a43a281be8a565b911.php 第 426 行.
NOTIC: [8] Undefined index: view D:\www\foot\Application\Runtime\Cache\Home\74c9bdbded7009a43a281be8a565b911.php 第 426 行.
NOTIC: [8] Undefined index: view D:\www\foot\Application\Runtime\Cache\Home\74c9bdbded7009a43a281be8a565b911.php 第 426 行.
INFO: Run Behavior\ParseTemplateBehavior [ RunTime:0.022461s ]
INFO: [ view_parse ] --END-- [ RunTime:0.022461s ]
INFO: [ view_filter ] --START--
INFO: Run Behavior\WriteHtmlCacheBehavior [ RunTime:0.000977s ]
INFO: [ view_filter ] --END-- [ RunTime:0.000977s ]
INFO: [ app_end ] --START--
INFO: Run Behavior\ShowPageTraceBehavior [ RunTime:0.000976s ]
INFO: [ app_end ] --END-- [ RunTime:0.000976s ]

[ 2016-11-18T17:04:49+08:00 ] ::1 /foot/index.php/home/video/play/id/22
INFO: [ app_init ] --START--
INFO: Run Behavior\BuildLiteBehavior [ RunTime:0.000000s ]
INFO: [ app_init ] --END-- [ RunTime:0.000000s ]
INFO: [ app_begin ] --START--
INFO: Run Behavior\ReadHtmlCacheBehavior [ RunTime:0.000976s ]
INFO: [ app_begin ] --END-- [ RunTime:0.000976s ]
SQL: SHOW COLUMNS FROM `news_video` [ RunTime:0.0107s ]
SQL: SELECT * FROM `news_video` WHERE ( id=22 ) LIMIT 1   [ RunTime:0.0010s ]
SQL: SHOW COLUMNS FROM `news_videocomment` [ RunTime:0.0098s ]
SQL: SELECT * FROM `news_videocomment` WHERE `videoid` = 22 AND `pid` = 0  [ RunTime:0.0000s ]
SQL: SHOW COLUMNS FROM `news_user` [ RunTime:0.0107s ]
SQL: SELECT `head_pic` FROM `news_user` WHERE `name` = '123' LIMIT 1   [ RunTime:0.0000s ]
SQL: SELECT * FROM `news_videocomment` WHERE `videoid` = 22 AND `pid` = 11  [ RunTime:0.0000s ]
SQL: SELECT `head_pic` FROM `news_user` WHERE `name` = '123' LIMIT 1   [ RunTime:0.0010s ]
SQL: SELECT * FROM `news_videocomment` WHERE `videoid` = 22 AND `pid` = 12  [ RunTime:0.0000s ]
SQL: SELECT `head_pic` FROM `news_user` WHERE `name` = 'admin' LIMIT 1   [ RunTime:0.0010s ]
SQL: SELECT * FROM `news_videocomment` WHERE `videoid` = 22 AND `pid` = 13  [ RunTime:0.0000s ]
SQL: SELECT `head_pic` FROM `news_user` WHERE `name` = 'admin' LIMIT 1   [ RunTime:0.0010s ]
SQL: SELECT * FROM `news_videocomment` WHERE `videoid` = 22 AND `pid` = 14  [ RunTime:0.0000s ]
INFO: [ view_parse ] --START--
INFO: [ template_filter ] --START--
INFO: Run Behavior\ContentReplaceBehavior [ RunTime:0.000000s ]
INFO: [ template_filter ] --END-- [ RunTime:0.000000s ]
NOTIC: [8] Undefined variable: level3 D:\www\foot\Application\Runtime\Cache\Home\3962c1439881f76e0b56ff4f1dff9f00.php 第 117 行.
NOTIC: [8] Undefined variable: level3 D:\www\foot\Application\Runtime\Cache\Home\3962c1439881f76e0b56ff4f1dff9f00.php 第 134 行.
NOTIC: [8] Undefined variable: level3 D:\www\foot\Application\Runtime\Cache\Home\3962c1439881f76e0b56ff4f1dff9f00.php 第 117 行.
NOTIC: [8] Undefined variable: level3 D:\www\foot\Application\Runtime\Cache\Home\3962c1439881f76e0b56ff4f1dff9f00.php 第 134 行.
NOTIC: [8] Undefined variable: level3 D:\www\foot\Application\Runtime\Cache\Home\3962c1439881f76e0b56ff4f1dff9f00.php 第 117 行.
NOTIC: [8] Undefined variable: level3 D:\www\foot\Application\Runtime\Cache\Home\3962c1439881f76e0b56ff4f1dff9f00.php 第 134 行.
NOTIC: [8] Undefined variable: level3 D:\www\foot\Application\Runtime\Cache\Home\3962c1439881f76e0b56ff4f1dff9f00.php 第 117 行.
NOTIC: [8] Undefined variable: level3 D:\www\foot\Application\Runtime\Cache\Home\3962c1439881f76e0b56ff4f1dff9f00.php 第 134 行.
INFO: Run Behavior\ParseTemplateBehavior [ RunTime:0.013672s ]
INFO: [ view_parse ] --END-- [ RunTime:0.014648s ]
INFO: [ view_filter ] --START--
INFO: Run Behavior\WriteHtmlCacheBehavior [ RunTime:0.000977s ]
INFO: [ view_filter ] --END-- [ RunTime:0.000977s ]
INFO: [ app_end ] --START--
INFO: Run Behavior\ShowPageTraceBehavior [ RunTime:0.000976s ]
INFO: [ app_end ] --END-- [ RunTime:0.001953s ]

[ 2016-11-18T17:04:52+08:00 ] ::1 /foot/index.php/home/video/comment
INFO: [ app_init ] --START--
INFO: Run Behavior\BuildLiteBehavior [ RunTime:0.000000s ]
INFO: [ app_init ] --END-- [ RunTime:0.000976s ]
INFO: [ app_begin ] --START--
INFO: Run Behavior\ReadHtmlCacheBehavior [ RunTime:0.000977s ]
INFO: [ app_begin ] --END-- [ RunTime:0.000977s ]
SQL: SHOW COLUMNS FROM `news_videocomment` [ RunTime:0.0186s ]
SQL: INSERT INTO `news_videocomment` (`pid`,`videoid`,`content`,`time`,`editor`) VALUES ('0','22','aas','2016-11-18 17:04:51','admin') [ RunTime:0.0625s ]
SQL: SHOW COLUMNS FROM `news_user` [ RunTime:0.0156s ]
SQL: SELECT `head_pic` FROM `news_user` WHERE `name` = 'admin' LIMIT 1   [ RunTime:0.0000s ]

[ 2016-11-18T17:04:56+08:00 ] ::1 /foot/index.php/home/video/comment
INFO: [ app_init ] --START--
INFO: Run Behavior\BuildLiteBehavior [ RunTime:0.000000s ]
INFO: [ app_init ] --END-- [ RunTime:0.000977s ]
INFO: [ app_begin ] --START--
INFO: Run Behavior\ReadHtmlCacheBehavior [ RunTime:0.000976s ]
INFO: [ app_begin ] --END-- [ RunTime:0.000976s ]
SQL: SHOW COLUMNS FROM `news_videocomment` [ RunTime:0.0107s ]
SQL: INSERT INTO `news_videocomment` (`pid`,`videoid`,`content`,`time`,`editor`) VALUES ('0','22','aasdasdasdas','2016-11-18 17:04:54','admin') [ RunTime:0.0645s ]
SQL: SHOW COLUMNS FROM `news_user` [ RunTime:0.0156s ]
SQL: SELECT `head_pic` FROM `news_user` WHERE `name` = 'admin' LIMIT 1   [ RunTime:0.0000s ]

[ 2016-11-18T17:10:26+08:00 ] ::1 /foot/index.php/home/video/comment
INFO: [ app_init ] --START--
INFO: Run Behavior\BuildLiteBehavior [ RunTime:0.000000s ]
INFO: [ app_init ] --END-- [ RunTime:0.000000s ]
INFO: [ app_begin ] --START--
INFO: Run Behavior\ReadHtmlCacheBehavior [ RunTime:0.000977s ]
INFO: [ app_begin ] --END-- [ RunTime:0.001953s ]
SQL: SHOW COLUMNS FROM `news_videocomment` [ RunTime:0.0000s ]
SQL: INSERT INTO `news_videocomment` (`pid`,`videoid`,`content`,`time`,`editor`) VALUES ('0','22','aasdasdasdas','2016-11-18 17:10:25','admin') [ RunTime:0.0469s ]
SQL: SHOW COLUMNS FROM `news_user` [ RunTime:0.0156s ]
SQL: SELECT `head_pic` FROM `news_user` WHERE `name` = 'admin' LIMIT 1   [ RunTime:0.0000s ]

[ 2016-11-18T17:10:31+08:00 ] ::1 /foot/index.php/home/video/comment
INFO: [ app_init ] --START--
INFO: Run Behavior\BuildLiteBehavior [ RunTime:0.000000s ]
INFO: [ app_init ] --END-- [ RunTime:0.000977s ]
INFO: [ app_begin ] --START--
INFO: Run Behavior\ReadHtmlCacheBehavior [ RunTime:0.000977s ]
INFO: [ app_begin ] --END-- [ RunTime:0.000977s ]
SQL: SHOW COLUMNS FROM `news_videocomment` [ RunTime:0.0000s ]
SQL: INSERT INTO `news_videocomment` (`pid`,`videoid`,`content`,`time`,`editor`) VALUES ('0','22','aasdasdasdassasd','2016-11-18 17:10:30','admin') [ RunTime:0.0762s ]
SQL: SHOW COLUMNS FROM `news_user` [ RunTime:0.0156s ]
SQL: SELECT `head_pic` FROM `news_user` WHERE `name` = 'admin' LIMIT 1   [ RunTime:0.0000s ]

