[ 2016-10-07T16:20:01+08:00 ] ::1 /fuckabc/
INFO: [ app_init ] --START--
INFO: Run Behavior\BuildLiteBehavior [ RunTime:0.000043s ]
INFO: [ app_init ] --END-- [ RunTime:0.019562s ]
INFO: [ app_begin ] --START--
INFO: Run Behavior\ReadHtmlCacheBehavior [ RunTime:0.030907s ]
INFO: [ app_begin ] --END-- [ RunTime:0.031087s ]
SQL: SHOW COLUMNS FROM `news_lesson` [ RunTime:0.0421s ]
SQL: SELECT * FROM `news_lesson` ORDER BY addtime desc LIMIT 4   [ RunTime:0.0082s ]
INFO: [ view_parse ] --START--
INFO: [ template_filter ] --START--
INFO: Run Behavior\ContentReplaceBehavior [ RunTime:0.000192s ]
INFO: [ template_filter ] --END-- [ RunTime:0.000322s ]
INFO: Run Behavior\ParseTemplateBehavior [ RunTime:0.192482s ]
INFO: [ view_parse ] --END-- [ RunTime:0.192734s ]
INFO: [ view_filter ] --START--
INFO: Run Behavior\WriteHtmlCacheBehavior [ RunTime:0.015125s ]
INFO: [ view_filter ] --END-- [ RunTime:0.015260s ]
INFO: [ app_end ] --START--
INFO: Run Behavior\ShowPageTraceBehavior [ RunTime:0.013766s ]
INFO: [ app_end ] --END-- [ RunTime:0.013905s ]

[ 2016-10-07T16:20:10+08:00 ] ::1 /fuckabc/index.php/home/lesson/view/id/8
INFO: [ app_init ] --START--
INFO: Run Behavior\BuildLiteBehavior [ RunTime:0.000042s ]
INFO: [ app_init ] --END-- [ RunTime:0.001614s ]
INFO: [ app_begin ] --START--
INFO: Run Behavior\ReadHtmlCacheBehavior [ RunTime:0.001461s ]
INFO: [ app_begin ] --END-- [ RunTime:0.001588s ]
SQL: SHOW COLUMNS FROM `news_lesson` [ RunTime:0.0319s ]
SQL: UPDATE `news_lesson` SET `view`=view+1 WHERE ( id=8 ) [ RunTime:0.0161s ]
SQL: SELECT * FROM `news_lesson` WHERE `id` = '8' LIMIT 1   [ RunTime:0.0015s ]
SQL: SHOW COLUMNS FROM `news_comment` [ RunTime:0.0262s ]
SQL: SELECT * FROM `news_comment` WHERE `pid` = 0 AND `lesson_id` = 8 ORDER BY time desc  [ RunTime:0.0039s ]
SQL: SELECT * FROM `news_comment` WHERE `pid` = 252 AND `lesson_id` = 8 ORDER BY time desc  [ RunTime:0.0011s ]
SQL: SELECT * FROM `news_comment` WHERE `pid` = 253 AND `lesson_id` = 8 ORDER BY time desc  [ RunTime:0.0009s ]
INFO: [ view_parse ] --START--
INFO: [ template_filter ] --START--
INFO: Run Behavior\ContentReplaceBehavior [ RunTime:0.000201s ]
INFO: [ template_filter ] --END-- [ RunTime:0.000337s ]
SQL: SELECT COUNT(*) AS tp_count FROM `news_comment` WHERE `lesson_id` = 8 LIMIT 1   [ RunTime:0.0014s ]
INFO: Run Behavior\ParseTemplateBehavior [ RunTime:0.075901s ]
INFO: [ view_parse ] --END-- [ RunTime:0.076005s ]
INFO: [ view_filter ] --START--
INFO: Run Behavior\WriteHtmlCacheBehavior [ RunTime:0.000882s ]
INFO: [ view_filter ] --END-- [ RunTime:0.000968s ]
INFO: [ app_end ] --START--
INFO: Run Behavior\ShowPageTraceBehavior [ RunTime:0.001347s ]
INFO: [ app_end ] --END-- [ RunTime:0.001458s ]

[ 2016-10-07T17:02:49+08:00 ] ::1 /fuckabc/
INFO: [ app_init ] --START--
INFO: Run Behavior\BuildLiteBehavior [ RunTime:0.000030s ]
INFO: [ app_init ] --END-- [ RunTime:0.001101s ]
INFO: [ app_begin ] --START--
INFO: Run Behavior\ReadHtmlCacheBehavior [ RunTime:0.001545s ]
INFO: [ app_begin ] --END-- [ RunTime:0.001640s ]
SQL: SHOW COLUMNS FROM `news_lesson` [ RunTime:0.0324s ]
SQL: SELECT * FROM `news_lesson` ORDER BY addtime desc LIMIT 4   [ RunTime:0.0011s ]
INFO: [ view_parse ] --START--
INFO: [ template_filter ] --START--
INFO: Run Behavior\ContentReplaceBehavior [ RunTime:0.000194s ]
INFO: [ template_filter ] --END-- [ RunTime:0.000333s ]
INFO: Run Behavior\ParseTemplateBehavior [ RunTime:0.039209s ]
INFO: [ view_parse ] --END-- [ RunTime:0.039345s ]
INFO: [ view_filter ] --START--
INFO: Run Behavior\WriteHtmlCacheBehavior [ RunTime:0.001196s ]
INFO: [ view_filter ] --END-- [ RunTime:0.001335s ]
INFO: [ app_end ] --START--
INFO: Run Behavior\ShowPageTraceBehavior [ RunTime:0.001846s ]
INFO: [ app_end ] --END-- [ RunTime:0.002009s ]

[ 2016-10-07T17:02:53+08:00 ] ::1 /fuckabc/index.php/home/user/login
INFO: [ app_init ] --START--
INFO: Run Behavior\BuildLiteBehavior [ RunTime:0.000045s ]
INFO: [ app_init ] --END-- [ RunTime:0.001091s ]
INFO: [ app_begin ] --START--
INFO: Run Behavior\ReadHtmlCacheBehavior [ RunTime:0.001561s ]
INFO: [ app_begin ] --END-- [ RunTime:0.001732s ]
INFO: [ view_parse ] --START--
INFO: [ template_filter ] --START--
INFO: Run Behavior\ContentReplaceBehavior [ RunTime:0.000100s ]
INFO: [ template_filter ] --END-- [ RunTime:0.000226s ]
INFO: Run Behavior\ParseTemplateBehavior [ RunTime:0.013358s ]
INFO: [ view_parse ] --END-- [ RunTime:0.013565s ]
INFO: [ view_filter ] --START--
INFO: Run Behavior\WriteHtmlCacheBehavior [ RunTime:0.001049s ]
INFO: [ view_filter ] --END-- [ RunTime:0.001175s ]
INFO: [ app_end ] --START--
INFO: Run Behavior\ShowPageTraceBehavior [ RunTime:0.001426s ]
INFO: [ app_end ] --END-- [ RunTime:0.001528s ]

[ 2016-10-07T17:02:54+08:00 ] ::1 /fuckabc/index.php/home/user/chklogin
INFO: [ app_init ] --START--
INFO: Run Behavior\BuildLiteBehavior [ RunTime:0.000046s ]
INFO: [ app_init ] --END-- [ RunTime:0.002008s ]
INFO: [ app_begin ] --START--
INFO: Run Behavior\ReadHtmlCacheBehavior [ RunTime:0.001419s ]
INFO: [ app_begin ] --END-- [ RunTime:0.001545s ]
SQL: SHOW COLUMNS FROM `news_user` [ RunTime:0.0361s ]
SQL: SELECT COUNT(*) AS tp_count FROM `news_user` WHERE `name` = 'xujiajia' AND `password` = 'chen1210' LIMIT 1   [ RunTime:0.0011s ]

[ 2016-10-07T17:02:55+08:00 ] ::1 /fuckabc/index.php/home/index/index
INFO: [ app_init ] --START--
INFO: Run Behavior\BuildLiteBehavior [ RunTime:0.000029s ]
INFO: [ app_init ] --END-- [ RunTime:0.000809s ]
INFO: [ app_begin ] --START--
INFO: Run Behavior\ReadHtmlCacheBehavior [ RunTime:0.001361s ]
INFO: [ app_begin ] --END-- [ RunTime:0.001536s ]
SQL: SHOW COLUMNS FROM `news_lesson` [ RunTime:0.0267s ]
SQL: SELECT * FROM `news_lesson` ORDER BY addtime desc LIMIT 4   [ RunTime:0.0010s ]
INFO: [ view_parse ] --START--
INFO: [ template_filter ] --START--
INFO: Run Behavior\ContentReplaceBehavior [ RunTime:0.000174s ]
INFO: [ template_filter ] --END-- [ RunTime:0.000299s ]
INFO: Run Behavior\ParseTemplateBehavior [ RunTime:0.016821s ]
INFO: [ view_parse ] --END-- [ RunTime:0.016952s ]
INFO: [ view_filter ] --START--
INFO: Run Behavior\WriteHtmlCacheBehavior [ RunTime:0.000571s ]
INFO: [ view_filter ] --END-- [ RunTime:0.000644s ]
INFO: [ app_end ] --START--
INFO: Run Behavior\ShowPageTraceBehavior [ RunTime:0.001069s ]
INFO: [ app_end ] --END-- [ RunTime:0.001142s ]

[ 2016-10-07T17:02:57+08:00 ] ::1 /fuckabc/index.php/home/lesson/view/id/8
INFO: [ app_init ] --START--
INFO: Run Behavior\BuildLiteBehavior [ RunTime:0.000038s ]
INFO: [ app_init ] --END-- [ RunTime:0.001369s ]
INFO: [ app_begin ] --START--
INFO: Run Behavior\ReadHtmlCacheBehavior [ RunTime:0.001476s ]
INFO: [ app_begin ] --END-- [ RunTime:0.001612s ]
SQL: SHOW COLUMNS FROM `news_lesson` [ RunTime:0.0306s ]
SQL: UPDATE `news_lesson` SET `view`=view+1 WHERE ( id=8 ) [ RunTime:0.0099s ]
SQL: SELECT * FROM `news_lesson` WHERE `id` = '8' LIMIT 1   [ RunTime:0.0009s ]
SQL: SHOW COLUMNS FROM `news_comment` [ RunTime:0.0275s ]
SQL: SELECT * FROM `news_comment` WHERE `pid` = 0 AND `lesson_id` = 8 ORDER BY time desc  [ RunTime:0.0012s ]
SQL: SELECT * FROM `news_comment` WHERE `pid` = 252 AND `lesson_id` = 8 ORDER BY time desc  [ RunTime:0.0009s ]
SQL: SELECT * FROM `news_comment` WHERE `pid` = 253 AND `lesson_id` = 8 ORDER BY time desc  [ RunTime:0.0008s ]
INFO: [ view_parse ] --START--
INFO: [ template_filter ] --START--
INFO: Run Behavior\ContentReplaceBehavior [ RunTime:0.000271s ]
INFO: [ template_filter ] --END-- [ RunTime:0.000431s ]
SQL: SELECT COUNT(*) AS tp_count FROM `news_comment` WHERE `lesson_id` = 8 LIMIT 1   [ RunTime:0.0013s ]
INFO: Run Behavior\ParseTemplateBehavior [ RunTime:0.063454s ]
INFO: [ view_parse ] --END-- [ RunTime:0.063580s ]
INFO: [ view_filter ] --START--
INFO: Run Behavior\WriteHtmlCacheBehavior [ RunTime:0.001282s ]
INFO: [ view_filter ] --END-- [ RunTime:0.001460s ]
INFO: [ app_end ] --START--
INFO: Run Behavior\ShowPageTraceBehavior [ RunTime:0.002174s ]
INFO: [ app_end ] --END-- [ RunTime:0.002331s ]

[ 2016-10-07T17:03:03+08:00 ] ::1 /fuckabc/index.php/home/lesson/addcomment
INFO: [ app_init ] --START--
INFO: Run Behavior\BuildLiteBehavior [ RunTime:0.000027s ]
INFO: [ app_init ] --END-- [ RunTime:0.000753s ]
INFO: [ app_begin ] --START--
INFO: Run Behavior\ReadHtmlCacheBehavior [ RunTime:0.001172s ]
INFO: [ app_begin ] --END-- [ RunTime:0.001257s ]
SQL: SHOW COLUMNS FROM `news_comment` [ RunTime:0.0246s ]
SQL: INSERT INTO `news_comment` (`lesson_id`,`content`,`editor`,`time`,`pid`) VALUES ('8','hahha','xujiajia','2016-10-07 17:03:03','0') [ RunTime:0.0091s ]

[ 2016-10-07T17:03:08+08:00 ] ::1 /fuckabc/index.php/home/lesson/addcomment
INFO: [ app_init ] --START--
INFO: Run Behavior\BuildLiteBehavior [ RunTime:0.000040s ]
INFO: [ app_init ] --END-- [ RunTime:0.001242s ]
INFO: [ app_begin ] --START--
INFO: Run Behavior\ReadHtmlCacheBehavior [ RunTime:0.001351s ]
INFO: [ app_begin ] --END-- [ RunTime:0.001475s ]
SQL: SHOW COLUMNS FROM `news_comment` [ RunTime:0.0247s ]
SQL: INSERT INTO `news_comment` (`lesson_id`,`content`,`editor`,`time`,`pid`) VALUES ('8','sb','xujiajia','2016-10-07 17:03:08','254') [ RunTime:0.0094s ]

[ 2016-10-07T17:05:07+08:00 ] ::1 /fuckabc/index.php/home/lesson/view/id/8
INFO: [ app_init ] --START--
INFO: Run Behavior\BuildLiteBehavior [ RunTime:0.000032s ]
INFO: [ app_init ] --END-- [ RunTime:0.001072s ]
INFO: [ app_begin ] --START--
INFO: Run Behavior\ReadHtmlCacheBehavior [ RunTime:0.001689s ]
INFO: [ app_begin ] --END-- [ RunTime:0.001847s ]
SQL: SHOW COLUMNS FROM `news_lesson` [ RunTime:0.0424s ]
SQL: UPDATE `news_lesson` SET `view`=view+1 WHERE ( id=8 ) [ RunTime:0.0108s ]
SQL: SELECT * FROM `news_lesson` WHERE `id` = '8' LIMIT 1   [ RunTime:0.0008s ]
SQL: SHOW COLUMNS FROM `news_comment` [ RunTime:0.0199s ]
SQL: SELECT * FROM `news_comment` WHERE `pid` = 0 AND `lesson_id` = 8 ORDER BY time desc  [ RunTime:0.0011s ]
SQL: SELECT * FROM `news_comment` WHERE `pid` = 254 AND `lesson_id` = 8 ORDER BY time desc  [ RunTime:0.0008s ]
SQL: SELECT * FROM `news_comment` WHERE `pid` = 255 AND `lesson_id` = 8 ORDER BY time desc  [ RunTime:0.0007s ]
SQL: SELECT * FROM `news_comment` WHERE `pid` = 252 AND `lesson_id` = 8 ORDER BY time desc  [ RunTime:0.0007s ]
SQL: SELECT * FROM `news_comment` WHERE `pid` = 253 AND `lesson_id` = 8 ORDER BY time desc  [ RunTime:0.0007s ]
INFO: [ view_parse ] --START--
INFO: [ template_filter ] --START--
INFO: Run Behavior\ContentReplaceBehavior [ RunTime:0.000188s ]
INFO: [ template_filter ] --END-- [ RunTime:0.000314s ]
SQL: SELECT COUNT(*) AS tp_count FROM `news_comment` WHERE `lesson_id` = 8 LIMIT 1   [ RunTime:0.0010s ]
INFO: Run Behavior\ParseTemplateBehavior [ RunTime:0.059500s ]
INFO: [ view_parse ] --END-- [ RunTime:0.059592s ]
INFO: [ view_filter ] --START--
INFO: Run Behavior\WriteHtmlCacheBehavior [ RunTime:0.001084s ]
INFO: [ view_filter ] --END-- [ RunTime:0.001161s ]
INFO: [ app_end ] --START--
INFO: Run Behavior\ShowPageTraceBehavior [ RunTime:0.001862s ]
INFO: [ app_end ] --END-- [ RunTime:0.002032s ]

[ 2016-10-07T17:10:49+08:00 ] ::1 /fuckabc/index.php/home/lesson/view/id/8
INFO: [ app_init ] --START--
INFO: Run Behavior\BuildLiteBehavior [ RunTime:0.000039s ]
INFO: [ app_init ] --END-- [ RunTime:0.001497s ]
INFO: [ app_begin ] --START--
INFO: Run Behavior\ReadHtmlCacheBehavior [ RunTime:0.002490s ]
INFO: [ app_begin ] --END-- [ RunTime:0.002701s ]
SQL: SHOW COLUMNS FROM `news_lesson` [ RunTime:0.0382s ]
SQL: UPDATE `news_lesson` SET `view`=view+1 WHERE ( id=8 ) [ RunTime:0.0110s ]
SQL: SELECT * FROM `news_lesson` WHERE `id` = '8' LIMIT 1   [ RunTime:0.0016s ]
SQL: SHOW COLUMNS FROM `news_comment` [ RunTime:0.0202s ]
SQL: SELECT * FROM `news_comment` WHERE `pid` = 0 AND `lesson_id` = 8 ORDER BY time desc  [ RunTime:0.0015s ]
SQL: SELECT * FROM `news_comment` WHERE `pid` = 254 AND `lesson_id` = 8 ORDER BY time desc  [ RunTime:0.0016s ]
SQL: SELECT * FROM `news_comment` WHERE `pid` = 255 AND `lesson_id` = 8 ORDER BY time desc  [ RunTime:0.0017s ]
SQL: SELECT * FROM `news_comment` WHERE `pid` = 252 AND `lesson_id` = 8 ORDER BY time desc  [ RunTime:0.0019s ]
SQL: SELECT * FROM `news_comment` WHERE `pid` = 253 AND `lesson_id` = 8 ORDER BY time desc  [ RunTime:0.0020s ]
INFO: [ view_parse ] --START--
INFO: [ template_filter ] --START--
INFO: Run Behavior\ContentReplaceBehavior [ RunTime:0.000192s ]
INFO: [ template_filter ] --END-- [ RunTime:0.000312s ]
SQL: SELECT COUNT(*) AS tp_count FROM `news_comment` WHERE `lesson_id` = 8 LIMIT 1   [ RunTime:0.0012s ]
INFO: Run Behavior\ParseTemplateBehavior [ RunTime:0.060822s ]
INFO: [ view_parse ] --END-- [ RunTime:0.060928s ]
INFO: [ view_filter ] --START--
INFO: Run Behavior\WriteHtmlCacheBehavior [ RunTime:0.001138s ]
INFO: [ view_filter ] --END-- [ RunTime:0.001219s ]
INFO: [ app_end ] --START--
INFO: Run Behavior\ShowPageTraceBehavior [ RunTime:0.001789s ]
INFO: [ app_end ] --END-- [ RunTime:0.001943s ]

[ 2016-10-07T17:11:26+08:00 ] ::1 /fuckabc/index.php/home/lesson/view/id/8
INFO: [ app_init ] --START--
INFO: Run Behavior\BuildLiteBehavior [ RunTime:0.000026s ]
INFO: [ app_init ] --END-- [ RunTime:0.000857s ]
INFO: [ app_begin ] --START--
INFO: Run Behavior\ReadHtmlCacheBehavior [ RunTime:0.001457s ]
INFO: [ app_begin ] --END-- [ RunTime:0.001566s ]
SQL: SHOW COLUMNS FROM `news_lesson` [ RunTime:0.0283s ]
SQL: UPDATE `news_lesson` SET `view`=view+1 WHERE ( id=8 ) [ RunTime:0.0109s ]
SQL: SELECT * FROM `news_lesson` WHERE `id` = '8' LIMIT 1   [ RunTime:0.0011s ]
SQL: SHOW COLUMNS FROM `news_comment` [ RunTime:0.0190s ]
SQL: SELECT * FROM `news_comment` WHERE `pid` = 0 AND `lesson_id` = 8 ORDER BY time desc  [ RunTime:0.0011s ]
SQL: SELECT * FROM `news_comment` WHERE `pid` = 254 AND `lesson_id` = 8 ORDER BY time desc  [ RunTime:0.0009s ]
SQL: SELECT * FROM `news_comment` WHERE `pid` = 255 AND `lesson_id` = 8 ORDER BY time desc  [ RunTime:0.0009s ]
SQL: SELECT * FROM `news_comment` WHERE `pid` = 252 AND `lesson_id` = 8 ORDER BY time desc  [ RunTime:0.0012s ]
SQL: SELECT * FROM `news_comment` WHERE `pid` = 253 AND `lesson_id` = 8 ORDER BY time desc  [ RunTime:0.0016s ]
INFO: [ view_parse ] --START--
INFO: [ template_filter ] --START--
INFO: Run Behavior\ContentReplaceBehavior [ RunTime:0.000227s ]
INFO: [ template_filter ] --END-- [ RunTime:0.000349s ]
SQL: SELECT COUNT(*) AS tp_count FROM `news_comment` WHERE `lesson_id` = 8 LIMIT 1   [ RunTime:0.0012s ]
INFO: Run Behavior\ParseTemplateBehavior [ RunTime:0.059266s ]
INFO: [ view_parse ] --END-- [ RunTime:0.059370s ]
INFO: [ view_filter ] --START--
INFO: Run Behavior\WriteHtmlCacheBehavior [ RunTime:0.001331s ]
INFO: [ view_filter ] --END-- [ RunTime:0.001442s ]
INFO: [ app_end ] --START--
INFO: Run Behavior\ShowPageTraceBehavior [ RunTime:0.002049s ]
INFO: [ app_end ] --END-- [ RunTime:0.002223s ]

[ 2016-10-07T23:07:46+08:00 ] ::1 /fuckabc/
INFO: [ app_init ] --START--
INFO: Run Behavior\BuildLiteBehavior [ RunTime:0.000051s ]
INFO: [ app_init ] --END-- [ RunTime:0.030556s ]
INFO: [ app_begin ] --START--
INFO: Run Behavior\ReadHtmlCacheBehavior [ RunTime:0.003697s ]
INFO: [ app_begin ] --END-- [ RunTime:0.003903s ]
SQL: SHOW COLUMNS FROM `news_lesson` [ RunTime:0.0397s ]
SQL: SELECT * FROM `news_lesson` ORDER BY addtime desc LIMIT 4   [ RunTime:0.0023s ]
INFO: [ view_parse ] --START--
INFO: [ template_filter ] --START--
INFO: Run Behavior\ContentReplaceBehavior [ RunTime:0.000234s ]
INFO: [ template_filter ] --END-- [ RunTime:0.000501s ]
INFO: Run Behavior\ParseTemplateBehavior [ RunTime:0.248806s ]
INFO: [ view_parse ] --END-- [ RunTime:0.248995s ]
INFO: [ view_filter ] --START--
INFO: Run Behavior\WriteHtmlCacheBehavior [ RunTime:0.017316s ]
INFO: [ view_filter ] --END-- [ RunTime:0.017465s ]
INFO: [ app_end ] --START--
INFO: Run Behavior\ShowPageTraceBehavior [ RunTime:0.016550s ]
INFO: [ app_end ] --END-- [ RunTime:0.016716s ]

[ 2016-10-07T23:07:49+08:00 ] ::1 /fuckabc/index.php/home/lesson/view/id/8
INFO: [ app_init ] --START--
INFO: Run Behavior\BuildLiteBehavior [ RunTime:0.000033s ]
INFO: [ app_init ] --END-- [ RunTime:0.001070s ]
INFO: [ app_begin ] --START--
INFO: Run Behavior\ReadHtmlCacheBehavior [ RunTime:0.001656s ]
INFO: [ app_begin ] --END-- [ RunTime:0.001817s ]
SQL: SHOW COLUMNS FROM `news_lesson` [ RunTime:0.0320s ]
SQL: UPDATE `news_lesson` SET `view`=view+1 WHERE ( id=8 ) [ RunTime:0.0145s ]
SQL: SELECT * FROM `news_lesson` WHERE `id` = '8' LIMIT 1   [ RunTime:0.0011s ]
SQL: SHOW COLUMNS FROM `news_comment` [ RunTime:0.0291s ]
SQL: SELECT * FROM `news_comment` WHERE `pid` = 0 AND `lesson_id` = 8 ORDER BY time desc  [ RunTime:0.0013s ]
SQL: SELECT * FROM `news_comment` WHERE `pid` = 254 AND `lesson_id` = 8 ORDER BY time desc  [ RunTime:0.0009s ]
SQL: SELECT * FROM `news_comment` WHERE `pid` = 255 AND `lesson_id` = 8 ORDER BY time desc  [ RunTime:0.0008s ]
SQL: SELECT * FROM `news_comment` WHERE `pid` = 252 AND `lesson_id` = 8 ORDER BY time desc  [ RunTime:0.0010s ]
SQL: SELECT * FROM `news_comment` WHERE `pid` = 253 AND `lesson_id` = 8 ORDER BY time desc  [ RunTime:0.0010s ]
INFO: [ view_parse ] --START--
INFO: [ template_filter ] --START--
INFO: Run Behavior\ContentReplaceBehavior [ RunTime:0.000189s ]
INFO: [ template_filter ] --END-- [ RunTime:0.000328s ]
SQL: SELECT COUNT(*) AS tp_count FROM `news_comment` WHERE `lesson_id` = 8 LIMIT 1   [ RunTime:0.0029s ]
INFO: Run Behavior\ParseTemplateBehavior [ RunTime:0.092809s ]
INFO: [ view_parse ] --END-- [ RunTime:0.092910s ]
INFO: [ view_filter ] --START--
INFO: Run Behavior\WriteHtmlCacheBehavior [ RunTime:0.001058s ]
INFO: [ view_filter ] --END-- [ RunTime:0.001167s ]
INFO: [ app_end ] --START--
INFO: Run Behavior\ShowPageTraceBehavior [ RunTime:0.002063s ]
INFO: [ app_end ] --END-- [ RunTime:0.002244s ]

[ 2016-10-07T23:24:11+08:00 ] ::1 /fuckabc/index.php/home/lesson/view/id/8
INFO: [ app_init ] --START--
INFO: Run Behavior\BuildLiteBehavior [ RunTime:0.000071s ]
INFO: [ app_init ] --END-- [ RunTime:0.001394s ]
INFO: [ app_begin ] --START--
INFO: Run Behavior\ReadHtmlCacheBehavior [ RunTime:0.002356s ]
INFO: [ app_begin ] --END-- [ RunTime:0.002512s ]
SQL: SHOW COLUMNS FROM `news_lesson` [ RunTime:0.0364s ]
SQL: UPDATE `news_lesson` SET `view`=view+1 WHERE ( id=8 ) [ RunTime:0.0121s ]
SQL: SELECT * FROM `news_lesson` WHERE `id` = '8' LIMIT 1   [ RunTime:0.0010s ]
SQL: SHOW COLUMNS FROM `news_comment` [ RunTime:0.0204s ]
SQL: SELECT * FROM `news_comment` WHERE `pid` = 0 AND `lesson_id` = 8 ORDER BY time desc  [ RunTime:0.0013s ]
SQL: SELECT * FROM `news_comment` WHERE `pid` = 254 AND `lesson_id` = 8 ORDER BY time desc  [ RunTime:0.0012s ]
SQL: SELECT * FROM `news_comment` WHERE `pid` = 255 AND `lesson_id` = 8 ORDER BY time desc  [ RunTime:0.0009s ]
SQL: SELECT * FROM `news_comment` WHERE `pid` = 252 AND `lesson_id` = 8 ORDER BY time desc  [ RunTime:0.0009s ]
SQL: SELECT * FROM `news_comment` WHERE `pid` = 253 AND `lesson_id` = 8 ORDER BY time desc  [ RunTime:0.0009s ]
INFO: [ view_parse ] --START--
INFO: [ template_filter ] --START--
INFO: Run Behavior\ContentReplaceBehavior [ RunTime:0.000456s ]
INFO: [ template_filter ] --END-- [ RunTime:0.000596s ]
SQL: SELECT COUNT(*) AS tp_count FROM `news_comment` WHERE `lesson_id` = 8 LIMIT 1   [ RunTime:0.0011s ]
INFO: Run Behavior\ParseTemplateBehavior [ RunTime:0.064941s ]
INFO: [ view_parse ] --END-- [ RunTime:0.065028s ]
INFO: [ view_filter ] --START--
INFO: Run Behavior\WriteHtmlCacheBehavior [ RunTime:0.001169s ]
INFO: [ view_filter ] --END-- [ RunTime:0.001250s ]
INFO: [ app_end ] --START--
INFO: Run Behavior\ShowPageTraceBehavior [ RunTime:0.002182s ]
INFO: [ app_end ] --END-- [ RunTime:0.002355s ]

[ 2016-10-07T23:24:17+08:00 ] ::1 /fuckabc/index.php/home/lesson/view/id/8
INFO: [ app_init ] --START--
INFO: Run Behavior\BuildLiteBehavior [ RunTime:0.000038s ]
INFO: [ app_init ] --END-- [ RunTime:0.001747s ]
INFO: [ app_begin ] --START--
INFO: Run Behavior\ReadHtmlCacheBehavior [ RunTime:0.008553s ]
INFO: [ app_begin ] --END-- [ RunTime:0.008735s ]
SQL: SHOW COLUMNS FROM `news_lesson` [ RunTime:0.0271s ]
SQL: UPDATE `news_lesson` SET `view`=view+1 WHERE ( id=8 ) [ RunTime:0.0051s ]
SQL: SELECT * FROM `news_lesson` WHERE `id` = '8' LIMIT 1   [ RunTime:0.0010s ]
SQL: SHOW COLUMNS FROM `news_comment` [ RunTime:0.0215s ]
SQL: SELECT * FROM `news_comment` WHERE `pid` = 0 AND `lesson_id` = 8 ORDER BY time desc  [ RunTime:0.0013s ]
SQL: SELECT * FROM `news_comment` WHERE `pid` = 254 AND `lesson_id` = 8 ORDER BY time desc  [ RunTime:0.0011s ]
SQL: SELECT * FROM `news_comment` WHERE `pid` = 255 AND `lesson_id` = 8 ORDER BY time desc  [ RunTime:0.0010s ]
SQL: SELECT * FROM `news_comment` WHERE `pid` = 252 AND `lesson_id` = 8 ORDER BY time desc  [ RunTime:0.0011s ]
SQL: SELECT * FROM `news_comment` WHERE `pid` = 253 AND `lesson_id` = 8 ORDER BY time desc  [ RunTime:0.0011s ]
INFO: [ view_parse ] --START--
INFO: [ template_filter ] --START--
INFO: Run Behavior\ContentReplaceBehavior [ RunTime:0.000225s ]
INFO: [ template_filter ] --END-- [ RunTime:0.000351s ]
SQL: SELECT COUNT(*) AS tp_count FROM `news_comment` WHERE `lesson_id` = 8 LIMIT 1   [ RunTime:0.0012s ]
INFO: Run Behavior\ParseTemplateBehavior [ RunTime:0.061816s ]
INFO: [ view_parse ] --END-- [ RunTime:0.061909s ]
INFO: [ view_filter ] --START--
INFO: Run Behavior\WriteHtmlCacheBehavior [ RunTime:0.001265s ]
INFO: [ view_filter ] --END-- [ RunTime:0.001371s ]
INFO: [ app_end ] --START--
INFO: Run Behavior\ShowPageTraceBehavior [ RunTime:0.002216s ]
INFO: [ app_end ] --END-- [ RunTime:0.002403s ]

[ 2016-10-07T23:24:22+08:00 ] ::1 /fuckabc/index.php
INFO: [ app_init ] --START--
INFO: Run Behavior\BuildLiteBehavior [ RunTime:0.000032s ]
INFO: [ app_init ] --END-- [ RunTime:0.001088s ]
INFO: [ app_begin ] --START--
INFO: Run Behavior\ReadHtmlCacheBehavior [ RunTime:0.002409s ]
INFO: [ app_begin ] --END-- [ RunTime:0.002588s ]
SQL: SHOW COLUMNS FROM `news_lesson` [ RunTime:0.0314s ]
SQL: SELECT * FROM `news_lesson` ORDER BY addtime desc LIMIT 4   [ RunTime:0.0012s ]
INFO: [ view_parse ] --START--
INFO: [ template_filter ] --START--
INFO: Run Behavior\ContentReplaceBehavior [ RunTime:0.000176s ]
INFO: [ template_filter ] --END-- [ RunTime:0.000301s ]
INFO: Run Behavior\ParseTemplateBehavior [ RunTime:0.022075s ]
INFO: [ view_parse ] --END-- [ RunTime:0.022208s ]
INFO: [ view_filter ] --START--
INFO: Run Behavior\WriteHtmlCacheBehavior [ RunTime:0.000864s ]
INFO: [ view_filter ] --END-- [ RunTime:0.000941s ]
INFO: [ app_end ] --START--
INFO: Run Behavior\ShowPageTraceBehavior [ RunTime:0.001366s ]
INFO: [ app_end ] --END-- [ RunTime:0.001448s ]

[ 2016-10-07T23:24:24+08:00 ] ::1 /fuckabc/index.php/home/lesson/view/id/7
INFO: [ app_init ] --START--
INFO: Run Behavior\BuildLiteBehavior [ RunTime:0.000066s ]
INFO: [ app_init ] --END-- [ RunTime:0.001717s ]
INFO: [ app_begin ] --START--
INFO: Run Behavior\ReadHtmlCacheBehavior [ RunTime:0.001844s ]
INFO: [ app_begin ] --END-- [ RunTime:0.002034s ]
SQL: SHOW COLUMNS FROM `news_lesson` [ RunTime:0.0319s ]
SQL: UPDATE `news_lesson` SET `view`=view+1 WHERE ( id=7 ) [ RunTime:0.0125s ]
SQL: SELECT * FROM `news_lesson` WHERE `id` = '7' LIMIT 1   [ RunTime:0.0009s ]
SQL: SHOW COLUMNS FROM `news_comment` [ RunTime:0.0238s ]
SQL: SELECT * FROM `news_comment` WHERE `pid` = 0 AND `lesson_id` = 7 ORDER BY time desc  [ RunTime:0.0016s ]
INFO: [ view_parse ] --START--
INFO: [ template_filter ] --START--
INFO: Run Behavior\ContentReplaceBehavior [ RunTime:0.000260s ]
INFO: [ template_filter ] --END-- [ RunTime:0.000404s ]
SQL: SELECT COUNT(*) AS tp_count FROM `news_comment` WHERE `lesson_id` = 7 LIMIT 1   [ RunTime:0.0012s ]
INFO: Run Behavior\ParseTemplateBehavior [ RunTime:0.061675s ]
INFO: [ view_parse ] --END-- [ RunTime:0.061787s ]
INFO: [ view_filter ] --START--
INFO: Run Behavior\WriteHtmlCacheBehavior [ RunTime:0.000969s ]
INFO: [ view_filter ] --END-- [ RunTime:0.001054s ]
INFO: [ app_end ] --START--
INFO: Run Behavior\ShowPageTraceBehavior [ RunTime:0.001232s ]
INFO: [ app_end ] --END-- [ RunTime:0.001321s ]

[ 2016-10-07T23:24:26+08:00 ] ::1 /fuckabc/index.php/home/user/login
INFO: [ app_init ] --START--
INFO: Run Behavior\BuildLiteBehavior [ RunTime:0.000065s ]
INFO: [ app_init ] --END-- [ RunTime:0.001586s ]
INFO: [ app_begin ] --START--
INFO: Run Behavior\ReadHtmlCacheBehavior [ RunTime:0.001649s ]
INFO: [ app_begin ] --END-- [ RunTime:0.001840s ]
INFO: [ view_parse ] --START--
INFO: [ template_filter ] --START--
INFO: Run Behavior\ContentReplaceBehavior [ RunTime:0.000118s ]
INFO: [ template_filter ] --END-- [ RunTime:0.000281s ]
INFO: Run Behavior\ParseTemplateBehavior [ RunTime:0.058885s ]
INFO: [ view_parse ] --END-- [ RunTime:0.059096s ]
INFO: [ view_filter ] --START--
INFO: Run Behavior\WriteHtmlCacheBehavior [ RunTime:0.000680s ]
INFO: [ view_filter ] --END-- [ RunTime:0.000767s ]
INFO: [ app_end ] --START--
INFO: Run Behavior\ShowPageTraceBehavior [ RunTime:0.001326s ]
INFO: [ app_end ] --END-- [ RunTime:0.001429s ]

[ 2016-10-07T23:24:28+08:00 ] ::1 /fuckabc/index.php/home/user/chklogin
INFO: [ app_init ] --START--
INFO: Run Behavior\BuildLiteBehavior [ RunTime:0.000081s ]
INFO: [ app_init ] --END-- [ RunTime:0.000998s ]
INFO: [ app_begin ] --START--
INFO: Run Behavior\ReadHtmlCacheBehavior [ RunTime:0.001607s ]
INFO: [ app_begin ] --END-- [ RunTime:0.001851s ]
SQL: SHOW COLUMNS FROM `news_user` [ RunTime:0.0363s ]
SQL: SELECT COUNT(*) AS tp_count FROM `news_user` WHERE `name` = 'xujiajia' AND `password` = 'chen1210' LIMIT 1   [ RunTime:0.0018s ]

[ 2016-10-07T23:24:29+08:00 ] ::1 /fuckabc/index.php/home/index/index
INFO: [ app_init ] --START--
INFO: Run Behavior\BuildLiteBehavior [ RunTime:0.000035s ]
INFO: [ app_init ] --END-- [ RunTime:0.000954s ]
INFO: [ app_begin ] --START--
INFO: Run Behavior\ReadHtmlCacheBehavior [ RunTime:0.001077s ]
INFO: [ app_begin ] --END-- [ RunTime:0.001167s ]
SQL: SHOW COLUMNS FROM `news_lesson` [ RunTime:0.0314s ]
SQL: SELECT * FROM `news_lesson` ORDER BY addtime desc LIMIT 4   [ RunTime:0.0010s ]
INFO: [ view_parse ] --START--
INFO: [ template_filter ] --START--
INFO: Run Behavior\ContentReplaceBehavior [ RunTime:0.000195s ]
INFO: [ template_filter ] --END-- [ RunTime:0.000324s ]
INFO: Run Behavior\ParseTemplateBehavior [ RunTime:0.014385s ]
INFO: [ view_parse ] --END-- [ RunTime:0.014543s ]
INFO: [ view_filter ] --START--
INFO: Run Behavior\WriteHtmlCacheBehavior [ RunTime:0.000603s ]
INFO: [ view_filter ] --END-- [ RunTime:0.000674s ]
INFO: [ app_end ] --START--
INFO: Run Behavior\ShowPageTraceBehavior [ RunTime:0.001268s ]
INFO: [ app_end ] --END-- [ RunTime:0.001359s ]

[ 2016-10-07T23:30:02+08:00 ] ::1 /fuckabc/index.php/home/lesson/view/id/7
INFO: [ app_init ] --START--
INFO: Run Behavior\BuildLiteBehavior [ RunTime:0.000033s ]
INFO: [ app_init ] --END-- [ RunTime:0.001391s ]
INFO: [ app_begin ] --START--
INFO: Run Behavior\ReadHtmlCacheBehavior [ RunTime:0.001600s ]
INFO: [ app_begin ] --END-- [ RunTime:0.001721s ]
SQL: SHOW COLUMNS FROM `news_lesson` [ RunTime:0.0308s ]
SQL: UPDATE `news_lesson` SET `view`=view+1 WHERE ( id=7 ) [ RunTime:0.0048s ]
SQL: SELECT * FROM `news_lesson` WHERE `id` = '7' LIMIT 1   [ RunTime:0.0012s ]
SQL: SHOW COLUMNS FROM `news_comment` [ RunTime:0.0205s ]
SQL: SELECT * FROM `news_comment` WHERE `pid` = 0 AND `lesson_id` = 7 ORDER BY time desc  [ RunTime:0.0011s ]
INFO: [ view_parse ] --START--
INFO: [ template_filter ] --START--
INFO: Run Behavior\ContentReplaceBehavior [ RunTime:0.000226s ]
INFO: [ template_filter ] --END-- [ RunTime:0.000354s ]
SQL: SELECT COUNT(*) AS tp_count FROM `news_comment` WHERE `lesson_id` = 7 LIMIT 1   [ RunTime:0.0011s ]
INFO: Run Behavior\ParseTemplateBehavior [ RunTime:0.058719s ]
INFO: [ view_parse ] --END-- [ RunTime:0.058811s ]
INFO: [ view_filter ] --START--
INFO: Run Behavior\WriteHtmlCacheBehavior [ RunTime:0.001156s ]
INFO: [ view_filter ] --END-- [ RunTime:0.001254s ]
INFO: [ app_end ] --START--
INFO: Run Behavior\ShowPageTraceBehavior [ RunTime:0.001306s ]
INFO: [ app_end ] --END-- [ RunTime:0.001382s ]

[ 2016-10-07T23:30:09+08:00 ] ::1 /fuckabc/index.php/home/lesson/addcomment
INFO: [ app_init ] --START--
INFO: Run Behavior\BuildLiteBehavior [ RunTime:0.000042s ]
INFO: [ app_init ] --END-- [ RunTime:0.001190s ]
INFO: [ app_begin ] --START--
INFO: Run Behavior\ReadHtmlCacheBehavior [ RunTime:0.001631s ]
INFO: [ app_begin ] --END-- [ RunTime:0.001809s ]
SQL: SHOW COLUMNS FROM `news_comment` [ RunTime:0.0282s ]
SQL: INSERT INTO `news_comment` (`lesson_id`,`content`,`editor`,`time`,`pid`) VALUES ('7','哈哈，挺好的','xujiajia','2016-10-07 23:30:09','0') [ RunTime:0.0044s ]

[ 2016-10-07T23:32:39+08:00 ] ::1 /fuckabc/index.php/home/lesson/view/id/7
INFO: [ app_init ] --START--
INFO: Run Behavior\BuildLiteBehavior [ RunTime:0.000058s ]
INFO: [ app_init ] --END-- [ RunTime:0.001566s ]
INFO: [ app_begin ] --START--
INFO: Run Behavior\ReadHtmlCacheBehavior [ RunTime:0.002615s ]
INFO: [ app_begin ] --END-- [ RunTime:0.002835s ]
SQL: SHOW COLUMNS FROM `news_lesson` [ RunTime:0.0305s ]
SQL: UPDATE `news_lesson` SET `view`=view+1 WHERE ( id=7 ) [ RunTime:0.0040s ]
SQL: SELECT * FROM `news_lesson` WHERE `id` = '7' LIMIT 1   [ RunTime:0.0012s ]
SQL: SHOW COLUMNS FROM `news_comment` [ RunTime:0.0239s ]
SQL: SELECT * FROM `news_comment` WHERE `pid` = 0 AND `lesson_id` = 7 ORDER BY time desc  [ RunTime:0.0013s ]
SQL: SELECT * FROM `news_comment` WHERE `pid` = 256 AND `lesson_id` = 7 ORDER BY time desc  [ RunTime:0.0009s ]
INFO: [ view_parse ] --START--
INFO: [ template_filter ] --START--
INFO: Run Behavior\ContentReplaceBehavior [ RunTime:0.000226s ]
INFO: [ template_filter ] --END-- [ RunTime:0.000348s ]
SQL: SELECT COUNT(*) AS tp_count FROM `news_comment` WHERE `lesson_id` = 7 LIMIT 1   [ RunTime:0.0010s ]
INFO: Run Behavior\ParseTemplateBehavior [ RunTime:0.059155s ]
INFO: [ view_parse ] --END-- [ RunTime:0.059257s ]
INFO: [ view_filter ] --START--
INFO: Run Behavior\WriteHtmlCacheBehavior [ RunTime:0.001312s ]
INFO: [ view_filter ] --END-- [ RunTime:0.001449s ]
INFO: [ app_end ] --START--
INFO: Run Behavior\ShowPageTraceBehavior [ RunTime:0.002015s ]
INFO: [ app_end ] --END-- [ RunTime:0.002156s ]

[ 2016-10-07T23:32:49+08:00 ] ::1 /fuckabc/index.php/home/lesson/addcomment
INFO: [ app_init ] --START--
INFO: Run Behavior\BuildLiteBehavior [ RunTime:0.000050s ]
INFO: [ app_init ] --END-- [ RunTime:0.004531s ]
INFO: [ app_begin ] --START--
INFO: Run Behavior\ReadHtmlCacheBehavior [ RunTime:0.001769s ]
INFO: [ app_begin ] --END-- [ RunTime:0.001899s ]
SQL: SHOW COLUMNS FROM `news_comment` [ RunTime:0.0251s ]
SQL: INSERT INTO `news_comment` (`lesson_id`,`content`,`editor`,`time`,`pid`) VALUES ('7','好个屁','xujiajia','2016-10-07 23:32:49','256') [ RunTime:0.0037s ]

[ 2016-10-07T23:32:57+08:00 ] ::1 /fuckabc/index.php/home/lesson/addcomment
INFO: [ app_init ] --START--
INFO: Run Behavior\BuildLiteBehavior [ RunTime:0.000029s ]
INFO: [ app_init ] --END-- [ RunTime:0.000932s ]
INFO: [ app_begin ] --START--
INFO: Run Behavior\ReadHtmlCacheBehavior [ RunTime:0.001024s ]
INFO: [ app_begin ] --END-- [ RunTime:0.001095s ]
SQL: SHOW COLUMNS FROM `news_comment` [ RunTime:0.0313s ]
SQL: INSERT INTO `news_comment` (`lesson_id`,`content`,`editor`,`time`,`pid`) VALUES ('7','上班去吧','xujiajia','2016-10-07 23:32:57','256') [ RunTime:0.0037s ]

[ 2016-10-07T23:33:48+08:00 ] ::1 /fuckabc/index.php/home/lesson/view/id/7
INFO: [ app_init ] --START--
INFO: Run Behavior\BuildLiteBehavior [ RunTime:0.000041s ]
INFO: [ app_init ] --END-- [ RunTime:0.002148s ]
INFO: [ app_begin ] --START--
INFO: Run Behavior\ReadHtmlCacheBehavior [ RunTime:0.001430s ]
INFO: [ app_begin ] --END-- [ RunTime:0.001570s ]
SQL: SHOW COLUMNS FROM `news_lesson` [ RunTime:0.0439s ]
SQL: UPDATE `news_lesson` SET `view`=view+1 WHERE ( id=7 ) [ RunTime:0.0305s ]
SQL: SELECT * FROM `news_lesson` WHERE `id` = '7' LIMIT 1   [ RunTime:0.0013s ]
SQL: SHOW COLUMNS FROM `news_comment` [ RunTime:0.0238s ]
SQL: SELECT * FROM `news_comment` WHERE `pid` = 0 AND `lesson_id` = 7 ORDER BY time desc  [ RunTime:0.0020s ]
SQL: SELECT * FROM `news_comment` WHERE `pid` = 256 AND `lesson_id` = 7 ORDER BY time desc  [ RunTime:0.0017s ]
SQL: SELECT * FROM `news_comment` WHERE `pid` = 258 AND `lesson_id` = 7 ORDER BY time desc  [ RunTime:0.0012s ]
SQL: SELECT * FROM `news_comment` WHERE `pid` = 257 AND `lesson_id` = 7 ORDER BY time desc  [ RunTime:0.0012s ]
INFO: [ view_parse ] --START--
INFO: [ template_filter ] --START--
INFO: Run Behavior\ContentReplaceBehavior [ RunTime:0.000576s ]
INFO: [ template_filter ] --END-- [ RunTime:0.000763s ]
SQL: SELECT COUNT(*) AS tp_count FROM `news_comment` WHERE `lesson_id` = 7 LIMIT 1   [ RunTime:0.0013s ]
INFO: Run Behavior\ParseTemplateBehavior [ RunTime:0.077470s ]
INFO: [ view_parse ] --END-- [ RunTime:0.077578s ]
INFO: [ view_filter ] --START--
INFO: Run Behavior\WriteHtmlCacheBehavior [ RunTime:0.001459s ]
INFO: [ view_filter ] --END-- [ RunTime:0.001592s ]
INFO: [ app_end ] --START--
INFO: Run Behavior\ShowPageTraceBehavior [ RunTime:0.002783s ]
INFO: [ app_end ] --END-- [ RunTime:0.003011s ]

[ 2016-10-07T23:37:11+08:00 ] ::1 /fuckabc/index.php/home/lesson/view/id/7
INFO: [ app_init ] --START--
INFO: Run Behavior\BuildLiteBehavior [ RunTime:0.000033s ]
INFO: [ app_init ] --END-- [ RunTime:0.001196s ]
INFO: [ app_begin ] --START--
INFO: Run Behavior\ReadHtmlCacheBehavior [ RunTime:0.001844s ]
INFO: [ app_begin ] --END-- [ RunTime:0.002067s ]
SQL: SHOW COLUMNS FROM `news_lesson` [ RunTime:0.0300s ]
SQL: UPDATE `news_lesson` SET `view`=view+1 WHERE ( id=7 ) [ RunTime:0.0077s ]
SQL: SELECT * FROM `news_lesson` WHERE `id` = '7' LIMIT 1   [ RunTime:0.0009s ]
SQL: SHOW COLUMNS FROM `news_comment` [ RunTime:0.0199s ]
SQL: SELECT * FROM `news_comment` WHERE `pid` = 0 AND `lesson_id` = 7 ORDER BY time desc  [ RunTime:0.0011s ]
SQL: SELECT * FROM `news_comment` WHERE `pid` = 256 AND `lesson_id` = 7 ORDER BY time desc  [ RunTime:0.0008s ]
SQL: SELECT * FROM `news_comment` WHERE `pid` = 258 AND `lesson_id` = 7 ORDER BY time desc  [ RunTime:0.0007s ]
SQL: SELECT * FROM `news_comment` WHERE `pid` = 257 AND `lesson_id` = 7 ORDER BY time desc  [ RunTime:0.0008s ]
INFO: [ view_parse ] --START--
INFO: [ template_filter ] --START--
INFO: Run Behavior\ContentReplaceBehavior [ RunTime:0.000201s ]
INFO: [ template_filter ] --END-- [ RunTime:0.000336s ]
SQL: SELECT COUNT(*) AS tp_count FROM `news_comment` WHERE `lesson_id` = 7 LIMIT 1   [ RunTime:0.0012s ]
SQL: SELECT COUNT(*) AS tp_count FROM `news_comment` WHERE `lesson_id` = 7 AND `pid` = 256 LIMIT 1   [ RunTime:0.0008s ]
INFO: Run Behavior\ParseTemplateBehavior [ RunTime:0.060869s ]
INFO: [ view_parse ] --END-- [ RunTime:0.060952s ]
INFO: [ view_filter ] --START--
INFO: Run Behavior\WriteHtmlCacheBehavior [ RunTime:0.001128s ]
INFO: [ view_filter ] --END-- [ RunTime:0.001204s ]
INFO: [ app_end ] --START--
INFO: Run Behavior\ShowPageTraceBehavior [ RunTime:0.001911s ]
INFO: [ app_end ] --END-- [ RunTime:0.002065s ]

[ 2016-10-07T23:46:23+08:00 ] ::1 /fuckabc/index.php/home/lesson/view/id/7
INFO: [ app_init ] --START--
INFO: Run Behavior\BuildLiteBehavior [ RunTime:0.000036s ]
INFO: [ app_init ] --END-- [ RunTime:0.001264s ]
INFO: [ app_begin ] --START--
INFO: Run Behavior\ReadHtmlCacheBehavior [ RunTime:0.001689s ]
INFO: [ app_begin ] --END-- [ RunTime:0.001849s ]
SQL: SHOW COLUMNS FROM `news_lesson` [ RunTime:0.0367s ]
SQL: UPDATE `news_lesson` SET `view`=view+1 WHERE ( id=7 ) [ RunTime:0.0133s ]
SQL: SELECT * FROM `news_lesson` WHERE `id` = '7' LIMIT 1   [ RunTime:0.0008s ]
SQL: SHOW COLUMNS FROM `news_comment` [ RunTime:0.0188s ]
SQL: SELECT * FROM `news_comment` WHERE `pid` = 0 AND `lesson_id` = 7 ORDER BY time desc  [ RunTime:0.0011s ]
SQL: SELECT * FROM `news_comment` WHERE `pid` = 256 AND `lesson_id` = 7 ORDER BY time desc  [ RunTime:0.0008s ]
SQL: SELECT * FROM `news_comment` WHERE `pid` = 258 AND `lesson_id` = 7 ORDER BY time desc  [ RunTime:0.0007s ]
SQL: SELECT * FROM `news_comment` WHERE `pid` = 257 AND `lesson_id` = 7 ORDER BY time desc  [ RunTime:0.0008s ]
INFO: [ view_parse ] --START--
INFO: [ template_filter ] --START--
INFO: Run Behavior\ContentReplaceBehavior [ RunTime:0.000190s ]
INFO: [ template_filter ] --END-- [ RunTime:0.000309s ]
SQL: SELECT COUNT(*) AS tp_count FROM `news_comment` WHERE `lesson_id` = 7 LIMIT 1   [ RunTime:0.0010s ]
SQL: SELECT COUNT(*) AS tp_count FROM `news_comment` WHERE `lesson_id` = 7 AND `pid` = 256 LIMIT 1   [ RunTime:0.0006s ]
INFO: Run Behavior\ParseTemplateBehavior [ RunTime:0.059699s ]
INFO: [ view_parse ] --END-- [ RunTime:0.059783s ]
INFO: [ view_filter ] --START--
INFO: Run Behavior\WriteHtmlCacheBehavior [ RunTime:0.001056s ]
INFO: [ view_filter ] --END-- [ RunTime:0.001133s ]
INFO: [ app_end ] --START--
INFO: Run Behavior\ShowPageTraceBehavior [ RunTime:0.002213s ]
INFO: [ app_end ] --END-- [ RunTime:0.002380s ]

[ 2016-10-07T23:46:51+08:00 ] ::1 /fuckabc/index.php/home/lesson/addcomment
INFO: [ app_init ] --START--
INFO: Run Behavior\BuildLiteBehavior [ RunTime:0.000035s ]
INFO: [ app_init ] --END-- [ RunTime:0.001376s ]
INFO: [ app_begin ] --START--
INFO: Run Behavior\ReadHtmlCacheBehavior [ RunTime:0.001795s ]
INFO: [ app_begin ] --END-- [ RunTime:0.001929s ]
SQL: SHOW COLUMNS FROM `news_comment` [ RunTime:0.0256s ]
SQL: INSERT INTO `news_comment` (`lesson_id`,`content`,`editor`,`time`,`pid`) VALUES ('7','你知道吗','xujiajia','2016-10-07 23:46:51','256') [ RunTime:0.0036s ]
SQL: SELECT COUNT(*) AS tp_count FROM `news_comment` WHERE `lesson_id` = 7 AND `pid` = 256 LIMIT 1   [ RunTime:0.0010s ]

[ 2016-10-07T23:47:29+08:00 ] ::1 /fuckabc/index.php
INFO: [ app_init ] --START--
INFO: Run Behavior\BuildLiteBehavior [ RunTime:0.000037s ]
INFO: [ app_init ] --END-- [ RunTime:0.001082s ]
INFO: [ app_begin ] --START--
INFO: Run Behavior\ReadHtmlCacheBehavior [ RunTime:0.001706s ]
INFO: [ app_begin ] --END-- [ RunTime:0.001911s ]
SQL: SHOW COLUMNS FROM `news_lesson` [ RunTime:0.0314s ]
SQL: SELECT * FROM `news_lesson` ORDER BY addtime desc LIMIT 4   [ RunTime:0.0010s ]
INFO: [ view_parse ] --START--
INFO: [ template_filter ] --START--
INFO: Run Behavior\ContentReplaceBehavior [ RunTime:0.000197s ]
INFO: [ template_filter ] --END-- [ RunTime:0.000342s ]
INFO: Run Behavior\ParseTemplateBehavior [ RunTime:0.022668s ]
INFO: [ view_parse ] --END-- [ RunTime:0.022826s ]
INFO: [ view_filter ] --START--
INFO: Run Behavior\WriteHtmlCacheBehavior [ RunTime:0.001210s ]
INFO: [ view_filter ] --END-- [ RunTime:0.001330s ]
INFO: [ app_end ] --START--
INFO: Run Behavior\ShowPageTraceBehavior [ RunTime:0.001467s ]
INFO: [ app_end ] --END-- [ RunTime:0.001570s ]

[ 2016-10-07T23:47:31+08:00 ] ::1 /fuckabc/index.php/home/lesson/view/id/8
INFO: [ app_init ] --START--
INFO: Run Behavior\BuildLiteBehavior [ RunTime:0.000045s ]
INFO: [ app_init ] --END-- [ RunTime:0.001216s ]
INFO: [ app_begin ] --START--
INFO: Run Behavior\ReadHtmlCacheBehavior [ RunTime:0.002086s ]
INFO: [ app_begin ] --END-- [ RunTime:0.002273s ]
SQL: SHOW COLUMNS FROM `news_lesson` [ RunTime:0.0323s ]
SQL: UPDATE `news_lesson` SET `view`=view+1 WHERE ( id=8 ) [ RunTime:0.0098s ]
SQL: SELECT * FROM `news_lesson` WHERE `id` = '8' LIMIT 1   [ RunTime:0.0011s ]
SQL: SHOW COLUMNS FROM `news_comment` [ RunTime:0.0234s ]
SQL: SELECT * FROM `news_comment` WHERE `pid` = 0 AND `lesson_id` = 8 ORDER BY time desc  [ RunTime:0.0014s ]
SQL: SELECT * FROM `news_comment` WHERE `pid` = 254 AND `lesson_id` = 8 ORDER BY time desc  [ RunTime:0.0015s ]
SQL: SELECT * FROM `news_comment` WHERE `pid` = 255 AND `lesson_id` = 8 ORDER BY time desc  [ RunTime:0.0014s ]
SQL: SELECT * FROM `news_comment` WHERE `pid` = 252 AND `lesson_id` = 8 ORDER BY time desc  [ RunTime:0.0011s ]
SQL: SELECT * FROM `news_comment` WHERE `pid` = 253 AND `lesson_id` = 8 ORDER BY time desc  [ RunTime:0.0010s ]
INFO: [ view_parse ] --START--
INFO: [ template_filter ] --START--
INFO: Run Behavior\ContentReplaceBehavior [ RunTime:0.000210s ]
INFO: [ template_filter ] --END-- [ RunTime:0.000338s ]
SQL: SELECT COUNT(*) AS tp_count FROM `news_comment` WHERE `lesson_id` = 8 LIMIT 1   [ RunTime:0.0013s ]
SQL: SELECT COUNT(*) AS tp_count FROM `news_comment` WHERE `lesson_id` = 8 AND `pid` = 254 LIMIT 1   [ RunTime:0.0014s ]
SQL: SELECT COUNT(*) AS tp_count FROM `news_comment` WHERE `lesson_id` = 8 AND `pid` = 252 LIMIT 1   [ RunTime:0.0012s ]
INFO: Run Behavior\ParseTemplateBehavior [ RunTime:0.075590s ]
INFO: [ view_parse ] --END-- [ RunTime:0.075703s ]
INFO: [ view_filter ] --START--
INFO: Run Behavior\WriteHtmlCacheBehavior [ RunTime:0.001157s ]
INFO: [ view_filter ] --END-- [ RunTime:0.001422s ]
INFO: [ app_end ] --START--
INFO: Run Behavior\ShowPageTraceBehavior [ RunTime:0.001975s ]
INFO: [ app_end ] --END-- [ RunTime:0.002128s ]

[ 2016-10-07T23:47:42+08:00 ] ::1 /fuckabc/index.php/home/lesson/addcomment
INFO: [ app_init ] --START--
INFO: Run Behavior\BuildLiteBehavior [ RunTime:0.000034s ]
INFO: [ app_init ] --END-- [ RunTime:0.000986s ]
INFO: [ app_begin ] --START--
INFO: Run Behavior\ReadHtmlCacheBehavior [ RunTime:0.001429s ]
INFO: [ app_begin ] --END-- [ RunTime:0.001559s ]
SQL: SHOW COLUMNS FROM `news_comment` [ RunTime:0.0254s ]
SQL: INSERT INTO `news_comment` (`lesson_id`,`content`,`editor`,`time`,`pid`) VALUES ('8','mklm1','xujiajia','2016-10-07 23:47:42','254') [ RunTime:0.0092s ]
SQL: SELECT COUNT(*) AS tp_count FROM `news_comment` WHERE `lesson_id` = 8 AND `pid` = 254 LIMIT 1   [ RunTime:0.0010s ]

[ 2016-10-07T23:47:50+08:00 ] ::1 /fuckabc/index.php/home/lesson/addcomment
INFO: [ app_init ] --START--
INFO: Run Behavior\BuildLiteBehavior [ RunTime:0.000044s ]
INFO: [ app_init ] --END-- [ RunTime:0.001374s ]
INFO: [ app_begin ] --START--
INFO: Run Behavior\ReadHtmlCacheBehavior [ RunTime:0.002801s ]
INFO: [ app_begin ] --END-- [ RunTime:0.003153s ]
SQL: SHOW COLUMNS FROM `news_comment` [ RunTime:0.0298s ]
SQL: INSERT INTO `news_comment` (`lesson_id`,`content`,`editor`,`time`,`pid`) VALUES ('8','o','xujiajia','2016-10-07 23:47:50','252') [ RunTime:0.0093s ]
SQL: SELECT COUNT(*) AS tp_count FROM `news_comment` WHERE `lesson_id` = 8 AND `pid` = 252 LIMIT 1   [ RunTime:0.0011s ]

[ 2016-10-07T23:47:55+08:00 ] ::1 /fuckabc/index.php/home/lesson/addcomment
INFO: [ app_init ] --START--
INFO: Run Behavior\BuildLiteBehavior [ RunTime:0.000087s ]
INFO: [ app_init ] --END-- [ RunTime:0.001760s ]
INFO: [ app_begin ] --START--
INFO: Run Behavior\ReadHtmlCacheBehavior [ RunTime:0.002010s ]
INFO: [ app_begin ] --END-- [ RunTime:0.002237s ]
SQL: SHOW COLUMNS FROM `news_comment` [ RunTime:0.0283s ]
SQL: INSERT INTO `news_comment` (`lesson_id`,`content`,`editor`,`time`,`pid`) VALUES ('8','pmko;','xujiajia','2016-10-07 23:47:55','252') [ RunTime:0.0089s ]
SQL: SELECT COUNT(*) AS tp_count FROM `news_comment` WHERE `lesson_id` = 8 AND `pid` = 252 LIMIT 1   [ RunTime:0.0010s ]

[ 2016-10-07T23:48:06+08:00 ] ::1 /fuckabc/index.php/home/lesson/addcomment
INFO: [ app_init ] --START--
INFO: Run Behavior\BuildLiteBehavior [ RunTime:0.000030s ]
INFO: [ app_init ] --END-- [ RunTime:0.001013s ]
INFO: [ app_begin ] --START--
INFO: Run Behavior\ReadHtmlCacheBehavior [ RunTime:0.001212s ]
INFO: [ app_begin ] --END-- [ RunTime:0.001304s ]
SQL: SHOW COLUMNS FROM `news_comment` [ RunTime:0.0256s ]
SQL: INSERT INTO `news_comment` (`lesson_id`,`content`,`editor`,`time`,`pid`) VALUES ('8','\';,','xujiajia','2016-10-07 23:48:06','0') [ RunTime:0.0096s ]
SQL: SELECT COUNT(*) AS tp_count FROM `news_comment` WHERE `lesson_id` = 8 AND `pid` = 0 LIMIT 1   [ RunTime:0.0009s ]

[ 2016-10-07T23:48:13+08:00 ] ::1 /fuckabc/index.php/home/lesson/addcomment
INFO: [ app_init ] --START--
INFO: Run Behavior\BuildLiteBehavior [ RunTime:0.000091s ]
INFO: [ app_init ] --END-- [ RunTime:0.001672s ]
INFO: [ app_begin ] --START--
INFO: Run Behavior\ReadHtmlCacheBehavior [ RunTime:0.002507s ]
INFO: [ app_begin ] --END-- [ RunTime:0.002764s ]
SQL: SHOW COLUMNS FROM `news_comment` [ RunTime:0.0363s ]
SQL: INSERT INTO `news_comment` (`lesson_id`,`content`,`editor`,`time`,`pid`) VALUES ('8',',l;','xujiajia','2016-10-07 23:48:13','263') [ RunTime:0.0094s ]
SQL: SELECT COUNT(*) AS tp_count FROM `news_comment` WHERE `lesson_id` = 8 AND `pid` = 263 LIMIT 1   [ RunTime:0.0009s ]

[ 2016-10-07T23:48:18+08:00 ] ::1 /fuckabc/index.php/home/lesson/addcomment
INFO: [ app_init ] --START--
INFO: Run Behavior\BuildLiteBehavior [ RunTime:0.000048s ]
INFO: [ app_init ] --END-- [ RunTime:0.001492s ]
INFO: [ app_begin ] --START--
INFO: Run Behavior\ReadHtmlCacheBehavior [ RunTime:0.001993s ]
INFO: [ app_begin ] --END-- [ RunTime:0.002264s ]
SQL: SHOW COLUMNS FROM `news_comment` [ RunTime:0.0336s ]
SQL: INSERT INTO `news_comment` (`lesson_id`,`content`,`editor`,`time`,`pid`) VALUES ('8','nkjlbh;o','xujiajia','2016-10-07 23:48:18','263') [ RunTime:0.0037s ]
SQL: SELECT COUNT(*) AS tp_count FROM `news_comment` WHERE `lesson_id` = 8 AND `pid` = 263 LIMIT 1   [ RunTime:0.0011s ]

[ 2016-10-07T23:48:24+08:00 ] ::1 /fuckabc/index.php/home/lesson/addcomment
INFO: [ app_init ] --START--
INFO: Run Behavior\BuildLiteBehavior [ RunTime:0.000068s ]
INFO: [ app_init ] --END-- [ RunTime:0.003797s ]
INFO: [ app_begin ] --START--
INFO: Run Behavior\ReadHtmlCacheBehavior [ RunTime:0.003260s ]
INFO: [ app_begin ] --END-- [ RunTime:0.003483s ]
SQL: SHOW COLUMNS FROM `news_comment` [ RunTime:0.0313s ]
SQL: INSERT INTO `news_comment` (`lesson_id`,`content`,`editor`,`time`,`pid`) VALUES ('8','n;','xujiajia','2016-10-07 23:48:24','263') [ RunTime:0.0036s ]
SQL: SELECT COUNT(*) AS tp_count FROM `news_comment` WHERE `lesson_id` = 8 AND `pid` = 263 LIMIT 1   [ RunTime:0.0009s ]

[ 2016-10-07T23:48:34+08:00 ] ::1 /fuckabc/index.php/home/lesson/view/id/8
INFO: [ app_init ] --START--
INFO: Run Behavior\BuildLiteBehavior [ RunTime:0.000070s ]
INFO: [ app_init ] --END-- [ RunTime:0.002771s ]
INFO: [ app_begin ] --START--
INFO: Run Behavior\ReadHtmlCacheBehavior [ RunTime:0.001646s ]
INFO: [ app_begin ] --END-- [ RunTime:0.001891s ]
SQL: SHOW COLUMNS FROM `news_lesson` [ RunTime:0.0342s ]
SQL: UPDATE `news_lesson` SET `view`=view+1 WHERE ( id=8 ) [ RunTime:0.0099s ]
SQL: SELECT * FROM `news_lesson` WHERE `id` = '8' LIMIT 1   [ RunTime:0.0010s ]
SQL: SHOW COLUMNS FROM `news_comment` [ RunTime:0.0219s ]
SQL: SELECT * FROM `news_comment` WHERE `pid` = 0 AND `lesson_id` = 8 ORDER BY time desc  [ RunTime:0.0013s ]
SQL: SELECT * FROM `news_comment` WHERE `pid` = 263 AND `lesson_id` = 8 ORDER BY time desc  [ RunTime:0.0012s ]
SQL: SELECT * FROM `news_comment` WHERE `pid` = 266 AND `lesson_id` = 8 ORDER BY time desc  [ RunTime:0.0012s ]
SQL: SELECT * FROM `news_comment` WHERE `pid` = 265 AND `lesson_id` = 8 ORDER BY time desc  [ RunTime:0.0011s ]
SQL: SELECT * FROM `news_comment` WHERE `pid` = 264 AND `lesson_id` = 8 ORDER BY time desc  [ RunTime:0.0012s ]
SQL: SELECT * FROM `news_comment` WHERE `pid` = 254 AND `lesson_id` = 8 ORDER BY time desc  [ RunTime:0.0014s ]
SQL: SELECT * FROM `news_comment` WHERE `pid` = 260 AND `lesson_id` = 8 ORDER BY time desc  [ RunTime:0.0012s ]
SQL: SELECT * FROM `news_comment` WHERE `pid` = 255 AND `lesson_id` = 8 ORDER BY time desc  [ RunTime:0.0012s ]
SQL: SELECT * FROM `news_comment` WHERE `pid` = 252 AND `lesson_id` = 8 ORDER BY time desc  [ RunTime:0.0011s ]
SQL: SELECT * FROM `news_comment` WHERE `pid` = 262 AND `lesson_id` = 8 ORDER BY time desc  [ RunTime:0.0012s ]
SQL: SELECT * FROM `news_comment` WHERE `pid` = 261 AND `lesson_id` = 8 ORDER BY time desc  [ RunTime:0.0011s ]
SQL: SELECT * FROM `news_comment` WHERE `pid` = 253 AND `lesson_id` = 8 ORDER BY time desc  [ RunTime:0.0012s ]
INFO: [ view_parse ] --START--
INFO: [ template_filter ] --START--
INFO: Run Behavior\ContentReplaceBehavior [ RunTime:0.000224s ]
INFO: [ template_filter ] --END-- [ RunTime:0.000368s ]
SQL: SELECT COUNT(*) AS tp_count FROM `news_comment` WHERE `lesson_id` = 8 LIMIT 1   [ RunTime:0.0010s ]
SQL: SELECT COUNT(*) AS tp_count FROM `news_comment` WHERE `lesson_id` = 8 AND `pid` = 263 LIMIT 1   [ RunTime:0.0006s ]
SQL: SELECT COUNT(*) AS tp_count FROM `news_comment` WHERE `lesson_id` = 8 AND `pid` = 254 LIMIT 1   [ RunTime:0.0007s ]
SQL: SELECT COUNT(*) AS tp_count FROM `news_comment` WHERE `lesson_id` = 8 AND `pid` = 252 LIMIT 1   [ RunTime:0.0008s ]
INFO: Run Behavior\ParseTemplateBehavior [ RunTime:0.066134s ]
INFO: [ view_parse ] --END-- [ RunTime:0.066222s ]
INFO: [ view_filter ] --START--
INFO: Run Behavior\WriteHtmlCacheBehavior [ RunTime:0.000960s ]
INFO: [ view_filter ] --END-- [ RunTime:0.001051s ]
INFO: [ app_end ] --START--
INFO: Run Behavior\ShowPageTraceBehavior [ RunTime:0.002009s ]
INFO: [ app_end ] --END-- [ RunTime:0.002263s ]

[ 2016-10-07T23:48:50+08:00 ] ::1 /fuckabc/index.php/home/lesson/addcomment
INFO: [ app_init ] --START--
INFO: Run Behavior\BuildLiteBehavior [ RunTime:0.000053s ]
INFO: [ app_init ] --END-- [ RunTime:0.002312s ]
INFO: [ app_begin ] --START--
INFO: Run Behavior\ReadHtmlCacheBehavior [ RunTime:0.003679s ]
INFO: [ app_begin ] --END-- [ RunTime:0.003961s ]
SQL: SHOW COLUMNS FROM `news_comment` [ RunTime:0.0286s ]
SQL: INSERT INTO `news_comment` (`lesson_id`,`content`,`editor`,`time`,`pid`) VALUES ('8','lll','xujiajia','2016-10-07 23:48:50','254') [ RunTime:0.0088s ]
SQL: SELECT COUNT(*) AS tp_count FROM `news_comment` WHERE `lesson_id` = 8 AND `pid` = 254 LIMIT 1   [ RunTime:0.0012s ]

[ 2016-10-07T23:48:55+08:00 ] ::1 /fuckabc/index.php/home/lesson/addcomment
INFO: [ app_init ] --START--
INFO: Run Behavior\BuildLiteBehavior [ RunTime:0.000346s ]
INFO: [ app_init ] --END-- [ RunTime:0.002545s ]
INFO: [ app_begin ] --START--
INFO: Run Behavior\ReadHtmlCacheBehavior [ RunTime:0.002372s ]
INFO: [ app_begin ] --END-- [ RunTime:0.002790s ]
SQL: SHOW COLUMNS FROM `news_comment` [ RunTime:0.0419s ]
SQL: INSERT INTO `news_comment` (`lesson_id`,`content`,`editor`,`time`,`pid`) VALUES ('8','kln','xujiajia','2016-10-07 23:48:55','254') [ RunTime:0.0100s ]
SQL: SELECT COUNT(*) AS tp_count FROM `news_comment` WHERE `lesson_id` = 8 AND `pid` = 254 LIMIT 1   [ RunTime:0.0013s ]

[ 2016-10-07T23:49:26+08:00 ] ::1 /fuckabc/index.php/home/lesson/addcomment
INFO: [ app_init ] --START--
INFO: Run Behavior\BuildLiteBehavior [ RunTime:0.000031s ]
INFO: [ app_init ] --END-- [ RunTime:0.001100s ]
INFO: [ app_begin ] --START--
INFO: Run Behavior\ReadHtmlCacheBehavior [ RunTime:0.001486s ]
INFO: [ app_begin ] --END-- [ RunTime:0.001647s ]
SQL: SHOW COLUMNS FROM `news_comment` [ RunTime:0.0278s ]
SQL: INSERT INTO `news_comment` (`lesson_id`,`content`,`editor`,`time`,`pid`) VALUES ('8','das','xujiajia','2016-10-07 23:49:25','254') [ RunTime:0.0244s ]
SQL: SELECT COUNT(*) AS tp_count FROM `news_comment` WHERE `lesson_id` = 8 AND `pid` = 254 LIMIT 1   [ RunTime:0.0010s ]

[ 2016-10-07T23:54:06+08:00 ] ::1 /fuckabc/index.php/home/lesson/view/id/8
INFO: [ app_init ] --START--
INFO: Run Behavior\BuildLiteBehavior [ RunTime:0.000034s ]
INFO: [ app_init ] --END-- [ RunTime:0.001146s ]
INFO: [ app_begin ] --START--
INFO: Run Behavior\ReadHtmlCacheBehavior [ RunTime:0.001779s ]
INFO: [ app_begin ] --END-- [ RunTime:0.001939s ]
SQL: SHOW COLUMNS FROM `news_lesson` [ RunTime:0.0337s ]
SQL: UPDATE `news_lesson` SET `view`=view+1 WHERE ( id=8 ) [ RunTime:0.0139s ]
SQL: SELECT * FROM `news_lesson` WHERE `id` = '8' LIMIT 1   [ RunTime:0.0010s ]
SQL: SHOW COLUMNS FROM `news_comment` [ RunTime:0.0213s ]
SQL: SELECT * FROM `news_comment` WHERE `pid` = 0 AND `lesson_id` = 8 ORDER BY time desc  [ RunTime:0.0013s ]
SQL: SELECT * FROM `news_comment` WHERE `pid` = 263 AND `lesson_id` = 8 ORDER BY time desc  [ RunTime:0.0009s ]
SQL: SELECT * FROM `news_comment` WHERE `pid` = 266 AND `lesson_id` = 8 ORDER BY time desc  [ RunTime:0.0007s ]
SQL: SELECT * FROM `news_comment` WHERE `pid` = 265 AND `lesson_id` = 8 ORDER BY time desc  [ RunTime:0.0007s ]
SQL: SELECT * FROM `news_comment` WHERE `pid` = 264 AND `lesson_id` = 8 ORDER BY time desc  [ RunTime:0.0011s ]
SQL: SELECT * FROM `news_comment` WHERE `pid` = 254 AND `lesson_id` = 8 ORDER BY time desc  [ RunTime:0.0014s ]
SQL: SELECT * FROM `news_comment` WHERE `pid` = 269 AND `lesson_id` = 8 ORDER BY time desc  [ RunTime:0.0008s ]
SQL: SELECT * FROM `news_comment` WHERE `pid` = 268 AND `lesson_id` = 8 ORDER BY time desc  [ RunTime:0.0007s ]
SQL: SELECT * FROM `news_comment` WHERE `pid` = 267 AND `lesson_id` = 8 ORDER BY time desc  [ RunTime:0.0007s ]
SQL: SELECT * FROM `news_comment` WHERE `pid` = 260 AND `lesson_id` = 8 ORDER BY time desc  [ RunTime:0.0007s ]
SQL: SELECT * FROM `news_comment` WHERE `pid` = 255 AND `lesson_id` = 8 ORDER BY time desc  [ RunTime:0.0009s ]
SQL: SELECT * FROM `news_comment` WHERE `pid` = 252 AND `lesson_id` = 8 ORDER BY time desc  [ RunTime:0.0011s ]
SQL: SELECT * FROM `news_comment` WHERE `pid` = 262 AND `lesson_id` = 8 ORDER BY time desc  [ RunTime:0.0010s ]
SQL: SELECT * FROM `news_comment` WHERE `pid` = 261 AND `lesson_id` = 8 ORDER BY time desc  [ RunTime:0.0016s ]
SQL: SELECT * FROM `news_comment` WHERE `pid` = 253 AND `lesson_id` = 8 ORDER BY time desc  [ RunTime:0.0015s ]
INFO: [ view_parse ] --START--
INFO: [ template_filter ] --START--
INFO: Run Behavior\ContentReplaceBehavior [ RunTime:0.000196s ]
INFO: [ template_filter ] --END-- [ RunTime:0.000309s ]
SQL: SELECT COUNT(*) AS tp_count FROM `news_comment` WHERE `lesson_id` = 8 LIMIT 1   [ RunTime:0.0012s ]
SQL: SELECT COUNT(*) AS tp_count FROM `news_comment` WHERE `lesson_id` = 8 AND `pid` = 263 LIMIT 1   [ RunTime:0.0008s ]
SQL: SELECT COUNT(*) AS tp_count FROM `news_comment` WHERE `lesson_id` = 8 AND `pid` = 254 LIMIT 1   [ RunTime:0.0006s ]
SQL: SELECT COUNT(*) AS tp_count FROM `news_comment` WHERE `lesson_id` = 8 AND `pid` = 252 LIMIT 1   [ RunTime:0.0006s ]
INFO: Run Behavior\ParseTemplateBehavior [ RunTime:0.069725s ]
INFO: [ view_parse ] --END-- [ RunTime:0.069816s ]
INFO: [ view_filter ] --START--
INFO: Run Behavior\WriteHtmlCacheBehavior [ RunTime:0.001112s ]
INFO: [ view_filter ] --END-- [ RunTime:0.001190s ]
INFO: [ app_end ] --START--
INFO: Run Behavior\ShowPageTraceBehavior [ RunTime:0.001806s ]
INFO: [ app_end ] --END-- [ RunTime:0.001971s ]

[ 2016-10-07T23:54:13+08:00 ] ::1 /fuckabc/index.php/home/lesson/addcomment
INFO: [ app_init ] --START--
INFO: Run Behavior\BuildLiteBehavior [ RunTime:0.001101s ]
INFO: [ app_init ] --END-- [ RunTime:0.014248s ]
INFO: [ app_begin ] --START--
INFO: Run Behavior\ReadHtmlCacheBehavior [ RunTime:0.003280s ]
INFO: [ app_begin ] --END-- [ RunTime:0.003533s ]
SQL: SHOW COLUMNS FROM `news_comment` [ RunTime:0.0294s ]
SQL: INSERT INTO `news_comment` (`lesson_id`,`content`,`editor`,`time`,`pid`) VALUES ('8','a','xujiajia','2016-10-07 23:54:13','252') [ RunTime:0.0094s ]
SQL: SELECT COUNT(*) AS tp_count FROM `news_comment` WHERE `lesson_id` = 8 AND `pid` = 252 LIMIT 1   [ RunTime:0.0012s ]

[ 2016-10-07T23:55:19+08:00 ] ::1 /fuckabc/index.php/home/lesson/view/id/8
INFO: [ app_init ] --START--
INFO: Run Behavior\BuildLiteBehavior [ RunTime:0.000050s ]
INFO: [ app_init ] --END-- [ RunTime:0.002892s ]
INFO: [ app_begin ] --START--
INFO: Run Behavior\ReadHtmlCacheBehavior [ RunTime:0.001307s ]
INFO: [ app_begin ] --END-- [ RunTime:0.001439s ]
SQL: SHOW COLUMNS FROM `news_lesson` [ RunTime:0.0387s ]
SQL: UPDATE `news_lesson` SET `view`=view+1 WHERE ( id=8 ) [ RunTime:0.0069s ]
SQL: SELECT * FROM `news_lesson` WHERE `id` = '8' LIMIT 1   [ RunTime:0.0014s ]
SQL: SHOW COLUMNS FROM `news_comment` [ RunTime:0.0226s ]
SQL: SELECT * FROM `news_comment` WHERE `pid` = 0 AND `lesson_id` = 8 ORDER BY time desc  [ RunTime:0.0014s ]
SQL: SELECT * FROM `news_comment` WHERE `pid` = 263 AND `lesson_id` = 8 ORDER BY time desc  [ RunTime:0.0009s ]
SQL: SELECT * FROM `news_comment` WHERE `pid` = 266 AND `lesson_id` = 8 ORDER BY time desc  [ RunTime:0.0008s ]
SQL: SELECT * FROM `news_comment` WHERE `pid` = 265 AND `lesson_id` = 8 ORDER BY time desc  [ RunTime:0.0009s ]
SQL: SELECT * FROM `news_comment` WHERE `pid` = 264 AND `lesson_id` = 8 ORDER BY time desc  [ RunTime:0.0009s ]
SQL: SELECT * FROM `news_comment` WHERE `pid` = 254 AND `lesson_id` = 8 ORDER BY time desc  [ RunTime:0.0013s ]
SQL: SELECT * FROM `news_comment` WHERE `pid` = 269 AND `lesson_id` = 8 ORDER BY time desc  [ RunTime:0.0010s ]
SQL: SELECT * FROM `news_comment` WHERE `pid` = 268 AND `lesson_id` = 8 ORDER BY time desc  [ RunTime:0.0014s ]
SQL: SELECT * FROM `news_comment` WHERE `pid` = 267 AND `lesson_id` = 8 ORDER BY time desc  [ RunTime:0.0015s ]
SQL: SELECT * FROM `news_comment` WHERE `pid` = 260 AND `lesson_id` = 8 ORDER BY time desc  [ RunTime:0.0012s ]
SQL: SELECT * FROM `news_comment` WHERE `pid` = 255 AND `lesson_id` = 8 ORDER BY time desc  [ RunTime:0.0009s ]
SQL: SELECT * FROM `news_comment` WHERE `pid` = 252 AND `lesson_id` = 8 ORDER BY time desc  [ RunTime:0.0010s ]
SQL: SELECT * FROM `news_comment` WHERE `pid` = 270 AND `lesson_id` = 8 ORDER BY time desc  [ RunTime:0.0008s ]
SQL: SELECT * FROM `news_comment` WHERE `pid` = 262 AND `lesson_id` = 8 ORDER BY time desc  [ RunTime:0.0009s ]
SQL: SELECT * FROM `news_comment` WHERE `pid` = 261 AND `lesson_id` = 8 ORDER BY time desc  [ RunTime:0.0010s ]
SQL: SELECT * FROM `news_comment` WHERE `pid` = 253 AND `lesson_id` = 8 ORDER BY time desc  [ RunTime:0.0012s ]
INFO: [ view_parse ] --START--
INFO: [ template_filter ] --START--
INFO: Run Behavior\ContentReplaceBehavior [ RunTime:0.000333s ]
INFO: [ template_filter ] --END-- [ RunTime:0.000472s ]
SQL: SELECT COUNT(*) AS tp_count FROM `news_comment` WHERE `lesson_id` = 8 LIMIT 1   [ RunTime:0.0010s ]
SQL: SELECT COUNT(*) AS tp_count FROM `news_comment` WHERE `lesson_id` = 8 AND `pid` = 263 LIMIT 1   [ RunTime:0.0007s ]
SQL: SELECT COUNT(*) AS tp_count FROM `news_comment` WHERE `lesson_id` = 8 AND `pid` = 254 LIMIT 1   [ RunTime:0.0008s ]
SQL: SELECT COUNT(*) AS tp_count FROM `news_comment` WHERE `lesson_id` = 8 AND `pid` = 252 LIMIT 1   [ RunTime:0.0011s ]
INFO: Run Behavior\ParseTemplateBehavior [ RunTime:0.070803s ]
INFO: [ view_parse ] --END-- [ RunTime:0.070900s ]
INFO: [ view_filter ] --START--
INFO: Run Behavior\WriteHtmlCacheBehavior [ RunTime:0.001863s ]
INFO: [ view_filter ] --END-- [ RunTime:0.002031s ]
INFO: [ app_end ] --START--
INFO: Run Behavior\ShowPageTraceBehavior [ RunTime:0.002514s ]
INFO: [ app_end ] --END-- [ RunTime:0.002744s ]

[ 2016-10-07T23:55:30+08:00 ] ::1 /fuckabc/index.php/home/lesson/addcomment
INFO: [ app_init ] --START--
INFO: Run Behavior\BuildLiteBehavior [ RunTime:0.000047s ]
INFO: [ app_init ] --END-- [ RunTime:0.002027s ]
INFO: [ app_begin ] --START--
INFO: Run Behavior\ReadHtmlCacheBehavior [ RunTime:0.002390s ]
INFO: [ app_begin ] --END-- [ RunTime:0.002578s ]
SQL: SHOW COLUMNS FROM `news_comment` [ RunTime:0.0336s ]
SQL: INSERT INTO `news_comment` (`lesson_id`,`content`,`editor`,`time`,`pid`) VALUES ('8','knkjn','xujiajia','2016-10-07 23:55:29','252') [ RunTime:0.0097s ]
SQL: SELECT COUNT(*) AS tp_count FROM `news_comment` WHERE `lesson_id` = 8 AND `pid` = 252 LIMIT 1   [ RunTime:0.0009s ]

[ 2016-10-07T23:55:51+08:00 ] ::1 /fuckabc/index.php/home/lesson/addcomment
INFO: [ app_init ] --START--
INFO: Run Behavior\BuildLiteBehavior [ RunTime:0.000091s ]
INFO: [ app_init ] --END-- [ RunTime:0.002157s ]
INFO: [ app_begin ] --START--
INFO: Run Behavior\ReadHtmlCacheBehavior [ RunTime:0.001564s ]
INFO: [ app_begin ] --END-- [ RunTime:0.001713s ]
SQL: SHOW COLUMNS FROM `news_comment` [ RunTime:0.0268s ]
SQL: INSERT INTO `news_comment` (`lesson_id`,`content`,`editor`,`time`,`pid`) VALUES ('8','asd','xujiajia','2016-10-07 23:55:51','263') [ RunTime:0.0040s ]
SQL: SELECT COUNT(*) AS tp_count FROM `news_comment` WHERE `lesson_id` = 8 AND `pid` = 263 LIMIT 1   [ RunTime:0.0011s ]

[ 2016-10-07T23:55:55+08:00 ] ::1 /fuckabc/index.php
INFO: [ app_init ] --START--
INFO: Run Behavior\BuildLiteBehavior [ RunTime:0.000051s ]
INFO: [ app_init ] --END-- [ RunTime:0.001555s ]
INFO: [ app_begin ] --START--
INFO: Run Behavior\ReadHtmlCacheBehavior [ RunTime:0.002016s ]
INFO: [ app_begin ] --END-- [ RunTime:0.002403s ]
SQL: SHOW COLUMNS FROM `news_lesson` [ RunTime:0.0350s ]
SQL: SELECT * FROM `news_lesson` ORDER BY addtime desc LIMIT 4   [ RunTime:0.0013s ]
INFO: [ view_parse ] --START--
INFO: [ template_filter ] --START--
INFO: Run Behavior\ContentReplaceBehavior [ RunTime:0.000170s ]
INFO: [ template_filter ] --END-- [ RunTime:0.000298s ]
INFO: Run Behavior\ParseTemplateBehavior [ RunTime:0.014840s ]
INFO: [ view_parse ] --END-- [ RunTime:0.014987s ]
INFO: [ view_filter ] --START--
INFO: Run Behavior\WriteHtmlCacheBehavior [ RunTime:0.000628s ]
INFO: [ view_filter ] --END-- [ RunTime:0.000712s ]
INFO: [ app_end ] --START--
INFO: Run Behavior\ShowPageTraceBehavior [ RunTime:0.001227s ]
INFO: [ app_end ] --END-- [ RunTime:0.001331s ]

[ 2016-10-07T23:55:58+08:00 ] ::1 /fuckabc/index.php/home/lesson/view/id/8
INFO: [ app_init ] --START--
INFO: Run Behavior\BuildLiteBehavior [ RunTime:0.000040s ]
INFO: [ app_init ] --END-- [ RunTime:0.001483s ]
INFO: [ app_begin ] --START--
INFO: Run Behavior\ReadHtmlCacheBehavior [ RunTime:0.002255s ]
INFO: [ app_begin ] --END-- [ RunTime:0.002453s ]
SQL: SHOW COLUMNS FROM `news_lesson` [ RunTime:0.0331s ]
SQL: UPDATE `news_lesson` SET `view`=view+1 WHERE ( id=8 ) [ RunTime:0.0071s ]
SQL: SELECT * FROM `news_lesson` WHERE `id` = '8' LIMIT 1   [ RunTime:0.0012s ]
SQL: SHOW COLUMNS FROM `news_comment` [ RunTime:0.0225s ]
SQL: SELECT * FROM `news_comment` WHERE `pid` = 0 AND `lesson_id` = 8 ORDER BY time desc  [ RunTime:0.0017s ]
SQL: SELECT * FROM `news_comment` WHERE `pid` = 263 AND `lesson_id` = 8 ORDER BY time desc  [ RunTime:0.0019s ]
SQL: SELECT * FROM `news_comment` WHERE `pid` = 272 AND `lesson_id` = 8 ORDER BY time desc  [ RunTime:0.0013s ]
SQL: SELECT * FROM `news_comment` WHERE `pid` = 266 AND `lesson_id` = 8 ORDER BY time desc  [ RunTime:0.0014s ]
SQL: SELECT * FROM `news_comment` WHERE `pid` = 265 AND `lesson_id` = 8 ORDER BY time desc  [ RunTime:0.0014s ]
SQL: SELECT * FROM `news_comment` WHERE `pid` = 264 AND `lesson_id` = 8 ORDER BY time desc  [ RunTime:0.0014s ]
SQL: SELECT * FROM `news_comment` WHERE `pid` = 254 AND `lesson_id` = 8 ORDER BY time desc  [ RunTime:0.0015s ]
SQL: SELECT * FROM `news_comment` WHERE `pid` = 269 AND `lesson_id` = 8 ORDER BY time desc  [ RunTime:0.0015s ]
SQL: SELECT * FROM `news_comment` WHERE `pid` = 268 AND `lesson_id` = 8 ORDER BY time desc  [ RunTime:0.0015s ]
SQL: SELECT * FROM `news_comment` WHERE `pid` = 267 AND `lesson_id` = 8 ORDER BY time desc  [ RunTime:0.0013s ]
SQL: SELECT * FROM `news_comment` WHERE `pid` = 260 AND `lesson_id` = 8 ORDER BY time desc  [ RunTime:0.0014s ]
SQL: SELECT * FROM `news_comment` WHERE `pid` = 255 AND `lesson_id` = 8 ORDER BY time desc  [ RunTime:0.0014s ]
SQL: SELECT * FROM `news_comment` WHERE `pid` = 252 AND `lesson_id` = 8 ORDER BY time desc  [ RunTime:0.0020s ]
SQL: SELECT * FROM `news_comment` WHERE `pid` = 271 AND `lesson_id` = 8 ORDER BY time desc  [ RunTime:0.0015s ]
SQL: SELECT * FROM `news_comment` WHERE `pid` = 270 AND `lesson_id` = 8 ORDER BY time desc  [ RunTime:0.0012s ]
SQL: SELECT * FROM `news_comment` WHERE `pid` = 262 AND `lesson_id` = 8 ORDER BY time desc  [ RunTime:0.0010s ]
SQL: SELECT * FROM `news_comment` WHERE `pid` = 261 AND `lesson_id` = 8 ORDER BY time desc  [ RunTime:0.0010s ]
SQL: SELECT * FROM `news_comment` WHERE `pid` = 253 AND `lesson_id` = 8 ORDER BY time desc  [ RunTime:0.0018s ]
INFO: [ view_parse ] --START--
INFO: [ template_filter ] --START--
INFO: Run Behavior\ContentReplaceBehavior [ RunTime:0.000234s ]
INFO: [ template_filter ] --END-- [ RunTime:0.000373s ]
SQL: SELECT COUNT(*) AS tp_count FROM `news_comment` WHERE `lesson_id` = 8 LIMIT 1   [ RunTime:0.0012s ]
SQL: SELECT COUNT(*) AS tp_count FROM `news_comment` WHERE `lesson_id` = 8 AND `pid` = 263 LIMIT 1   [ RunTime:0.0015s ]
SQL: SELECT COUNT(*) AS tp_count FROM `news_comment` WHERE `lesson_id` = 8 AND `pid` = 254 LIMIT 1   [ RunTime:0.0010s ]
SQL: SELECT COUNT(*) AS tp_count FROM `news_comment` WHERE `lesson_id` = 8 AND `pid` = 252 LIMIT 1   [ RunTime:0.0009s ]
INFO: Run Behavior\ParseTemplateBehavior [ RunTime:0.086245s ]
INFO: [ view_parse ] --END-- [ RunTime:0.086351s ]
INFO: [ view_filter ] --START--
INFO: Run Behavior\WriteHtmlCacheBehavior [ RunTime:0.001315s ]
INFO: [ view_filter ] --END-- [ RunTime:0.001442s ]
INFO: [ app_end ] --START--
INFO: Run Behavior\ShowPageTraceBehavior [ RunTime:0.002206s ]
INFO: [ app_end ] --END-- [ RunTime:0.002378s ]

[ 2016-10-07T23:57:31+08:00 ] ::1 /fuckabc/index.php/home/lesson/view/id/8
INFO: [ app_init ] --START--
INFO: Run Behavior\BuildLiteBehavior [ RunTime:0.000048s ]
INFO: [ app_init ] --END-- [ RunTime:0.001537s ]
INFO: [ app_begin ] --START--
INFO: Run Behavior\ReadHtmlCacheBehavior [ RunTime:0.001679s ]
INFO: [ app_begin ] --END-- [ RunTime:0.001845s ]
SQL: SHOW COLUMNS FROM `news_lesson` [ RunTime:0.0333s ]
SQL: UPDATE `news_lesson` SET `view`=view+1 WHERE ( id=8 ) [ RunTime:0.0043s ]
SQL: SELECT * FROM `news_lesson` WHERE `id` = '8' LIMIT 1   [ RunTime:0.0009s ]
SQL: SHOW COLUMNS FROM `news_comment` [ RunTime:0.0227s ]
SQL: SELECT * FROM `news_comment` WHERE `pid` = 0 AND `lesson_id` = 8 ORDER BY time desc  [ RunTime:0.0017s ]
SQL: SELECT * FROM `news_comment` WHERE `pid` = 263 AND `lesson_id` = 8 ORDER BY time desc  [ RunTime:0.0018s ]
SQL: SELECT * FROM `news_comment` WHERE `pid` = 272 AND `lesson_id` = 8 ORDER BY time desc  [ RunTime:0.0014s ]
SQL: SELECT * FROM `news_comment` WHERE `pid` = 266 AND `lesson_id` = 8 ORDER BY time desc  [ RunTime:0.0012s ]
SQL: SELECT * FROM `news_comment` WHERE `pid` = 265 AND `lesson_id` = 8 ORDER BY time desc  [ RunTime:0.0009s ]
SQL: SELECT * FROM `news_comment` WHERE `pid` = 264 AND `lesson_id` = 8 ORDER BY time desc  [ RunTime:0.0009s ]
SQL: SELECT * FROM `news_comment` WHERE `pid` = 254 AND `lesson_id` = 8 ORDER BY time desc  [ RunTime:0.0012s ]
SQL: SELECT * FROM `news_comment` WHERE `pid` = 269 AND `lesson_id` = 8 ORDER BY time desc  [ RunTime:0.0009s ]
SQL: SELECT * FROM `news_comment` WHERE `pid` = 268 AND `lesson_id` = 8 ORDER BY time desc  [ RunTime:0.0009s ]
SQL: SELECT * FROM `news_comment` WHERE `pid` = 267 AND `lesson_id` = 8 ORDER BY time desc  [ RunTime:0.0010s ]
SQL: SELECT * FROM `news_comment` WHERE `pid` = 260 AND `lesson_id` = 8 ORDER BY time desc  [ RunTime:0.0011s ]
SQL: SELECT * FROM `news_comment` WHERE `pid` = 255 AND `lesson_id` = 8 ORDER BY time desc  [ RunTime:0.0011s ]
SQL: SELECT * FROM `news_comment` WHERE `pid` = 252 AND `lesson_id` = 8 ORDER BY time desc  [ RunTime:0.0017s ]
SQL: SELECT * FROM `news_comment` WHERE `pid` = 271 AND `lesson_id` = 8 ORDER BY time desc  [ RunTime:0.0017s ]
SQL: SELECT * FROM `news_comment` WHERE `pid` = 270 AND `lesson_id` = 8 ORDER BY time desc  [ RunTime:0.0011s ]
SQL: SELECT * FROM `news_comment` WHERE `pid` = 262 AND `lesson_id` = 8 ORDER BY time desc  [ RunTime:0.0009s ]
SQL: SELECT * FROM `news_comment` WHERE `pid` = 261 AND `lesson_id` = 8 ORDER BY time desc  [ RunTime:0.0010s ]
SQL: SELECT * FROM `news_comment` WHERE `pid` = 253 AND `lesson_id` = 8 ORDER BY time desc  [ RunTime:0.0009s ]
INFO: [ view_parse ] --START--
INFO: [ template_filter ] --START--
INFO: Run Behavior\ContentReplaceBehavior [ RunTime:0.000214s ]
INFO: [ template_filter ] --END-- [ RunTime:0.000339s ]
SQL: SELECT COUNT(*) AS tp_count FROM `news_comment` WHERE `lesson_id` = 8 LIMIT 1   [ RunTime:0.0014s ]
SQL: SELECT COUNT(*) AS tp_count FROM `news_comment` WHERE `lesson_id` = 8 AND `pid` = 263 LIMIT 1   [ RunTime:0.0016s ]
SQL: SELECT COUNT(*) AS tp_count FROM `news_comment` WHERE `lesson_id` = 8 AND `pid` = 254 LIMIT 1   [ RunTime:0.0009s ]
SQL: SELECT COUNT(*) AS tp_count FROM `news_comment` WHERE `lesson_id` = 8 AND `pid` = 252 LIMIT 1   [ RunTime:0.0007s ]
INFO: Run Behavior\ParseTemplateBehavior [ RunTime:0.066726s ]
INFO: [ view_parse ] --END-- [ RunTime:0.066827s ]
INFO: [ view_filter ] --START--
INFO: Run Behavior\WriteHtmlCacheBehavior [ RunTime:0.000959s ]
INFO: [ view_filter ] --END-- [ RunTime:0.001047s ]
INFO: [ app_end ] --START--
INFO: Run Behavior\ShowPageTraceBehavior [ RunTime:0.001713s ]
INFO: [ app_end ] --END-- [ RunTime:0.001911s ]

[ 2016-10-07T23:57:37+08:00 ] ::1 /fuckabc/index.php/home/lesson/addcomment
INFO: [ app_init ] --START--
INFO: Run Behavior\BuildLiteBehavior [ RunTime:0.000085s ]
INFO: [ app_init ] --END-- [ RunTime:0.001758s ]
INFO: [ app_begin ] --START--
INFO: Run Behavior\ReadHtmlCacheBehavior [ RunTime:0.007129s ]
INFO: [ app_begin ] --END-- [ RunTime:0.007338s ]
SQL: SHOW COLUMNS FROM `news_comment` [ RunTime:0.0337s ]
SQL: INSERT INTO `news_comment` (`lesson_id`,`content`,`editor`,`time`,`pid`) VALUES ('8','sd','xujiajia','2016-10-07 23:57:37','254') [ RunTime:0.0035s ]
SQL: SELECT COUNT(*) AS tp_count FROM `news_comment` WHERE `lesson_id` = 8 AND `pid` = 254 LIMIT 1   [ RunTime:0.0009s ]

