[ 2016-10-04T00:01:42+08:00 ] ::1 /fuckabc/index.php/home/lesson/view/id/__APP__/home/lesson/addcomment
INFO: [ app_init ] --START--
INFO: Run Behavior\BuildLiteBehavior [ RunTime:0.000050s ]
INFO: [ app_init ] --END-- [ RunTime:0.001840s ]
INFO: [ app_begin ] --START--
INFO: Run Behavior\ReadHtmlCacheBehavior [ RunTime:0.003269s ]
INFO: [ app_begin ] --END-- [ RunTime:0.003510s ]
SQL: SHOW COLUMNS FROM `news_lesson` [ RunTime:0.0412s ]
ERR: 1054:Unknown column '__APP__' in 'where clause'
 [ SQL语句 ] : UPDATE `news_lesson` SET `view`=view+1 WHERE ( id=__APP__ )
ERR: 1054:Unknown column '__APP__' in 'where clause'
 [ SQL语句 ] : UPDATE `news_lesson` SET `view`=view+1 WHERE ( id=__APP__ )

[ 2016-10-04T00:03:01+08:00 ] ::1 /fuckabc/index.php/home/lesson/view/id/45
INFO: [ app_init ] --START--
INFO: Run Behavior\BuildLiteBehavior [ RunTime:0.000050s ]
INFO: [ app_init ] --END-- [ RunTime:0.003082s ]
INFO: [ app_begin ] --START--
INFO: Run Behavior\ReadHtmlCacheBehavior [ RunTime:0.003690s ]
INFO: [ app_begin ] --END-- [ RunTime:0.003938s ]
SQL: SHOW COLUMNS FROM `news_lesson` [ RunTime:0.0541s ]
SQL: UPDATE `news_lesson` SET `view`=view+1 WHERE ( id=45 ) [ RunTime:0.0093s ]
SQL: SELECT * FROM `news_lesson` WHERE `id` = '45' LIMIT 1   [ RunTime:0.0013s ]
SQL: SHOW COLUMNS FROM `news_comment` [ RunTime:0.0307s ]
SQL: SELECT * FROM `news_comment` WHERE `pid` = 0 AND `lesson_id` = 45 ORDER BY time desc  [ RunTime:0.0021s ]
SQL: SELECT * FROM `news_comment` WHERE `pid` = 224 AND `lesson_id` = 45 ORDER BY time desc  [ RunTime:0.0019s ]
SQL: SELECT * FROM `news_comment` WHERE `pid` = 232 AND `lesson_id` = 45 ORDER BY time desc  [ RunTime:0.0016s ]
SQL: SELECT * FROM `news_comment` WHERE `pid` = 228 AND `lesson_id` = 45 ORDER BY time desc  [ RunTime:0.0016s ]
SQL: SELECT * FROM `news_comment` WHERE `pid` = 236 AND `lesson_id` = 45 ORDER BY time desc  [ RunTime:0.0013s ]
SQL: SELECT * FROM `news_comment` WHERE `pid` = 230 AND `lesson_id` = 45 ORDER BY time desc  [ RunTime:0.0016s ]
SQL: SELECT * FROM `news_comment` WHERE `pid` = 229 AND `lesson_id` = 45 ORDER BY time desc  [ RunTime:0.0014s ]
SQL: SELECT * FROM `news_comment` WHERE `pid` = 227 AND `lesson_id` = 45 ORDER BY time desc  [ RunTime:0.0014s ]
SQL: SELECT * FROM `news_comment` WHERE `pid` = 231 AND `lesson_id` = 45 ORDER BY time desc  [ RunTime:0.0018s ]
SQL: SELECT * FROM `news_comment` WHERE `pid` = 225 AND `lesson_id` = 45 ORDER BY time desc  [ RunTime:0.0019s ]
SQL: SELECT * FROM `news_comment` WHERE `pid` = 226 AND `lesson_id` = 45 ORDER BY time desc  [ RunTime:0.0013s ]
SQL: SELECT * FROM `news_comment` WHERE `pid` = 218 AND `lesson_id` = 45 ORDER BY time desc  [ RunTime:0.0012s ]
SQL: SELECT * FROM `news_comment` WHERE `pid` = 222 AND `lesson_id` = 45 ORDER BY time desc  [ RunTime:0.0017s ]
SQL: SELECT * FROM `news_comment` WHERE `pid` = 221 AND `lesson_id` = 45 ORDER BY time desc  [ RunTime:0.0020s ]
SQL: SELECT * FROM `news_comment` WHERE `pid` = 220 AND `lesson_id` = 45 ORDER BY time desc  [ RunTime:0.0019s ]
SQL: SELECT * FROM `news_comment` WHERE `pid` = 219 AND `lesson_id` = 45 ORDER BY time desc  [ RunTime:0.0018s ]
INFO: [ view_parse ] --START--
INFO: [ template_filter ] --START--
INFO: Run Behavior\ContentReplaceBehavior [ RunTime:0.000390s ]
INFO: [ template_filter ] --END-- [ RunTime:0.000558s ]
SQL: SELECT COUNT(*) AS tp_count FROM `news_comment` WHERE `lesson_id` = 45 LIMIT 1   [ RunTime:0.0012s ]
INFO: Run Behavior\ParseTemplateBehavior [ RunTime:0.199529s ]
INFO: [ view_parse ] --END-- [ RunTime:0.199672s ]
INFO: [ view_filter ] --START--
INFO: Run Behavior\WriteHtmlCacheBehavior [ RunTime:0.001944s ]
INFO: [ view_filter ] --END-- [ RunTime:0.002096s ]
INFO: [ app_end ] --START--
INFO: Run Behavior\ShowPageTraceBehavior [ RunTime:0.003476s ]
INFO: [ app_end ] --END-- [ RunTime:0.003698s ]

[ 2016-10-04T00:03:09+08:00 ] ::1 /fuckabc/index.php/home/lesson/view/id/index.php/home/lesson/addcomment
INFO: [ app_init ] --START--
INFO: Run Behavior\BuildLiteBehavior [ RunTime:0.000044s ]
INFO: [ app_init ] --END-- [ RunTime:0.001400s ]
INFO: [ app_begin ] --START--
INFO: Run Behavior\ReadHtmlCacheBehavior [ RunTime:0.003648s ]
INFO: [ app_begin ] --END-- [ RunTime:0.003837s ]
SQL: SHOW COLUMNS FROM `news_lesson` [ RunTime:0.0418s ]
ERR: 1054:Unknown column 'index.php' in 'where clause'
 [ SQL语句 ] : UPDATE `news_lesson` SET `view`=view+1 WHERE ( id=index.php )
ERR: 1054:Unknown column 'index.php' in 'where clause'
 [ SQL语句 ] : UPDATE `news_lesson` SET `view`=view+1 WHERE ( id=index.php )

[ 2016-10-04T00:03:17+08:00 ] ::1 /fuckabc/index.php/home/lesson/view/id/index.php/home/lesson/addcomment
INFO: [ app_init ] --START--
INFO: Run Behavior\BuildLiteBehavior [ RunTime:0.000048s ]
INFO: [ app_init ] --END-- [ RunTime:0.001923s ]
INFO: [ app_begin ] --START--
INFO: Run Behavior\ReadHtmlCacheBehavior [ RunTime:0.003666s ]
INFO: [ app_begin ] --END-- [ RunTime:0.003869s ]
SQL: SHOW COLUMNS FROM `news_lesson` [ RunTime:0.0421s ]
ERR: 1054:Unknown column 'index.php' in 'where clause'
 [ SQL语句 ] : UPDATE `news_lesson` SET `view`=view+1 WHERE ( id=index.php )
ERR: 1054:Unknown column 'index.php' in 'where clause'
 [ SQL语句 ] : UPDATE `news_lesson` SET `view`=view+1 WHERE ( id=index.php )

[ 2016-10-04T00:03:33+08:00 ] ::1 /fuckabc/index.php/home/lesson/view/id/45
INFO: [ app_init ] --START--
INFO: Run Behavior\BuildLiteBehavior [ RunTime:0.000053s ]
INFO: [ app_init ] --END-- [ RunTime:0.004744s ]
INFO: [ app_begin ] --START--
INFO: Run Behavior\ReadHtmlCacheBehavior [ RunTime:0.003089s ]
INFO: [ app_begin ] --END-- [ RunTime:0.003269s ]
SQL: SHOW COLUMNS FROM `news_lesson` [ RunTime:0.0446s ]
SQL: UPDATE `news_lesson` SET `view`=view+1 WHERE ( id=45 ) [ RunTime:0.0038s ]
SQL: SELECT * FROM `news_lesson` WHERE `id` = '45' LIMIT 1   [ RunTime:0.0010s ]
SQL: SHOW COLUMNS FROM `news_comment` [ RunTime:0.0316s ]
SQL: SELECT * FROM `news_comment` WHERE `pid` = 0 AND `lesson_id` = 45 ORDER BY time desc  [ RunTime:0.0015s ]
SQL: SELECT * FROM `news_comment` WHERE `pid` = 224 AND `lesson_id` = 45 ORDER BY time desc  [ RunTime:0.0015s ]
SQL: SELECT * FROM `news_comment` WHERE `pid` = 232 AND `lesson_id` = 45 ORDER BY time desc  [ RunTime:0.0014s ]
SQL: SELECT * FROM `news_comment` WHERE `pid` = 228 AND `lesson_id` = 45 ORDER BY time desc  [ RunTime:0.0014s ]
SQL: SELECT * FROM `news_comment` WHERE `pid` = 236 AND `lesson_id` = 45 ORDER BY time desc  [ RunTime:0.0014s ]
SQL: SELECT * FROM `news_comment` WHERE `pid` = 230 AND `lesson_id` = 45 ORDER BY time desc  [ RunTime:0.0019s ]
SQL: SELECT * FROM `news_comment` WHERE `pid` = 229 AND `lesson_id` = 45 ORDER BY time desc  [ RunTime:0.0019s ]
SQL: SELECT * FROM `news_comment` WHERE `pid` = 227 AND `lesson_id` = 45 ORDER BY time desc  [ RunTime:0.0021s ]
SQL: SELECT * FROM `news_comment` WHERE `pid` = 231 AND `lesson_id` = 45 ORDER BY time desc  [ RunTime:0.0013s ]
SQL: SELECT * FROM `news_comment` WHERE `pid` = 225 AND `lesson_id` = 45 ORDER BY time desc  [ RunTime:0.0012s ]
SQL: SELECT * FROM `news_comment` WHERE `pid` = 226 AND `lesson_id` = 45 ORDER BY time desc  [ RunTime:0.0013s ]
SQL: SELECT * FROM `news_comment` WHERE `pid` = 218 AND `lesson_id` = 45 ORDER BY time desc  [ RunTime:0.0013s ]
SQL: SELECT * FROM `news_comment` WHERE `pid` = 222 AND `lesson_id` = 45 ORDER BY time desc  [ RunTime:0.0014s ]
SQL: SELECT * FROM `news_comment` WHERE `pid` = 221 AND `lesson_id` = 45 ORDER BY time desc  [ RunTime:0.0012s ]
SQL: SELECT * FROM `news_comment` WHERE `pid` = 220 AND `lesson_id` = 45 ORDER BY time desc  [ RunTime:0.0017s ]
SQL: SELECT * FROM `news_comment` WHERE `pid` = 219 AND `lesson_id` = 45 ORDER BY time desc  [ RunTime:0.0019s ]
INFO: [ view_parse ] --START--
INFO: [ template_filter ] --START--
INFO: Run Behavior\ContentReplaceBehavior [ RunTime:0.000262s ]
INFO: [ template_filter ] --END-- [ RunTime:0.000440s ]
SQL: SELECT COUNT(*) AS tp_count FROM `news_comment` WHERE `lesson_id` = 45 LIMIT 1   [ RunTime:0.0014s ]
INFO: Run Behavior\ParseTemplateBehavior [ RunTime:0.209680s ]
INFO: [ view_parse ] --END-- [ RunTime:0.209833s ]
INFO: [ view_filter ] --START--
INFO: Run Behavior\WriteHtmlCacheBehavior [ RunTime:0.002471s ]
INFO: [ view_filter ] --END-- [ RunTime:0.002635s ]
INFO: [ app_end ] --START--
INFO: Run Behavior\ShowPageTraceBehavior [ RunTime:0.004058s ]
INFO: [ app_end ] --END-- [ RunTime:0.004371s ]

[ 2016-10-04T00:06:24+08:00 ] ::1 /fuckabc/index.php/home/lesson/view/id/45
INFO: [ app_init ] --START--
INFO: Run Behavior\BuildLiteBehavior [ RunTime:0.000040s ]
INFO: [ app_init ] --END-- [ RunTime:0.001744s ]
INFO: [ app_begin ] --START--
INFO: Run Behavior\ReadHtmlCacheBehavior [ RunTime:0.003356s ]
INFO: [ app_begin ] --END-- [ RunTime:0.003655s ]
SQL: SHOW COLUMNS FROM `news_lesson` [ RunTime:0.0525s ]
SQL: UPDATE `news_lesson` SET `view`=view+1 WHERE ( id=45 ) [ RunTime:0.0095s ]
SQL: SELECT * FROM `news_lesson` WHERE `id` = '45' LIMIT 1   [ RunTime:0.0010s ]
SQL: SHOW COLUMNS FROM `news_comment` [ RunTime:0.0367s ]
SQL: SELECT * FROM `news_comment` WHERE `pid` = 0 AND `lesson_id` = 45 ORDER BY time desc  [ RunTime:0.0015s ]
SQL: SELECT * FROM `news_comment` WHERE `pid` = 224 AND `lesson_id` = 45 ORDER BY time desc  [ RunTime:0.0015s ]
SQL: SELECT * FROM `news_comment` WHERE `pid` = 232 AND `lesson_id` = 45 ORDER BY time desc  [ RunTime:0.0014s ]
SQL: SELECT * FROM `news_comment` WHERE `pid` = 228 AND `lesson_id` = 45 ORDER BY time desc  [ RunTime:0.0020s ]
SQL: SELECT * FROM `news_comment` WHERE `pid` = 236 AND `lesson_id` = 45 ORDER BY time desc  [ RunTime:0.0016s ]
SQL: SELECT * FROM `news_comment` WHERE `pid` = 230 AND `lesson_id` = 45 ORDER BY time desc  [ RunTime:0.0018s ]
SQL: SELECT * FROM `news_comment` WHERE `pid` = 229 AND `lesson_id` = 45 ORDER BY time desc  [ RunTime:0.0022s ]
SQL: SELECT * FROM `news_comment` WHERE `pid` = 227 AND `lesson_id` = 45 ORDER BY time desc  [ RunTime:0.0019s ]
SQL: SELECT * FROM `news_comment` WHERE `pid` = 231 AND `lesson_id` = 45 ORDER BY time desc  [ RunTime:0.0021s ]
SQL: SELECT * FROM `news_comment` WHERE `pid` = 225 AND `lesson_id` = 45 ORDER BY time desc  [ RunTime:0.0019s ]
SQL: SELECT * FROM `news_comment` WHERE `pid` = 226 AND `lesson_id` = 45 ORDER BY time desc  [ RunTime:0.0019s ]
SQL: SELECT * FROM `news_comment` WHERE `pid` = 218 AND `lesson_id` = 45 ORDER BY time desc  [ RunTime:0.0024s ]
SQL: SELECT * FROM `news_comment` WHERE `pid` = 222 AND `lesson_id` = 45 ORDER BY time desc  [ RunTime:0.0021s ]
SQL: SELECT * FROM `news_comment` WHERE `pid` = 221 AND `lesson_id` = 45 ORDER BY time desc  [ RunTime:0.0016s ]
SQL: SELECT * FROM `news_comment` WHERE `pid` = 220 AND `lesson_id` = 45 ORDER BY time desc  [ RunTime:0.0018s ]
SQL: SELECT * FROM `news_comment` WHERE `pid` = 219 AND `lesson_id` = 45 ORDER BY time desc  [ RunTime:0.0016s ]
INFO: [ view_parse ] --START--
INFO: [ template_filter ] --START--
INFO: Run Behavior\ContentReplaceBehavior [ RunTime:0.000235s ]
INFO: [ template_filter ] --END-- [ RunTime:0.000393s ]
SQL: SELECT COUNT(*) AS tp_count FROM `news_comment` WHERE `lesson_id` = 45 LIMIT 1   [ RunTime:0.0015s ]
INFO: Run Behavior\ParseTemplateBehavior [ RunTime:0.216328s ]
INFO: [ view_parse ] --END-- [ RunTime:0.216493s ]
INFO: [ view_filter ] --START--
INFO: Run Behavior\WriteHtmlCacheBehavior [ RunTime:0.003385s ]
INFO: [ view_filter ] --END-- [ RunTime:0.003613s ]
INFO: [ app_end ] --START--
INFO: Run Behavior\ShowPageTraceBehavior [ RunTime:0.003507s ]
INFO: [ app_end ] --END-- [ RunTime:0.003751s ]

[ 2016-10-04T00:06:30+08:00 ] ::1 /fuckabc/index.php/home/lesson/addcomment
INFO: [ app_init ] --START--
INFO: Run Behavior\BuildLiteBehavior [ RunTime:0.000042s ]
INFO: [ app_init ] --END-- [ RunTime:0.001543s ]
INFO: [ app_begin ] --START--
INFO: Run Behavior\ReadHtmlCacheBehavior [ RunTime:0.003319s ]
INFO: [ app_begin ] --END-- [ RunTime:0.003525s ]
SQL: SHOW COLUMNS FROM `news_comment` [ RunTime:0.0427s ]
SQL: INSERT INTO `news_comment` (`lesson_id`,`content`,`editor`,`time`,`pid`) VALUES ('45','ssssss','sw','2016-10-04 00:06:30','0') [ RunTime:0.0091s ]

[ 2016-10-04T00:06:30+08:00 ] ::1 /fuckabc/index.php/home/lesson/view/id/__PUBLIC__/img/1.jpg
INFO: [ app_init ] --START--
INFO: Run Behavior\BuildLiteBehavior [ RunTime:0.000063s ]
INFO: [ app_init ] --END-- [ RunTime:0.002128s ]

[ 2016-10-04T00:09:12+08:00 ] ::1 /fuckabc/index.php/home/lesson/view/id/45
INFO: [ app_init ] --START--
INFO: Run Behavior\BuildLiteBehavior [ RunTime:0.000036s ]
INFO: [ app_init ] --END-- [ RunTime:0.001347s ]
INFO: [ app_begin ] --START--
INFO: Run Behavior\ReadHtmlCacheBehavior [ RunTime:0.005611s ]
INFO: [ app_begin ] --END-- [ RunTime:0.006272s ]
SQL: SHOW COLUMNS FROM `news_lesson` [ RunTime:0.0528s ]
SQL: UPDATE `news_lesson` SET `view`=view+1 WHERE ( id=45 ) [ RunTime:0.0140s ]
SQL: SELECT * FROM `news_lesson` WHERE `id` = '45' LIMIT 1   [ RunTime:0.0014s ]
SQL: SHOW COLUMNS FROM `news_comment` [ RunTime:0.0330s ]
SQL: SELECT * FROM `news_comment` WHERE `pid` = 0 AND `lesson_id` = 45 ORDER BY time desc  [ RunTime:0.0017s ]
SQL: SELECT * FROM `news_comment` WHERE `pid` = 237 AND `lesson_id` = 45 ORDER BY time desc  [ RunTime:0.0016s ]
SQL: SELECT * FROM `news_comment` WHERE `pid` = 224 AND `lesson_id` = 45 ORDER BY time desc  [ RunTime:0.0015s ]
SQL: SELECT * FROM `news_comment` WHERE `pid` = 232 AND `lesson_id` = 45 ORDER BY time desc  [ RunTime:0.0010s ]
SQL: SELECT * FROM `news_comment` WHERE `pid` = 228 AND `lesson_id` = 45 ORDER BY time desc  [ RunTime:0.0011s ]
SQL: SELECT * FROM `news_comment` WHERE `pid` = 236 AND `lesson_id` = 45 ORDER BY time desc  [ RunTime:0.0010s ]
SQL: SELECT * FROM `news_comment` WHERE `pid` = 230 AND `lesson_id` = 45 ORDER BY time desc  [ RunTime:0.0011s ]
SQL: SELECT * FROM `news_comment` WHERE `pid` = 229 AND `lesson_id` = 45 ORDER BY time desc  [ RunTime:0.0011s ]
SQL: SELECT * FROM `news_comment` WHERE `pid` = 227 AND `lesson_id` = 45 ORDER BY time desc  [ RunTime:0.0010s ]
SQL: SELECT * FROM `news_comment` WHERE `pid` = 231 AND `lesson_id` = 45 ORDER BY time desc  [ RunTime:0.0010s ]
SQL: SELECT * FROM `news_comment` WHERE `pid` = 225 AND `lesson_id` = 45 ORDER BY time desc  [ RunTime:0.0011s ]
SQL: SELECT * FROM `news_comment` WHERE `pid` = 226 AND `lesson_id` = 45 ORDER BY time desc  [ RunTime:0.0013s ]
SQL: SELECT * FROM `news_comment` WHERE `pid` = 218 AND `lesson_id` = 45 ORDER BY time desc  [ RunTime:0.0015s ]
SQL: SELECT * FROM `news_comment` WHERE `pid` = 222 AND `lesson_id` = 45 ORDER BY time desc  [ RunTime:0.0015s ]
SQL: SELECT * FROM `news_comment` WHERE `pid` = 221 AND `lesson_id` = 45 ORDER BY time desc  [ RunTime:0.0015s ]
SQL: SELECT * FROM `news_comment` WHERE `pid` = 220 AND `lesson_id` = 45 ORDER BY time desc  [ RunTime:0.0016s ]
SQL: SELECT * FROM `news_comment` WHERE `pid` = 219 AND `lesson_id` = 45 ORDER BY time desc  [ RunTime:0.0015s ]
INFO: [ view_parse ] --START--
INFO: [ template_filter ] --START--
INFO: Run Behavior\ContentReplaceBehavior [ RunTime:0.000456s ]
INFO: [ template_filter ] --END-- [ RunTime:0.000749s ]
SQL: SELECT COUNT(*) AS tp_count FROM `news_comment` WHERE `lesson_id` = 45 LIMIT 1   [ RunTime:0.0012s ]
INFO: Run Behavior\ParseTemplateBehavior [ RunTime:0.216235s ]
INFO: [ view_parse ] --END-- [ RunTime:0.216364s ]
INFO: [ view_filter ] --START--
INFO: Run Behavior\WriteHtmlCacheBehavior [ RunTime:0.002255s ]
INFO: [ view_filter ] --END-- [ RunTime:0.002374s ]
INFO: [ app_end ] --START--
INFO: Run Behavior\ShowPageTraceBehavior [ RunTime:0.003661s ]
INFO: [ app_end ] --END-- [ RunTime:0.003983s ]

[ 2016-10-04T00:09:17+08:00 ] ::1 /fuckabc/index.php/home/lesson/addcomment
INFO: [ app_init ] --START--
INFO: Run Behavior\BuildLiteBehavior [ RunTime:0.000047s ]
INFO: [ app_init ] --END-- [ RunTime:0.001815s ]
INFO: [ app_begin ] --START--
INFO: Run Behavior\ReadHtmlCacheBehavior [ RunTime:0.004649s ]
INFO: [ app_begin ] --END-- [ RunTime:0.004856s ]
SQL: SHOW COLUMNS FROM `news_comment` [ RunTime:0.0435s ]
SQL: INSERT INTO `news_comment` (`lesson_id`,`content`,`editor`,`time`,`pid`) VALUES ('45','sada','sw','2016-10-04 00:09:17','0') [ RunTime:0.0098s ]

[ 2016-10-04T00:09:17+08:00 ] ::1 /fuckabc/index.php/home/lesson/view/id/__PUBLIC__/img/1.jpg
INFO: [ app_init ] --START--
INFO: Run Behavior\BuildLiteBehavior [ RunTime:0.000040s ]
INFO: [ app_init ] --END-- [ RunTime:0.001561s ]

[ 2016-10-04T00:09:24+08:00 ] ::1 /fuckabc/index.php/home/lesson/addcomment
INFO: [ app_init ] --START--
INFO: Run Behavior\BuildLiteBehavior [ RunTime:0.000035s ]
INFO: [ app_init ] --END-- [ RunTime:0.001300s ]
INFO: [ app_begin ] --START--
INFO: Run Behavior\ReadHtmlCacheBehavior [ RunTime:0.002961s ]
INFO: [ app_begin ] --END-- [ RunTime:0.003153s ]
SQL: SHOW COLUMNS FROM `news_comment` [ RunTime:0.0429s ]
SQL: INSERT INTO `news_comment` (`lesson_id`,`content`,`editor`,`time`,`pid`) VALUES ('45','dadsd','sw','2016-10-04 00:09:24','237') [ RunTime:0.0090s ]

[ 2016-10-04T00:09:24+08:00 ] ::1 /fuckabc/index.php/home/lesson/view/id/__PUBLIC__/img/1.jpg
INFO: [ app_init ] --START--
INFO: Run Behavior\BuildLiteBehavior [ RunTime:0.000036s ]
INFO: [ app_init ] --END-- [ RunTime:0.001367s ]

[ 2016-10-04T19:45:53+08:00 ] ::1 /fuckabc/
INFO: [ app_init ] --START--
INFO: Run Behavior\BuildLiteBehavior [ RunTime:0.000040s ]
INFO: [ app_init ] --END-- [ RunTime:0.034496s ]
INFO: [ app_begin ] --START--
INFO: Run Behavior\ReadHtmlCacheBehavior [ RunTime:0.045814s ]
INFO: [ app_begin ] --END-- [ RunTime:0.045971s ]
SQL: SHOW COLUMNS FROM `news_lesson` [ RunTime:0.0427s ]
SQL: SELECT * FROM `news_lesson` ORDER BY addtime desc LIMIT 4   [ RunTime:0.0013s ]
INFO: [ view_parse ] --START--
INFO: [ template_filter ] --START--
INFO: Run Behavior\ContentReplaceBehavior [ RunTime:0.000154s ]
INFO: [ template_filter ] --END-- [ RunTime:0.000276s ]
INFO: Run Behavior\ParseTemplateBehavior [ RunTime:0.417379s ]
INFO: [ view_parse ] --END-- [ RunTime:0.417508s ]
INFO: [ view_filter ] --START--
INFO: Run Behavior\WriteHtmlCacheBehavior [ RunTime:0.032038s ]
INFO: [ view_filter ] --END-- [ RunTime:0.032188s ]
INFO: [ app_end ] --START--
INFO: Run Behavior\ShowPageTraceBehavior [ RunTime:0.082069s ]
INFO: [ app_end ] --END-- [ RunTime:0.082289s ]

[ 2016-10-04T19:46:02+08:00 ] ::1 /fuckabc/index.php/home/lesson/view/id/44
INFO: [ app_init ] --START--
INFO: Run Behavior\BuildLiteBehavior [ RunTime:0.000031s ]
INFO: [ app_init ] --END-- [ RunTime:0.001094s ]
INFO: [ app_begin ] --START--
INFO: Run Behavior\ReadHtmlCacheBehavior [ RunTime:0.002991s ]
INFO: [ app_begin ] --END-- [ RunTime:0.003181s ]
SQL: SHOW COLUMNS FROM `news_lesson` [ RunTime:0.0311s ]
SQL: UPDATE `news_lesson` SET `view`=view+1 WHERE ( id=44 ) [ RunTime:0.0096s ]
SQL: SELECT * FROM `news_lesson` WHERE `id` = '44' LIMIT 1   [ RunTime:0.0013s ]
SQL: SHOW COLUMNS FROM `news_comment` [ RunTime:0.0321s ]
SQL: SELECT * FROM `news_comment` WHERE `pid` = 0 AND `lesson_id` = 44 ORDER BY time desc  [ RunTime:0.0013s ]
SQL: SELECT * FROM `news_comment` WHERE `pid` = 216 AND `lesson_id` = 44 ORDER BY time desc  [ RunTime:0.0011s ]
SQL: SELECT * FROM `news_comment` WHERE `pid` = 217 AND `lesson_id` = 44 ORDER BY time desc  [ RunTime:0.0007s ]
SQL: SELECT * FROM `news_comment` WHERE `pid` = 233 AND `lesson_id` = 44 ORDER BY time desc  [ RunTime:0.0008s ]
SQL: SELECT * FROM `news_comment` WHERE `pid` = 234 AND `lesson_id` = 44 ORDER BY time desc  [ RunTime:0.0007s ]
SQL: SELECT * FROM `news_comment` WHERE `pid` = 213 AND `lesson_id` = 44 ORDER BY time desc  [ RunTime:0.0008s ]
SQL: SELECT * FROM `news_comment` WHERE `pid` = 235 AND `lesson_id` = 44 ORDER BY time desc  [ RunTime:0.0008s ]
SQL: SELECT * FROM `news_comment` WHERE `pid` = 223 AND `lesson_id` = 44 ORDER BY time desc  [ RunTime:0.0008s ]
SQL: SELECT * FROM `news_comment` WHERE `pid` = 215 AND `lesson_id` = 44 ORDER BY time desc  [ RunTime:0.0008s ]
SQL: SELECT * FROM `news_comment` WHERE `pid` = 214 AND `lesson_id` = 44 ORDER BY time desc  [ RunTime:0.0009s ]
INFO: [ view_parse ] --START--
INFO: [ template_filter ] --START--
INFO: Run Behavior\ContentReplaceBehavior [ RunTime:0.000190s ]
INFO: [ template_filter ] --END-- [ RunTime:0.000308s ]
SQL: SELECT COUNT(*) AS tp_count FROM `news_comment` WHERE `lesson_id` = 44 LIMIT 1   [ RunTime:0.0011s ]
INFO: Run Behavior\ParseTemplateBehavior [ RunTime:0.193831s ]
INFO: [ view_parse ] --END-- [ RunTime:0.193928s ]
INFO: [ view_filter ] --START--
INFO: Run Behavior\WriteHtmlCacheBehavior [ RunTime:0.002563s ]
INFO: [ view_filter ] --END-- [ RunTime:0.002714s ]
INFO: [ app_end ] --START--
INFO: Run Behavior\ShowPageTraceBehavior [ RunTime:0.002947s ]
INFO: [ app_end ] --END-- [ RunTime:0.003168s ]

[ 2016-10-04T19:46:06+08:00 ] ::1 /fuckabc/index.php/home/lesson/addcomment
INFO: [ app_init ] --START--
INFO: Run Behavior\BuildLiteBehavior [ RunTime:0.000050s ]
INFO: [ app_init ] --END-- [ RunTime:0.001709s ]
INFO: [ app_begin ] --START--
INFO: Run Behavior\ReadHtmlCacheBehavior [ RunTime:0.002653s ]
INFO: [ app_begin ] --END-- [ RunTime:0.002850s ]
SQL: SHOW COLUMNS FROM `news_comment` [ RunTime:0.0385s ]
ERR: 1048:Column 'editor' cannot be null
 [ SQL语句 ] : INSERT INTO `news_comment` (`lesson_id`,`content`,`editor`,`time`,`pid`) VALUES ('44','sdas',NULL,'2016-10-04 19:46:06','235')
ERR: 1048:Column 'editor' cannot be null
 [ SQL语句 ] : INSERT INTO `news_comment` (`lesson_id`,`content`,`editor`,`time`,`pid`) VALUES ('44','sdas',NULL,'2016-10-04 19:46:06','235')

[ 2016-10-04T19:46:11+08:00 ] ::1 /fuckabc/index.php/home/user/login
INFO: [ app_init ] --START--
INFO: Run Behavior\BuildLiteBehavior [ RunTime:0.000037s ]
INFO: [ app_init ] --END-- [ RunTime:0.001339s ]
INFO: [ app_begin ] --START--
INFO: Run Behavior\ReadHtmlCacheBehavior [ RunTime:0.002748s ]
INFO: [ app_begin ] --END-- [ RunTime:0.002896s ]
INFO: [ view_parse ] --START--
INFO: [ template_filter ] --START--
INFO: Run Behavior\ContentReplaceBehavior [ RunTime:0.000098s ]
INFO: [ template_filter ] --END-- [ RunTime:0.000230s ]
INFO: Run Behavior\ParseTemplateBehavior [ RunTime:0.136696s ]
INFO: [ view_parse ] --END-- [ RunTime:0.136894s ]
INFO: [ view_filter ] --START--
INFO: Run Behavior\WriteHtmlCacheBehavior [ RunTime:0.002012s ]
INFO: [ view_filter ] --END-- [ RunTime:0.002123s ]
INFO: [ app_end ] --START--
INFO: Run Behavior\ShowPageTraceBehavior [ RunTime:0.002301s ]
INFO: [ app_end ] --END-- [ RunTime:0.002430s ]

[ 2016-10-04T19:46:13+08:00 ] ::1 /fuckabc/index.php/home/user/chklogin
INFO: [ app_init ] --START--
INFO: Run Behavior\BuildLiteBehavior [ RunTime:0.000035s ]
INFO: [ app_init ] --END-- [ RunTime:0.001330s ]
INFO: [ app_begin ] --START--
INFO: Run Behavior\ReadHtmlCacheBehavior [ RunTime:0.002535s ]
INFO: [ app_begin ] --END-- [ RunTime:0.002825s ]
SQL: SHOW COLUMNS FROM `news_user` [ RunTime:0.0368s ]
SQL: SELECT COUNT(*) AS tp_count FROM `news_user` WHERE `name` = 'sw' AND `password` = 'chen1210' LIMIT 1   [ RunTime:0.0010s ]

[ 2016-10-04T19:46:16+08:00 ] ::1 /fuckabc/index.php/home/index/index
INFO: [ app_init ] --START--
INFO: Run Behavior\BuildLiteBehavior [ RunTime:0.000032s ]
INFO: [ app_init ] --END-- [ RunTime:0.001261s ]
INFO: [ app_begin ] --START--
INFO: Run Behavior\ReadHtmlCacheBehavior [ RunTime:0.002133s ]
INFO: [ app_begin ] --END-- [ RunTime:0.002263s ]
SQL: SHOW COLUMNS FROM `news_lesson` [ RunTime:0.0345s ]
SQL: SELECT * FROM `news_lesson` ORDER BY addtime desc LIMIT 4   [ RunTime:0.0010s ]
INFO: [ view_parse ] --START--
INFO: [ template_filter ] --START--
INFO: Run Behavior\ContentReplaceBehavior [ RunTime:0.000199s ]
INFO: [ template_filter ] --END-- [ RunTime:0.000344s ]
INFO: Run Behavior\ParseTemplateBehavior [ RunTime:0.019728s ]
INFO: [ view_parse ] --END-- [ RunTime:0.019883s ]
INFO: [ view_filter ] --START--
INFO: Run Behavior\WriteHtmlCacheBehavior [ RunTime:0.001882s ]
INFO: [ view_filter ] --END-- [ RunTime:0.002002s ]
INFO: [ app_end ] --START--
INFO: Run Behavior\ShowPageTraceBehavior [ RunTime:0.002405s ]
INFO: [ app_end ] --END-- [ RunTime:0.002547s ]

[ 2016-10-04T19:48:06+08:00 ] ::1 /fuckabc/index.php/home/user/logout
INFO: [ app_init ] --START--
INFO: Run Behavior\BuildLiteBehavior [ RunTime:0.000028s ]
INFO: [ app_init ] --END-- [ RunTime:0.001118s ]
INFO: [ app_begin ] --START--
INFO: Run Behavior\ReadHtmlCacheBehavior [ RunTime:0.002042s ]
INFO: [ app_begin ] --END-- [ RunTime:0.002136s ]

[ 2016-10-04T19:48:06+08:00 ] ::1 /fuckabc/index.php/Home/user/login.html
INFO: [ app_init ] --START--
INFO: Run Behavior\BuildLiteBehavior [ RunTime:0.000031s ]
INFO: [ app_init ] --END-- [ RunTime:0.001013s ]
INFO: [ app_begin ] --START--
INFO: Run Behavior\ReadHtmlCacheBehavior [ RunTime:0.002605s ]
INFO: [ app_begin ] --END-- [ RunTime:0.002771s ]
INFO: [ view_parse ] --START--
INFO: [ template_filter ] --START--
INFO: Run Behavior\ContentReplaceBehavior [ RunTime:0.000104s ]
INFO: [ template_filter ] --END-- [ RunTime:0.000229s ]
INFO: Run Behavior\ParseTemplateBehavior [ RunTime:0.085467s ]
INFO: [ view_parse ] --END-- [ RunTime:0.085664s ]
INFO: [ view_filter ] --START--
INFO: Run Behavior\WriteHtmlCacheBehavior [ RunTime:0.001886s ]
INFO: [ view_filter ] --END-- [ RunTime:0.001979s ]
INFO: [ app_end ] --START--
INFO: Run Behavior\ShowPageTraceBehavior [ RunTime:0.001943s ]
INFO: [ app_end ] --END-- [ RunTime:0.002025s ]

[ 2016-10-04T19:48:08+08:00 ] ::1 /fuckabc/index.php/home/user/chklogin
INFO: [ app_init ] --START--
INFO: Run Behavior\BuildLiteBehavior [ RunTime:0.000032s ]
INFO: [ app_init ] --END-- [ RunTime:0.001156s ]
INFO: [ app_begin ] --START--
INFO: Run Behavior\ReadHtmlCacheBehavior [ RunTime:0.002408s ]
INFO: [ app_begin ] --END-- [ RunTime:0.002587s ]
SQL: SHOW COLUMNS FROM `news_user` [ RunTime:0.0414s ]
SQL: SELECT COUNT(*) AS tp_count FROM `news_user` WHERE `name` = 'sw' AND `password` = 'chen1210' LIMIT 1   [ RunTime:0.0007s ]

[ 2016-10-04T19:48:09+08:00 ] ::1 /fuckabc/index.php/home/index/index
INFO: [ app_init ] --START--
INFO: Run Behavior\BuildLiteBehavior [ RunTime:0.000041s ]
INFO: [ app_init ] --END-- [ RunTime:0.002488s ]
INFO: [ app_begin ] --START--
INFO: Run Behavior\ReadHtmlCacheBehavior [ RunTime:0.004395s ]
INFO: [ app_begin ] --END-- [ RunTime:0.004607s ]
SQL: SHOW COLUMNS FROM `news_lesson` [ RunTime:0.0328s ]
SQL: SELECT * FROM `news_lesson` ORDER BY addtime desc LIMIT 4   [ RunTime:0.0011s ]
INFO: [ view_parse ] --START--
INFO: [ template_filter ] --START--
INFO: Run Behavior\ContentReplaceBehavior [ RunTime:0.000163s ]
INFO: [ template_filter ] --END-- [ RunTime:0.000283s ]
INFO: Run Behavior\ParseTemplateBehavior [ RunTime:0.018300s ]
INFO: [ view_parse ] --END-- [ RunTime:0.018450s ]
INFO: [ view_filter ] --START--
INFO: Run Behavior\WriteHtmlCacheBehavior [ RunTime:0.001927s ]
INFO: [ view_filter ] --END-- [ RunTime:0.002060s ]
INFO: [ app_end ] --START--
INFO: Run Behavior\ShowPageTraceBehavior [ RunTime:0.003292s ]
INFO: [ app_end ] --END-- [ RunTime:0.003455s ]

[ 2016-10-04T19:48:12+08:00 ] ::1 /fuckabc/index.php/home/lesson/view/id/43
INFO: [ app_init ] --START--
INFO: Run Behavior\BuildLiteBehavior [ RunTime:0.000060s ]
INFO: [ app_init ] --END-- [ RunTime:0.001873s ]
INFO: [ app_begin ] --START--
INFO: Run Behavior\ReadHtmlCacheBehavior [ RunTime:0.002793s ]
INFO: [ app_begin ] --END-- [ RunTime:0.002970s ]
SQL: SHOW COLUMNS FROM `news_lesson` [ RunTime:0.0389s ]
SQL: UPDATE `news_lesson` SET `view`=view+1 WHERE ( id=43 ) [ RunTime:0.0038s ]
SQL: SELECT * FROM `news_lesson` WHERE `id` = '43' LIMIT 1   [ RunTime:0.0011s ]
SQL: SHOW COLUMNS FROM `news_comment` [ RunTime:0.0263s ]
SQL: SELECT * FROM `news_comment` WHERE `pid` = 0 AND `lesson_id` = 43 ORDER BY time desc  [ RunTime:0.0011s ]
INFO: [ view_parse ] --START--
INFO: [ template_filter ] --START--
INFO: Run Behavior\ContentReplaceBehavior [ RunTime:0.000206s ]
INFO: [ template_filter ] --END-- [ RunTime:0.000343s ]
SQL: SELECT COUNT(*) AS tp_count FROM `news_comment` WHERE `lesson_id` = 43 LIMIT 1   [ RunTime:0.0013s ]
INFO: Run Behavior\ParseTemplateBehavior [ RunTime:0.163067s ]
INFO: [ view_parse ] --END-- [ RunTime:0.163183s ]
INFO: [ view_filter ] --START--
INFO: Run Behavior\WriteHtmlCacheBehavior [ RunTime:0.002383s ]
INFO: [ view_filter ] --END-- [ RunTime:0.002596s ]
INFO: [ app_end ] --START--
INFO: Run Behavior\ShowPageTraceBehavior [ RunTime:0.003428s ]
INFO: [ app_end ] --END-- [ RunTime:0.003587s ]

[ 2016-10-04T19:48:12+08:00 ] ::1 /fuckabc/index.php/home/lesson/view/id/frontend/web/uploads/4/5ec91aac30-img3632.jpg
INFO: [ app_init ] --START--
INFO: Run Behavior\BuildLiteBehavior [ RunTime:0.000054s ]
INFO: [ app_init ] --END-- [ RunTime:0.001965s ]

[ 2016-10-04T19:48:24+08:00 ] ::1 /fuckabc/index.php/home/lesson/addcomment
INFO: [ app_init ] --START--
INFO: Run Behavior\BuildLiteBehavior [ RunTime:0.000090s ]
INFO: [ app_init ] --END-- [ RunTime:0.002153s ]
INFO: [ app_begin ] --START--
INFO: Run Behavior\ReadHtmlCacheBehavior [ RunTime:0.002628s ]
INFO: [ app_begin ] --END-- [ RunTime:0.002839s ]
SQL: SHOW COLUMNS FROM `news_comment` [ RunTime:0.0288s ]
SQL: INSERT INTO `news_comment` (`lesson_id`,`content`,`editor`,`time`,`pid`) VALUES ('43','哥，你真帅','sw','2016-10-04 19:48:24','0') [ RunTime:0.0090s ]

[ 2016-10-04T19:48:24+08:00 ] ::1 /fuckabc/index.php/home/lesson/view/id/__PUBLIC__/img/1.jpg
INFO: [ app_init ] --START--
INFO: Run Behavior\BuildLiteBehavior [ RunTime:0.000036s ]
INFO: [ app_init ] --END-- [ RunTime:0.001514s ]

[ 2016-10-04T19:49:47+08:00 ] ::1 /fuckabc/index.php/home/lesson/view/id/43
INFO: [ app_init ] --START--
INFO: Run Behavior\BuildLiteBehavior [ RunTime:0.000053s ]
INFO: [ app_init ] --END-- [ RunTime:0.002408s ]
INFO: [ app_begin ] --START--
INFO: Run Behavior\ReadHtmlCacheBehavior [ RunTime:0.003785s ]
INFO: [ app_begin ] --END-- [ RunTime:0.004028s ]
SQL: SHOW COLUMNS FROM `news_lesson` [ RunTime:0.0383s ]
SQL: UPDATE `news_lesson` SET `view`=view+1 WHERE ( id=43 ) [ RunTime:0.0091s ]
SQL: SELECT * FROM `news_lesson` WHERE `id` = '43' LIMIT 1   [ RunTime:0.0011s ]
SQL: SHOW COLUMNS FROM `news_comment` [ RunTime:0.0347s ]
SQL: SELECT * FROM `news_comment` WHERE `pid` = 0 AND `lesson_id` = 43 ORDER BY time desc  [ RunTime:0.0017s ]
SQL: SELECT * FROM `news_comment` WHERE `pid` = 240 AND `lesson_id` = 43 ORDER BY time desc  [ RunTime:0.0015s ]
INFO: [ view_parse ] --START--
INFO: [ template_filter ] --START--
INFO: Run Behavior\ContentReplaceBehavior [ RunTime:0.000223s ]
INFO: [ template_filter ] --END-- [ RunTime:0.000383s ]
SQL: SELECT COUNT(*) AS tp_count FROM `news_comment` WHERE `lesson_id` = 43 LIMIT 1   [ RunTime:0.0012s ]
INFO: Run Behavior\ParseTemplateBehavior [ RunTime:0.177132s ]
INFO: [ view_parse ] --END-- [ RunTime:0.177256s ]
INFO: [ view_filter ] --START--
INFO: Run Behavior\WriteHtmlCacheBehavior [ RunTime:0.002013s ]
INFO: [ view_filter ] --END-- [ RunTime:0.002153s ]
INFO: [ app_end ] --START--
INFO: Run Behavior\ShowPageTraceBehavior [ RunTime:0.002373s ]
INFO: [ app_end ] --END-- [ RunTime:0.002479s ]

[ 2016-10-04T19:49:47+08:00 ] ::1 /fuckabc/index.php/home/lesson/view/id/frontend/web/uploads/4/5ec91aac30-img3632.jpg
INFO: [ app_init ] --START--
INFO: Run Behavior\BuildLiteBehavior [ RunTime:0.000034s ]
INFO: [ app_init ] --END-- [ RunTime:0.001288s ]

[ 2016-10-04T19:49:54+08:00 ] ::1 /fuckabc/index.php/home/lesson/addcomment
INFO: [ app_init ] --START--
INFO: Run Behavior\BuildLiteBehavior [ RunTime:0.000033s ]
INFO: [ app_init ] --END-- [ RunTime:0.001288s ]
INFO: [ app_begin ] --START--
INFO: Run Behavior\ReadHtmlCacheBehavior [ RunTime:0.002462s ]
INFO: [ app_begin ] --END-- [ RunTime:0.002580s ]
SQL: SHOW COLUMNS FROM `news_comment` [ RunTime:0.0341s ]
SQL: INSERT INTO `news_comment` (`lesson_id`,`content`,`editor`,`time`,`pid`) VALUES ('43','哥，你真帅','sw','2016-10-04 19:49:54','0') [ RunTime:0.0037s ]

[ 2016-10-04T19:49:54+08:00 ] ::1 /fuckabc/index.php/home/lesson/view/id/fuckabc/public/img/1.jpg
INFO: [ app_init ] --START--
INFO: Run Behavior\BuildLiteBehavior [ RunTime:0.000027s ]
INFO: [ app_init ] --END-- [ RunTime:0.000963s ]

[ 2016-10-04T19:50:32+08:00 ] ::1 /fuckabc/index.php/home/lesson/view/id/43
INFO: [ app_init ] --START--
INFO: Run Behavior\BuildLiteBehavior [ RunTime:0.000049s ]
INFO: [ app_init ] --END-- [ RunTime:0.001862s ]
INFO: [ app_begin ] --START--
INFO: Run Behavior\ReadHtmlCacheBehavior [ RunTime:0.002667s ]
INFO: [ app_begin ] --END-- [ RunTime:0.002848s ]
SQL: SHOW COLUMNS FROM `news_lesson` [ RunTime:0.0366s ]
SQL: UPDATE `news_lesson` SET `view`=view+1 WHERE ( id=43 ) [ RunTime:0.0096s ]
SQL: SELECT * FROM `news_lesson` WHERE `id` = '43' LIMIT 1   [ RunTime:0.0011s ]
SQL: SHOW COLUMNS FROM `news_comment` [ RunTime:0.0257s ]
SQL: SELECT * FROM `news_comment` WHERE `pid` = 0 AND `lesson_id` = 43 ORDER BY time desc  [ RunTime:0.0014s ]
SQL: SELECT * FROM `news_comment` WHERE `pid` = 241 AND `lesson_id` = 43 ORDER BY time desc  [ RunTime:0.0014s ]
SQL: SELECT * FROM `news_comment` WHERE `pid` = 240 AND `lesson_id` = 43 ORDER BY time desc  [ RunTime:0.0012s ]
INFO: [ view_parse ] --START--
INFO: [ template_filter ] --START--
INFO: Run Behavior\ContentReplaceBehavior [ RunTime:0.000190s ]
INFO: [ template_filter ] --END-- [ RunTime:0.000321s ]
SQL: SELECT COUNT(*) AS tp_count FROM `news_comment` WHERE `lesson_id` = 43 LIMIT 1   [ RunTime:0.0011s ]
INFO: Run Behavior\ParseTemplateBehavior [ RunTime:0.146315s ]
INFO: [ view_parse ] --END-- [ RunTime:0.146424s ]
INFO: [ view_filter ] --START--
INFO: Run Behavior\WriteHtmlCacheBehavior [ RunTime:0.002071s ]
INFO: [ view_filter ] --END-- [ RunTime:0.002196s ]
INFO: [ app_end ] --START--
INFO: Run Behavior\ShowPageTraceBehavior [ RunTime:0.002016s ]
INFO: [ app_end ] --END-- [ RunTime:0.002158s ]

[ 2016-10-04T19:50:32+08:00 ] ::1 /fuckabc/index.php/home/lesson/view/id/frontend/web/uploads/4/5ec91aac30-img3632.jpg
INFO: [ app_init ] --START--
INFO: Run Behavior\BuildLiteBehavior [ RunTime:0.000056s ]
INFO: [ app_init ] --END-- [ RunTime:0.002482s ]

[ 2016-10-04T19:50:39+08:00 ] ::1 /fuckabc/index.php/home/lesson/addcomment
INFO: [ app_init ] --START--
INFO: Run Behavior\BuildLiteBehavior [ RunTime:0.000046s ]
INFO: [ app_init ] --END-- [ RunTime:0.002151s ]
INFO: [ app_begin ] --START--
INFO: Run Behavior\ReadHtmlCacheBehavior [ RunTime:0.002667s ]
INFO: [ app_begin ] --END-- [ RunTime:0.002862s ]
SQL: SHOW COLUMNS FROM `news_comment` [ RunTime:0.0311s ]
SQL: INSERT INTO `news_comment` (`lesson_id`,`content`,`editor`,`time`,`pid`) VALUES ('43','哥，我爱你','sw','2016-10-04 19:50:39','0') [ RunTime:0.0088s ]

[ 2016-10-04T19:52:22+08:00 ] ::1 /fuckabc/index.php/home/lesson/view/id/43
INFO: [ app_init ] --START--
INFO: Run Behavior\BuildLiteBehavior [ RunTime:0.000048s ]
INFO: [ app_init ] --END-- [ RunTime:0.001993s ]
INFO: [ app_begin ] --START--
INFO: Run Behavior\ReadHtmlCacheBehavior [ RunTime:0.007135s ]
INFO: [ app_begin ] --END-- [ RunTime:0.007320s ]
SQL: SHOW COLUMNS FROM `news_lesson` [ RunTime:0.0569s ]
SQL: UPDATE `news_lesson` SET `view`=view+1 WHERE ( id=43 ) [ RunTime:0.0185s ]
SQL: SELECT * FROM `news_lesson` WHERE `id` = '43' LIMIT 1   [ RunTime:0.0012s ]
SQL: SHOW COLUMNS FROM `news_comment` [ RunTime:0.0277s ]
SQL: SELECT * FROM `news_comment` WHERE `pid` = 0 AND `lesson_id` = 43 ORDER BY time desc  [ RunTime:0.0017s ]
SQL: SELECT * FROM `news_comment` WHERE `pid` = 242 AND `lesson_id` = 43 ORDER BY time desc  [ RunTime:0.0014s ]
SQL: SELECT * FROM `news_comment` WHERE `pid` = 241 AND `lesson_id` = 43 ORDER BY time desc  [ RunTime:0.0018s ]
SQL: SELECT * FROM `news_comment` WHERE `pid` = 240 AND `lesson_id` = 43 ORDER BY time desc  [ RunTime:0.0015s ]
INFO: [ view_parse ] --START--
INFO: [ template_filter ] --START--
INFO: Run Behavior\ContentReplaceBehavior [ RunTime:0.000246s ]
INFO: [ template_filter ] --END-- [ RunTime:0.000498s ]
SQL: SELECT COUNT(*) AS tp_count FROM `news_comment` WHERE `lesson_id` = 43 LIMIT 1   [ RunTime:0.0016s ]
INFO: Run Behavior\ParseTemplateBehavior [ RunTime:0.376699s ]
INFO: [ view_parse ] --END-- [ RunTime:0.376826s ]
INFO: [ view_filter ] --START--
INFO: Run Behavior\WriteHtmlCacheBehavior [ RunTime:0.002519s ]
INFO: [ view_filter ] --END-- [ RunTime:0.002686s ]
INFO: [ app_end ] --START--
INFO: Run Behavior\ShowPageTraceBehavior [ RunTime:0.003146s ]
INFO: [ app_end ] --END-- [ RunTime:0.003356s ]

[ 2016-10-04T19:52:23+08:00 ] ::1 /fuckabc/index.php/home/lesson/view/id/frontend/web/uploads/4/5ec91aac30-img3632.jpg
INFO: [ app_init ] --START--
INFO: Run Behavior\BuildLiteBehavior [ RunTime:0.000128s ]
INFO: [ app_init ] --END-- [ RunTime:0.004062s ]

[ 2016-10-04T19:52:35+08:00 ] ::1 /fuckabc/index.php/home/lesson/addcomment
INFO: [ app_init ] --START--
INFO: Run Behavior\BuildLiteBehavior [ RunTime:0.000061s ]
INFO: [ app_init ] --END-- [ RunTime:0.002349s ]
INFO: [ app_begin ] --START--
INFO: Run Behavior\ReadHtmlCacheBehavior [ RunTime:0.002815s ]
INFO: [ app_begin ] --END-- [ RunTime:0.003019s ]
SQL: SHOW COLUMNS FROM `news_comment` [ RunTime:0.0310s ]
SQL: INSERT INTO `news_comment` (`lesson_id`,`content`,`editor`,`time`,`pid`) VALUES ('43','你是不是个傻逼','sw','2016-10-04 19:52:35','242') [ RunTime:0.0090s ]

[ 2016-10-04T19:53:09+08:00 ] ::1 /fuckabc/index.php/home/lesson/view/id/43
INFO: [ app_init ] --START--
INFO: Run Behavior\BuildLiteBehavior [ RunTime:0.000030s ]
INFO: [ app_init ] --END-- [ RunTime:0.001005s ]
INFO: [ app_begin ] --START--
INFO: Run Behavior\ReadHtmlCacheBehavior [ RunTime:0.002092s ]
INFO: [ app_begin ] --END-- [ RunTime:0.002236s ]
SQL: SHOW COLUMNS FROM `news_lesson` [ RunTime:0.0373s ]
SQL: UPDATE `news_lesson` SET `view`=view+1 WHERE ( id=43 ) [ RunTime:0.0089s ]
SQL: SELECT * FROM `news_lesson` WHERE `id` = '43' LIMIT 1   [ RunTime:0.0009s ]
SQL: SHOW COLUMNS FROM `news_comment` [ RunTime:0.0240s ]
SQL: SELECT * FROM `news_comment` WHERE `pid` = 0 AND `lesson_id` = 43 ORDER BY time desc  [ RunTime:0.0014s ]
SQL: SELECT * FROM `news_comment` WHERE `pid` = 242 AND `lesson_id` = 43 ORDER BY time desc  [ RunTime:0.0008s ]
SQL: SELECT * FROM `news_comment` WHERE `pid` = 243 AND `lesson_id` = 43 ORDER BY time desc  [ RunTime:0.0007s ]
SQL: SELECT * FROM `news_comment` WHERE `pid` = 241 AND `lesson_id` = 43 ORDER BY time desc  [ RunTime:0.0007s ]
SQL: SELECT * FROM `news_comment` WHERE `pid` = 240 AND `lesson_id` = 43 ORDER BY time desc  [ RunTime:0.0007s ]
INFO: [ view_parse ] --START--
INFO: [ template_filter ] --START--
INFO: Run Behavior\ContentReplaceBehavior [ RunTime:0.000250s ]
INFO: [ template_filter ] --END-- [ RunTime:0.000433s ]
SQL: SELECT COUNT(*) AS tp_count FROM `news_comment` WHERE `lesson_id` = 43 LIMIT 1   [ RunTime:0.0010s ]
INFO: Run Behavior\ParseTemplateBehavior [ RunTime:0.149484s ]
INFO: [ view_parse ] --END-- [ RunTime:0.149599s ]
INFO: [ view_filter ] --START--
INFO: Run Behavior\WriteHtmlCacheBehavior [ RunTime:0.001476s ]
INFO: [ view_filter ] --END-- [ RunTime:0.001555s ]
INFO: [ app_end ] --START--
INFO: Run Behavior\ShowPageTraceBehavior [ RunTime:0.002674s ]
INFO: [ app_end ] --END-- [ RunTime:0.002847s ]

[ 2016-10-04T19:53:09+08:00 ] ::1 /fuckabc/index.php/home/lesson/view/id/frontend/web/uploads/4/5ec91aac30-img3632.jpg
INFO: [ app_init ] --START--
INFO: Run Behavior\BuildLiteBehavior [ RunTime:0.000037s ]
INFO: [ app_init ] --END-- [ RunTime:0.001600s ]

[ 2016-10-04T19:53:41+08:00 ] ::1 /fuckabc/index.php/home/lesson/view/id/43
INFO: [ app_init ] --START--
INFO: Run Behavior\BuildLiteBehavior [ RunTime:0.000028s ]
INFO: [ app_init ] --END-- [ RunTime:0.000989s ]
INFO: [ app_begin ] --START--
INFO: Run Behavior\ReadHtmlCacheBehavior [ RunTime:0.002529s ]
INFO: [ app_begin ] --END-- [ RunTime:0.002648s ]
SQL: SHOW COLUMNS FROM `news_lesson` [ RunTime:0.0357s ]
SQL: UPDATE `news_lesson` SET `view`=view+1 WHERE ( id=43 ) [ RunTime:0.0089s ]
SQL: SELECT * FROM `news_lesson` WHERE `id` = '43' LIMIT 1   [ RunTime:0.0009s ]
SQL: SHOW COLUMNS FROM `news_comment` [ RunTime:0.0262s ]
SQL: SELECT * FROM `news_comment` WHERE `pid` = 0 AND `lesson_id` = 43 ORDER BY time desc  [ RunTime:0.0011s ]
SQL: SELECT * FROM `news_comment` WHERE `pid` = 242 AND `lesson_id` = 43 ORDER BY time desc  [ RunTime:0.0007s ]
SQL: SELECT * FROM `news_comment` WHERE `pid` = 243 AND `lesson_id` = 43 ORDER BY time desc  [ RunTime:0.0007s ]
SQL: SELECT * FROM `news_comment` WHERE `pid` = 241 AND `lesson_id` = 43 ORDER BY time desc  [ RunTime:0.0009s ]
SQL: SELECT * FROM `news_comment` WHERE `pid` = 240 AND `lesson_id` = 43 ORDER BY time desc  [ RunTime:0.0008s ]
INFO: [ view_parse ] --START--
INFO: [ template_filter ] --START--
INFO: Run Behavior\ContentReplaceBehavior [ RunTime:0.000224s ]
INFO: [ template_filter ] --END-- [ RunTime:0.000362s ]
SQL: SELECT COUNT(*) AS tp_count FROM `news_comment` WHERE `lesson_id` = 43 LIMIT 1   [ RunTime:0.0012s ]
INFO: Run Behavior\ParseTemplateBehavior [ RunTime:0.142135s ]
INFO: [ view_parse ] --END-- [ RunTime:0.142242s ]
INFO: [ view_filter ] --START--
INFO: Run Behavior\WriteHtmlCacheBehavior [ RunTime:0.002279s ]
INFO: [ view_filter ] --END-- [ RunTime:0.002379s ]
INFO: [ app_end ] --START--
INFO: Run Behavior\ShowPageTraceBehavior [ RunTime:0.002734s ]
INFO: [ app_end ] --END-- [ RunTime:0.002906s ]

[ 2016-10-04T19:53:41+08:00 ] ::1 /fuckabc/index.php/home/lesson/view/id/frontend/web/uploads/4/5ec91aac30-img3632.jpg
INFO: [ app_init ] --START--
INFO: Run Behavior\BuildLiteBehavior [ RunTime:0.000053s ]
INFO: [ app_init ] --END-- [ RunTime:0.003804s ]

[ 2016-10-04T19:53:44+08:00 ] ::1 /fuckabc/index.php/home/lesson/addcomment
INFO: [ app_init ] --START--
INFO: Run Behavior\BuildLiteBehavior [ RunTime:0.000048s ]
INFO: [ app_init ] --END-- [ RunTime:0.002669s ]
INFO: [ app_begin ] --START--
INFO: Run Behavior\ReadHtmlCacheBehavior [ RunTime:0.002875s ]
INFO: [ app_begin ] --END-- [ RunTime:0.003072s ]
SQL: SHOW COLUMNS FROM `news_comment` [ RunTime:0.0336s ]
SQL: INSERT INTO `news_comment` (`lesson_id`,`content`,`editor`,`time`,`pid`) VALUES ('43','打算','sw','2016-10-04 19:53:44','242') [ RunTime:0.0035s ]

[ 2016-10-04T19:54:17+08:00 ] ::1 /fuckabc/index.php/home/lesson/view/id/43
INFO: [ app_init ] --START--
INFO: Run Behavior\BuildLiteBehavior [ RunTime:0.000041s ]
INFO: [ app_init ] --END-- [ RunTime:0.001478s ]
INFO: [ app_begin ] --START--
INFO: Run Behavior\ReadHtmlCacheBehavior [ RunTime:0.002112s ]
INFO: [ app_begin ] --END-- [ RunTime:0.002253s ]
SQL: SHOW COLUMNS FROM `news_lesson` [ RunTime:0.0328s ]
SQL: UPDATE `news_lesson` SET `view`=view+1 WHERE ( id=43 ) [ RunTime:0.0091s ]
SQL: SELECT * FROM `news_lesson` WHERE `id` = '43' LIMIT 1   [ RunTime:0.0010s ]
SQL: SHOW COLUMNS FROM `news_comment` [ RunTime:0.0234s ]
SQL: SELECT * FROM `news_comment` WHERE `pid` = 0 AND `lesson_id` = 43 ORDER BY time desc  [ RunTime:0.0011s ]
SQL: SELECT * FROM `news_comment` WHERE `pid` = 242 AND `lesson_id` = 43 ORDER BY time desc  [ RunTime:0.0008s ]
SQL: SELECT * FROM `news_comment` WHERE `pid` = 244 AND `lesson_id` = 43 ORDER BY time desc  [ RunTime:0.0007s ]
SQL: SELECT * FROM `news_comment` WHERE `pid` = 243 AND `lesson_id` = 43 ORDER BY time desc  [ RunTime:0.0008s ]
SQL: SELECT * FROM `news_comment` WHERE `pid` = 241 AND `lesson_id` = 43 ORDER BY time desc  [ RunTime:0.0012s ]
SQL: SELECT * FROM `news_comment` WHERE `pid` = 240 AND `lesson_id` = 43 ORDER BY time desc  [ RunTime:0.0009s ]
INFO: [ view_parse ] --START--
INFO: [ template_filter ] --START--
INFO: Run Behavior\ContentReplaceBehavior [ RunTime:0.000192s ]
INFO: [ template_filter ] --END-- [ RunTime:0.000320s ]
SQL: SELECT COUNT(*) AS tp_count FROM `news_comment` WHERE `lesson_id` = 43 LIMIT 1   [ RunTime:0.0013s ]
INFO: Run Behavior\ParseTemplateBehavior [ RunTime:0.139140s ]
INFO: [ view_parse ] --END-- [ RunTime:0.139236s ]
INFO: [ view_filter ] --START--
INFO: Run Behavior\WriteHtmlCacheBehavior [ RunTime:0.001763s ]
INFO: [ view_filter ] --END-- [ RunTime:0.001858s ]
INFO: [ app_end ] --START--
INFO: Run Behavior\ShowPageTraceBehavior [ RunTime:0.002476s ]
INFO: [ app_end ] --END-- [ RunTime:0.002641s ]

[ 2016-10-04T19:54:17+08:00 ] ::1 /fuckabc/index.php/home/lesson/view/id/frontend/web/uploads/4/5ec91aac30-img3632.jpg
INFO: [ app_init ] --START--
INFO: Run Behavior\BuildLiteBehavior [ RunTime:0.000046s ]
INFO: [ app_init ] --END-- [ RunTime:0.002435s ]

[ 2016-10-04T22:19:55+08:00 ] ::1 /fuckabc/index.php/home/com
INFO: [ app_init ] --START--
INFO: Run Behavior\BuildLiteBehavior [ RunTime:0.000208s ]
INFO: [ app_init ] --END-- [ RunTime:0.003076s ]
INFO: [ app_begin ] --START--
INFO: Run Behavior\ReadHtmlCacheBehavior [ RunTime:0.002880s ]
INFO: [ app_begin ] --END-- [ RunTime:0.003045s ]
INFO: [ view_parse ] --START--
INFO: [ template_filter ] --START--
INFO: Run Behavior\ContentReplaceBehavior [ RunTime:0.000210s ]
INFO: [ template_filter ] --END-- [ RunTime:0.000364s ]
INFO: Run Behavior\ParseTemplateBehavior [ RunTime:0.135937s ]
INFO: [ view_parse ] --END-- [ RunTime:0.136117s ]
INFO: [ view_filter ] --START--
INFO: Run Behavior\WriteHtmlCacheBehavior [ RunTime:0.002406s ]
INFO: [ view_filter ] --END-- [ RunTime:0.002556s ]
INFO: [ app_end ] --START--
INFO: Run Behavior\ShowPageTraceBehavior [ RunTime:0.003316s ]
INFO: [ app_end ] --END-- [ RunTime:0.003530s ]

[ 2016-10-04T22:27:12+08:00 ] ::1 /fuckabc/index.php/home/com
INFO: [ app_init ] --START--
INFO: Run Behavior\BuildLiteBehavior [ RunTime:0.000049s ]
INFO: [ app_init ] --END-- [ RunTime:0.001610s ]
INFO: [ app_begin ] --START--
INFO: Run Behavior\ReadHtmlCacheBehavior [ RunTime:0.002657s ]
INFO: [ app_begin ] --END-- [ RunTime:0.002855s ]
INFO: [ view_parse ] --START--
INFO: [ template_filter ] --START--
INFO: Run Behavior\ContentReplaceBehavior [ RunTime:0.000166s ]
INFO: [ template_filter ] --END-- [ RunTime:0.000331s ]
INFO: Run Behavior\ParseTemplateBehavior [ RunTime:0.158910s ]
INFO: [ view_parse ] --END-- [ RunTime:0.159125s ]
INFO: [ view_filter ] --START--
INFO: Run Behavior\WriteHtmlCacheBehavior [ RunTime:0.001925s ]
INFO: [ view_filter ] --END-- [ RunTime:0.002082s ]
INFO: [ app_end ] --START--
INFO: Run Behavior\ShowPageTraceBehavior [ RunTime:0.002643s ]
INFO: [ app_end ] --END-- [ RunTime:0.002805s ]

[ 2016-10-04T22:27:14+08:00 ] ::1 /fuckabc/index.php/home/com
INFO: [ app_init ] --START--
INFO: Run Behavior\BuildLiteBehavior [ RunTime:0.000063s ]
INFO: [ app_init ] --END-- [ RunTime:0.002255s ]
INFO: [ app_begin ] --START--
INFO: Run Behavior\ReadHtmlCacheBehavior [ RunTime:0.003039s ]
INFO: [ app_begin ] --END-- [ RunTime:0.003234s ]
INFO: [ view_parse ] --START--
INFO: [ template_filter ] --START--
INFO: Run Behavior\ContentReplaceBehavior [ RunTime:0.000187s ]
INFO: [ template_filter ] --END-- [ RunTime:0.000353s ]
INFO: Run Behavior\ParseTemplateBehavior [ RunTime:0.028064s ]
INFO: [ view_parse ] --END-- [ RunTime:0.028247s ]
INFO: [ view_filter ] --START--
INFO: Run Behavior\WriteHtmlCacheBehavior [ RunTime:0.002336s ]
INFO: [ view_filter ] --END-- [ RunTime:0.002502s ]
INFO: [ app_end ] --START--
INFO: Run Behavior\ShowPageTraceBehavior [ RunTime:0.003194s ]
INFO: [ app_end ] --END-- [ RunTime:0.003355s ]

[ 2016-10-04T22:27:15+08:00 ] ::1 /fuckabc/index.php/home/com
INFO: [ app_init ] --START--
INFO: Run Behavior\BuildLiteBehavior [ RunTime:0.000064s ]
INFO: [ app_init ] --END-- [ RunTime:0.002421s ]
INFO: [ app_begin ] --START--
INFO: Run Behavior\ReadHtmlCacheBehavior [ RunTime:0.003279s ]
INFO: [ app_begin ] --END-- [ RunTime:0.003494s ]
INFO: [ view_parse ] --START--
INFO: [ template_filter ] --START--
INFO: Run Behavior\ContentReplaceBehavior [ RunTime:0.000166s ]
INFO: [ template_filter ] --END-- [ RunTime:0.000345s ]
INFO: Run Behavior\ParseTemplateBehavior [ RunTime:0.026647s ]
INFO: [ view_parse ] --END-- [ RunTime:0.026854s ]
INFO: [ view_filter ] --START--
INFO: Run Behavior\WriteHtmlCacheBehavior [ RunTime:0.002913s ]
INFO: [ view_filter ] --END-- [ RunTime:0.003087s ]
INFO: [ app_end ] --START--
INFO: Run Behavior\ShowPageTraceBehavior [ RunTime:0.003322s ]
INFO: [ app_end ] --END-- [ RunTime:0.003494s ]

[ 2016-10-04T22:28:47+08:00 ] ::1 /fuckabc/index.php/home/com
INFO: [ app_init ] --START--
INFO: Run Behavior\BuildLiteBehavior [ RunTime:0.000055s ]
INFO: [ app_init ] --END-- [ RunTime:0.001966s ]
INFO: [ app_begin ] --START--
INFO: Run Behavior\ReadHtmlCacheBehavior [ RunTime:0.003962s ]
INFO: [ app_begin ] --END-- [ RunTime:0.004174s ]
INFO: [ view_parse ] --START--
INFO: [ template_filter ] --START--
INFO: Run Behavior\ContentReplaceBehavior [ RunTime:0.000237s ]
INFO: [ template_filter ] --END-- [ RunTime:0.000550s ]
INFO: Run Behavior\ParseTemplateBehavior [ RunTime:0.154952s ]
INFO: [ view_parse ] --END-- [ RunTime:0.155166s ]
INFO: [ view_filter ] --START--
INFO: Run Behavior\WriteHtmlCacheBehavior [ RunTime:0.002167s ]
INFO: [ view_filter ] --END-- [ RunTime:0.002309s ]
INFO: [ app_end ] --START--
INFO: Run Behavior\ShowPageTraceBehavior [ RunTime:0.003549s ]
INFO: [ app_end ] --END-- [ RunTime:0.003748s ]

[ 2016-10-04T22:28:59+08:00 ] ::1 /fuckabc/index.php/home/com
INFO: [ app_init ] --START--
INFO: Run Behavior\BuildLiteBehavior [ RunTime:0.000048s ]
INFO: [ app_init ] --END-- [ RunTime:0.001876s ]
INFO: [ app_begin ] --START--
INFO: Run Behavior\ReadHtmlCacheBehavior [ RunTime:0.003637s ]
INFO: [ app_begin ] --END-- [ RunTime:0.003902s ]
INFO: [ view_parse ] --START--
INFO: [ template_filter ] --START--
INFO: Run Behavior\ContentReplaceBehavior [ RunTime:0.000164s ]
INFO: [ template_filter ] --END-- [ RunTime:0.000320s ]
INFO: Run Behavior\ParseTemplateBehavior [ RunTime:0.145207s ]
INFO: [ view_parse ] --END-- [ RunTime:0.145390s ]
INFO: [ view_filter ] --START--
INFO: Run Behavior\WriteHtmlCacheBehavior [ RunTime:0.002474s ]
INFO: [ view_filter ] --END-- [ RunTime:0.002618s ]
INFO: [ app_end ] --START--
INFO: Run Behavior\ShowPageTraceBehavior [ RunTime:0.002856s ]
INFO: [ app_end ] --END-- [ RunTime:0.002974s ]

