[ 2017-03-07T20:41:00+08:00 ] ::1 /foot/
INFO: [ app_init ] --START--
INFO: Run Behavior\BuildLiteBehavior [ RunTime:0.000048s ]
INFO: [ app_init ] --END-- [ RunTime:0.002128s ]
INFO: [ app_begin ] --START--
INFO: Run Behavior\ReadHtmlCacheBehavior [ RunTime:0.002167s ]
INFO: [ app_begin ] --END-- [ RunTime:0.002262s ]
SQL: SHOW COLUMNS FROM `news_lesson` [ RunTime:0.0220s ]
SQL: SELECT * FROM `news_lesson` ORDER BY addtime desc LIMIT 4   [ RunTime:0.0022s ]
SQL: SHOW COLUMNS FROM `news_picnews` [ RunTime:0.0066s ]
SQL: SELECT * FROM `news_picnews` ORDER BY time desc LIMIT 6   [ RunTime:0.0025s ]
SQL: SELECT * FROM `news_picnews` ORDER BY time desc LIMIT 6   [ RunTime:0.0017s ]
SQL: SELECT * FROM `news_picnews` ORDER BY time desc LIMIT 6   [ RunTime:0.0013s ]
SQL: SELECT * FROM `news_picnews` ORDER BY view desc LIMIT 6   [ RunTime:0.0014s ]
SQL: SELECT * FROM `news_picnews` ORDER BY love desc LIMIT 3   [ RunTime:0.0010s ]
SQL: SHOW COLUMNS FROM `news_video` [ RunTime:0.0046s ]
SQL: SELECT * FROM `news_video` ORDER BY addtime desc LIMIT 6   [ RunTime:0.0012s ]
SQL: SHOW COLUMNS FROM `news_rank` [ RunTime:0.0051s ]
SQL: SELECT * FROM `news_rank` ORDER BY rank LIMIT 8   [ RunTime:0.0017s ]
SQL: SHOW COLUMNS FROM `news_lesson` [ RunTime:0.0030s ]
SQL: SELECT * FROM `news_lesson` ORDER BY addtime desc LIMIT 5   [ RunTime:0.0012s ]
SQL: SELECT * FROM `news_lesson` WHERE `forteam` = '广州恒大' ORDER BY view desc LIMIT 5   [ RunTime:0.0020s ]
SQL: SELECT * FROM `news_lesson` WHERE `forteam` = '山东鲁能' ORDER BY view desc LIMIT 5   [ RunTime:0.0011s ]
SQL: SELECT * FROM `news_lesson` WHERE `forteam` = '北京国安' ORDER BY view desc LIMIT 5   [ RunTime:0.0009s ]
SQL: SELECT * FROM `news_video` WHERE `type` = 'gzhd'  [ RunTime:0.0013s ]
INFO: [ view_parse ] --START--
INFO: [ template_filter ] --START--
INFO: Run Behavior\ContentReplaceBehavior [ RunTime:0.000276s ]
INFO: [ template_filter ] --END-- [ RunTime:0.000366s ]
NOTIC: [8] Undefined index: view /var/www/foot/Application/Runtime/Cache/Home/74c9bdbded7009a43a281be8a565b911.php 第 422 行.
NOTIC: [8] Undefined index: view /var/www/foot/Application/Runtime/Cache/Home/74c9bdbded7009a43a281be8a565b911.php 第 422 行.
NOTIC: [8] Undefined index: view /var/www/foot/Application/Runtime/Cache/Home/74c9bdbded7009a43a281be8a565b911.php 第 422 行.
NOTIC: [8] Undefined index: view /var/www/foot/Application/Runtime/Cache/Home/74c9bdbded7009a43a281be8a565b911.php 第 422 行.
INFO: Run Behavior\ParseTemplateBehavior [ RunTime:0.034234s ]
INFO: [ view_parse ] --END-- [ RunTime:0.034335s ]
INFO: [ view_filter ] --START--
INFO: Run Behavior\WriteHtmlCacheBehavior [ RunTime:0.000870s ]
INFO: [ view_filter ] --END-- [ RunTime:0.000912s ]
INFO: [ app_end ] --START--
INFO: Run Behavior\ShowPageTraceBehavior [ RunTime:0.001601s ]
INFO: [ app_end ] --END-- [ RunTime:0.001658s ]

[ 2017-03-07T20:42:32+08:00 ] ::1 /foot/index.php/home/picnews/view/id/4
INFO: [ app_init ] --START--
INFO: Run Behavior\BuildLiteBehavior [ RunTime:0.000029s ]
INFO: [ app_init ] --END-- [ RunTime:0.000244s ]
INFO: [ app_begin ] --START--
INFO: Run Behavior\ReadHtmlCacheBehavior [ RunTime:0.000147s ]
INFO: [ app_begin ] --END-- [ RunTime:0.000250s ]
SQL: SHOW COLUMNS FROM `news_picnews` [ RunTime:0.0014s ]
SQL: SELECT * FROM `news_picnews` WHERE ( id=4 ) LIMIT 1   [ RunTime:0.0012s ]
SQL: UPDATE `news_picnews` SET `view`=view+1 WHERE ( id=4 ) [ RunTime:0.0210s ]
SQL: SHOW COLUMNS FROM `news_picnews_comment` [ RunTime:0.0035s ]
SQL: SELECT * FROM `news_picnews_comment` WHERE `nid` = 4 ORDER BY create_time desc LIMIT 0,10   [ RunTime:0.0038s ]
SQL: SELECT COUNT(*) AS tp_count FROM `news_picnews_comment` WHERE `nid` = 4 LIMIT 1   [ RunTime:0.0014s ]
INFO: [ view_parse ] --START--
INFO: [ template_filter ] --START--
INFO: Run Behavior\ContentReplaceBehavior [ RunTime:0.000189s ]
INFO: [ template_filter ] --END-- [ RunTime:0.000304s ]
NOTIC: [8] Undefined index: addtime /var/www/foot/Application/Runtime/Cache/Home/93bc57f45e11a30493cb891e3f47ae63.php 第 95 行.
NOTIC: [8] Undefined variable: level3 /var/www/foot/Application/Runtime/Cache/Home/93bc57f45e11a30493cb891e3f47ae63.php 第 117 行.
NOTIC: [8] Undefined variable: level1 /var/www/foot/Application/Runtime/Cache/Home/93bc57f45e11a30493cb891e3f47ae63.php 第 119 行.
NOTIC: [8] Undefined variable: level3 /var/www/foot/Application/Runtime/Cache/Home/93bc57f45e11a30493cb891e3f47ae63.php 第 117 行.
NOTIC: [8] Undefined variable: level1 /var/www/foot/Application/Runtime/Cache/Home/93bc57f45e11a30493cb891e3f47ae63.php 第 119 行.
NOTIC: [8] Undefined variable: level3 /var/www/foot/Application/Runtime/Cache/Home/93bc57f45e11a30493cb891e3f47ae63.php 第 117 行.
NOTIC: [8] Undefined variable: level1 /var/www/foot/Application/Runtime/Cache/Home/93bc57f45e11a30493cb891e3f47ae63.php 第 119 行.
NOTIC: [8] Undefined variable: level3 /var/www/foot/Application/Runtime/Cache/Home/93bc57f45e11a30493cb891e3f47ae63.php 第 117 行.
NOTIC: [8] Undefined variable: level1 /var/www/foot/Application/Runtime/Cache/Home/93bc57f45e11a30493cb891e3f47ae63.php 第 119 行.
INFO: Run Behavior\ParseTemplateBehavior [ RunTime:0.012823s ]
INFO: [ view_parse ] --END-- [ RunTime:0.012903s ]
INFO: [ view_filter ] --START--
INFO: Run Behavior\WriteHtmlCacheBehavior [ RunTime:0.000082s ]
INFO: [ view_filter ] --END-- [ RunTime:0.000121s ]
INFO: [ app_end ] --START--
INFO: Run Behavior\ShowPageTraceBehavior [ RunTime:0.000060s ]
INFO: [ app_end ] --END-- [ RunTime:0.000103s ]

[ 2017-03-07T20:42:32+08:00 ] ::1 /foot/
INFO: [ app_init ] --START--
INFO: Run Behavior\BuildLiteBehavior [ RunTime:0.000030s ]
INFO: [ app_init ] --END-- [ RunTime:0.000190s ]
INFO: [ app_begin ] --START--
INFO: Run Behavior\ReadHtmlCacheBehavior [ RunTime:0.000053s ]
INFO: [ app_begin ] --END-- [ RunTime:0.000100s ]
SQL: SHOW COLUMNS FROM `news_lesson` [ RunTime:0.0015s ]
SQL: SELECT * FROM `news_lesson` ORDER BY addtime desc LIMIT 4   [ RunTime:0.0009s ]
SQL: SHOW COLUMNS FROM `news_picnews` [ RunTime:0.0020s ]
SQL: SELECT * FROM `news_picnews` ORDER BY time desc LIMIT 6   [ RunTime:0.0012s ]
SQL: SELECT * FROM `news_picnews` ORDER BY time desc LIMIT 6   [ RunTime:0.0016s ]
SQL: SELECT * FROM `news_picnews` ORDER BY time desc LIMIT 6   [ RunTime:0.0019s ]
SQL: SELECT * FROM `news_picnews` ORDER BY view desc LIMIT 6   [ RunTime:0.0014s ]
SQL: SELECT * FROM `news_picnews` ORDER BY love desc LIMIT 3   [ RunTime:0.0011s ]
SQL: SHOW COLUMNS FROM `news_video` [ RunTime:0.0017s ]
SQL: SELECT * FROM `news_video` ORDER BY addtime desc LIMIT 6   [ RunTime:0.0032s ]
SQL: SHOW COLUMNS FROM `news_rank` [ RunTime:0.0017s ]
SQL: SELECT * FROM `news_rank` ORDER BY rank LIMIT 8   [ RunTime:0.0009s ]
SQL: SHOW COLUMNS FROM `news_lesson` [ RunTime:0.0013s ]
SQL: SELECT * FROM `news_lesson` ORDER BY addtime desc LIMIT 5   [ RunTime:0.0008s ]
SQL: SELECT * FROM `news_lesson` WHERE `forteam` = '广州恒大' ORDER BY view desc LIMIT 5   [ RunTime:0.0007s ]
SQL: SELECT * FROM `news_lesson` WHERE `forteam` = '山东鲁能' ORDER BY view desc LIMIT 5   [ RunTime:0.0021s ]
SQL: SELECT * FROM `news_lesson` WHERE `forteam` = '北京国安' ORDER BY view desc LIMIT 5   [ RunTime:0.0009s ]
SQL: SELECT * FROM `news_video` WHERE `type` = 'gzhd'  [ RunTime:0.0008s ]
INFO: [ view_parse ] --START--
INFO: [ template_filter ] --START--
INFO: Run Behavior\ContentReplaceBehavior [ RunTime:0.000279s ]
INFO: [ template_filter ] --END-- [ RunTime:0.000364s ]
NOTIC: [8] Undefined index: view /var/www/foot/Application/Runtime/Cache/Home/74c9bdbded7009a43a281be8a565b911.php 第 422 行.
NOTIC: [8] Undefined index: view /var/www/foot/Application/Runtime/Cache/Home/74c9bdbded7009a43a281be8a565b911.php 第 422 行.
NOTIC: [8] Undefined index: view /var/www/foot/Application/Runtime/Cache/Home/74c9bdbded7009a43a281be8a565b911.php 第 422 行.
NOTIC: [8] Undefined index: view /var/www/foot/Application/Runtime/Cache/Home/74c9bdbded7009a43a281be8a565b911.php 第 422 行.
INFO: Run Behavior\ParseTemplateBehavior [ RunTime:0.010154s ]
INFO: [ view_parse ] --END-- [ RunTime:0.010233s ]
INFO: [ view_filter ] --START--
INFO: Run Behavior\WriteHtmlCacheBehavior [ RunTime:0.000095s ]
INFO: [ view_filter ] --END-- [ RunTime:0.000170s ]
INFO: [ app_end ] --START--
INFO: Run Behavior\ShowPageTraceBehavior [ RunTime:0.000134s ]
INFO: [ app_end ] --END-- [ RunTime:0.000262s ]

[ 2017-03-07T20:42:33+08:00 ] ::1 /foot/
INFO: [ app_init ] --START--
INFO: Run Behavior\BuildLiteBehavior [ RunTime:0.000024s ]
INFO: [ app_init ] --END-- [ RunTime:0.000157s ]
INFO: [ app_begin ] --START--
INFO: Run Behavior\ReadHtmlCacheBehavior [ RunTime:0.000074s ]
INFO: [ app_begin ] --END-- [ RunTime:0.000143s ]
SQL: SHOW COLUMNS FROM `news_lesson` [ RunTime:0.0020s ]
SQL: SELECT * FROM `news_lesson` ORDER BY addtime desc LIMIT 4   [ RunTime:0.0011s ]
SQL: SHOW COLUMNS FROM `news_picnews` [ RunTime:0.0024s ]
SQL: SELECT * FROM `news_picnews` ORDER BY time desc LIMIT 6   [ RunTime:0.0014s ]
SQL: SELECT * FROM `news_picnews` ORDER BY time desc LIMIT 6   [ RunTime:0.0014s ]
SQL: SELECT * FROM `news_picnews` ORDER BY time desc LIMIT 6   [ RunTime:0.0015s ]
SQL: SELECT * FROM `news_picnews` ORDER BY view desc LIMIT 6   [ RunTime:0.0013s ]
SQL: SELECT * FROM `news_picnews` ORDER BY love desc LIMIT 3   [ RunTime:0.0012s ]
SQL: SHOW COLUMNS FROM `news_video` [ RunTime:0.0015s ]
SQL: SELECT * FROM `news_video` ORDER BY addtime desc LIMIT 6   [ RunTime:0.0010s ]
SQL: SHOW COLUMNS FROM `news_rank` [ RunTime:0.0024s ]
SQL: SELECT * FROM `news_rank` ORDER BY rank LIMIT 8   [ RunTime:0.0011s ]
SQL: SHOW COLUMNS FROM `news_lesson` [ RunTime:0.0033s ]
SQL: SELECT * FROM `news_lesson` ORDER BY addtime desc LIMIT 5   [ RunTime:0.0010s ]
SQL: SELECT * FROM `news_lesson` WHERE `forteam` = '广州恒大' ORDER BY view desc LIMIT 5   [ RunTime:0.0012s ]
SQL: SELECT * FROM `news_lesson` WHERE `forteam` = '山东鲁能' ORDER BY view desc LIMIT 5   [ RunTime:0.0011s ]
SQL: SELECT * FROM `news_lesson` WHERE `forteam` = '北京国安' ORDER BY view desc LIMIT 5   [ RunTime:0.0012s ]
SQL: SELECT * FROM `news_video` WHERE `type` = 'gzhd'  [ RunTime:0.0013s ]
INFO: [ view_parse ] --START--
INFO: [ template_filter ] --START--
INFO: Run Behavior\ContentReplaceBehavior [ RunTime:0.000522s ]
INFO: [ template_filter ] --END-- [ RunTime:0.000652s ]
NOTIC: [8] Undefined index: view /var/www/foot/Application/Runtime/Cache/Home/74c9bdbded7009a43a281be8a565b911.php 第 422 行.
NOTIC: [8] Undefined index: view /var/www/foot/Application/Runtime/Cache/Home/74c9bdbded7009a43a281be8a565b911.php 第 422 行.
NOTIC: [8] Undefined index: view /var/www/foot/Application/Runtime/Cache/Home/74c9bdbded7009a43a281be8a565b911.php 第 422 行.
NOTIC: [8] Undefined index: view /var/www/foot/Application/Runtime/Cache/Home/74c9bdbded7009a43a281be8a565b911.php 第 422 行.
INFO: Run Behavior\ParseTemplateBehavior [ RunTime:0.018336s ]
INFO: [ view_parse ] --END-- [ RunTime:0.018417s ]
INFO: [ view_filter ] --START--
INFO: Run Behavior\WriteHtmlCacheBehavior [ RunTime:0.000085s ]
INFO: [ view_filter ] --END-- [ RunTime:0.000124s ]
INFO: [ app_end ] --START--
INFO: Run Behavior\ShowPageTraceBehavior [ RunTime:0.000062s ]
INFO: [ app_end ] --END-- [ RunTime:0.000109s ]

[ 2017-03-07T20:43:01+08:00 ] ::1 /foot/index.php/home/user/login
INFO: [ app_init ] --START--
INFO: Run Behavior\BuildLiteBehavior [ RunTime:0.000025s ]
INFO: [ app_init ] --END-- [ RunTime:0.000250s ]
INFO: [ app_begin ] --START--
INFO: Run Behavior\ReadHtmlCacheBehavior [ RunTime:0.000103s ]
INFO: [ app_begin ] --END-- [ RunTime:0.000177s ]
INFO: [ view_parse ] --START--
INFO: [ template_filter ] --START--
INFO: Run Behavior\ContentReplaceBehavior [ RunTime:0.000091s ]
INFO: [ template_filter ] --END-- [ RunTime:0.000183s ]
INFO: Run Behavior\ParseTemplateBehavior [ RunTime:0.006841s ]
INFO: [ view_parse ] --END-- [ RunTime:0.006904s ]
INFO: [ view_filter ] --START--
INFO: Run Behavior\WriteHtmlCacheBehavior [ RunTime:0.000077s ]
INFO: [ view_filter ] --END-- [ RunTime:0.000115s ]
INFO: [ app_end ] --START--
INFO: Run Behavior\ShowPageTraceBehavior [ RunTime:0.000055s ]
INFO: [ app_end ] --END-- [ RunTime:0.000095s ]

