[ 2017-01-17T21:34:14+08:00 ] ::1 /foot/
INFO: [ app_init ] --START--
INFO: Run Behavior\BuildLiteBehavior [ RunTime:0.000029s ]
INFO: [ app_init ] --END-- [ RunTime:0.000207s ]
INFO: [ app_begin ] --START--
INFO: Run Behavior\ReadHtmlCacheBehavior [ RunTime:0.000103s ]
INFO: [ app_begin ] --END-- [ RunTime:0.000190s ]
SQL: SHOW COLUMNS FROM `news_lesson` [ RunTime:0.0017s ]
SQL: SELECT * FROM `news_lesson` ORDER BY addtime desc LIMIT 4   [ RunTime:0.0014s ]
SQL: SHOW COLUMNS FROM `news_picnews` [ RunTime:0.0020s ]
SQL: SELECT * FROM `news_picnews` ORDER BY time desc LIMIT 6   [ RunTime:0.0013s ]
SQL: SELECT * FROM `news_picnews` WHERE `type` = 'gzhd' ORDER BY time desc LIMIT 6   [ RunTime:0.0012s ]
SQL: SELECT * FROM `news_picnews` WHERE `type` = 'sdln' ORDER BY time desc LIMIT 6   [ RunTime:0.0005s ]
SQL: SELECT * FROM `news_picnews` ORDER BY view desc LIMIT 6   [ RunTime:0.0009s ]
SQL: SELECT * FROM `news_picnews` ORDER BY love desc LIMIT 3   [ RunTime:0.0010s ]
SQL: SHOW COLUMNS FROM `news_video` [ RunTime:0.0019s ]
SQL: SELECT * FROM `news_video` ORDER BY addtime desc LIMIT 6   [ RunTime:0.0009s ]
SQL: SHOW COLUMNS FROM `news_rank` [ RunTime:0.0021s ]
SQL: SELECT * FROM `news_rank` ORDER BY rank LIMIT 8   [ RunTime:0.0015s ]
SQL: SHOW COLUMNS FROM `news_lesson` [ RunTime:0.0024s ]
SQL: SELECT * FROM `news_lesson` ORDER BY addtime desc LIMIT 5   [ RunTime:0.0012s ]
SQL: SELECT * FROM `news_lesson` WHERE `forteam` = '广州恒大' ORDER BY view desc LIMIT 5   [ RunTime:0.0013s ]
SQL: SELECT * FROM `news_lesson` WHERE `forteam` = '山东鲁能' ORDER BY view desc LIMIT 5   [ RunTime:0.0008s ]
SQL: SELECT * FROM `news_lesson` WHERE `forteam` = '北京国安' ORDER BY view desc LIMIT 5   [ RunTime:0.0005s ]
SQL: SELECT * FROM `news_video` WHERE `type` = 'gzhd'  [ RunTime:0.0006s ]
INFO: [ view_parse ] --START--
INFO: [ template_filter ] --START--
INFO: Run Behavior\ContentReplaceBehavior [ RunTime:0.000267s ]
INFO: [ template_filter ] --END-- [ RunTime:0.000358s ]
NOTIC: [8] Undefined index: view /var/www/foot/Application/Runtime/Cache/Home/74c9bdbded7009a43a281be8a565b911.php 第 422 行.
NOTIC: [8] Undefined index: view /var/www/foot/Application/Runtime/Cache/Home/74c9bdbded7009a43a281be8a565b911.php 第 422 行.
NOTIC: [8] Undefined index: view /var/www/foot/Application/Runtime/Cache/Home/74c9bdbded7009a43a281be8a565b911.php 第 422 行.
NOTIC: [8] Undefined index: view /var/www/foot/Application/Runtime/Cache/Home/74c9bdbded7009a43a281be8a565b911.php 第 422 行.
INFO: Run Behavior\ParseTemplateBehavior [ RunTime:0.019488s ]
INFO: [ view_parse ] --END-- [ RunTime:0.019588s ]
INFO: [ view_filter ] --START--
INFO: Run Behavior\WriteHtmlCacheBehavior [ RunTime:0.000126s ]
INFO: [ view_filter ] --END-- [ RunTime:0.000177s ]
INFO: [ app_end ] --START--
INFO: Run Behavior\ShowPageTraceBehavior [ RunTime:0.000182s ]
INFO: [ app_end ] --END-- [ RunTime:0.000311s ]

[ 2017-01-17T21:34:22+08:00 ] ::1 /foot/index.php/home/picnews/view/id/5
INFO: [ app_init ] --START--
INFO: Run Behavior\BuildLiteBehavior [ RunTime:0.000031s ]
INFO: [ app_init ] --END-- [ RunTime:0.000237s ]
INFO: [ app_begin ] --START--
INFO: Run Behavior\ReadHtmlCacheBehavior [ RunTime:0.000124s ]
INFO: [ app_begin ] --END-- [ RunTime:0.000232s ]
SQL: SHOW COLUMNS FROM `news_picnews` [ RunTime:0.0024s ]
SQL: SELECT * FROM `news_picnews` WHERE ( id=5 ) LIMIT 1   [ RunTime:0.0011s ]
SQL: UPDATE `news_picnews` SET `view`=view+1 WHERE ( id=5 ) [ RunTime:0.0119s ]
ERR: 模板不存在:./Application/Home/View/Picnews/view.php

[ 2017-01-17T21:42:34+08:00 ] ::1 /foot/index.php/home/picnews/view/id/5
INFO: [ app_init ] --START--
INFO: Run Behavior\BuildLiteBehavior [ RunTime:0.000030s ]
INFO: [ app_init ] --END-- [ RunTime:0.000287s ]
INFO: [ app_begin ] --START--
INFO: Run Behavior\ReadHtmlCacheBehavior [ RunTime:0.000250s ]
INFO: [ app_begin ] --END-- [ RunTime:0.000359s ]
SQL: SHOW COLUMNS FROM `news_picnews` [ RunTime:0.0020s ]
SQL: SELECT * FROM `news_picnews` WHERE ( id=5 ) LIMIT 1   [ RunTime:0.0008s ]
SQL: UPDATE `news_picnews` SET `view`=view+1 WHERE ( id=5 ) [ RunTime:0.0118s ]
INFO: [ view_parse ] --START--
INFO: [ template_filter ] --START--
INFO: Run Behavior\ContentReplaceBehavior [ RunTime:0.000154s ]
INFO: [ template_filter ] --END-- [ RunTime:0.000245s ]
NOTIC: [8] Undefined index: addtime /var/www/foot/Application/Runtime/Cache/Home/93bc57f45e11a30493cb891e3f47ae63.php 第 95 行.
SQL: SHOW COLUMNS FROM `news_comment` [ RunTime:0.0015s ]
SQL: SELECT COUNT(*) AS tp_count FROM `news_comment` WHERE `lesson_id` = 5 LIMIT 1   [ RunTime:0.0043s ]
INFO: Run Behavior\ParseTemplateBehavior [ RunTime:0.015271s ]
INFO: [ view_parse ] --END-- [ RunTime:0.015352s ]
INFO: [ view_filter ] --START--
INFO: Run Behavior\WriteHtmlCacheBehavior [ RunTime:0.000166s ]
INFO: [ view_filter ] --END-- [ RunTime:0.000230s ]
INFO: [ app_end ] --START--
INFO: Run Behavior\ShowPageTraceBehavior [ RunTime:0.000177s ]
INFO: [ app_end ] --END-- [ RunTime:0.000309s ]

[ 2017-01-17T21:42:41+08:00 ] ::1 /foot/index.php/home/user/login
INFO: [ app_init ] --START--
INFO: Run Behavior\BuildLiteBehavior [ RunTime:0.000032s ]
INFO: [ app_init ] --END-- [ RunTime:0.000343s ]
INFO: [ app_begin ] --START--
INFO: Run Behavior\ReadHtmlCacheBehavior [ RunTime:0.000140s ]
INFO: [ app_begin ] --END-- [ RunTime:0.000259s ]
ERR: 模板不存在:./Application/Home/View/User/login.php

[ 2017-01-17T21:52:33+08:00 ] ::1 /foot/index.php/home/user/login
INFO: [ app_init ] --START--
INFO: Run Behavior\BuildLiteBehavior [ RunTime:0.000040s ]
INFO: [ app_init ] --END-- [ RunTime:0.000293s ]
INFO: [ app_begin ] --START--
INFO: Run Behavior\ReadHtmlCacheBehavior [ RunTime:0.000085s ]
INFO: [ app_begin ] --END-- [ RunTime:0.000168s ]
INFO: [ view_parse ] --START--
INFO: [ template_filter ] --START--
INFO: Run Behavior\ContentReplaceBehavior [ RunTime:0.000106s ]
INFO: [ template_filter ] --END-- [ RunTime:0.000212s ]
INFO: Run Behavior\ParseTemplateBehavior [ RunTime:0.002543s ]
INFO: [ view_parse ] --END-- [ RunTime:0.002664s ]
INFO: [ view_filter ] --START--
INFO: Run Behavior\WriteHtmlCacheBehavior [ RunTime:0.000206s ]
INFO: [ view_filter ] --END-- [ RunTime:0.000260s ]
INFO: [ app_end ] --START--
INFO: Run Behavior\ShowPageTraceBehavior [ RunTime:0.000080s ]
INFO: [ app_end ] --END-- [ RunTime:0.000135s ]

[ 2017-01-17T21:52:38+08:00 ] ::1 /foot/index.php/home/user/chklogin
INFO: [ app_init ] --START--
INFO: Run Behavior\BuildLiteBehavior [ RunTime:0.000020s ]
INFO: [ app_init ] --END-- [ RunTime:0.000156s ]
INFO: [ app_begin ] --START--
INFO: Run Behavior\ReadHtmlCacheBehavior [ RunTime:0.000077s ]
INFO: [ app_begin ] --END-- [ RunTime:0.000144s ]
SQL: SHOW COLUMNS FROM `news_user` [ RunTime:0.0026s ]
SQL: SELECT COUNT(*) AS tp_count FROM `news_user` WHERE `name` = 'chensw' AND `password` = '123456' LIMIT 1   [ RunTime:0.0015s ]

[ 2017-01-17T21:52:51+08:00 ] ::1 /foot/index.php/home/user/chklogin
INFO: [ app_init ] --START--
INFO: Run Behavior\BuildLiteBehavior [ RunTime:0.000038s ]
INFO: [ app_init ] --END-- [ RunTime:0.000284s ]
INFO: [ app_begin ] --START--
INFO: Run Behavior\ReadHtmlCacheBehavior [ RunTime:0.000160s ]
INFO: [ app_begin ] --END-- [ RunTime:0.000293s ]
SQL: SHOW COLUMNS FROM `news_user` [ RunTime:0.0033s ]
SQL: SELECT COUNT(*) AS tp_count FROM `news_user` WHERE `name` = 'chensw' AND `password` = '123456' LIMIT 1   [ RunTime:0.0017s ]

[ 2017-01-17T21:53:05+08:00 ] ::1 /foot/index.php/home/user/chklogin
INFO: [ app_init ] --START--
INFO: Run Behavior\BuildLiteBehavior [ RunTime:0.000040s ]
INFO: [ app_init ] --END-- [ RunTime:0.000420s ]
INFO: [ app_begin ] --START--
INFO: Run Behavior\ReadHtmlCacheBehavior [ RunTime:0.000104s ]
INFO: [ app_begin ] --END-- [ RunTime:0.000192s ]
SQL: SHOW COLUMNS FROM `news_user` [ RunTime:0.0015s ]
SQL: SELECT COUNT(*) AS tp_count FROM `news_user` WHERE `name` = 'chensw' AND `password` = 'chen1210' LIMIT 1   [ RunTime:0.0007s ]

[ 2017-01-17T21:53:56+08:00 ] ::1 /foot/index.php/home/user/chklogin
INFO: [ app_init ] --START--
INFO: Run Behavior\BuildLiteBehavior [ RunTime:0.000038s ]
INFO: [ app_init ] --END-- [ RunTime:0.000288s ]
INFO: [ app_begin ] --START--
INFO: Run Behavior\ReadHtmlCacheBehavior [ RunTime:0.000128s ]
INFO: [ app_begin ] --END-- [ RunTime:0.000233s ]
SQL: SHOW COLUMNS FROM `news_user` [ RunTime:0.0028s ]
SQL: SELECT COUNT(*) AS tp_count FROM `news_user` WHERE `name` = 'chensw' AND `password` = 'chen1210' LIMIT 1   [ RunTime:0.0014s ]

[ 2017-01-17T21:54:05+08:00 ] ::1 /foot/index.php/home/user/chklogin
INFO: [ app_init ] --START--
INFO: Run Behavior\BuildLiteBehavior [ RunTime:0.000036s ]
INFO: [ app_init ] --END-- [ RunTime:0.000269s ]
INFO: [ app_begin ] --START--
INFO: Run Behavior\ReadHtmlCacheBehavior [ RunTime:0.000124s ]
INFO: [ app_begin ] --END-- [ RunTime:0.000228s ]
SQL: SHOW COLUMNS FROM `news_user` [ RunTime:0.0030s ]
SQL: SELECT COUNT(*) AS tp_count FROM `news_user` WHERE `name` = 'chensw' AND `password` = '123456' LIMIT 1   [ RunTime:0.0014s ]

[ 2017-01-17T21:55:49+08:00 ] ::1 /foot/index.php/home/user/login
INFO: [ app_init ] --START--
INFO: Run Behavior\BuildLiteBehavior [ RunTime:0.000028s ]
INFO: [ app_init ] --END-- [ RunTime:0.000199s ]
INFO: [ app_begin ] --START--
INFO: Run Behavior\ReadHtmlCacheBehavior [ RunTime:0.000089s ]
INFO: [ app_begin ] --END-- [ RunTime:0.000161s ]
INFO: [ view_parse ] --START--
INFO: [ template_filter ] --START--
INFO: Run Behavior\ContentReplaceBehavior [ RunTime:0.000112s ]
INFO: [ template_filter ] --END-- [ RunTime:0.000225s ]
INFO: Run Behavior\ParseTemplateBehavior [ RunTime:0.013137s ]
INFO: [ view_parse ] --END-- [ RunTime:0.013283s ]
INFO: [ view_filter ] --START--
INFO: Run Behavior\WriteHtmlCacheBehavior [ RunTime:0.000169s ]
INFO: [ view_filter ] --END-- [ RunTime:0.000232s ]
INFO: [ app_end ] --START--
INFO: Run Behavior\ShowPageTraceBehavior [ RunTime:0.000081s ]
INFO: [ app_end ] --END-- [ RunTime:0.000146s ]

[ 2017-01-17T21:55:51+08:00 ] ::1 /foot/index.php/home/user/chklogin
INFO: [ app_init ] --START--
INFO: Run Behavior\BuildLiteBehavior [ RunTime:0.000021s ]
INFO: [ app_init ] --END-- [ RunTime:0.000135s ]
INFO: [ app_begin ] --START--
INFO: Run Behavior\ReadHtmlCacheBehavior [ RunTime:0.000053s ]
INFO: [ app_begin ] --END-- [ RunTime:0.000106s ]
SQL: SHOW COLUMNS FROM `news_user` [ RunTime:0.0021s ]
SQL: SELECT COUNT(*) AS tp_count FROM `news_user` WHERE `name` = 'chensw' AND `password` = 'e10adc3949ba59abbe56e057f20f883e' LIMIT 1   [ RunTime:0.0017s ]

[ 2017-01-17T21:55:55+08:00 ] ::1 /foot/index.php/home/index/index
INFO: [ app_init ] --START--
INFO: Run Behavior\BuildLiteBehavior [ RunTime:0.000148s ]
INFO: [ app_init ] --END-- [ RunTime:0.000364s ]
INFO: [ app_begin ] --START--
INFO: Run Behavior\ReadHtmlCacheBehavior [ RunTime:0.000094s ]
INFO: [ app_begin ] --END-- [ RunTime:0.000165s ]
SQL: SHOW COLUMNS FROM `news_lesson` [ RunTime:0.0025s ]
SQL: SELECT * FROM `news_lesson` ORDER BY addtime desc LIMIT 4   [ RunTime:0.0013s ]
SQL: SHOW COLUMNS FROM `news_picnews` [ RunTime:0.0026s ]
SQL: SELECT * FROM `news_picnews` ORDER BY time desc LIMIT 6   [ RunTime:0.0017s ]
SQL: SELECT * FROM `news_picnews` WHERE `type` = 'gzhd' ORDER BY time desc LIMIT 6   [ RunTime:0.0012s ]
SQL: SELECT * FROM `news_picnews` WHERE `type` = 'sdln' ORDER BY time desc LIMIT 6   [ RunTime:0.0011s ]
SQL: SELECT * FROM `news_picnews` ORDER BY view desc LIMIT 6   [ RunTime:0.0011s ]
SQL: SELECT * FROM `news_picnews` ORDER BY love desc LIMIT 3   [ RunTime:0.0014s ]
SQL: SHOW COLUMNS FROM `news_video` [ RunTime:0.0027s ]
SQL: SELECT * FROM `news_video` ORDER BY addtime desc LIMIT 6   [ RunTime:0.0014s ]
SQL: SHOW COLUMNS FROM `news_rank` [ RunTime:0.0032s ]
SQL: SELECT * FROM `news_rank` ORDER BY rank LIMIT 8   [ RunTime:0.0026s ]
SQL: SHOW COLUMNS FROM `news_lesson` [ RunTime:0.0032s ]
SQL: SELECT * FROM `news_lesson` ORDER BY addtime desc LIMIT 5   [ RunTime:0.0015s ]
SQL: SELECT * FROM `news_lesson` WHERE `forteam` = '广州恒大' ORDER BY view desc LIMIT 5   [ RunTime:0.0011s ]
SQL: SELECT * FROM `news_lesson` WHERE `forteam` = '山东鲁能' ORDER BY view desc LIMIT 5   [ RunTime:0.0008s ]
SQL: SELECT * FROM `news_lesson` WHERE `forteam` = '北京国安' ORDER BY view desc LIMIT 5   [ RunTime:0.0010s ]
SQL: SELECT * FROM `news_video` WHERE `type` = 'gzhd'  [ RunTime:0.0011s ]
INFO: [ view_parse ] --START--
INFO: [ template_filter ] --START--
INFO: Run Behavior\ContentReplaceBehavior [ RunTime:0.000316s ]
INFO: [ template_filter ] --END-- [ RunTime:0.000420s ]
NOTIC: [8] Undefined index: view /var/www/foot/Application/Runtime/Cache/Home/74c9bdbded7009a43a281be8a565b911.php 第 422 行.
NOTIC: [8] Undefined index: view /var/www/foot/Application/Runtime/Cache/Home/74c9bdbded7009a43a281be8a565b911.php 第 422 行.
NOTIC: [8] Undefined index: view /var/www/foot/Application/Runtime/Cache/Home/74c9bdbded7009a43a281be8a565b911.php 第 422 行.
NOTIC: [8] Undefined index: view /var/www/foot/Application/Runtime/Cache/Home/74c9bdbded7009a43a281be8a565b911.php 第 422 行.
INFO: Run Behavior\ParseTemplateBehavior [ RunTime:0.011322s ]
INFO: [ view_parse ] --END-- [ RunTime:0.011418s ]
INFO: [ view_filter ] --START--
INFO: Run Behavior\WriteHtmlCacheBehavior [ RunTime:0.000160s ]
INFO: [ view_filter ] --END-- [ RunTime:0.000230s ]
INFO: [ app_end ] --START--
INFO: Run Behavior\ShowPageTraceBehavior [ RunTime:0.000167s ]
INFO: [ app_end ] --END-- [ RunTime:0.000287s ]

[ 2017-01-17T21:56:04+08:00 ] ::1 /foot/index.php/home/picnews/view/id/3
INFO: [ app_init ] --START--
INFO: Run Behavior\BuildLiteBehavior [ RunTime:0.000021s ]
INFO: [ app_init ] --END-- [ RunTime:0.000154s ]
INFO: [ app_begin ] --START--
INFO: Run Behavior\ReadHtmlCacheBehavior [ RunTime:0.000067s ]
INFO: [ app_begin ] --END-- [ RunTime:0.000120s ]
SQL: SHOW COLUMNS FROM `news_picnews` [ RunTime:0.0028s ]
SQL: SELECT * FROM `news_picnews` WHERE ( id=3 ) LIMIT 1   [ RunTime:0.0013s ]
SQL: UPDATE `news_picnews` SET `view`=view+1 WHERE ( id=3 ) [ RunTime:0.0166s ]
INFO: [ view_parse ] --START--
INFO: [ template_filter ] --START--
INFO: Run Behavior\ContentReplaceBehavior [ RunTime:0.000234s ]
INFO: [ template_filter ] --END-- [ RunTime:0.000354s ]
NOTIC: [8] Undefined index: addtime /var/www/foot/Application/Runtime/Cache/Home/93bc57f45e11a30493cb891e3f47ae63.php 第 95 行.
SQL: SHOW COLUMNS FROM `news_comment` [ RunTime:0.0027s ]
SQL: SELECT COUNT(*) AS tp_count FROM `news_comment` WHERE `lesson_id` = 3 LIMIT 1   [ RunTime:0.0009s ]
INFO: Run Behavior\ParseTemplateBehavior [ RunTime:0.018426s ]
INFO: [ view_parse ] --END-- [ RunTime:0.018538s ]
INFO: [ view_filter ] --START--
INFO: Run Behavior\WriteHtmlCacheBehavior [ RunTime:0.000139s ]
INFO: [ view_filter ] --END-- [ RunTime:0.000203s ]
INFO: [ app_end ] --START--
INFO: Run Behavior\ShowPageTraceBehavior [ RunTime:0.000080s ]
INFO: [ app_end ] --END-- [ RunTime:0.000145s ]

[ 2017-01-17T21:56:18+08:00 ] ::1 /foot/index.php
INFO: [ app_init ] --START--
INFO: Run Behavior\BuildLiteBehavior [ RunTime:0.000034s ]
INFO: [ app_init ] --END-- [ RunTime:0.000261s ]
INFO: [ app_begin ] --START--
INFO: Run Behavior\ReadHtmlCacheBehavior [ RunTime:0.000134s ]
INFO: [ app_begin ] --END-- [ RunTime:0.000245s ]
SQL: SHOW COLUMNS FROM `news_lesson` [ RunTime:0.0026s ]
SQL: SELECT * FROM `news_lesson` ORDER BY addtime desc LIMIT 4   [ RunTime:0.0014s ]
SQL: SHOW COLUMNS FROM `news_picnews` [ RunTime:0.0024s ]
SQL: SELECT * FROM `news_picnews` ORDER BY time desc LIMIT 6   [ RunTime:0.0016s ]
SQL: SELECT * FROM `news_picnews` WHERE `type` = 'gzhd' ORDER BY time desc LIMIT 6   [ RunTime:0.0011s ]
SQL: SELECT * FROM `news_picnews` WHERE `type` = 'sdln' ORDER BY time desc LIMIT 6   [ RunTime:0.0010s ]
SQL: SELECT * FROM `news_picnews` ORDER BY view desc LIMIT 6   [ RunTime:0.0015s ]
SQL: SELECT * FROM `news_picnews` ORDER BY love desc LIMIT 3   [ RunTime:0.0016s ]
SQL: SHOW COLUMNS FROM `news_video` [ RunTime:0.0020s ]
SQL: SELECT * FROM `news_video` ORDER BY addtime desc LIMIT 6   [ RunTime:0.0009s ]
SQL: SHOW COLUMNS FROM `news_rank` [ RunTime:0.0019s ]
SQL: SELECT * FROM `news_rank` ORDER BY rank LIMIT 8   [ RunTime:0.0008s ]
SQL: SHOW COLUMNS FROM `news_lesson` [ RunTime:0.0018s ]
SQL: SELECT * FROM `news_lesson` ORDER BY addtime desc LIMIT 5   [ RunTime:0.0006s ]
SQL: SELECT * FROM `news_lesson` WHERE `forteam` = '广州恒大' ORDER BY view desc LIMIT 5   [ RunTime:0.0008s ]
SQL: SELECT * FROM `news_lesson` WHERE `forteam` = '山东鲁能' ORDER BY view desc LIMIT 5   [ RunTime:0.0007s ]
SQL: SELECT * FROM `news_lesson` WHERE `forteam` = '北京国安' ORDER BY view desc LIMIT 5   [ RunTime:0.0006s ]
SQL: SELECT * FROM `news_video` WHERE `type` = 'gzhd'  [ RunTime:0.0008s ]
INFO: [ view_parse ] --START--
INFO: [ template_filter ] --START--
INFO: Run Behavior\ContentReplaceBehavior [ RunTime:0.000402s ]
INFO: [ template_filter ] --END-- [ RunTime:0.000518s ]
NOTIC: [8] Undefined index: view /var/www/foot/Application/Runtime/Cache/Home/74c9bdbded7009a43a281be8a565b911.php 第 422 行.
NOTIC: [8] Undefined index: view /var/www/foot/Application/Runtime/Cache/Home/74c9bdbded7009a43a281be8a565b911.php 第 422 行.
NOTIC: [8] Undefined index: view /var/www/foot/Application/Runtime/Cache/Home/74c9bdbded7009a43a281be8a565b911.php 第 422 行.
NOTIC: [8] Undefined index: view /var/www/foot/Application/Runtime/Cache/Home/74c9bdbded7009a43a281be8a565b911.php 第 422 行.
INFO: Run Behavior\ParseTemplateBehavior [ RunTime:0.014738s ]
INFO: [ view_parse ] --END-- [ RunTime:0.014853s ]
INFO: [ view_filter ] --START--
INFO: Run Behavior\WriteHtmlCacheBehavior [ RunTime:0.000118s ]
INFO: [ view_filter ] --END-- [ RunTime:0.000183s ]
INFO: [ app_end ] --START--
INFO: Run Behavior\ShowPageTraceBehavior [ RunTime:0.000147s ]
INFO: [ app_end ] --END-- [ RunTime:0.000259s ]

[ 2017-01-17T21:56:47+08:00 ] ::1 /foot/index.php/home/video/play/id/17
INFO: [ app_init ] --START--
INFO: Run Behavior\BuildLiteBehavior [ RunTime:0.000031s ]
INFO: [ app_init ] --END-- [ RunTime:0.000238s ]
INFO: [ app_begin ] --START--
INFO: Run Behavior\ReadHtmlCacheBehavior [ RunTime:0.000120s ]
INFO: [ app_begin ] --END-- [ RunTime:0.000218s ]
SQL: SHOW COLUMNS FROM `news_video` [ RunTime:0.0024s ]
SQL: SELECT * FROM `news_video` WHERE ( id=17 ) LIMIT 1   [ RunTime:0.0014s ]
SQL: SHOW COLUMNS FROM `news_videocomment` [ RunTime:0.0029s ]
SQL: SELECT * FROM `news_videocomment` WHERE `videoid` = 17 AND `pid` = 0  [ RunTime:0.0017s ]
SQL: SHOW COLUMNS FROM `news_user` [ RunTime:0.0028s ]
SQL: SELECT `head_pic` FROM `news_user` WHERE `name` = 'admin' LIMIT 1   [ RunTime:0.0016s ]
SQL: SELECT * FROM `news_videocomment` WHERE `videoid` = 17 AND `pid` = 9  [ RunTime:0.0014s ]
ERR: 模板不存在:./Application/Home/View/Video/play.php

[ 2017-01-17T21:57:09+08:00 ] ::1 /foot/index.php/home/video/play/id/17
INFO: [ app_init ] --START--
INFO: Run Behavior\BuildLiteBehavior [ RunTime:0.000036s ]
INFO: [ app_init ] --END-- [ RunTime:0.000275s ]
INFO: [ app_begin ] --START--
INFO: Run Behavior\ReadHtmlCacheBehavior [ RunTime:0.000104s ]
INFO: [ app_begin ] --END-- [ RunTime:0.000194s ]
SQL: SHOW COLUMNS FROM `news_video` [ RunTime:0.0017s ]
SQL: SELECT * FROM `news_video` WHERE ( id=17 ) LIMIT 1   [ RunTime:0.0010s ]
SQL: SHOW COLUMNS FROM `news_videocomment` [ RunTime:0.0017s ]
SQL: SELECT * FROM `news_videocomment` WHERE `videoid` = 17 AND `pid` = 0  [ RunTime:0.0015s ]
SQL: SHOW COLUMNS FROM `news_user` [ RunTime:0.0016s ]
SQL: SELECT `head_pic` FROM `news_user` WHERE `name` = 'admin' LIMIT 1   [ RunTime:0.0008s ]
SQL: SELECT * FROM `news_videocomment` WHERE `videoid` = 17 AND `pid` = 9  [ RunTime:0.0007s ]
INFO: [ view_parse ] --START--
INFO: [ template_filter ] --START--
INFO: Run Behavior\ContentReplaceBehavior [ RunTime:0.000179s ]
INFO: [ template_filter ] --END-- [ RunTime:0.000271s ]
NOTIC: [8] Undefined variable: level3 /var/www/foot/Application/Runtime/Cache/Home/3962c1439881f76e0b56ff4f1dff9f00.php 第 113 行.
NOTIC: [8] Undefined variable: level3 /var/www/foot/Application/Runtime/Cache/Home/3962c1439881f76e0b56ff4f1dff9f00.php 第 130 行.
INFO: Run Behavior\ParseTemplateBehavior [ RunTime:0.015516s ]
INFO: [ view_parse ] --END-- [ RunTime:0.015604s ]
INFO: [ view_filter ] --START--
INFO: Run Behavior\WriteHtmlCacheBehavior [ RunTime:0.000122s ]
INFO: [ view_filter ] --END-- [ RunTime:0.000166s ]
INFO: [ app_end ] --START--
INFO: Run Behavior\ShowPageTraceBehavior [ RunTime:0.000144s ]
INFO: [ app_end ] --END-- [ RunTime:0.000232s ]

[ 2017-01-17T21:57:10+08:00 ] ::1 /foot/index.php/home/video/play/id/dabsal
INFO: [ app_init ] --START--
INFO: Run Behavior\BuildLiteBehavior [ RunTime:0.000033s ]
INFO: [ app_init ] --END-- [ RunTime:0.000238s ]
INFO: [ app_begin ] --START--
INFO: Run Behavior\ReadHtmlCacheBehavior [ RunTime:0.000071s ]
INFO: [ app_begin ] --END-- [ RunTime:0.000309s ]
SQL: SHOW COLUMNS FROM `news_video` [ RunTime:0.0021s ]
ERR: 1054:Unknown column 'dabsal' in 'where clause'
 [ SQL语句 ] : SELECT * FROM `news_video` WHERE ( id=dabsal ) LIMIT 1  
ERR: 1054:Unknown column 'dabsal' in 'where clause'
 [ SQL语句 ] : SELECT * FROM `news_video` WHERE ( id=dabsal ) LIMIT 1  

[ 2017-01-17T21:57:33+08:00 ] ::1 /foot/index.php/home/video/comment
INFO: [ app_init ] --START--
INFO: Run Behavior\BuildLiteBehavior [ RunTime:0.000026s ]
INFO: [ app_init ] --END-- [ RunTime:0.000231s ]
INFO: [ app_begin ] --START--
INFO: Run Behavior\ReadHtmlCacheBehavior [ RunTime:0.000091s ]
INFO: [ app_begin ] --END-- [ RunTime:0.000170s ]
SQL: SHOW COLUMNS FROM `news_videocomment` [ RunTime:0.0020s ]
SQL: INSERT INTO `news_videocomment` (`pid`,`videoid`,`content`,`time`,`editor`) VALUES ('0','17','how awesome!','2017-01-17 21:57:33','chensw') [ RunTime:0.0116s ]
SQL: SHOW COLUMNS FROM `news_user` [ RunTime:0.0026s ]
SQL: SELECT `head_pic` FROM `news_user` WHERE `name` = 'chensw' LIMIT 1   [ RunTime:0.0013s ]

[ 2017-01-17T21:57:40+08:00 ] ::1 /foot/index.php/home/video/play/id/17
INFO: [ app_init ] --START--
INFO: Run Behavior\BuildLiteBehavior [ RunTime:0.000036s ]
INFO: [ app_init ] --END-- [ RunTime:0.000265s ]
INFO: [ app_begin ] --START--
INFO: Run Behavior\ReadHtmlCacheBehavior [ RunTime:0.000143s ]
INFO: [ app_begin ] --END-- [ RunTime:0.000262s ]
SQL: SHOW COLUMNS FROM `news_video` [ RunTime:0.0023s ]
SQL: SELECT * FROM `news_video` WHERE ( id=17 ) LIMIT 1   [ RunTime:0.0013s ]
SQL: SHOW COLUMNS FROM `news_videocomment` [ RunTime:0.0023s ]
SQL: SELECT * FROM `news_videocomment` WHERE `videoid` = 17 AND `pid` = 0  [ RunTime:0.0012s ]
SQL: SHOW COLUMNS FROM `news_user` [ RunTime:0.0019s ]
SQL: SELECT `head_pic` FROM `news_user` WHERE `name` = 'admin' LIMIT 1   [ RunTime:0.0007s ]
SQL: SELECT * FROM `news_videocomment` WHERE `videoid` = 17 AND `pid` = 9  [ RunTime:0.0009s ]
SQL: SELECT `head_pic` FROM `news_user` WHERE `name` = 'chensw' LIMIT 1   [ RunTime:0.0009s ]
SQL: SELECT * FROM `news_videocomment` WHERE `videoid` = 17 AND `pid` = 19  [ RunTime:0.0011s ]
INFO: [ view_parse ] --START--
INFO: [ template_filter ] --START--
INFO: Run Behavior\ContentReplaceBehavior [ RunTime:0.000363s ]
INFO: [ template_filter ] --END-- [ RunTime:0.000499s ]
NOTIC: [8] Undefined variable: level3 /var/www/foot/Application/Runtime/Cache/Home/3962c1439881f76e0b56ff4f1dff9f00.php 第 113 行.
NOTIC: [8] Undefined variable: level3 /var/www/foot/Application/Runtime/Cache/Home/3962c1439881f76e0b56ff4f1dff9f00.php 第 130 行.
NOTIC: [8] Undefined variable: level3 /var/www/foot/Application/Runtime/Cache/Home/3962c1439881f76e0b56ff4f1dff9f00.php 第 113 行.
NOTIC: [8] Undefined variable: level3 /var/www/foot/Application/Runtime/Cache/Home/3962c1439881f76e0b56ff4f1dff9f00.php 第 130 行.
INFO: Run Behavior\ParseTemplateBehavior [ RunTime:0.007535s ]
INFO: [ view_parse ] --END-- [ RunTime:0.007643s ]
INFO: [ view_filter ] --START--
INFO: Run Behavior\WriteHtmlCacheBehavior [ RunTime:0.000172s ]
INFO: [ view_filter ] --END-- [ RunTime:0.000238s ]
INFO: [ app_end ] --START--
INFO: Run Behavior\ShowPageTraceBehavior [ RunTime:0.000148s ]
INFO: [ app_end ] --END-- [ RunTime:0.000250s ]

[ 2017-01-17T21:57:40+08:00 ] ::1 /foot/index.php/home/video/play/id/dabsal
INFO: [ app_init ] --START--
INFO: Run Behavior\BuildLiteBehavior [ RunTime:0.000020s ]
INFO: [ app_init ] --END-- [ RunTime:0.000133s ]
INFO: [ app_begin ] --START--
INFO: Run Behavior\ReadHtmlCacheBehavior [ RunTime:0.000056s ]
INFO: [ app_begin ] --END-- [ RunTime:0.000107s ]
SQL: SHOW COLUMNS FROM `news_video` [ RunTime:0.0017s ]
ERR: 1054:Unknown column 'dabsal' in 'where clause'
 [ SQL语句 ] : SELECT * FROM `news_video` WHERE ( id=dabsal ) LIMIT 1  
ERR: 1054:Unknown column 'dabsal' in 'where clause'
 [ SQL语句 ] : SELECT * FROM `news_video` WHERE ( id=dabsal ) LIMIT 1  

[ 2017-01-17T21:57:50+08:00 ] ::1 /foot/index.php/home/video/play/id/dabsal
INFO: [ app_init ] --START--
INFO: Run Behavior\BuildLiteBehavior [ RunTime:0.000035s ]
INFO: [ app_init ] --END-- [ RunTime:0.000267s ]
INFO: [ app_begin ] --START--
INFO: Run Behavior\ReadHtmlCacheBehavior [ RunTime:0.000078s ]
INFO: [ app_begin ] --END-- [ RunTime:0.000145s ]
SQL: SHOW COLUMNS FROM `news_video` [ RunTime:0.0018s ]
ERR: 1054:Unknown column 'dabsal' in 'where clause'
 [ SQL语句 ] : SELECT * FROM `news_video` WHERE ( id=dabsal ) LIMIT 1  
ERR: 1054:Unknown column 'dabsal' in 'where clause'
 [ SQL语句 ] : SELECT * FROM `news_video` WHERE ( id=dabsal ) LIMIT 1  

[ 2017-01-17T21:57:56+08:00 ] ::1 /foot/index.php
INFO: [ app_init ] --START--
INFO: Run Behavior\BuildLiteBehavior [ RunTime:0.000032s ]
INFO: [ app_init ] --END-- [ RunTime:0.000232s ]
INFO: [ app_begin ] --START--
INFO: Run Behavior\ReadHtmlCacheBehavior [ RunTime:0.000097s ]
INFO: [ app_begin ] --END-- [ RunTime:0.000184s ]
SQL: SHOW COLUMNS FROM `news_lesson` [ RunTime:0.0024s ]
SQL: SELECT * FROM `news_lesson` ORDER BY addtime desc LIMIT 4   [ RunTime:0.0013s ]
SQL: SHOW COLUMNS FROM `news_picnews` [ RunTime:0.0026s ]
SQL: SELECT * FROM `news_picnews` ORDER BY time desc LIMIT 6   [ RunTime:0.0013s ]
SQL: SELECT * FROM `news_picnews` WHERE `type` = 'gzhd' ORDER BY time desc LIMIT 6   [ RunTime:0.0011s ]
SQL: SELECT * FROM `news_picnews` WHERE `type` = 'sdln' ORDER BY time desc LIMIT 6   [ RunTime:0.0008s ]
SQL: SELECT * FROM `news_picnews` ORDER BY view desc LIMIT 6   [ RunTime:0.0010s ]
SQL: SELECT * FROM `news_picnews` ORDER BY love desc LIMIT 3   [ RunTime:0.0015s ]
SQL: SHOW COLUMNS FROM `news_video` [ RunTime:0.0021s ]
SQL: SELECT * FROM `news_video` ORDER BY addtime desc LIMIT 6   [ RunTime:0.0012s ]
SQL: SHOW COLUMNS FROM `news_rank` [ RunTime:0.0025s ]
SQL: SELECT * FROM `news_rank` ORDER BY rank LIMIT 8   [ RunTime:0.0015s ]
SQL: SHOW COLUMNS FROM `news_lesson` [ RunTime:0.0026s ]
SQL: SELECT * FROM `news_lesson` ORDER BY addtime desc LIMIT 5   [ RunTime:0.0013s ]
SQL: SELECT * FROM `news_lesson` WHERE `forteam` = '广州恒大' ORDER BY view desc LIMIT 5   [ RunTime:0.0013s ]
SQL: SELECT * FROM `news_lesson` WHERE `forteam` = '山东鲁能' ORDER BY view desc LIMIT 5   [ RunTime:0.0012s ]
SQL: SELECT * FROM `news_lesson` WHERE `forteam` = '北京国安' ORDER BY view desc LIMIT 5   [ RunTime:0.0008s ]
SQL: SELECT * FROM `news_video` WHERE `type` = 'gzhd'  [ RunTime:0.0006s ]
INFO: [ view_parse ] --START--
INFO: [ template_filter ] --START--
INFO: Run Behavior\ContentReplaceBehavior [ RunTime:0.000433s ]
INFO: [ template_filter ] --END-- [ RunTime:0.000580s ]
NOTIC: [8] Undefined index: view /var/www/foot/Application/Runtime/Cache/Home/74c9bdbded7009a43a281be8a565b911.php 第 422 行.
NOTIC: [8] Undefined index: view /var/www/foot/Application/Runtime/Cache/Home/74c9bdbded7009a43a281be8a565b911.php 第 422 行.
NOTIC: [8] Undefined index: view /var/www/foot/Application/Runtime/Cache/Home/74c9bdbded7009a43a281be8a565b911.php 第 422 行.
NOTIC: [8] Undefined index: view /var/www/foot/Application/Runtime/Cache/Home/74c9bdbded7009a43a281be8a565b911.php 第 422 行.
INFO: Run Behavior\ParseTemplateBehavior [ RunTime:0.015686s ]
INFO: [ view_parse ] --END-- [ RunTime:0.015795s ]
INFO: [ view_filter ] --START--
INFO: Run Behavior\WriteHtmlCacheBehavior [ RunTime:0.000117s ]
INFO: [ view_filter ] --END-- [ RunTime:0.000182s ]
INFO: [ app_end ] --START--
INFO: Run Behavior\ShowPageTraceBehavior [ RunTime:0.000178s ]
INFO: [ app_end ] --END-- [ RunTime:0.000308s ]

[ 2017-01-17T21:58:04+08:00 ] ::1 /foot/index.php/home/index/rankcsl
INFO: [ app_init ] --START--
INFO: Run Behavior\BuildLiteBehavior [ RunTime:0.000027s ]
INFO: [ app_init ] --END-- [ RunTime:0.000198s ]
INFO: [ app_begin ] --START--
INFO: Run Behavior\ReadHtmlCacheBehavior [ RunTime:0.000101s ]
INFO: [ app_begin ] --END-- [ RunTime:0.000270s ]
SQL: SHOW COLUMNS FROM `news_rank` [ RunTime:0.0025s ]
SQL: SELECT * FROM `news_rank` ORDER BY rank  [ RunTime:0.0014s ]
INFO: [ view_parse ] --START--
INFO: [ template_filter ] --START--
INFO: Run Behavior\ContentReplaceBehavior [ RunTime:0.000221s ]
INFO: [ template_filter ] --END-- [ RunTime:0.000342s ]
INFO: Run Behavior\ParseTemplateBehavior [ RunTime:0.007467s ]
INFO: [ view_parse ] --END-- [ RunTime:0.007591s ]
INFO: [ view_filter ] --START--
INFO: Run Behavior\WriteHtmlCacheBehavior [ RunTime:0.000165s ]
INFO: [ view_filter ] --END-- [ RunTime:0.000253s ]
INFO: [ app_end ] --START--
INFO: Run Behavior\ShowPageTraceBehavior [ RunTime:0.000145s ]
INFO: [ app_end ] --END-- [ RunTime:0.000243s ]

[ 2017-01-17T21:58:08+08:00 ] ::1 /foot/index.php
INFO: [ app_init ] --START--
INFO: Run Behavior\BuildLiteBehavior [ RunTime:0.000030s ]
INFO: [ app_init ] --END-- [ RunTime:0.000222s ]
INFO: [ app_begin ] --START--
INFO: Run Behavior\ReadHtmlCacheBehavior [ RunTime:0.000088s ]
INFO: [ app_begin ] --END-- [ RunTime:0.000168s ]
SQL: SHOW COLUMNS FROM `news_lesson` [ RunTime:0.0022s ]
SQL: SELECT * FROM `news_lesson` ORDER BY addtime desc LIMIT 4   [ RunTime:0.0012s ]
SQL: SHOW COLUMNS FROM `news_picnews` [ RunTime:0.0022s ]
SQL: SELECT * FROM `news_picnews` ORDER BY time desc LIMIT 6   [ RunTime:0.0014s ]
SQL: SELECT * FROM `news_picnews` WHERE `type` = 'gzhd' ORDER BY time desc LIMIT 6   [ RunTime:0.0011s ]
SQL: SELECT * FROM `news_picnews` WHERE `type` = 'sdln' ORDER BY time desc LIMIT 6   [ RunTime:0.0010s ]
SQL: SELECT * FROM `news_picnews` ORDER BY view desc LIMIT 6   [ RunTime:0.0012s ]
SQL: SELECT * FROM `news_picnews` ORDER BY love desc LIMIT 3   [ RunTime:0.0013s ]
SQL: SHOW COLUMNS FROM `news_video` [ RunTime:0.0023s ]
SQL: SELECT * FROM `news_video` ORDER BY addtime desc LIMIT 6   [ RunTime:0.0015s ]
SQL: SHOW COLUMNS FROM `news_rank` [ RunTime:0.0030s ]
SQL: SELECT * FROM `news_rank` ORDER BY rank LIMIT 8   [ RunTime:0.0015s ]
SQL: SHOW COLUMNS FROM `news_lesson` [ RunTime:0.0026s ]
SQL: SELECT * FROM `news_lesson` ORDER BY addtime desc LIMIT 5   [ RunTime:0.0014s ]
SQL: SELECT * FROM `news_lesson` WHERE `forteam` = '广州恒大' ORDER BY view desc LIMIT 5   [ RunTime:0.0026s ]
SQL: SELECT * FROM `news_lesson` WHERE `forteam` = '山东鲁能' ORDER BY view desc LIMIT 5   [ RunTime:0.0015s ]
SQL: SELECT * FROM `news_lesson` WHERE `forteam` = '北京国安' ORDER BY view desc LIMIT 5   [ RunTime:0.0020s ]
SQL: SELECT * FROM `news_video` WHERE `type` = 'gzhd'  [ RunTime:0.0010s ]
INFO: [ view_parse ] --START--
INFO: [ template_filter ] --START--
INFO: Run Behavior\ContentReplaceBehavior [ RunTime:0.000302s ]
INFO: [ template_filter ] --END-- [ RunTime:0.000395s ]
NOTIC: [8] Undefined index: view /var/www/foot/Application/Runtime/Cache/Home/74c9bdbded7009a43a281be8a565b911.php 第 422 行.
NOTIC: [8] Undefined index: view /var/www/foot/Application/Runtime/Cache/Home/74c9bdbded7009a43a281be8a565b911.php 第 422 行.
NOTIC: [8] Undefined index: view /var/www/foot/Application/Runtime/Cache/Home/74c9bdbded7009a43a281be8a565b911.php 第 422 行.
NOTIC: [8] Undefined index: view /var/www/foot/Application/Runtime/Cache/Home/74c9bdbded7009a43a281be8a565b911.php 第 422 行.
INFO: Run Behavior\ParseTemplateBehavior [ RunTime:0.013123s ]
INFO: [ view_parse ] --END-- [ RunTime:0.013224s ]
INFO: [ view_filter ] --START--
INFO: Run Behavior\WriteHtmlCacheBehavior [ RunTime:0.000117s ]
INFO: [ view_filter ] --END-- [ RunTime:0.000166s ]
INFO: [ app_end ] --START--
INFO: Run Behavior\ShowPageTraceBehavior [ RunTime:0.000218s ]
INFO: [ app_end ] --END-- [ RunTime:0.000378s ]

[ 2017-01-17T21:58:13+08:00 ] ::1 /foot/index.php/home/user/center
INFO: [ app_init ] --START--
INFO: Run Behavior\BuildLiteBehavior [ RunTime:0.000027s ]
INFO: [ app_init ] --END-- [ RunTime:0.000243s ]
INFO: [ app_begin ] --START--
INFO: Run Behavior\ReadHtmlCacheBehavior [ RunTime:0.000101s ]
INFO: [ app_begin ] --END-- [ RunTime:0.000186s ]
SQL: SHOW COLUMNS FROM `news_user` [ RunTime:0.0020s ]
SQL: SELECT * FROM `news_user` WHERE `name` = 'chensw' LIMIT 1   [ RunTime:0.0008s ]
SQL: SHOW COLUMNS FROM `news_lesson` [ RunTime:0.0013s ]
SQL: SELECT * FROM `news_lesson` WHERE `editor` = 'chensw'  [ RunTime:0.0006s ]
INFO: [ view_parse ] --START--
INFO: [ template_filter ] --START--
INFO: Run Behavior\ContentReplaceBehavior [ RunTime:0.000237s ]
INFO: [ template_filter ] --END-- [ RunTime:0.000395s ]
INFO: Run Behavior\ParseTemplateBehavior [ RunTime:0.011676s ]
INFO: [ view_parse ] --END-- [ RunTime:0.011818s ]
INFO: [ view_filter ] --START--
INFO: Run Behavior\WriteHtmlCacheBehavior [ RunTime:0.000197s ]
INFO: [ view_filter ] --END-- [ RunTime:0.000255s ]
INFO: [ app_end ] --START--
INFO: Run Behavior\ShowPageTraceBehavior [ RunTime:0.000079s ]
INFO: [ app_end ] --END-- [ RunTime:0.000133s ]

[ 2017-01-17T21:58:30+08:00 ] ::1 /foot/index.php/home/picnews/view/id/5
INFO: [ app_init ] --START--
INFO: Run Behavior\BuildLiteBehavior [ RunTime:0.000036s ]
INFO: [ app_init ] --END-- [ RunTime:0.000271s ]
INFO: [ app_begin ] --START--
INFO: Run Behavior\ReadHtmlCacheBehavior [ RunTime:0.000135s ]
INFO: [ app_begin ] --END-- [ RunTime:0.000247s ]
SQL: SHOW COLUMNS FROM `news_picnews` [ RunTime:0.0027s ]
SQL: SELECT * FROM `news_picnews` WHERE ( id=5 ) LIMIT 1   [ RunTime:0.0011s ]
SQL: UPDATE `news_picnews` SET `view`=view+1 WHERE ( id=5 ) [ RunTime:0.0126s ]
INFO: [ view_parse ] --START--
INFO: [ template_filter ] --START--
INFO: Run Behavior\ContentReplaceBehavior [ RunTime:0.000276s ]
INFO: [ template_filter ] --END-- [ RunTime:0.000406s ]
NOTIC: [8] Undefined index: addtime /var/www/foot/Application/Runtime/Cache/Home/93bc57f45e11a30493cb891e3f47ae63.php 第 95 行.
SQL: SHOW COLUMNS FROM `news_comment` [ RunTime:0.0027s ]
SQL: SELECT COUNT(*) AS tp_count FROM `news_comment` WHERE `lesson_id` = 5 LIMIT 1   [ RunTime:0.0015s ]
INFO: Run Behavior\ParseTemplateBehavior [ RunTime:0.013768s ]
INFO: [ view_parse ] --END-- [ RunTime:0.013898s ]
INFO: [ view_filter ] --START--
INFO: Run Behavior\WriteHtmlCacheBehavior [ RunTime:0.000270s ]
INFO: [ view_filter ] --END-- [ RunTime:0.000374s ]
INFO: [ app_end ] --START--
INFO: Run Behavior\ShowPageTraceBehavior [ RunTime:0.000212s ]
INFO: [ app_end ] --END-- [ RunTime:0.000421s ]

[ 2017-01-17T22:03:06+08:00 ] ::1 /foot/index.php/home/picnews/view/id/5
INFO: [ app_init ] --START--
INFO: Run Behavior\BuildLiteBehavior [ RunTime:0.000037s ]
INFO: [ app_init ] --END-- [ RunTime:0.000344s ]
INFO: [ app_begin ] --START--
INFO: Run Behavior\ReadHtmlCacheBehavior [ RunTime:0.000149s ]
INFO: [ app_begin ] --END-- [ RunTime:0.000272s ]
SQL: SHOW COLUMNS FROM `news_picnews` [ RunTime:0.0026s ]
SQL: SELECT * FROM `news_picnews` WHERE ( id=5 ) LIMIT 1   [ RunTime:0.0013s ]
SQL: UPDATE `news_picnews` SET `view`=view+1 WHERE ( id=5 ) [ RunTime:0.0111s ]
INFO: [ view_parse ] --START--
INFO: [ template_filter ] --START--
INFO: Run Behavior\ContentReplaceBehavior [ RunTime:0.000320s ]
INFO: [ template_filter ] --END-- [ RunTime:0.000439s ]
NOTIC: [8] Undefined index: addtime /var/www/foot/Application/Runtime/Cache/Home/93bc57f45e11a30493cb891e3f47ae63.php 第 95 行.
SQL: SHOW COLUMNS FROM `news_comment` [ RunTime:0.0021s ]
SQL: SELECT COUNT(*) AS tp_count FROM `news_comment` WHERE `lesson_id` = 5 LIMIT 1   [ RunTime:0.0010s ]
NOTIC: [8] Undefined variable: datacomment /var/www/foot/Application/Runtime/Cache/Home/93bc57f45e11a30493cb891e3f47ae63.php 第 115 行.
NOTIC: [2] Invalid argument supplied for foreach() /var/www/foot/Application/Runtime/Cache/Home/93bc57f45e11a30493cb891e3f47ae63.php 第 115 行.
INFO: Run Behavior\ParseTemplateBehavior [ RunTime:0.019575s ]
INFO: [ view_parse ] --END-- [ RunTime:0.019673s ]
INFO: [ view_filter ] --START--
INFO: Run Behavior\WriteHtmlCacheBehavior [ RunTime:0.000216s ]
INFO: [ view_filter ] --END-- [ RunTime:0.000294s ]
INFO: [ app_end ] --START--
INFO: Run Behavior\ShowPageTraceBehavior [ RunTime:0.000403s ]
INFO: [ app_end ] --END-- [ RunTime:0.000578s ]

[ 2017-01-17T22:46:12+08:00 ] ::1 /foot/index.php/home/picnews/view/id/5
INFO: [ app_init ] --START--
INFO: Run Behavior\BuildLiteBehavior [ RunTime:0.000043s ]
INFO: [ app_init ] --END-- [ RunTime:0.000314s ]
INFO: [ app_begin ] --START--
INFO: Run Behavior\ReadHtmlCacheBehavior [ RunTime:0.000138s ]
INFO: [ app_begin ] --END-- [ RunTime:0.000375s ]
SQL: SHOW COLUMNS FROM `news_picnews` [ RunTime:0.0024s ]
SQL: SELECT * FROM `news_picnews` WHERE ( id=5 ) LIMIT 1   [ RunTime:0.0015s ]
SQL: UPDATE `news_picnews` SET `view`=view+1 WHERE ( id=5 ) [ RunTime:0.0168s ]
INFO: [ view_parse ] --START--
INFO: [ template_filter ] --START--
INFO: Run Behavior\ContentReplaceBehavior [ RunTime:0.000204s ]
INFO: [ template_filter ] --END-- [ RunTime:0.000328s ]
NOTIC: [8] Undefined index: addtime /var/www/foot/Application/Runtime/Cache/Home/93bc57f45e11a30493cb891e3f47ae63.php 第 95 行.
SQL: SHOW COLUMNS FROM `news_comment` [ RunTime:0.0019s ]
SQL: SELECT COUNT(*) AS tp_count FROM `news_comment` WHERE `lesson_id` = 5 LIMIT 1   [ RunTime:0.0008s ]
NOTIC: [8] Undefined variable: datacomment /var/www/foot/Application/Runtime/Cache/Home/93bc57f45e11a30493cb891e3f47ae63.php 第 115 行.
NOTIC: [2] Invalid argument supplied for foreach() /var/www/foot/Application/Runtime/Cache/Home/93bc57f45e11a30493cb891e3f47ae63.php 第 115 行.
NOTIC: [8] Undefined variable: level1 /var/www/foot/Application/Runtime/Cache/Home/93bc57f45e11a30493cb891e3f47ae63.php 第 148 行.
INFO: Run Behavior\ParseTemplateBehavior [ RunTime:0.017476s ]
INFO: [ view_parse ] --END-- [ RunTime:0.017558s ]
INFO: [ view_filter ] --START--
INFO: Run Behavior\WriteHtmlCacheBehavior [ RunTime:0.000111s ]
INFO: [ view_filter ] --END-- [ RunTime:0.000158s ]
INFO: [ app_end ] --START--
INFO: Run Behavior\ShowPageTraceBehavior [ RunTime:0.000062s ]
INFO: [ app_end ] --END-- [ RunTime:0.000113s ]

[ 2017-01-17T22:46:16+08:00 ] ::1 /foot/index.php/home/user/login
INFO: [ app_init ] --START--
INFO: Run Behavior\BuildLiteBehavior [ RunTime:0.000023s ]
INFO: [ app_init ] --END-- [ RunTime:0.000170s ]
INFO: [ app_begin ] --START--
INFO: Run Behavior\ReadHtmlCacheBehavior [ RunTime:0.000074s ]
INFO: [ app_begin ] --END-- [ RunTime:0.000140s ]
INFO: [ view_parse ] --START--
INFO: [ template_filter ] --START--
INFO: Run Behavior\ContentReplaceBehavior [ RunTime:0.000107s ]
INFO: [ template_filter ] --END-- [ RunTime:0.000209s ]
INFO: Run Behavior\ParseTemplateBehavior [ RunTime:0.002881s ]
INFO: [ view_parse ] --END-- [ RunTime:0.002969s ]
INFO: [ view_filter ] --START--
INFO: Run Behavior\WriteHtmlCacheBehavior [ RunTime:0.000110s ]
INFO: [ view_filter ] --END-- [ RunTime:0.000168s ]
INFO: [ app_end ] --START--
INFO: Run Behavior\ShowPageTraceBehavior [ RunTime:0.000125s ]
INFO: [ app_end ] --END-- [ RunTime:0.000187s ]

[ 2017-01-17T22:46:25+08:00 ] ::1 /foot/index.php/home/user/chklogin
INFO: [ app_init ] --START--
INFO: Run Behavior\BuildLiteBehavior [ RunTime:0.000036s ]
INFO: [ app_init ] --END-- [ RunTime:0.000265s ]
INFO: [ app_begin ] --START--
INFO: Run Behavior\ReadHtmlCacheBehavior [ RunTime:0.000127s ]
INFO: [ app_begin ] --END-- [ RunTime:0.000235s ]
SQL: SHOW COLUMNS FROM `news_user` [ RunTime:0.0028s ]
SQL: SELECT COUNT(*) AS tp_count FROM `news_user` WHERE `name` = 'chensw' AND `password` = '399763c4c820ca962b9211240dc09364' LIMIT 1   [ RunTime:0.0014s ]

[ 2017-01-17T22:46:36+08:00 ] ::1 /foot/index.php/home/user/chklogin
INFO: [ app_init ] --START--
INFO: Run Behavior\BuildLiteBehavior [ RunTime:0.000037s ]
INFO: [ app_init ] --END-- [ RunTime:0.000278s ]
INFO: [ app_begin ] --START--
INFO: Run Behavior\ReadHtmlCacheBehavior [ RunTime:0.000158s ]
INFO: [ app_begin ] --END-- [ RunTime:0.000300s ]
SQL: SHOW COLUMNS FROM `news_user` [ RunTime:0.0026s ]
SQL: SELECT COUNT(*) AS tp_count FROM `news_user` WHERE `name` = 'chensw' AND `password` = 'e10adc3949ba59abbe56e057f20f883e' LIMIT 1   [ RunTime:0.0013s ]

[ 2017-01-17T22:46:39+08:00 ] ::1 /foot/index.php/home/index/index
INFO: [ app_init ] --START--
INFO: Run Behavior\BuildLiteBehavior [ RunTime:0.000027s ]
INFO: [ app_init ] --END-- [ RunTime:0.000199s ]
INFO: [ app_begin ] --START--
INFO: Run Behavior\ReadHtmlCacheBehavior [ RunTime:0.000088s ]
INFO: [ app_begin ] --END-- [ RunTime:0.000186s ]
SQL: SHOW COLUMNS FROM `news_lesson` [ RunTime:0.0019s ]
SQL: SELECT * FROM `news_lesson` ORDER BY addtime desc LIMIT 4   [ RunTime:0.0011s ]
SQL: SHOW COLUMNS FROM `news_picnews` [ RunTime:0.0019s ]
SQL: SELECT * FROM `news_picnews` ORDER BY time desc LIMIT 6   [ RunTime:0.0014s ]
SQL: SELECT * FROM `news_picnews` WHERE `type` = 'gzhd' ORDER BY time desc LIMIT 6   [ RunTime:0.0008s ]
SQL: SELECT * FROM `news_picnews` WHERE `type` = 'sdln' ORDER BY time desc LIMIT 6   [ RunTime:0.0008s ]
SQL: SELECT * FROM `news_picnews` ORDER BY view desc LIMIT 6   [ RunTime:0.0010s ]
SQL: SELECT * FROM `news_picnews` ORDER BY love desc LIMIT 3   [ RunTime:0.0011s ]
SQL: SHOW COLUMNS FROM `news_video` [ RunTime:0.0022s ]
SQL: SELECT * FROM `news_video` ORDER BY addtime desc LIMIT 6   [ RunTime:0.0012s ]
SQL: SHOW COLUMNS FROM `news_rank` [ RunTime:0.0024s ]
SQL: SELECT * FROM `news_rank` ORDER BY rank LIMIT 8   [ RunTime:0.0015s ]
SQL: SHOW COLUMNS FROM `news_lesson` [ RunTime:0.0028s ]
SQL: SELECT * FROM `news_lesson` ORDER BY addtime desc LIMIT 5   [ RunTime:0.0012s ]
SQL: SELECT * FROM `news_lesson` WHERE `forteam` = '广州恒大' ORDER BY view desc LIMIT 5   [ RunTime:0.0007s ]
SQL: SELECT * FROM `news_lesson` WHERE `forteam` = '山东鲁能' ORDER BY view desc LIMIT 5   [ RunTime:0.0007s ]
SQL: SELECT * FROM `news_lesson` WHERE `forteam` = '北京国安' ORDER BY view desc LIMIT 5   [ RunTime:0.0012s ]
SQL: SELECT * FROM `news_video` WHERE `type` = 'gzhd'  [ RunTime:0.0011s ]
INFO: [ view_parse ] --START--
INFO: [ template_filter ] --START--
INFO: Run Behavior\ContentReplaceBehavior [ RunTime:0.000592s ]
INFO: [ template_filter ] --END-- [ RunTime:0.000752s ]
NOTIC: [8] Undefined index: view /var/www/foot/Application/Runtime/Cache/Home/74c9bdbded7009a43a281be8a565b911.php 第 422 行.
NOTIC: [8] Undefined index: view /var/www/foot/Application/Runtime/Cache/Home/74c9bdbded7009a43a281be8a565b911.php 第 422 行.
NOTIC: [8] Undefined index: view /var/www/foot/Application/Runtime/Cache/Home/74c9bdbded7009a43a281be8a565b911.php 第 422 行.
NOTIC: [8] Undefined index: view /var/www/foot/Application/Runtime/Cache/Home/74c9bdbded7009a43a281be8a565b911.php 第 422 行.
INFO: Run Behavior\ParseTemplateBehavior [ RunTime:0.015210s ]
INFO: [ view_parse ] --END-- [ RunTime:0.015305s ]
INFO: [ view_filter ] --START--
INFO: Run Behavior\WriteHtmlCacheBehavior [ RunTime:0.000112s ]
INFO: [ view_filter ] --END-- [ RunTime:0.000163s ]
INFO: [ app_end ] --START--
INFO: Run Behavior\ShowPageTraceBehavior [ RunTime:0.000141s ]
INFO: [ app_end ] --END-- [ RunTime:0.000246s ]

[ 2017-01-17T22:46:43+08:00 ] ::1 /foot/index.php/home/picnews/view/id/5
INFO: [ app_init ] --START--
INFO: Run Behavior\BuildLiteBehavior [ RunTime:0.000027s ]
INFO: [ app_init ] --END-- [ RunTime:0.000180s ]
INFO: [ app_begin ] --START--
INFO: Run Behavior\ReadHtmlCacheBehavior [ RunTime:0.000091s ]
INFO: [ app_begin ] --END-- [ RunTime:0.000169s ]
SQL: SHOW COLUMNS FROM `news_picnews` [ RunTime:0.0015s ]
SQL: SELECT * FROM `news_picnews` WHERE ( id=5 ) LIMIT 1   [ RunTime:0.0009s ]
SQL: UPDATE `news_picnews` SET `view`=view+1 WHERE ( id=5 ) [ RunTime:0.0156s ]
INFO: [ view_parse ] --START--
INFO: [ template_filter ] --START--
INFO: Run Behavior\ContentReplaceBehavior [ RunTime:0.000202s ]
INFO: [ template_filter ] --END-- [ RunTime:0.000316s ]
NOTIC: [8] Undefined index: addtime /var/www/foot/Application/Runtime/Cache/Home/93bc57f45e11a30493cb891e3f47ae63.php 第 95 行.
SQL: SHOW COLUMNS FROM `news_comment` [ RunTime:0.0015s ]
SQL: SELECT COUNT(*) AS tp_count FROM `news_comment` WHERE `lesson_id` = 5 LIMIT 1   [ RunTime:0.0008s ]
NOTIC: [8] Undefined variable: datacomment /var/www/foot/Application/Runtime/Cache/Home/93bc57f45e11a30493cb891e3f47ae63.php 第 115 行.
NOTIC: [2] Invalid argument supplied for foreach() /var/www/foot/Application/Runtime/Cache/Home/93bc57f45e11a30493cb891e3f47ae63.php 第 115 行.
NOTIC: [8] Undefined variable: level1 /var/www/foot/Application/Runtime/Cache/Home/93bc57f45e11a30493cb891e3f47ae63.php 第 148 行.
INFO: Run Behavior\ParseTemplateBehavior [ RunTime:0.008640s ]
INFO: [ view_parse ] --END-- [ RunTime:0.008711s ]
INFO: [ view_filter ] --START--
INFO: Run Behavior\WriteHtmlCacheBehavior [ RunTime:0.000122s ]
INFO: [ view_filter ] --END-- [ RunTime:0.000172s ]
INFO: [ app_end ] --START--
INFO: Run Behavior\ShowPageTraceBehavior [ RunTime:0.000086s ]
INFO: [ app_end ] --END-- [ RunTime:0.000155s ]

[ 2017-01-17T22:47:10+08:00 ] ::1 /foot/index.php/home/picnews/view/id/5
INFO: [ app_init ] --START--
INFO: Run Behavior\BuildLiteBehavior [ RunTime:0.000034s ]
INFO: [ app_init ] --END-- [ RunTime:0.000255s ]
INFO: [ app_begin ] --START--
INFO: Run Behavior\ReadHtmlCacheBehavior [ RunTime:0.000122s ]
INFO: [ app_begin ] --END-- [ RunTime:0.000229s ]
SQL: SHOW COLUMNS FROM `news_picnews` [ RunTime:0.0024s ]
SQL: SELECT * FROM `news_picnews` WHERE ( id=5 ) LIMIT 1   [ RunTime:0.0013s ]
SQL: UPDATE `news_picnews` SET `view`=view+1 WHERE ( id=5 ) [ RunTime:0.0122s ]
INFO: [ view_parse ] --START--
INFO: [ template_filter ] --START--
INFO: Run Behavior\ContentReplaceBehavior [ RunTime:0.000230s ]
INFO: [ template_filter ] --END-- [ RunTime:0.000329s ]
NOTIC: [8] Undefined index: addtime /var/www/foot/Application/Runtime/Cache/Home/93bc57f45e11a30493cb891e3f47ae63.php 第 95 行.
SQL: SHOW COLUMNS FROM `news_comment` [ RunTime:0.0018s ]
SQL: SELECT COUNT(*) AS tp_count FROM `news_comment` WHERE `lesson_id` = 5 LIMIT 1   [ RunTime:0.0005s ]
NOTIC: [8] Undefined variable: datacomment /var/www/foot/Application/Runtime/Cache/Home/93bc57f45e11a30493cb891e3f47ae63.php 第 115 行.
NOTIC: [2] Invalid argument supplied for foreach() /var/www/foot/Application/Runtime/Cache/Home/93bc57f45e11a30493cb891e3f47ae63.php 第 115 行.
NOTIC: [8] Undefined variable: level1 /var/www/foot/Application/Runtime/Cache/Home/93bc57f45e11a30493cb891e3f47ae63.php 第 148 行.
INFO: Run Behavior\ParseTemplateBehavior [ RunTime:0.010950s ]
INFO: [ view_parse ] --END-- [ RunTime:0.011042s ]
INFO: [ view_filter ] --START--
INFO: Run Behavior\WriteHtmlCacheBehavior [ RunTime:0.000207s ]
INFO: [ view_filter ] --END-- [ RunTime:0.000272s ]
INFO: [ app_end ] --START--
INFO: Run Behavior\ShowPageTraceBehavior [ RunTime:0.000287s ]
INFO: [ app_end ] --END-- [ RunTime:0.000451s ]

[ 2017-01-17T22:48:44+08:00 ] ::1 /foot/index.php/home/picnews/view/id/5
INFO: [ app_init ] --START--
INFO: Run Behavior\BuildLiteBehavior [ RunTime:0.000031s ]
INFO: [ app_init ] --END-- [ RunTime:0.000288s ]
INFO: [ app_begin ] --START--
INFO: Run Behavior\ReadHtmlCacheBehavior [ RunTime:0.000078s ]
INFO: [ app_begin ] --END-- [ RunTime:0.000146s ]
SQL: SHOW COLUMNS FROM `news_picnews` [ RunTime:0.0014s ]
SQL: SELECT * FROM `news_picnews` WHERE ( id=5 ) LIMIT 1   [ RunTime:0.0012s ]
SQL: UPDATE `news_picnews` SET `view`=view+1 WHERE ( id=5 ) [ RunTime:0.0223s ]
INFO: [ view_parse ] --START--
INFO: [ template_filter ] --START--
INFO: Run Behavior\ContentReplaceBehavior [ RunTime:0.000159s ]
INFO: [ template_filter ] --END-- [ RunTime:0.000242s ]
NOTIC: [8] Undefined index: addtime /var/www/foot/Application/Runtime/Cache/Home/93bc57f45e11a30493cb891e3f47ae63.php 第 95 行.
SQL: SHOW COLUMNS FROM `news_comment` [ RunTime:0.0019s ]
SQL: SELECT COUNT(*) AS tp_count FROM `news_comment` WHERE `lesson_id` = 5 LIMIT 1   [ RunTime:0.0009s ]
NOTIC: [8] Undefined variable: datacomment /var/www/foot/Application/Runtime/Cache/Home/93bc57f45e11a30493cb891e3f47ae63.php 第 115 行.
NOTIC: [2] Invalid argument supplied for foreach() /var/www/foot/Application/Runtime/Cache/Home/93bc57f45e11a30493cb891e3f47ae63.php 第 115 行.
NOTIC: [8] Undefined variable: level1 /var/www/foot/Application/Runtime/Cache/Home/93bc57f45e11a30493cb891e3f47ae63.php 第 148 行.
INFO: Run Behavior\ParseTemplateBehavior [ RunTime:0.014364s ]
INFO: [ view_parse ] --END-- [ RunTime:0.014437s ]
INFO: [ view_filter ] --START--
INFO: Run Behavior\WriteHtmlCacheBehavior [ RunTime:0.000123s ]
INFO: [ view_filter ] --END-- [ RunTime:0.000170s ]
INFO: [ app_end ] --START--
INFO: Run Behavior\ShowPageTraceBehavior [ RunTime:0.000102s ]
INFO: [ app_end ] --END-- [ RunTime:0.000170s ]

