[ 2017-03-22T21:43:16+08:00 ] ::1 /foot/
INFO: [ app_init ] --START--
INFO: Run Behavior\BuildLiteBehavior [ RunTime:0.000022s ]
INFO: [ app_init ] --END-- [ RunTime:0.000172s ]
INFO: [ app_begin ] --START--
INFO: Run Behavior\ReadHtmlCacheBehavior [ RunTime:0.000138s ]
INFO: [ app_begin ] --END-- [ RunTime:0.000245s ]
SQL: SHOW COLUMNS FROM `news_lesson` [ RunTime:0.0016s ]
SQL: SELECT * FROM `news_lesson` ORDER BY addtime desc LIMIT 4   [ RunTime:0.0008s ]
SQL: SHOW COLUMNS FROM `news_picnews` [ RunTime:0.0013s ]
SQL: SELECT * FROM `news_picnews` ORDER BY time desc LIMIT 6   [ RunTime:0.0006s ]
SQL: SELECT * FROM `news_picnews` ORDER BY time desc LIMIT 6   [ RunTime:0.0005s ]
SQL: SELECT * FROM `news_picnews` ORDER BY time desc LIMIT 6   [ RunTime:0.0006s ]
SQL: SELECT * FROM `news_picnews` ORDER BY view desc LIMIT 6   [ RunTime:0.0005s ]
SQL: SELECT * FROM `news_picnews` ORDER BY love desc LIMIT 3   [ RunTime:0.0007s ]
SQL: SHOW COLUMNS FROM `news_video` [ RunTime:0.0012s ]
SQL: SELECT * FROM `news_video` ORDER BY addtime desc LIMIT 6   [ RunTime:0.0011s ]
SQL: SHOW COLUMNS FROM `news_rank` [ RunTime:0.0021s ]
SQL: SELECT * FROM `news_rank` ORDER BY rank LIMIT 8   [ RunTime:0.0013s ]
SQL: SHOW COLUMNS FROM `news_lesson` [ RunTime:0.0021s ]
SQL: SELECT * FROM `news_lesson` ORDER BY addtime desc LIMIT 5   [ RunTime:0.0012s ]
SQL: SELECT * FROM `news_lesson` WHERE `forteam` = '广州恒大' ORDER BY view desc LIMIT 5   [ RunTime:0.0008s ]
SQL: SELECT * FROM `news_lesson` WHERE `forteam` = '山东鲁能' ORDER BY view desc LIMIT 5   [ RunTime:0.0008s ]
SQL: SELECT * FROM `news_lesson` WHERE `forteam` = '北京国安' ORDER BY view desc LIMIT 5   [ RunTime:0.0020s ]
SQL: SELECT * FROM `news_video` WHERE `type` = 'gzhd'  [ RunTime:0.0011s ]
INFO: [ view_parse ] --START--
INFO: [ template_filter ] --START--
INFO: Run Behavior\ContentReplaceBehavior [ RunTime:0.000378s ]
INFO: [ template_filter ] --END-- [ RunTime:0.000491s ]
NOTIC: [8] Undefined index: picture /var/www/foot/Application/Runtime/Cache/Home/74c9bdbded7009a43a281be8a565b911.php 第 153 行.
NOTIC: [8] Undefined index: picture /var/www/foot/Application/Runtime/Cache/Home/74c9bdbded7009a43a281be8a565b911.php 第 153 行.
NOTIC: [8] Undefined index: picture /var/www/foot/Application/Runtime/Cache/Home/74c9bdbded7009a43a281be8a565b911.php 第 153 行.
NOTIC: [8] Undefined index: picture /var/www/foot/Application/Runtime/Cache/Home/74c9bdbded7009a43a281be8a565b911.php 第 153 行.
NOTIC: [8] Undefined index: picture /var/www/foot/Application/Runtime/Cache/Home/74c9bdbded7009a43a281be8a565b911.php 第 153 行.
NOTIC: [8] Undefined index: picture /var/www/foot/Application/Runtime/Cache/Home/74c9bdbded7009a43a281be8a565b911.php 第 153 行.
NOTIC: [8] Undefined index: picture /var/www/foot/Application/Runtime/Cache/Home/74c9bdbded7009a43a281be8a565b911.php 第 173 行.
NOTIC: [8] Undefined index: picture /var/www/foot/Application/Runtime/Cache/Home/74c9bdbded7009a43a281be8a565b911.php 第 173 行.
NOTIC: [8] Undefined index: picture /var/www/foot/Application/Runtime/Cache/Home/74c9bdbded7009a43a281be8a565b911.php 第 173 行.
NOTIC: [8] Undefined index: picture /var/www/foot/Application/Runtime/Cache/Home/74c9bdbded7009a43a281be8a565b911.php 第 173 行.
NOTIC: [8] Undefined index: picture /var/www/foot/Application/Runtime/Cache/Home/74c9bdbded7009a43a281be8a565b911.php 第 173 行.
NOTIC: [8] Undefined index: picture /var/www/foot/Application/Runtime/Cache/Home/74c9bdbded7009a43a281be8a565b911.php 第 173 行.
NOTIC: [8] Undefined index: picture /var/www/foot/Application/Runtime/Cache/Home/74c9bdbded7009a43a281be8a565b911.php 第 213 行.
NOTIC: [8] Undefined index: picture /var/www/foot/Application/Runtime/Cache/Home/74c9bdbded7009a43a281be8a565b911.php 第 213 行.
NOTIC: [8] Undefined index: picture /var/www/foot/Application/Runtime/Cache/Home/74c9bdbded7009a43a281be8a565b911.php 第 213 行.
NOTIC: [8] Undefined index: picture /var/www/foot/Application/Runtime/Cache/Home/74c9bdbded7009a43a281be8a565b911.php 第 258 行.
NOTIC: [8] Undefined index: picture /var/www/foot/Application/Runtime/Cache/Home/74c9bdbded7009a43a281be8a565b911.php 第 258 行.
NOTIC: [8] Undefined index: picture /var/www/foot/Application/Runtime/Cache/Home/74c9bdbded7009a43a281be8a565b911.php 第 258 行.
NOTIC: [8] Undefined index: picture /var/www/foot/Application/Runtime/Cache/Home/74c9bdbded7009a43a281be8a565b911.php 第 258 行.
NOTIC: [8] Undefined index: picture /var/www/foot/Application/Runtime/Cache/Home/74c9bdbded7009a43a281be8a565b911.php 第 258 行.
NOTIC: [8] Undefined index: picture /var/www/foot/Application/Runtime/Cache/Home/74c9bdbded7009a43a281be8a565b911.php 第 258 行.
NOTIC: [8] Undefined index: picture /var/www/foot/Application/Runtime/Cache/Home/74c9bdbded7009a43a281be8a565b911.php 第 281 行.
NOTIC: [8] Undefined index: picture /var/www/foot/Application/Runtime/Cache/Home/74c9bdbded7009a43a281be8a565b911.php 第 281 行.
NOTIC: [8] Undefined index: picture /var/www/foot/Application/Runtime/Cache/Home/74c9bdbded7009a43a281be8a565b911.php 第 281 行.
NOTIC: [8] Undefined index: picture /var/www/foot/Application/Runtime/Cache/Home/74c9bdbded7009a43a281be8a565b911.php 第 281 行.
NOTIC: [8] Undefined index: picture /var/www/foot/Application/Runtime/Cache/Home/74c9bdbded7009a43a281be8a565b911.php 第 281 行.
NOTIC: [8] Undefined index: picture /var/www/foot/Application/Runtime/Cache/Home/74c9bdbded7009a43a281be8a565b911.php 第 281 行.
NOTIC: [8] Undefined index: view /var/www/foot/Application/Runtime/Cache/Home/74c9bdbded7009a43a281be8a565b911.php 第 422 行.
NOTIC: [8] Undefined index: view /var/www/foot/Application/Runtime/Cache/Home/74c9bdbded7009a43a281be8a565b911.php 第 422 行.
NOTIC: [8] Undefined index: view /var/www/foot/Application/Runtime/Cache/Home/74c9bdbded7009a43a281be8a565b911.php 第 422 行.
INFO: Run Behavior\ParseTemplateBehavior [ RunTime:0.022172s ]
INFO: [ view_parse ] --END-- [ RunTime:0.022294s ]
INFO: [ view_filter ] --START--
INFO: Run Behavior\WriteHtmlCacheBehavior [ RunTime:0.000160s ]
INFO: [ view_filter ] --END-- [ RunTime:0.000216s ]
INFO: [ app_end ] --START--
INFO: Run Behavior\ShowPageTraceBehavior [ RunTime:0.000178s ]
INFO: [ app_end ] --END-- [ RunTime:0.000306s ]

[ 2017-03-22T21:43:16+08:00 ] ::1 /foot/
INFO: [ app_init ] --START--
INFO: Run Behavior\BuildLiteBehavior [ RunTime:0.000027s ]
INFO: [ app_init ] --END-- [ RunTime:0.000174s ]
INFO: [ app_begin ] --START--
INFO: Run Behavior\ReadHtmlCacheBehavior [ RunTime:0.000065s ]
INFO: [ app_begin ] --END-- [ RunTime:0.000123s ]
SQL: SHOW COLUMNS FROM `news_lesson` [ RunTime:0.0014s ]
SQL: SELECT * FROM `news_lesson` ORDER BY addtime desc LIMIT 4   [ RunTime:0.0006s ]
SQL: SHOW COLUMNS FROM `news_picnews` [ RunTime:0.0015s ]
SQL: SELECT * FROM `news_picnews` ORDER BY time desc LIMIT 6   [ RunTime:0.0009s ]
SQL: SELECT * FROM `news_picnews` ORDER BY time desc LIMIT 6   [ RunTime:0.0009s ]
SQL: SELECT * FROM `news_picnews` ORDER BY time desc LIMIT 6   [ RunTime:0.0011s ]
SQL: SELECT * FROM `news_picnews` ORDER BY view desc LIMIT 6   [ RunTime:0.0013s ]
SQL: SELECT * FROM `news_picnews` ORDER BY love desc LIMIT 3   [ RunTime:0.0011s ]
SQL: SHOW COLUMNS FROM `news_video` [ RunTime:0.0014s ]
SQL: SELECT * FROM `news_video` ORDER BY addtime desc LIMIT 6   [ RunTime:0.0008s ]
SQL: SHOW COLUMNS FROM `news_rank` [ RunTime:0.0016s ]
SQL: SELECT * FROM `news_rank` ORDER BY rank LIMIT 8   [ RunTime:0.0009s ]
SQL: SHOW COLUMNS FROM `news_lesson` [ RunTime:0.0017s ]
SQL: SELECT * FROM `news_lesson` ORDER BY addtime desc LIMIT 5   [ RunTime:0.0010s ]
SQL: SELECT * FROM `news_lesson` WHERE `forteam` = '广州恒大' ORDER BY view desc LIMIT 5   [ RunTime:0.0009s ]
SQL: SELECT * FROM `news_lesson` WHERE `forteam` = '山东鲁能' ORDER BY view desc LIMIT 5   [ RunTime:0.0015s ]
SQL: SELECT * FROM `news_lesson` WHERE `forteam` = '北京国安' ORDER BY view desc LIMIT 5   [ RunTime:0.0009s ]
SQL: SELECT * FROM `news_video` WHERE `type` = 'gzhd'  [ RunTime:0.0009s ]
INFO: [ view_parse ] --START--
INFO: [ template_filter ] --START--
INFO: Run Behavior\ContentReplaceBehavior [ RunTime:0.000499s ]
INFO: [ template_filter ] --END-- [ RunTime:0.000626s ]
NOTIC: [8] Undefined index: picture /var/www/foot/Application/Runtime/Cache/Home/74c9bdbded7009a43a281be8a565b911.php 第 153 行.
NOTIC: [8] Undefined index: picture /var/www/foot/Application/Runtime/Cache/Home/74c9bdbded7009a43a281be8a565b911.php 第 153 行.
NOTIC: [8] Undefined index: picture /var/www/foot/Application/Runtime/Cache/Home/74c9bdbded7009a43a281be8a565b911.php 第 153 行.
NOTIC: [8] Undefined index: picture /var/www/foot/Application/Runtime/Cache/Home/74c9bdbded7009a43a281be8a565b911.php 第 153 行.
NOTIC: [8] Undefined index: picture /var/www/foot/Application/Runtime/Cache/Home/74c9bdbded7009a43a281be8a565b911.php 第 153 行.
NOTIC: [8] Undefined index: picture /var/www/foot/Application/Runtime/Cache/Home/74c9bdbded7009a43a281be8a565b911.php 第 153 行.
NOTIC: [8] Undefined index: picture /var/www/foot/Application/Runtime/Cache/Home/74c9bdbded7009a43a281be8a565b911.php 第 173 行.
NOTIC: [8] Undefined index: picture /var/www/foot/Application/Runtime/Cache/Home/74c9bdbded7009a43a281be8a565b911.php 第 173 行.
NOTIC: [8] Undefined index: picture /var/www/foot/Application/Runtime/Cache/Home/74c9bdbded7009a43a281be8a565b911.php 第 173 行.
NOTIC: [8] Undefined index: picture /var/www/foot/Application/Runtime/Cache/Home/74c9bdbded7009a43a281be8a565b911.php 第 173 行.
NOTIC: [8] Undefined index: picture /var/www/foot/Application/Runtime/Cache/Home/74c9bdbded7009a43a281be8a565b911.php 第 173 行.
NOTIC: [8] Undefined index: picture /var/www/foot/Application/Runtime/Cache/Home/74c9bdbded7009a43a281be8a565b911.php 第 173 行.
NOTIC: [8] Undefined index: picture /var/www/foot/Application/Runtime/Cache/Home/74c9bdbded7009a43a281be8a565b911.php 第 213 行.
NOTIC: [8] Undefined index: picture /var/www/foot/Application/Runtime/Cache/Home/74c9bdbded7009a43a281be8a565b911.php 第 213 行.
NOTIC: [8] Undefined index: picture /var/www/foot/Application/Runtime/Cache/Home/74c9bdbded7009a43a281be8a565b911.php 第 213 行.
NOTIC: [8] Undefined index: picture /var/www/foot/Application/Runtime/Cache/Home/74c9bdbded7009a43a281be8a565b911.php 第 258 行.
NOTIC: [8] Undefined index: picture /var/www/foot/Application/Runtime/Cache/Home/74c9bdbded7009a43a281be8a565b911.php 第 258 行.
NOTIC: [8] Undefined index: picture /var/www/foot/Application/Runtime/Cache/Home/74c9bdbded7009a43a281be8a565b911.php 第 258 行.
NOTIC: [8] Undefined index: picture /var/www/foot/Application/Runtime/Cache/Home/74c9bdbded7009a43a281be8a565b911.php 第 258 行.
NOTIC: [8] Undefined index: picture /var/www/foot/Application/Runtime/Cache/Home/74c9bdbded7009a43a281be8a565b911.php 第 258 行.
NOTIC: [8] Undefined index: picture /var/www/foot/Application/Runtime/Cache/Home/74c9bdbded7009a43a281be8a565b911.php 第 258 行.
NOTIC: [8] Undefined index: picture /var/www/foot/Application/Runtime/Cache/Home/74c9bdbded7009a43a281be8a565b911.php 第 281 行.
NOTIC: [8] Undefined index: picture /var/www/foot/Application/Runtime/Cache/Home/74c9bdbded7009a43a281be8a565b911.php 第 281 行.
NOTIC: [8] Undefined index: picture /var/www/foot/Application/Runtime/Cache/Home/74c9bdbded7009a43a281be8a565b911.php 第 281 行.
NOTIC: [8] Undefined index: picture /var/www/foot/Application/Runtime/Cache/Home/74c9bdbded7009a43a281be8a565b911.php 第 281 行.
NOTIC: [8] Undefined index: picture /var/www/foot/Application/Runtime/Cache/Home/74c9bdbded7009a43a281be8a565b911.php 第 281 行.
NOTIC: [8] Undefined index: picture /var/www/foot/Application/Runtime/Cache/Home/74c9bdbded7009a43a281be8a565b911.php 第 281 行.
NOTIC: [8] Undefined index: view /var/www/foot/Application/Runtime/Cache/Home/74c9bdbded7009a43a281be8a565b911.php 第 422 行.
NOTIC: [8] Undefined index: view /var/www/foot/Application/Runtime/Cache/Home/74c9bdbded7009a43a281be8a565b911.php 第 422 行.
NOTIC: [8] Undefined index: view /var/www/foot/Application/Runtime/Cache/Home/74c9bdbded7009a43a281be8a565b911.php 第 422 行.
INFO: Run Behavior\ParseTemplateBehavior [ RunTime:0.013718s ]
INFO: [ view_parse ] --END-- [ RunTime:0.013838s ]
INFO: [ view_filter ] --START--
INFO: Run Behavior\WriteHtmlCacheBehavior [ RunTime:0.000154s ]
INFO: [ view_filter ] --END-- [ RunTime:0.000228s ]
INFO: [ app_end ] --START--
INFO: Run Behavior\ShowPageTraceBehavior [ RunTime:0.000129s ]
INFO: [ app_end ] --END-- [ RunTime:0.000247s ]

[ 2017-03-22T21:43:16+08:00 ] ::1 /foot/
INFO: [ app_init ] --START--
INFO: Run Behavior\BuildLiteBehavior [ RunTime:0.000022s ]
INFO: [ app_init ] --END-- [ RunTime:0.000156s ]
INFO: [ app_begin ] --START--
INFO: Run Behavior\ReadHtmlCacheBehavior [ RunTime:0.000072s ]
INFO: [ app_begin ] --END-- [ RunTime:0.000149s ]
SQL: SHOW COLUMNS FROM `news_lesson` [ RunTime:0.0021s ]
SQL: SELECT * FROM `news_lesson` ORDER BY addtime desc LIMIT 4   [ RunTime:0.0013s ]
SQL: SHOW COLUMNS FROM `news_picnews` [ RunTime:0.0034s ]
SQL: SELECT * FROM `news_picnews` ORDER BY time desc LIMIT 6   [ RunTime:0.0016s ]
SQL: SELECT * FROM `news_picnews` ORDER BY time desc LIMIT 6   [ RunTime:0.0014s ]
SQL: SELECT * FROM `news_picnews` ORDER BY time desc LIMIT 6   [ RunTime:0.0014s ]
SQL: SELECT * FROM `news_picnews` ORDER BY view desc LIMIT 6   [ RunTime:0.0022s ]
SQL: SELECT * FROM `news_picnews` ORDER BY love desc LIMIT 3   [ RunTime:0.0013s ]
SQL: SHOW COLUMNS FROM `news_video` [ RunTime:0.0023s ]
SQL: SELECT * FROM `news_video` ORDER BY addtime desc LIMIT 6   [ RunTime:0.0013s ]
SQL: SHOW COLUMNS FROM `news_rank` [ RunTime:0.0031s ]
SQL: SELECT * FROM `news_rank` ORDER BY rank LIMIT 8   [ RunTime:0.0009s ]
SQL: SHOW COLUMNS FROM `news_lesson` [ RunTime:0.0017s ]
SQL: SELECT * FROM `news_lesson` ORDER BY addtime desc LIMIT 5   [ RunTime:0.0011s ]
SQL: SELECT * FROM `news_lesson` WHERE `forteam` = '广州恒大' ORDER BY view desc LIMIT 5   [ RunTime:0.0010s ]
SQL: SELECT * FROM `news_lesson` WHERE `forteam` = '山东鲁能' ORDER BY view desc LIMIT 5   [ RunTime:0.0014s ]
SQL: SELECT * FROM `news_lesson` WHERE `forteam` = '北京国安' ORDER BY view desc LIMIT 5   [ RunTime:0.0013s ]
SQL: SELECT * FROM `news_video` WHERE `type` = 'gzhd'  [ RunTime:0.0011s ]
INFO: [ view_parse ] --START--
INFO: [ template_filter ] --START--
INFO: Run Behavior\ContentReplaceBehavior [ RunTime:0.000491s ]
INFO: [ template_filter ] --END-- [ RunTime:0.000600s ]
NOTIC: [8] Undefined index: picture /var/www/foot/Application/Runtime/Cache/Home/74c9bdbded7009a43a281be8a565b911.php 第 153 行.
NOTIC: [8] Undefined index: picture /var/www/foot/Application/Runtime/Cache/Home/74c9bdbded7009a43a281be8a565b911.php 第 153 行.
NOTIC: [8] Undefined index: picture /var/www/foot/Application/Runtime/Cache/Home/74c9bdbded7009a43a281be8a565b911.php 第 153 行.
NOTIC: [8] Undefined index: picture /var/www/foot/Application/Runtime/Cache/Home/74c9bdbded7009a43a281be8a565b911.php 第 153 行.
NOTIC: [8] Undefined index: picture /var/www/foot/Application/Runtime/Cache/Home/74c9bdbded7009a43a281be8a565b911.php 第 153 行.
NOTIC: [8] Undefined index: picture /var/www/foot/Application/Runtime/Cache/Home/74c9bdbded7009a43a281be8a565b911.php 第 153 行.
NOTIC: [8] Undefined index: picture /var/www/foot/Application/Runtime/Cache/Home/74c9bdbded7009a43a281be8a565b911.php 第 173 行.
NOTIC: [8] Undefined index: picture /var/www/foot/Application/Runtime/Cache/Home/74c9bdbded7009a43a281be8a565b911.php 第 173 行.
NOTIC: [8] Undefined index: picture /var/www/foot/Application/Runtime/Cache/Home/74c9bdbded7009a43a281be8a565b911.php 第 173 行.
NOTIC: [8] Undefined index: picture /var/www/foot/Application/Runtime/Cache/Home/74c9bdbded7009a43a281be8a565b911.php 第 173 行.
NOTIC: [8] Undefined index: picture /var/www/foot/Application/Runtime/Cache/Home/74c9bdbded7009a43a281be8a565b911.php 第 173 行.
NOTIC: [8] Undefined index: picture /var/www/foot/Application/Runtime/Cache/Home/74c9bdbded7009a43a281be8a565b911.php 第 173 行.
NOTIC: [8] Undefined index: picture /var/www/foot/Application/Runtime/Cache/Home/74c9bdbded7009a43a281be8a565b911.php 第 213 行.
NOTIC: [8] Undefined index: picture /var/www/foot/Application/Runtime/Cache/Home/74c9bdbded7009a43a281be8a565b911.php 第 213 行.
NOTIC: [8] Undefined index: picture /var/www/foot/Application/Runtime/Cache/Home/74c9bdbded7009a43a281be8a565b911.php 第 213 行.
NOTIC: [8] Undefined index: picture /var/www/foot/Application/Runtime/Cache/Home/74c9bdbded7009a43a281be8a565b911.php 第 258 行.
NOTIC: [8] Undefined index: picture /var/www/foot/Application/Runtime/Cache/Home/74c9bdbded7009a43a281be8a565b911.php 第 258 行.
NOTIC: [8] Undefined index: picture /var/www/foot/Application/Runtime/Cache/Home/74c9bdbded7009a43a281be8a565b911.php 第 258 行.
NOTIC: [8] Undefined index: picture /var/www/foot/Application/Runtime/Cache/Home/74c9bdbded7009a43a281be8a565b911.php 第 258 行.
NOTIC: [8] Undefined index: picture /var/www/foot/Application/Runtime/Cache/Home/74c9bdbded7009a43a281be8a565b911.php 第 258 行.
NOTIC: [8] Undefined index: picture /var/www/foot/Application/Runtime/Cache/Home/74c9bdbded7009a43a281be8a565b911.php 第 258 行.
NOTIC: [8] Undefined index: picture /var/www/foot/Application/Runtime/Cache/Home/74c9bdbded7009a43a281be8a565b911.php 第 281 行.
NOTIC: [8] Undefined index: picture /var/www/foot/Application/Runtime/Cache/Home/74c9bdbded7009a43a281be8a565b911.php 第 281 行.
NOTIC: [8] Undefined index: picture /var/www/foot/Application/Runtime/Cache/Home/74c9bdbded7009a43a281be8a565b911.php 第 281 行.
NOTIC: [8] Undefined index: picture /var/www/foot/Application/Runtime/Cache/Home/74c9bdbded7009a43a281be8a565b911.php 第 281 行.
NOTIC: [8] Undefined index: picture /var/www/foot/Application/Runtime/Cache/Home/74c9bdbded7009a43a281be8a565b911.php 第 281 行.
NOTIC: [8] Undefined index: picture /var/www/foot/Application/Runtime/Cache/Home/74c9bdbded7009a43a281be8a565b911.php 第 281 行.
NOTIC: [8] Undefined index: view /var/www/foot/Application/Runtime/Cache/Home/74c9bdbded7009a43a281be8a565b911.php 第 422 行.
NOTIC: [8] Undefined index: view /var/www/foot/Application/Runtime/Cache/Home/74c9bdbded7009a43a281be8a565b911.php 第 422 行.
NOTIC: [8] Undefined index: view /var/www/foot/Application/Runtime/Cache/Home/74c9bdbded7009a43a281be8a565b911.php 第 422 行.
INFO: Run Behavior\ParseTemplateBehavior [ RunTime:0.013293s ]
INFO: [ view_parse ] --END-- [ RunTime:0.013389s ]
INFO: [ view_filter ] --START--
INFO: Run Behavior\WriteHtmlCacheBehavior [ RunTime:0.000118s ]
INFO: [ view_filter ] --END-- [ RunTime:0.000177s ]
INFO: [ app_end ] --START--
INFO: Run Behavior\ShowPageTraceBehavior [ RunTime:0.000144s ]
INFO: [ app_end ] --END-- [ RunTime:0.000264s ]

[ 2017-03-22T21:44:54+08:00 ] ::1 /foot/
INFO: [ app_init ] --START--
INFO: Run Behavior\BuildLiteBehavior [ RunTime:0.000033s ]
INFO: [ app_init ] --END-- [ RunTime:0.000238s ]
INFO: [ app_begin ] --START--
INFO: Run Behavior\ReadHtmlCacheBehavior [ RunTime:0.000122s ]
INFO: [ app_begin ] --END-- [ RunTime:0.000210s ]
SQL: SHOW COLUMNS FROM `news_lesson` [ RunTime:0.0029s ]
SQL: SELECT * FROM `news_lesson` ORDER BY addtime desc LIMIT 4   [ RunTime:0.0052s ]
SQL: SHOW COLUMNS FROM `news_picnews` [ RunTime:0.0023s ]
SQL: SELECT * FROM `news_picnews` ORDER BY time desc LIMIT 6   [ RunTime:0.0016s ]
SQL: SELECT * FROM `news_picnews` ORDER BY time desc LIMIT 6   [ RunTime:0.0017s ]
SQL: SELECT * FROM `news_picnews` ORDER BY time desc LIMIT 6   [ RunTime:0.0015s ]
SQL: SELECT * FROM `news_picnews` ORDER BY view desc LIMIT 6   [ RunTime:0.0016s ]
SQL: SELECT * FROM `news_picnews` ORDER BY love desc LIMIT 3   [ RunTime:0.0015s ]
SQL: SHOW COLUMNS FROM `news_video` [ RunTime:0.0037s ]
SQL: SELECT * FROM `news_video` ORDER BY addtime desc LIMIT 6   [ RunTime:0.0013s ]
SQL: SHOW COLUMNS FROM `news_rank` [ RunTime:0.0024s ]
SQL: SELECT * FROM `news_rank` ORDER BY rank LIMIT 8   [ RunTime:0.0012s ]
SQL: SHOW COLUMNS FROM `news_lesson` [ RunTime:0.0022s ]
SQL: SELECT * FROM `news_lesson` ORDER BY addtime desc LIMIT 5   [ RunTime:0.0014s ]
SQL: SELECT * FROM `news_lesson` WHERE `forteam` = '广州恒大' ORDER BY view desc LIMIT 5   [ RunTime:0.0013s ]
SQL: SELECT * FROM `news_lesson` WHERE `forteam` = '山东鲁能' ORDER BY view desc LIMIT 5   [ RunTime:0.0010s ]
SQL: SELECT * FROM `news_lesson` WHERE `forteam` = '北京国安' ORDER BY view desc LIMIT 5   [ RunTime:0.0011s ]
SQL: SELECT * FROM `news_video` WHERE `type` = 'gzhd'  [ RunTime:0.0012s ]
INFO: [ view_parse ] --START--
INFO: [ template_filter ] --START--
INFO: Run Behavior\ContentReplaceBehavior [ RunTime:0.000432s ]
INFO: [ template_filter ] --END-- [ RunTime:0.000571s ]
NOTIC: [8] Undefined index: view /var/www/foot/Application/Runtime/Cache/Home/74c9bdbded7009a43a281be8a565b911.php 第 422 行.
NOTIC: [8] Undefined index: view /var/www/foot/Application/Runtime/Cache/Home/74c9bdbded7009a43a281be8a565b911.php 第 422 行.
NOTIC: [8] Undefined index: view /var/www/foot/Application/Runtime/Cache/Home/74c9bdbded7009a43a281be8a565b911.php 第 422 行.
INFO: Run Behavior\ParseTemplateBehavior [ RunTime:0.013377s ]
INFO: [ view_parse ] --END-- [ RunTime:0.013483s ]
INFO: [ view_filter ] --START--
INFO: Run Behavior\WriteHtmlCacheBehavior [ RunTime:0.000183s ]
INFO: [ view_filter ] --END-- [ RunTime:0.000242s ]
INFO: [ app_end ] --START--
INFO: Run Behavior\ShowPageTraceBehavior [ RunTime:0.000187s ]
INFO: [ app_end ] --END-- [ RunTime:0.000318s ]

[ 2017-03-22T21:44:54+08:00 ] ::1 /foot/
INFO: [ app_init ] --START--
INFO: Run Behavior\BuildLiteBehavior [ RunTime:0.000021s ]
INFO: [ app_init ] --END-- [ RunTime:0.000148s ]
INFO: [ app_begin ] --START--
INFO: Run Behavior\ReadHtmlCacheBehavior [ RunTime:0.000064s ]
INFO: [ app_begin ] --END-- [ RunTime:0.000126s ]
SQL: SHOW COLUMNS FROM `news_lesson` [ RunTime:0.0026s ]
SQL: SELECT * FROM `news_lesson` ORDER BY addtime desc LIMIT 4   [ RunTime:0.0012s ]
SQL: SHOW COLUMNS FROM `news_picnews` [ RunTime:0.0018s ]
SQL: SELECT * FROM `news_picnews` ORDER BY time desc LIMIT 6   [ RunTime:0.0012s ]
SQL: SELECT * FROM `news_picnews` ORDER BY time desc LIMIT 6   [ RunTime:0.0012s ]
SQL: SELECT * FROM `news_picnews` ORDER BY time desc LIMIT 6   [ RunTime:0.0010s ]
SQL: SELECT * FROM `news_picnews` ORDER BY view desc LIMIT 6   [ RunTime:0.0011s ]
SQL: SELECT * FROM `news_picnews` ORDER BY love desc LIMIT 3   [ RunTime:0.0009s ]
SQL: SHOW COLUMNS FROM `news_video` [ RunTime:0.0020s ]
SQL: SELECT * FROM `news_video` ORDER BY addtime desc LIMIT 6   [ RunTime:0.0012s ]
SQL: SHOW COLUMNS FROM `news_rank` [ RunTime:0.0022s ]
SQL: SELECT * FROM `news_rank` ORDER BY rank LIMIT 8   [ RunTime:0.0013s ]
SQL: SHOW COLUMNS FROM `news_lesson` [ RunTime:0.0018s ]
SQL: SELECT * FROM `news_lesson` ORDER BY addtime desc LIMIT 5   [ RunTime:0.0008s ]
SQL: SELECT * FROM `news_lesson` WHERE `forteam` = '广州恒大' ORDER BY view desc LIMIT 5   [ RunTime:0.0007s ]
SQL: SELECT * FROM `news_lesson` WHERE `forteam` = '山东鲁能' ORDER BY view desc LIMIT 5   [ RunTime:0.0016s ]
SQL: SELECT * FROM `news_lesson` WHERE `forteam` = '北京国安' ORDER BY view desc LIMIT 5   [ RunTime:0.0009s ]
SQL: SELECT * FROM `news_video` WHERE `type` = 'gzhd'  [ RunTime:0.0010s ]
INFO: [ view_parse ] --START--
INFO: [ template_filter ] --START--
INFO: Run Behavior\ContentReplaceBehavior [ RunTime:0.000429s ]
INFO: [ template_filter ] --END-- [ RunTime:0.000862s ]
NOTIC: [8] Undefined index: view /var/www/foot/Application/Runtime/Cache/Home/74c9bdbded7009a43a281be8a565b911.php 第 422 行.
NOTIC: [8] Undefined index: view /var/www/foot/Application/Runtime/Cache/Home/74c9bdbded7009a43a281be8a565b911.php 第 422 行.
NOTIC: [8] Undefined index: view /var/www/foot/Application/Runtime/Cache/Home/74c9bdbded7009a43a281be8a565b911.php 第 422 行.
INFO: Run Behavior\ParseTemplateBehavior [ RunTime:0.013454s ]
INFO: [ view_parse ] --END-- [ RunTime:0.013543s ]
INFO: [ view_filter ] --START--
INFO: Run Behavior\WriteHtmlCacheBehavior [ RunTime:0.000104s ]
INFO: [ view_filter ] --END-- [ RunTime:0.000160s ]
INFO: [ app_end ] --START--
INFO: Run Behavior\ShowPageTraceBehavior [ RunTime:0.000134s ]
INFO: [ app_end ] --END-- [ RunTime:0.000251s ]

[ 2017-03-22T21:45:22+08:00 ] ::1 /foot/index.php/home/picnews/view/id/71
INFO: [ app_init ] --START--
INFO: Run Behavior\BuildLiteBehavior [ RunTime:0.000026s ]
INFO: [ app_init ] --END-- [ RunTime:0.000187s ]
INFO: [ app_begin ] --START--
INFO: Run Behavior\ReadHtmlCacheBehavior [ RunTime:0.000090s ]
INFO: [ app_begin ] --END-- [ RunTime:0.000156s ]
SQL: SHOW COLUMNS FROM `news_picnews` [ RunTime:0.0018s ]
SQL: SELECT * FROM `news_picnews` WHERE ( id=71 ) LIMIT 1   [ RunTime:0.0010s ]
SQL: UPDATE `news_picnews` SET `view`=view+1 WHERE ( id=71 ) [ RunTime:0.0159s ]
SQL: SHOW COLUMNS FROM `news_picnews_comment` [ RunTime:0.0028s ]
SQL: SELECT * FROM `news_picnews_comment` WHERE `nid` = 71 ORDER BY create_time desc LIMIT 0,10   [ RunTime:0.0021s ]
SQL: SELECT COUNT(*) AS tp_count FROM `news_picnews_comment` WHERE `nid` = 71 LIMIT 1   [ RunTime:0.0013s ]
INFO: [ view_parse ] --START--
INFO: [ template_filter ] --START--
INFO: Run Behavior\ContentReplaceBehavior [ RunTime:0.000349s ]
INFO: [ template_filter ] --END-- [ RunTime:0.000501s ]
NOTIC: [8] Undefined index: editor /var/www/foot/Application/Runtime/Cache/Home/93bc57f45e11a30493cb891e3f47ae63.php 第 95 行.
NOTIC: [8] Undefined index: addtime /var/www/foot/Application/Runtime/Cache/Home/93bc57f45e11a30493cb891e3f47ae63.php 第 95 行.
INFO: Run Behavior\ParseTemplateBehavior [ RunTime:0.010493s ]
INFO: [ view_parse ] --END-- [ RunTime:0.010783s ]
INFO: [ view_filter ] --START--
INFO: Run Behavior\WriteHtmlCacheBehavior [ RunTime:0.000127s ]
INFO: [ view_filter ] --END-- [ RunTime:0.000184s ]
INFO: [ app_end ] --START--
INFO: Run Behavior\ShowPageTraceBehavior [ RunTime:0.000079s ]
INFO: [ app_end ] --END-- [ RunTime:0.000135s ]

