[ 2017-02-02T14:38:52+08:00 ] ::1 /foot/
INFO: [ app_init ] --START--
INFO: Run Behavior\BuildLiteBehavior [ RunTime:0.000039s ]
INFO: [ app_init ] --END-- [ RunTime:0.000336s ]
INFO: [ app_begin ] --START--
INFO: Run Behavior\ReadHtmlCacheBehavior [ RunTime:0.000089s ]
INFO: [ app_begin ] --END-- [ RunTime:0.000163s ]
SQL: SHOW COLUMNS FROM `news_lesson` [ RunTime:0.0027s ]
SQL: SELECT * FROM `news_lesson` ORDER BY addtime desc LIMIT 4   [ RunTime:0.0006s ]
SQL: SHOW COLUMNS FROM `news_picnews` [ RunTime:0.0038s ]
SQL: SELECT * FROM `news_picnews` ORDER BY time desc LIMIT 6   [ RunTime:0.0013s ]
SQL: SELECT * FROM `news_picnews` ORDER BY time desc LIMIT 6   [ RunTime:0.0014s ]
SQL: SELECT * FROM `news_picnews` ORDER BY time desc LIMIT 6   [ RunTime:0.0016s ]
SQL: SELECT * FROM `news_picnews` ORDER BY view desc LIMIT 6   [ RunTime:0.0010s ]
SQL: SELECT * FROM `news_picnews` ORDER BY love desc LIMIT 3   [ RunTime:0.0008s ]
SQL: SHOW COLUMNS FROM `news_video` [ RunTime:0.0036s ]
SQL: SELECT * FROM `news_video` ORDER BY addtime desc LIMIT 6   [ RunTime:0.0008s ]
SQL: SHOW COLUMNS FROM `news_rank` [ RunTime:0.0038s ]
SQL: SELECT * FROM `news_rank` ORDER BY rank LIMIT 8   [ RunTime:0.0011s ]
SQL: SHOW COLUMNS FROM `news_lesson` [ RunTime:0.0020s ]
SQL: SELECT * FROM `news_lesson` ORDER BY addtime desc LIMIT 5   [ RunTime:0.0009s ]
SQL: SELECT * FROM `news_lesson` WHERE `forteam` = '广州恒大' ORDER BY view desc LIMIT 5   [ RunTime:0.0008s ]
SQL: SELECT * FROM `news_lesson` WHERE `forteam` = '山东鲁能' ORDER BY view desc LIMIT 5   [ RunTime:0.0006s ]
SQL: SELECT * FROM `news_lesson` WHERE `forteam` = '北京国安' ORDER BY view desc LIMIT 5   [ RunTime:0.0007s ]
SQL: SELECT * FROM `news_video` WHERE `type` = 'gzhd'  [ RunTime:0.0008s ]
INFO: [ view_parse ] --START--
INFO: [ template_filter ] --START--
INFO: Run Behavior\ContentReplaceBehavior [ RunTime:0.000398s ]
INFO: [ template_filter ] --END-- [ RunTime:0.000509s ]
NOTIC: [8] Undefined index: view /var/www/foot/Application/Runtime/Cache/Home/74c9bdbded7009a43a281be8a565b911.php 第 422 行.
NOTIC: [8] Undefined index: view /var/www/foot/Application/Runtime/Cache/Home/74c9bdbded7009a43a281be8a565b911.php 第 422 行.
NOTIC: [8] Undefined index: view /var/www/foot/Application/Runtime/Cache/Home/74c9bdbded7009a43a281be8a565b911.php 第 422 行.
NOTIC: [8] Undefined index: view /var/www/foot/Application/Runtime/Cache/Home/74c9bdbded7009a43a281be8a565b911.php 第 422 行.
INFO: Run Behavior\ParseTemplateBehavior [ RunTime:0.019722s ]
INFO: [ view_parse ] --END-- [ RunTime:0.019818s ]
INFO: [ view_filter ] --START--
INFO: Run Behavior\WriteHtmlCacheBehavior [ RunTime:0.000082s ]
INFO: [ view_filter ] --END-- [ RunTime:0.000124s ]
INFO: [ app_end ] --START--
INFO: Run Behavior\ShowPageTraceBehavior [ RunTime:0.000063s ]
INFO: [ app_end ] --END-- [ RunTime:0.000152s ]

[ 2017-02-02T14:38:57+08:00 ] ::1 /foot/index.php/home/picnews/view/id/5
INFO: [ app_init ] --START--
INFO: Run Behavior\BuildLiteBehavior [ RunTime:0.000026s ]
INFO: [ app_init ] --END-- [ RunTime:0.000188s ]
INFO: [ app_begin ] --START--
INFO: Run Behavior\ReadHtmlCacheBehavior [ RunTime:0.000098s ]
INFO: [ app_begin ] --END-- [ RunTime:0.000186s ]
SQL: SHOW COLUMNS FROM `news_picnews` [ RunTime:0.0021s ]
SQL: SELECT * FROM `news_picnews` WHERE ( id=5 ) LIMIT 1   [ RunTime:0.0012s ]
SQL: UPDATE `news_picnews` SET `view`=view+1 WHERE ( id=5 ) [ RunTime:0.0133s ]
SQL: SHOW COLUMNS FROM `news_picnews_comment` [ RunTime:0.0036s ]
SQL: SELECT * FROM `news_picnews_comment` WHERE `nid` = 5 ORDER BY create_time desc LIMIT 0,10   [ RunTime:0.0016s ]
SQL: SELECT COUNT(*) AS tp_count FROM `news_picnews_comment` WHERE `nid` = 5 LIMIT 1   [ RunTime:0.0009s ]
INFO: [ view_parse ] --START--
INFO: [ template_filter ] --START--
INFO: Run Behavior\ContentReplaceBehavior [ RunTime:0.000230s ]
INFO: [ template_filter ] --END-- [ RunTime:0.000328s ]
NOTIC: [8] Undefined index: addtime /var/www/foot/Application/Runtime/Cache/Home/93bc57f45e11a30493cb891e3f47ae63.php 第 95 行.
NOTIC: [8] Undefined variable: level3 /var/www/foot/Application/Runtime/Cache/Home/93bc57f45e11a30493cb891e3f47ae63.php 第 117 行.
NOTIC: [8] Undefined variable: level1 /var/www/foot/Application/Runtime/Cache/Home/93bc57f45e11a30493cb891e3f47ae63.php 第 119 行.
NOTIC: [8] Undefined variable: level3 /var/www/foot/Application/Runtime/Cache/Home/93bc57f45e11a30493cb891e3f47ae63.php 第 117 行.
NOTIC: [8] Undefined variable: level1 /var/www/foot/Application/Runtime/Cache/Home/93bc57f45e11a30493cb891e3f47ae63.php 第 119 行.
NOTIC: [8] Undefined variable: level3 /var/www/foot/Application/Runtime/Cache/Home/93bc57f45e11a30493cb891e3f47ae63.php 第 117 行.
NOTIC: [8] Undefined variable: level1 /var/www/foot/Application/Runtime/Cache/Home/93bc57f45e11a30493cb891e3f47ae63.php 第 119 行.
NOTIC: [8] Undefined variable: level3 /var/www/foot/Application/Runtime/Cache/Home/93bc57f45e11a30493cb891e3f47ae63.php 第 117 行.
NOTIC: [8] Undefined variable: level1 /var/www/foot/Application/Runtime/Cache/Home/93bc57f45e11a30493cb891e3f47ae63.php 第 119 行.
NOTIC: [8] Undefined variable: level3 /var/www/foot/Application/Runtime/Cache/Home/93bc57f45e11a30493cb891e3f47ae63.php 第 117 行.
NOTIC: [8] Undefined variable: level1 /var/www/foot/Application/Runtime/Cache/Home/93bc57f45e11a30493cb891e3f47ae63.php 第 119 行.
NOTIC: [8] Undefined variable: level3 /var/www/foot/Application/Runtime/Cache/Home/93bc57f45e11a30493cb891e3f47ae63.php 第 117 行.
NOTIC: [8] Undefined variable: level1 /var/www/foot/Application/Runtime/Cache/Home/93bc57f45e11a30493cb891e3f47ae63.php 第 119 行.
NOTIC: [8] Undefined variable: level3 /var/www/foot/Application/Runtime/Cache/Home/93bc57f45e11a30493cb891e3f47ae63.php 第 117 行.
NOTIC: [8] Undefined variable: level1 /var/www/foot/Application/Runtime/Cache/Home/93bc57f45e11a30493cb891e3f47ae63.php 第 119 行.
NOTIC: [8] Undefined variable: level3 /var/www/foot/Application/Runtime/Cache/Home/93bc57f45e11a30493cb891e3f47ae63.php 第 117 行.
NOTIC: [8] Undefined variable: level1 /var/www/foot/Application/Runtime/Cache/Home/93bc57f45e11a30493cb891e3f47ae63.php 第 119 行.
NOTIC: [8] Undefined variable: level3 /var/www/foot/Application/Runtime/Cache/Home/93bc57f45e11a30493cb891e3f47ae63.php 第 117 行.
NOTIC: [8] Undefined variable: level1 /var/www/foot/Application/Runtime/Cache/Home/93bc57f45e11a30493cb891e3f47ae63.php 第 119 行.
NOTIC: [8] Undefined variable: level3 /var/www/foot/Application/Runtime/Cache/Home/93bc57f45e11a30493cb891e3f47ae63.php 第 117 行.
NOTIC: [8] Undefined variable: level1 /var/www/foot/Application/Runtime/Cache/Home/93bc57f45e11a30493cb891e3f47ae63.php 第 119 行.
INFO: Run Behavior\ParseTemplateBehavior [ RunTime:0.008385s ]
INFO: [ view_parse ] --END-- [ RunTime:0.008468s ]
INFO: [ view_filter ] --START--
INFO: Run Behavior\WriteHtmlCacheBehavior [ RunTime:0.000091s ]
INFO: [ view_filter ] --END-- [ RunTime:0.000155s ]
INFO: [ app_end ] --START--
INFO: Run Behavior\ShowPageTraceBehavior [ RunTime:0.000074s ]
INFO: [ app_end ] --END-- [ RunTime:0.000142s ]

[ 2017-02-02T14:38:57+08:00 ] ::1 /foot/
INFO: [ app_init ] --START--
INFO: Run Behavior\BuildLiteBehavior [ RunTime:0.000025s ]
INFO: [ app_init ] --END-- [ RunTime:0.000148s ]
INFO: [ app_begin ] --START--
INFO: Run Behavior\ReadHtmlCacheBehavior [ RunTime:0.000080s ]
INFO: [ app_begin ] --END-- [ RunTime:0.000158s ]
SQL: SHOW COLUMNS FROM `news_lesson` [ RunTime:0.0019s ]
SQL: SELECT * FROM `news_lesson` ORDER BY addtime desc LIMIT 4   [ RunTime:0.0012s ]
SQL: SHOW COLUMNS FROM `news_picnews` [ RunTime:0.0021s ]
SQL: SELECT * FROM `news_picnews` ORDER BY time desc LIMIT 6   [ RunTime:0.0014s ]
SQL: SELECT * FROM `news_picnews` ORDER BY time desc LIMIT 6   [ RunTime:0.0009s ]
SQL: SELECT * FROM `news_picnews` ORDER BY time desc LIMIT 6   [ RunTime:0.0013s ]
SQL: SELECT * FROM `news_picnews` ORDER BY view desc LIMIT 6   [ RunTime:0.0011s ]
SQL: SELECT * FROM `news_picnews` ORDER BY love desc LIMIT 3   [ RunTime:0.0009s ]
SQL: SHOW COLUMNS FROM `news_video` [ RunTime:0.0016s ]
SQL: SELECT * FROM `news_video` ORDER BY addtime desc LIMIT 6   [ RunTime:0.0009s ]
SQL: SHOW COLUMNS FROM `news_rank` [ RunTime:0.0051s ]
SQL: SELECT * FROM `news_rank` ORDER BY rank LIMIT 8   [ RunTime:0.0012s ]
SQL: SHOW COLUMNS FROM `news_lesson` [ RunTime:0.0023s ]
SQL: SELECT * FROM `news_lesson` ORDER BY addtime desc LIMIT 5   [ RunTime:0.0010s ]
SQL: SELECT * FROM `news_lesson` WHERE `forteam` = '广州恒大' ORDER BY view desc LIMIT 5   [ RunTime:0.0010s ]
SQL: SELECT * FROM `news_lesson` WHERE `forteam` = '山东鲁能' ORDER BY view desc LIMIT 5   [ RunTime:0.0008s ]
SQL: SELECT * FROM `news_lesson` WHERE `forteam` = '北京国安' ORDER BY view desc LIMIT 5   [ RunTime:0.0008s ]
SQL: SELECT * FROM `news_video` WHERE `type` = 'gzhd'  [ RunTime:0.0006s ]
INFO: [ view_parse ] --START--
INFO: [ template_filter ] --START--
INFO: Run Behavior\ContentReplaceBehavior [ RunTime:0.000368s ]
INFO: [ template_filter ] --END-- [ RunTime:0.000479s ]
NOTIC: [8] Undefined index: view /var/www/foot/Application/Runtime/Cache/Home/74c9bdbded7009a43a281be8a565b911.php 第 422 行.
NOTIC: [8] Undefined index: view /var/www/foot/Application/Runtime/Cache/Home/74c9bdbded7009a43a281be8a565b911.php 第 422 行.
NOTIC: [8] Undefined index: view /var/www/foot/Application/Runtime/Cache/Home/74c9bdbded7009a43a281be8a565b911.php 第 422 行.
NOTIC: [8] Undefined index: view /var/www/foot/Application/Runtime/Cache/Home/74c9bdbded7009a43a281be8a565b911.php 第 422 行.
INFO: Run Behavior\ParseTemplateBehavior [ RunTime:0.011587s ]
INFO: [ view_parse ] --END-- [ RunTime:0.011682s ]
INFO: [ view_filter ] --START--
INFO: Run Behavior\WriteHtmlCacheBehavior [ RunTime:0.000110s ]
INFO: [ view_filter ] --END-- [ RunTime:0.000171s ]
INFO: [ app_end ] --START--
INFO: Run Behavior\ShowPageTraceBehavior [ RunTime:0.000179s ]
INFO: [ app_end ] --END-- [ RunTime:0.000326s ]

[ 2017-02-02T14:39:04+08:00 ] ::1 /foot/index.php/home/user/login
INFO: [ app_init ] --START--
INFO: Run Behavior\BuildLiteBehavior [ RunTime:0.000035s ]
INFO: [ app_init ] --END-- [ RunTime:0.000250s ]
INFO: [ app_begin ] --START--
INFO: Run Behavior\ReadHtmlCacheBehavior [ RunTime:0.000120s ]
INFO: [ app_begin ] --END-- [ RunTime:0.000228s ]
INFO: [ view_parse ] --START--
INFO: [ template_filter ] --START--
INFO: Run Behavior\ContentReplaceBehavior [ RunTime:0.000152s ]
INFO: [ template_filter ] --END-- [ RunTime:0.000306s ]
INFO: Run Behavior\ParseTemplateBehavior [ RunTime:0.004307s ]
INFO: [ view_parse ] --END-- [ RunTime:0.004480s ]
INFO: [ view_filter ] --START--
INFO: Run Behavior\WriteHtmlCacheBehavior [ RunTime:0.000146s ]
INFO: [ view_filter ] --END-- [ RunTime:0.000223s ]
INFO: [ app_end ] --START--
INFO: Run Behavior\ShowPageTraceBehavior [ RunTime:0.000085s ]
INFO: [ app_end ] --END-- [ RunTime:0.000162s ]

