[ 2016-11-03T16:10:42+08:00 ] 120.195.137.162 /index.php/v/picnews/view/id/22
INFO: [ app_init ] --START--
INFO: Run Behavior\BuildLiteBehavior [ RunTime:0.000000s ]
INFO: [ app_init ] --END-- [ RunTime:0.000000s ]
ERR: 无法加载模块:V

[ 2016-11-03T16:10:45+08:00 ] 120.195.137.162 /index.php/v/picnews/view/id/22
INFO: [ app_init ] --START--
INFO: Run Behavior\BuildLiteBehavior [ RunTime:0.000000s ]
INFO: [ app_init ] --END-- [ RunTime:0.000000s ]
ERR: 无法加载模块:V

[ 2016-11-03T16:11:06+08:00 ] 120.195.137.162 /index.php/v/picnews/view/id/22
INFO: [ app_init ] --START--
INFO: Run Behavior\BuildLiteBehavior [ RunTime:0.000000s ]
INFO: [ app_init ] --END-- [ RunTime:0.000000s ]
ERR: 无法加载模块:V

[ 2016-11-03T16:12:22+08:00 ] 220.181.132.217 /index.php/v/picnews/view/id/22
INFO: [ app_init ] --START--
INFO: Run Behavior\BuildLiteBehavior [ RunTime:0.000000s ]
INFO: [ app_init ] --END-- [ RunTime:0.000000s ]
ERR: 无法加载模块:V

[ 2016-11-03T16:12:38+08:00 ] 220.181.132.199 /index.php/v/picnews/view/id/22
INFO: [ app_init ] --START--
INFO: Run Behavior\BuildLiteBehavior [ RunTime:0.000000s ]
INFO: [ app_init ] --END-- [ RunTime:0.000000s ]
ERR: 无法加载模块:V

[ 2016-11-03T16:12:38+08:00 ] 182.118.20.156 /index.php/v/picnews/view/id/22
INFO: [ app_init ] --START--
INFO: Run Behavior\BuildLiteBehavior [ RunTime:0.000000s ]
INFO: [ app_init ] --END-- [ RunTime:0.000000s ]
ERR: 无法加载模块:V

[ 2016-11-03T16:12:41+08:00 ] 182.118.20.156 /index.php/v/picnews/view/id/22
INFO: [ app_init ] --START--
INFO: Run Behavior\BuildLiteBehavior [ RunTime:0.000000s ]
INFO: [ app_init ] --END-- [ RunTime:0.000000s ]
ERR: 无法加载模块:V

[ 2016-11-03T16:13:13+08:00 ] 171.8.167.66 /index.php/v/picnews/view/id/22
INFO: [ app_init ] --START--
INFO: Run Behavior\BuildLiteBehavior [ RunTime:0.000000s ]
INFO: [ app_init ] --END-- [ RunTime:0.000000s ]
ERR: 无法加载模块:V

[ 2016-11-03T16:14:02+08:00 ] 120.195.137.162 /index.php/v/picnews/view/id/22
INFO: [ app_init ] --START--
INFO: Run Behavior\BuildLiteBehavior [ RunTime:0.000000s ]
INFO: [ app_init ] --END-- [ RunTime:0.000000s ]
ERR: 无法加载模块:V

[ 2016-11-03T16:16:40+08:00 ] 120.195.137.162 /index.php/v/picnews/view/id/22
INFO: [ app_init ] --START--
INFO: Run Behavior\BuildLiteBehavior [ RunTime:0.000000s ]
INFO: [ app_init ] --END-- [ RunTime:0.000000s ]
ERR: 无法加载模块:V

[ 2016-11-03T16:17:09+08:00 ] 120.195.137.162 /index.php/v/picnews/view/id/22
INFO: [ app_init ] --START--
INFO: Run Behavior\BuildLiteBehavior [ RunTime:0.000000s ]
INFO: [ app_init ] --END-- [ RunTime:0.000000s ]
ERR: 无法加载模块:V

[ 2016-11-03T17:28:34+08:00 ] 120.195.137.162 /index.php/favicon.ico
INFO: [ app_init ] --START--
INFO: Run Behavior\BuildLiteBehavior [ RunTime:0.000000s ]
INFO: [ app_init ] --END-- [ RunTime:0.000000s ]
ERR: 无法加载模块:Favicon

[ 2016-11-03T17:30:33+08:00 ] 120.195.137.162 /index.php/v/picnews/view/id/18
INFO: [ app_init ] --START--
INFO: Run Behavior\BuildLiteBehavior [ RunTime:0.000000s ]
INFO: [ app_init ] --END-- [ RunTime:0.000000s ]
ERR: 无法加载模块:V

[ 2016-11-03T21:47:09+08:00 ] 64.79.100.20 /index.php/v/picnews/view/id/5
INFO: [ app_init ] --START--
INFO: Run Behavior\BuildLiteBehavior [ RunTime:0.000000s ]
INFO: [ app_init ] --END-- [ RunTime:0.000000s ]
ERR: 无法加载模块:V

[ 2016-11-03T21:47:10+08:00 ] 64.79.100.20 /index.php/v/picnews/view/id/5
INFO: [ app_init ] --START--
INFO: Run Behavior\BuildLiteBehavior [ RunTime:0.000000s ]
INFO: [ app_init ] --END-- [ RunTime:0.000000s ]
ERR: 无法加载模块:V

[ 2016-11-03T21:47:10+08:00 ] 64.79.100.20 /index.php/v/picnews/view/id/4
INFO: [ app_init ] --START--
INFO: Run Behavior\BuildLiteBehavior [ RunTime:0.000000s ]
INFO: [ app_init ] --END-- [ RunTime:0.000000s ]
ERR: 无法加载模块:V

