[ 2016-12-19T20:45:05+08:00 ] ::1 /foot/admin.php
INFO: [ app_init ] --START--
INFO: Run Behavior\BuildLiteBehavior [ RunTime:0.000043s ]
INFO: [ app_init ] --END-- [ RunTime:0.002598s ]
INFO: [ app_begin ] --START--
INFO: Run Behavior\ReadHtmlCacheBehavior [ RunTime:0.002109s ]
INFO: [ app_begin ] --END-- [ RunTime:0.002253s ]
INFO: [ view_parse ] --START--
INFO: [ template_filter ] --START--
INFO: Run Behavior\ContentReplaceBehavior [ RunTime:0.000231s ]
INFO: [ template_filter ] --END-- [ RunTime:0.000341s ]
NOTIC: [8] Undefined variable: item /var/www/foot/Backend/Runtime/Cache/Home/f90dca177af49f305dffc2aced3c3e40.php 第 175 行.
NOTIC: [8] Undefined variable: nav /var/www/foot/Backend/Runtime/Cache/Home/f90dca177af49f305dffc2aced3c3e40.php 第 268 行.
INFO: Run Behavior\ParseTemplateBehavior [ RunTime:0.024116s ]
INFO: [ view_parse ] --END-- [ RunTime:0.024199s ]
INFO: [ view_filter ] --START--
INFO: Run Behavior\WriteHtmlCacheBehavior [ RunTime:0.000731s ]
INFO: [ view_filter ] --END-- [ RunTime:0.000795s ]
INFO: [ app_end ] --START--
INFO: Run Behavior\ShowPageTraceBehavior [ RunTime:0.002278s ]
INFO: [ app_end ] --END-- [ RunTime:0.002368s ]

