[ 2016-12-16T00:03:24+08:00 ] 127.0.0.1 /foot/admin.php/home/user/logout
INFO: [ app_init ] --START--
INFO: Run Behavior\BuildLiteBehavior [ RunTime:0.000022s ]
INFO: [ app_init ] --END-- [ RunTime:0.000168s ]
INFO: [ app_begin ] --START--
INFO: Run Behavior\ReadHtmlCacheBehavior [ RunTime:0.000078s ]
INFO: [ app_begin ] --END-- [ RunTime:0.000142s ]

[ 2016-12-16T00:03:24+08:00 ] 127.0.0.1 /foot/admin.php/Home/user/login.html
INFO: [ app_init ] --START--
INFO: Run Behavior\BuildLiteBehavior [ RunTime:0.000022s ]
INFO: [ app_init ] --END-- [ RunTime:0.000153s ]
INFO: [ app_begin ] --START--
INFO: Run Behavior\ReadHtmlCacheBehavior [ RunTime:0.000060s ]
INFO: [ app_begin ] --END-- [ RunTime:0.000124s ]
INFO: [ view_parse ] --START--
INFO: [ template_filter ] --START--
INFO: Run Behavior\ContentReplaceBehavior [ RunTime:0.000110s ]
INFO: [ template_filter ] --END-- [ RunTime:0.000198s ]
INFO: Run Behavior\ParseTemplateBehavior [ RunTime:0.002628s ]
INFO: [ view_parse ] --END-- [ RunTime:0.002696s ]
INFO: [ view_filter ] --START--
INFO: Run Behavior\WriteHtmlCacheBehavior [ RunTime:0.000082s ]
INFO: [ view_filter ] --END-- [ RunTime:0.000138s ]
INFO: [ app_end ] --START--
INFO: Run Behavior\ShowPageTraceBehavior [ RunTime:0.000074s ]
INFO: [ app_end ] --END-- [ RunTime:0.000133s ]

[ 2016-12-16T00:03:30+08:00 ] 127.0.0.1 /foot/admin.php/home/user/chklogin
INFO: [ app_init ] --START--
INFO: Run Behavior\BuildLiteBehavior [ RunTime:0.000021s ]
INFO: [ app_init ] --END-- [ RunTime:0.000160s ]
INFO: [ app_begin ] --START--
INFO: Run Behavior\ReadHtmlCacheBehavior [ RunTime:0.000069s ]
INFO: [ app_begin ] --END-- [ RunTime:0.000129s ]
SQL: SHOW COLUMNS FROM `news_user` [ RunTime:0.0015s ]
SQL: SELECT * FROM `news_user` WHERE `name` = 'sadd' AND `password` = 'asasd' LIMIT 1   [ RunTime:0.0008s ]
INFO: [ app_end ] --START--
INFO: Run Behavior\ShowPageTraceBehavior [ RunTime:0.000168s ]
INFO: [ app_end ] --END-- [ RunTime:0.000239s ]

[ 2016-12-16T00:03:41+08:00 ] 127.0.0.1 /foot/admin.php/home/user/chklogin
INFO: [ app_init ] --START--
INFO: Run Behavior\BuildLiteBehavior [ RunTime:0.000023s ]
INFO: [ app_init ] --END-- [ RunTime:0.000173s ]
INFO: [ app_begin ] --START--
INFO: Run Behavior\ReadHtmlCacheBehavior [ RunTime:0.000074s ]
INFO: [ app_begin ] --END-- [ RunTime:0.000136s ]
SQL: SHOW COLUMNS FROM `news_user` [ RunTime:0.0015s ]
SQL: SELECT * FROM `news_user` WHERE `name` = 'sadd' AND `password` = 'asasd' LIMIT 1   [ RunTime:0.0009s ]
INFO: [ app_end ] --START--
INFO: Run Behavior\ShowPageTraceBehavior [ RunTime:0.000158s ]
INFO: [ app_end ] --END-- [ RunTime:0.000222s ]

[ 2016-12-16T00:03:44+08:00 ] 127.0.0.1 /foot/admin.php/Home/user/login.html
INFO: [ app_init ] --START--
INFO: Run Behavior\BuildLiteBehavior [ RunTime:0.000028s ]
INFO: [ app_init ] --END-- [ RunTime:0.000209s ]
INFO: [ app_begin ] --START--
INFO: Run Behavior\ReadHtmlCacheBehavior [ RunTime:0.000088s ]
INFO: [ app_begin ] --END-- [ RunTime:0.000153s ]
INFO: [ view_parse ] --START--
INFO: [ template_filter ] --START--
INFO: Run Behavior\ContentReplaceBehavior [ RunTime:0.000094s ]
INFO: [ template_filter ] --END-- [ RunTime:0.000185s ]
INFO: Run Behavior\ParseTemplateBehavior [ RunTime:0.002680s ]
INFO: [ view_parse ] --END-- [ RunTime:0.002756s ]
INFO: [ view_filter ] --START--
INFO: Run Behavior\WriteHtmlCacheBehavior [ RunTime:0.000097s ]
INFO: [ view_filter ] --END-- [ RunTime:0.000155s ]
INFO: [ app_end ] --START--
INFO: Run Behavior\ShowPageTraceBehavior [ RunTime:0.000069s ]
INFO: [ app_end ] --END-- [ RunTime:0.000128s ]

[ 2016-12-16T00:03:48+08:00 ] 127.0.0.1 /foot/admin.php/home/user/chklogin
INFO: [ app_init ] --START--
INFO: Run Behavior\BuildLiteBehavior [ RunTime:0.000021s ]
INFO: [ app_init ] --END-- [ RunTime:0.000161s ]
INFO: [ app_begin ] --START--
INFO: Run Behavior\ReadHtmlCacheBehavior [ RunTime:0.000070s ]
INFO: [ app_begin ] --END-- [ RunTime:0.000132s ]
SQL: SHOW COLUMNS FROM `news_user` [ RunTime:0.0014s ]
SQL: SELECT * FROM `news_user` WHERE `name` = 'sadd' AND `password` = 'ad' LIMIT 1   [ RunTime:0.0008s ]
INFO: [ app_end ] --START--
INFO: Run Behavior\ShowPageTraceBehavior [ RunTime:0.000153s ]
INFO: [ app_end ] --END-- [ RunTime:0.000215s ]

[ 2016-12-16T00:03:54+08:00 ] 127.0.0.1 /foot/admin.php/home/user/chklogin
INFO: [ app_init ] --START--
INFO: Run Behavior\BuildLiteBehavior [ RunTime:0.000111s ]
INFO: [ app_init ] --END-- [ RunTime:0.000255s ]
INFO: [ app_begin ] --START--
INFO: Run Behavior\ReadHtmlCacheBehavior [ RunTime:0.000076s ]
INFO: [ app_begin ] --END-- [ RunTime:0.000137s ]
SQL: SHOW COLUMNS FROM `news_user` [ RunTime:0.0016s ]
SQL: SELECT * FROM `news_user` WHERE `name` = 'sadd' AND `password` = 'ad' LIMIT 1   [ RunTime:0.0010s ]
INFO: [ app_end ] --START--
INFO: Run Behavior\ShowPageTraceBehavior [ RunTime:0.000224s ]
INFO: [ app_end ] --END-- [ RunTime:0.000294s ]

[ 2016-12-16T00:05:20+08:00 ] 127.0.0.1 /foot/admin.php/Home/user/login.html
INFO: [ app_init ] --START--
INFO: Run Behavior\BuildLiteBehavior [ RunTime:0.000020s ]
INFO: [ app_init ] --END-- [ RunTime:0.000161s ]
INFO: [ app_begin ] --START--
INFO: Run Behavior\ReadHtmlCacheBehavior [ RunTime:0.000076s ]
INFO: [ app_begin ] --END-- [ RunTime:0.000143s ]
INFO: [ view_parse ] --START--
INFO: [ template_filter ] --START--
INFO: Run Behavior\ContentReplaceBehavior [ RunTime:0.000100s ]
INFO: [ template_filter ] --END-- [ RunTime:0.000203s ]
INFO: Run Behavior\ParseTemplateBehavior [ RunTime:0.003496s ]
INFO: [ view_parse ] --END-- [ RunTime:0.003616s ]
INFO: [ view_filter ] --START--
INFO: Run Behavior\WriteHtmlCacheBehavior [ RunTime:0.000120s ]
INFO: [ view_filter ] --END-- [ RunTime:0.000178s ]
INFO: [ app_end ] --START--
INFO: Run Behavior\ShowPageTraceBehavior [ RunTime:0.000077s ]
INFO: [ app_end ] --END-- [ RunTime:0.000139s ]

[ 2016-12-16T00:05:26+08:00 ] 127.0.0.1 /foot/admin.php/home/user/chklogin
INFO: [ app_init ] --START--
INFO: Run Behavior\BuildLiteBehavior [ RunTime:0.000029s ]
INFO: [ app_init ] --END-- [ RunTime:0.000246s ]
INFO: [ app_begin ] --START--
INFO: Run Behavior\ReadHtmlCacheBehavior [ RunTime:0.000076s ]
INFO: [ app_begin ] --END-- [ RunTime:0.000140s ]
SQL: SHOW COLUMNS FROM `news_user` [ RunTime:0.0015s ]
SQL: SELECT * FROM `news_user` WHERE `name` = 'sadd' AND `password` = 'eqweqw' LIMIT 1   [ RunTime:0.0007s ]
INFO: [ app_end ] --START--
INFO: Run Behavior\ShowPageTraceBehavior [ RunTime:0.000236s ]
INFO: [ app_end ] --END-- [ RunTime:0.000299s ]

[ 2016-12-16T00:06:39+08:00 ] 127.0.0.1 /foot/admin.php/Home/user/login.html
INFO: [ app_init ] --START--
INFO: Run Behavior\BuildLiteBehavior [ RunTime:0.000025s ]
INFO: [ app_init ] --END-- [ RunTime:0.000180s ]
INFO: [ app_begin ] --START--
INFO: Run Behavior\ReadHtmlCacheBehavior [ RunTime:0.000078s ]
INFO: [ app_begin ] --END-- [ RunTime:0.000143s ]
INFO: [ view_parse ] --START--
INFO: [ template_filter ] --START--
INFO: Run Behavior\ContentReplaceBehavior [ RunTime:0.000121s ]
INFO: [ template_filter ] --END-- [ RunTime:0.000242s ]
INFO: Run Behavior\ParseTemplateBehavior [ RunTime:0.003092s ]
INFO: [ view_parse ] --END-- [ RunTime:0.003198s ]
INFO: [ view_filter ] --START--
INFO: Run Behavior\WriteHtmlCacheBehavior [ RunTime:0.000135s ]
INFO: [ view_filter ] --END-- [ RunTime:0.000191s ]
INFO: [ app_end ] --START--
INFO: Run Behavior\ShowPageTraceBehavior [ RunTime:0.000078s ]
INFO: [ app_end ] --END-- [ RunTime:0.000139s ]

[ 2016-12-16T00:06:44+08:00 ] 127.0.0.1 /foot/admin.php/home/user/chklogin
INFO: [ app_init ] --START--
INFO: Run Behavior\BuildLiteBehavior [ RunTime:0.000022s ]
INFO: [ app_init ] --END-- [ RunTime:0.000162s ]
INFO: [ app_begin ] --START--
INFO: Run Behavior\ReadHtmlCacheBehavior [ RunTime:0.000070s ]
INFO: [ app_begin ] --END-- [ RunTime:0.000130s ]
SQL: SHOW COLUMNS FROM `news_user` [ RunTime:0.0015s ]
SQL: SELECT * FROM `news_user` WHERE `name` = 'sadd' AND `password` = 'asa' LIMIT 1   [ RunTime:0.0007s ]

[ 2016-12-16T00:07:04+08:00 ] 127.0.0.1 /foot/admin.php/home/user/chklogin
INFO: [ app_init ] --START--
INFO: Run Behavior\BuildLiteBehavior [ RunTime:0.000022s ]
INFO: [ app_init ] --END-- [ RunTime:0.000165s ]
INFO: [ app_begin ] --START--
INFO: Run Behavior\ReadHtmlCacheBehavior [ RunTime:0.000070s ]
INFO: [ app_begin ] --END-- [ RunTime:0.000131s ]
SQL: SHOW COLUMNS FROM `news_user` [ RunTime:0.0014s ]
SQL: SELECT * FROM `news_user` WHERE `name` = 'mom' AND `password` = '123456' LIMIT 1   [ RunTime:0.0006s ]

[ 2016-12-16T00:07:15+08:00 ] 127.0.0.1 /foot/admin.php/home/user/chklogin
INFO: [ app_init ] --START--
INFO: Run Behavior\BuildLiteBehavior [ RunTime:0.000021s ]
INFO: [ app_init ] --END-- [ RunTime:0.000158s ]
INFO: [ app_begin ] --START--
INFO: Run Behavior\ReadHtmlCacheBehavior [ RunTime:0.000081s ]
INFO: [ app_begin ] --END-- [ RunTime:0.000143s ]
SQL: SHOW COLUMNS FROM `news_user` [ RunTime:0.0015s ]
SQL: SELECT * FROM `news_user` WHERE `name` = 'xiaohong' AND `password` = 'admin' LIMIT 1   [ RunTime:0.0007s ]
SQL: select node.id,node.name from news_think_role as role,news_think_role_user as user,news_think_access as access ,news_think_node as node where user.user_id='66' and user.role_id=role.id and ( access.role_id=role.id  or (access.role_id=role.pid and role.pid!=0 ) ) and role.status=1 and access.node_id=node.id and node.level=1 and node.status=1 [ RunTime:0.0063s ]
SQL: select node.id,node.name from news_think_role as role,news_think_role_user as user,news_think_access as access ,news_think_node as node where user.user_id='66' and user.role_id=role.id and ( access.role_id=role.id  or (access.role_id=role.pid and role.pid!=0 ) ) and role.status=1 and access.node_id=node.id and node.level=2 and node.pid=1 and node.status=1 [ RunTime:0.0015s ]
SQL: select node.id,node.name from news_think_role as role,news_think_role_user as user,news_think_access as access ,news_think_node as node where user.user_id='66' and user.role_id=role.id and ( access.role_id=role.id  or (access.role_id=role.pid and role.pid!=0 ) ) and role.status=1 and access.node_id=node.id and node.level=3 and node.pid=2 and node.status=1 [ RunTime:0.0012s ]
SQL: select node.id,node.name from news_think_role as role,news_think_role_user as user,news_think_access as access ,news_think_node as node where user.user_id='66' and user.role_id=role.id and ( access.role_id=role.id  or (access.role_id=role.pid and role.pid!=0 ) ) and role.status=1 and access.node_id=node.id and node.level=3 and node.pid=2 and node.status=1 [ RunTime:0.0011s ]
SQL: select node.id,node.name from news_think_role as role,news_think_role_user as user,news_think_access as access ,news_think_node as node where user.user_id='66' and user.role_id=role.id and ( access.role_id=role.id  or (access.role_id=role.pid and role.pid!=0 ) ) and role.status=1 and access.node_id=node.id and node.level=3 and node.pid=5 and node.status=1 [ RunTime:0.0011s ]
SQL: select node.id,node.name from news_think_role as role,news_think_role_user as user,news_think_access as access ,news_think_node as node where user.user_id='66' and user.role_id=role.id and ( access.role_id=role.id  or (access.role_id=role.pid and role.pid!=0 ) ) and role.status=1 and access.node_id=node.id and node.level=2 and node.pid=1 and node.status=1 [ RunTime:0.0012s ]
SQL: select node.id,node.name from news_think_role as role,news_think_role_user as user,news_think_access as access ,news_think_node as node where user.user_id='66' and user.role_id=role.id and ( access.role_id=role.id  or (access.role_id=role.pid and role.pid!=0 ) ) and role.status=1 and access.node_id=node.id and node.level=3 and node.pid=2 and node.status=1 [ RunTime:0.0012s ]
SQL: select node.id,node.name from news_think_role as role,news_think_role_user as user,news_think_access as access ,news_think_node as node where user.user_id='66' and user.role_id=role.id and ( access.role_id=role.id  or (access.role_id=role.pid and role.pid!=0 ) ) and role.status=1 and access.node_id=node.id and node.level=3 and node.pid=2 and node.status=1 [ RunTime:0.0011s ]
SQL: select node.id,node.name from news_think_role as role,news_think_role_user as user,news_think_access as access ,news_think_node as node where user.user_id='66' and user.role_id=role.id and ( access.role_id=role.id  or (access.role_id=role.pid and role.pid!=0 ) ) and role.status=1 and access.node_id=node.id and node.level=3 and node.pid=5 and node.status=1 [ RunTime:0.0012s ]
SQL: select node.id,node.name from news_think_role as role,news_think_role_user as user,news_think_access as access ,news_think_node as node where user.user_id='66' and user.role_id=role.id and ( access.role_id=role.id  or (access.role_id=role.pid and role.pid!=0 ) ) and role.status=1 and access.node_id=node.id and node.level=2 and node.pid=1 and node.status=1 [ RunTime:0.0013s ]
SQL: select node.id,node.name from news_think_role as role,news_think_role_user as user,news_think_access as access ,news_think_node as node where user.user_id='66' and user.role_id=role.id and ( access.role_id=role.id  or (access.role_id=role.pid and role.pid!=0 ) ) and role.status=1 and access.node_id=node.id and node.level=3 and node.pid=2 and node.status=1 [ RunTime:0.0013s ]
SQL: select node.id,node.name from news_think_role as role,news_think_role_user as user,news_think_access as access ,news_think_node as node where user.user_id='66' and user.role_id=role.id and ( access.role_id=role.id  or (access.role_id=role.pid and role.pid!=0 ) ) and role.status=1 and access.node_id=node.id and node.level=3 and node.pid=2 and node.status=1 [ RunTime:0.0014s ]
SQL: select node.id,node.name from news_think_role as role,news_think_role_user as user,news_think_access as access ,news_think_node as node where user.user_id='66' and user.role_id=role.id and ( access.role_id=role.id  or (access.role_id=role.pid and role.pid!=0 ) ) and role.status=1 and access.node_id=node.id and node.level=3 and node.pid=5 and node.status=1 [ RunTime:0.0012s ]

[ 2016-12-16T00:07:16+08:00 ] 127.0.0.1 /foot/admin.php/home/index/index
INFO: [ app_init ] --START--
INFO: Run Behavior\BuildLiteBehavior [ RunTime:0.000023s ]
INFO: [ app_init ] --END-- [ RunTime:0.000153s ]
INFO: [ app_begin ] --START--
INFO: Run Behavior\ReadHtmlCacheBehavior [ RunTime:0.000070s ]
INFO: [ app_begin ] --END-- [ RunTime:0.000138s ]
INFO: [ view_parse ] --START--
INFO: [ template_filter ] --START--
INFO: Run Behavior\ContentReplaceBehavior [ RunTime:0.000220s ]
INFO: [ template_filter ] --END-- [ RunTime:0.000321s ]
NOTIC: [8] Undefined variable: item /var/www/foot/Backend/Runtime/Cache/Home/f90dca177af49f305dffc2aced3c3e40.php 第 169 行.
INFO: Run Behavior\ParseTemplateBehavior [ RunTime:0.005120s ]
INFO: [ view_parse ] --END-- [ RunTime:0.005268s ]
INFO: [ view_filter ] --START--
INFO: Run Behavior\WriteHtmlCacheBehavior [ RunTime:0.000162s ]
INFO: [ view_filter ] --END-- [ RunTime:0.000221s ]
INFO: [ app_end ] --START--
INFO: Run Behavior\ShowPageTraceBehavior [ RunTime:0.000087s ]
INFO: [ app_end ] --END-- [ RunTime:0.000164s ]

[ 2016-12-16T00:07:23+08:00 ] 127.0.0.1 /foot/admin.php/home/Access/rolelist
INFO: [ app_init ] --START--
INFO: Run Behavior\BuildLiteBehavior [ RunTime:0.000022s ]
INFO: [ app_init ] --END-- [ RunTime:0.000166s ]
INFO: [ app_begin ] --START--
INFO: Run Behavior\ReadHtmlCacheBehavior [ RunTime:0.000075s ]
INFO: [ app_begin ] --END-- [ RunTime:0.000138s ]
NOTIC: [8] Undefined index: cea555624c2f52d4810d324d27b38ed0 /var/www/foot/ThinkPHP/Library/Org/Util/Rbac.class.php 第 170 行.
INFO: [ view_parse ] --START--
INFO: [ template_filter ] --START--
INFO: Run Behavior\ContentReplaceBehavior [ RunTime:0.000072s ]
INFO: [ template_filter ] --END-- [ RunTime:0.000161s ]
INFO: Run Behavior\ParseTemplateBehavior [ RunTime:0.002754s ]
INFO: [ view_parse ] --END-- [ RunTime:0.002826s ]
INFO: [ view_filter ] --START--
INFO: Run Behavior\WriteHtmlCacheBehavior [ RunTime:0.000099s ]
INFO: [ view_filter ] --END-- [ RunTime:0.000211s ]

[ 2016-12-16T00:07:31+08:00 ] 127.0.0.1 /foot/admin.php/home/lesson/index
INFO: [ app_init ] --START--
INFO: Run Behavior\BuildLiteBehavior [ RunTime:0.000023s ]
INFO: [ app_init ] --END-- [ RunTime:0.000176s ]
INFO: [ app_begin ] --START--
INFO: Run Behavior\ReadHtmlCacheBehavior [ RunTime:0.000081s ]
INFO: [ app_begin ] --END-- [ RunTime:0.000152s ]
NOTIC: [8] Undefined index: 597964b5d96b1d24cc74939c5490b9d3 /var/www/foot/ThinkPHP/Library/Org/Util/Rbac.class.php 第 170 行.
NOTIC: [8] Undefined index: word /var/www/foot/Backend/Home/Controller/LessonController.class.php 第 18 行.
SQL: SHOW COLUMNS FROM `news_lesson` [ RunTime:0.0018s ]
SQL: SELECT A.id,A.title,A.status,A.addtime,B.clubname FROM news_lesson A LEFT JOIN news_rank B ON A.forteam=B.id  ORDER BY A.addtime desc  [ RunTime:0.0011s ]
INFO: [ view_parse ] --START--
INFO: [ template_filter ] --START--
INFO: Run Behavior\ContentReplaceBehavior [ RunTime:0.000328s ]
INFO: [ template_filter ] --END-- [ RunTime:0.000453s ]
NOTIC: [8] Undefined index: btime /var/www/foot/Backend/Runtime/Cache/Home/fda21d5bad35a0c1ecccefd57f660a49.php 第 147 行.
NOTIC: [8] Undefined index: word /var/www/foot/Backend/Runtime/Cache/Home/fda21d5bad35a0c1ecccefd57f660a49.php 第 157 行.
NOTIC: [8] Undefined index: btime /var/www/foot/Backend/Runtime/Cache/Home/fda21d5bad35a0c1ecccefd57f660a49.php 第 157 行.
NOTIC: [8] Undefined index: etime /var/www/foot/Backend/Runtime/Cache/Home/fda21d5bad35a0c1ecccefd57f660a49.php 第 157 行.
NOTIC: [8] Undefined variable: item /var/www/foot/Backend/Runtime/Cache/Home/fda21d5bad35a0c1ecccefd57f660a49.php 第 242 行.
INFO: Run Behavior\ParseTemplateBehavior [ RunTime:0.011064s ]
INFO: [ view_parse ] --END-- [ RunTime:0.011158s ]
INFO: [ view_filter ] --START--
INFO: Run Behavior\WriteHtmlCacheBehavior [ RunTime:0.000129s ]
INFO: [ view_filter ] --END-- [ RunTime:0.000202s ]
INFO: [ app_end ] --START--
INFO: Run Behavior\ShowPageTraceBehavior [ RunTime:0.000112s ]
INFO: [ app_end ] --END-- [ RunTime:0.000201s ]

[ 2016-12-16T00:07:34+08:00 ] 127.0.0.1 /foot/admin.php/Home/lesson/add/id/54.html
INFO: [ app_init ] --START--
INFO: Run Behavior\BuildLiteBehavior [ RunTime:0.000022s ]
INFO: [ app_init ] --END-- [ RunTime:0.000172s ]
INFO: [ app_begin ] --START--
INFO: Run Behavior\ReadHtmlCacheBehavior [ RunTime:0.000070s ]
INFO: [ app_begin ] --END-- [ RunTime:0.000134s ]
NOTIC: [8] Undefined index: ff1dccec71d8d3409b82e1bc0d021e9b /var/www/foot/ThinkPHP/Library/Org/Util/Rbac.class.php 第 170 行.
INFO: [ view_parse ] --START--
INFO: [ template_filter ] --START--
INFO: Run Behavior\ContentReplaceBehavior [ RunTime:0.000072s ]
INFO: [ template_filter ] --END-- [ RunTime:0.000152s ]
INFO: Run Behavior\ParseTemplateBehavior [ RunTime:0.002646s ]
INFO: [ view_parse ] --END-- [ RunTime:0.002720s ]
INFO: [ view_filter ] --START--
INFO: Run Behavior\WriteHtmlCacheBehavior [ RunTime:0.000088s ]
INFO: [ view_filter ] --END-- [ RunTime:0.000951s ]

[ 2016-12-16T21:31:40+08:00 ] ::1 /foot/admin.php
INFO: [ app_init ] --START--
INFO: Run Behavior\BuildLiteBehavior [ RunTime:0.000030s ]
INFO: [ app_init ] --END-- [ RunTime:0.001696s ]
INFO: [ app_begin ] --START--
INFO: Run Behavior\ReadHtmlCacheBehavior [ RunTime:0.001905s ]
INFO: [ app_begin ] --END-- [ RunTime:0.001981s ]
INFO: [ view_parse ] --START--
INFO: [ template_filter ] --START--
INFO: Run Behavior\ContentReplaceBehavior [ RunTime:0.000223s ]
INFO: [ template_filter ] --END-- [ RunTime:0.000332s ]
NOTIC: [8] Undefined variable: item /var/www/foot/Backend/Runtime/Cache/Home/f90dca177af49f305dffc2aced3c3e40.php 第 169 行.
INFO: Run Behavior\ParseTemplateBehavior [ RunTime:0.025444s ]
INFO: [ view_parse ] --END-- [ RunTime:0.025514s ]
INFO: [ view_filter ] --START--
INFO: Run Behavior\WriteHtmlCacheBehavior [ RunTime:0.000903s ]
INFO: [ view_filter ] --END-- [ RunTime:0.000985s ]
INFO: [ app_end ] --START--
INFO: Run Behavior\ShowPageTraceBehavior [ RunTime:0.002026s ]
INFO: [ app_end ] --END-- [ RunTime:0.002100s ]

[ 2016-12-16T22:18:53+08:00 ] ::1 /foot/admin.php
INFO: [ app_init ] --START--
INFO: Run Behavior\BuildLiteBehavior [ RunTime:0.000042s ]
INFO: [ app_init ] --END-- [ RunTime:0.000371s ]
INFO: [ app_begin ] --START--
INFO: Run Behavior\ReadHtmlCacheBehavior [ RunTime:0.000088s ]
INFO: [ app_begin ] --END-- [ RunTime:0.000163s ]
INFO: [ view_parse ] --START--
INFO: [ template_filter ] --START--
INFO: Run Behavior\ContentReplaceBehavior [ RunTime:0.000228s ]
INFO: [ template_filter ] --END-- [ RunTime:0.000337s ]
NOTIC: [8] Undefined variable: item /var/www/foot/Backend/Runtime/Cache/Home/f90dca177af49f305dffc2aced3c3e40.php 第 169 行.
INFO: Run Behavior\ParseTemplateBehavior [ RunTime:0.010144s ]
INFO: [ view_parse ] --END-- [ RunTime:0.010249s ]
INFO: [ view_filter ] --START--
INFO: Run Behavior\WriteHtmlCacheBehavior [ RunTime:0.000115s ]
INFO: [ view_filter ] --END-- [ RunTime:0.000175s ]
INFO: [ app_end ] --START--
INFO: Run Behavior\ShowPageTraceBehavior [ RunTime:0.000094s ]
INFO: [ app_end ] --END-- [ RunTime:0.000162s ]

[ 2016-12-16T22:18:58+08:00 ] ::1 /foot/admin.php/home/user/index
INFO: [ app_init ] --START--
INFO: Run Behavior\BuildLiteBehavior [ RunTime:0.000036s ]
INFO: [ app_init ] --END-- [ RunTime:0.000273s ]
INFO: [ app_begin ] --START--
INFO: Run Behavior\ReadHtmlCacheBehavior [ RunTime:0.000162s ]
INFO: [ app_begin ] --END-- [ RunTime:0.000303s ]

[ 2016-12-16T22:19:05+08:00 ] ::1 /foot/admin.php/home/Access/nodelist
INFO: [ app_init ] --START--
INFO: Run Behavior\BuildLiteBehavior [ RunTime:0.000043s ]
INFO: [ app_init ] --END-- [ RunTime:0.000370s ]
INFO: [ app_begin ] --START--
INFO: Run Behavior\ReadHtmlCacheBehavior [ RunTime:0.000138s ]
INFO: [ app_begin ] --END-- [ RunTime:0.000253s ]

[ 2016-12-16T22:19:05+08:00 ] ::1 /foot/admin.php/Home/user/login.html
INFO: [ app_init ] --START--
INFO: Run Behavior\BuildLiteBehavior [ RunTime:0.000034s ]
INFO: [ app_init ] --END-- [ RunTime:0.000227s ]
INFO: [ app_begin ] --START--
INFO: Run Behavior\ReadHtmlCacheBehavior [ RunTime:0.000107s ]
INFO: [ app_begin ] --END-- [ RunTime:0.000223s ]
INFO: [ view_parse ] --START--
INFO: [ template_filter ] --START--
INFO: Run Behavior\ContentReplaceBehavior [ RunTime:0.000161s ]
INFO: [ template_filter ] --END-- [ RunTime:0.000330s ]
INFO: Run Behavior\ParseTemplateBehavior [ RunTime:0.013235s ]
INFO: [ view_parse ] --END-- [ RunTime:0.013352s ]
INFO: [ view_filter ] --START--
INFO: Run Behavior\WriteHtmlCacheBehavior [ RunTime:0.000116s ]
INFO: [ view_filter ] --END-- [ RunTime:0.000177s ]
INFO: [ app_end ] --START--
INFO: Run Behavior\ShowPageTraceBehavior [ RunTime:0.000077s ]
INFO: [ app_end ] --END-- [ RunTime:0.000138s ]

[ 2016-12-16T22:19:07+08:00 ] ::1 /foot/admin.php/home/user/chklogin
INFO: [ app_init ] --START--
INFO: Run Behavior\BuildLiteBehavior [ RunTime:0.000037s ]
INFO: [ app_init ] --END-- [ RunTime:0.000243s ]
INFO: [ app_begin ] --START--
INFO: Run Behavior\ReadHtmlCacheBehavior [ RunTime:0.000108s ]
INFO: [ app_begin ] --END-- [ RunTime:0.000212s ]
SQL: SHOW COLUMNS FROM `news_user` [ RunTime:0.0021s ]
SQL: SELECT * FROM `news_user` WHERE `name` = 'root' AND `password` = 'chen1210' LIMIT 1   [ RunTime:0.0017s ]

[ 2016-12-16T22:19:20+08:00 ] ::1 /foot/admin.php/home/user/chklogin
INFO: [ app_init ] --START--
INFO: Run Behavior\BuildLiteBehavior [ RunTime:0.000045s ]
INFO: [ app_init ] --END-- [ RunTime:0.000315s ]
INFO: [ app_begin ] --START--
INFO: Run Behavior\ReadHtmlCacheBehavior [ RunTime:0.000123s ]
INFO: [ app_begin ] --END-- [ RunTime:0.000233s ]
SQL: SHOW COLUMNS FROM `news_user` [ RunTime:0.0016s ]
SQL: SELECT * FROM `news_user` WHERE `name` = 'admin' AND `password` = 'chen1210' LIMIT 1   [ RunTime:0.0009s ]

[ 2016-12-16T22:19:26+08:00 ] ::1 /foot/admin.php/home/user/chklogin
INFO: [ app_init ] --START--
INFO: Run Behavior\BuildLiteBehavior [ RunTime:0.000034s ]
INFO: [ app_init ] --END-- [ RunTime:0.000307s ]
INFO: [ app_begin ] --START--
INFO: Run Behavior\ReadHtmlCacheBehavior [ RunTime:0.000094s ]
INFO: [ app_begin ] --END-- [ RunTime:0.000178s ]
SQL: SHOW COLUMNS FROM `news_user` [ RunTime:0.0023s ]
SQL: SELECT * FROM `news_user` WHERE `name` = 'admin' AND `password` = 'admin' LIMIT 1   [ RunTime:0.0010s ]

[ 2016-12-16T22:19:27+08:00 ] ::1 /foot/admin.php/home/index/index
INFO: [ app_init ] --START--
INFO: Run Behavior\BuildLiteBehavior [ RunTime:0.000038s ]
INFO: [ app_init ] --END-- [ RunTime:0.000249s ]
INFO: [ app_begin ] --START--
INFO: Run Behavior\ReadHtmlCacheBehavior [ RunTime:0.000088s ]
INFO: [ app_begin ] --END-- [ RunTime:0.000178s ]
INFO: [ view_parse ] --START--
INFO: [ template_filter ] --START--
INFO: Run Behavior\ContentReplaceBehavior [ RunTime:0.000273s ]
INFO: [ template_filter ] --END-- [ RunTime:0.000398s ]
NOTIC: [8] Undefined variable: item /var/www/foot/Backend/Runtime/Cache/Home/f90dca177af49f305dffc2aced3c3e40.php 第 169 行.
INFO: Run Behavior\ParseTemplateBehavior [ RunTime:0.013216s ]
INFO: [ view_parse ] --END-- [ RunTime:0.013308s ]
INFO: [ view_filter ] --START--
INFO: Run Behavior\WriteHtmlCacheBehavior [ RunTime:0.000126s ]
INFO: [ view_filter ] --END-- [ RunTime:0.000201s ]
INFO: [ app_end ] --START--
INFO: Run Behavior\ShowPageTraceBehavior [ RunTime:0.000234s ]
INFO: [ app_end ] --END-- [ RunTime:0.000409s ]

[ 2016-12-16T22:19:30+08:00 ] ::1 /foot/admin.php/home/lesson/index
INFO: [ app_init ] --START--
INFO: Run Behavior\BuildLiteBehavior [ RunTime:0.000022s ]
INFO: [ app_init ] --END-- [ RunTime:0.000167s ]
INFO: [ app_begin ] --START--
INFO: Run Behavior\ReadHtmlCacheBehavior [ RunTime:0.000083s ]
INFO: [ app_begin ] --END-- [ RunTime:0.000162s ]
NOTIC: [8] Undefined index: word /var/www/foot/Backend/Home/Controller/LessonController.class.php 第 18 行.
SQL: SHOW COLUMNS FROM `news_lesson` [ RunTime:0.0026s ]
SQL: SELECT A.id,A.title,A.status,A.addtime,B.clubname FROM news_lesson A LEFT JOIN news_rank B ON A.forteam=B.id  ORDER BY A.addtime desc  [ RunTime:0.0014s ]
INFO: [ view_parse ] --START--
INFO: [ template_filter ] --START--
INFO: Run Behavior\ContentReplaceBehavior [ RunTime:0.000257s ]
INFO: [ template_filter ] --END-- [ RunTime:0.000358s ]
NOTIC: [8] Undefined index: btime /var/www/foot/Backend/Runtime/Cache/Home/fda21d5bad35a0c1ecccefd57f660a49.php 第 147 行.
NOTIC: [8] Undefined index: word /var/www/foot/Backend/Runtime/Cache/Home/fda21d5bad35a0c1ecccefd57f660a49.php 第 157 行.
NOTIC: [8] Undefined index: btime /var/www/foot/Backend/Runtime/Cache/Home/fda21d5bad35a0c1ecccefd57f660a49.php 第 157 行.
NOTIC: [8] Undefined index: etime /var/www/foot/Backend/Runtime/Cache/Home/fda21d5bad35a0c1ecccefd57f660a49.php 第 157 行.
NOTIC: [8] Undefined variable: item /var/www/foot/Backend/Runtime/Cache/Home/fda21d5bad35a0c1ecccefd57f660a49.php 第 242 行.
INFO: Run Behavior\ParseTemplateBehavior [ RunTime:0.011838s ]
INFO: [ view_parse ] --END-- [ RunTime:0.011934s ]
INFO: [ view_filter ] --START--
INFO: Run Behavior\WriteHtmlCacheBehavior [ RunTime:0.000110s ]
INFO: [ view_filter ] --END-- [ RunTime:0.000167s ]
INFO: [ app_end ] --START--
INFO: Run Behavior\ShowPageTraceBehavior [ RunTime:0.000078s ]
INFO: [ app_end ] --END-- [ RunTime:0.000145s ]

[ 2016-12-16T22:19:34+08:00 ] ::1 /foot/admin.php/home/Access/nodelist
INFO: [ app_init ] --START--
INFO: Run Behavior\BuildLiteBehavior [ RunTime:0.000116s ]
INFO: [ app_init ] --END-- [ RunTime:0.000279s ]
INFO: [ app_begin ] --START--
INFO: Run Behavior\ReadHtmlCacheBehavior [ RunTime:0.000079s ]
INFO: [ app_begin ] --END-- [ RunTime:0.000149s ]
SQL: SHOW COLUMNS FROM `news_think_node` [ RunTime:0.0018s ]
SQL: SELECT * FROM `news_think_node` WHERE `status` >= 0 LIMIT 0,10   [ RunTime:0.0019s ]
SQL: SELECT COUNT(*) AS tp_count FROM `news_think_node` WHERE `status` >= 0 LIMIT 1   [ RunTime:0.0011s ]
NOTIC: [2] Creating default object from empty value /var/www/foot/Backend/Home/Controller/AccessController.class.php 第 27 行.
NOTIC: [2] urlencode() expects parameter 1 to be string, array given /var/www/foot/Backend/Home/Controller/AccessController.class.php 第 29 行.
INFO: [ view_parse ] --START--
INFO: [ template_filter ] --START--
INFO: Run Behavior\ContentReplaceBehavior [ RunTime:0.000307s ]
INFO: [ template_filter ] --END-- [ RunTime:0.000417s ]
NOTIC: [8] Undefined index: btime /var/www/foot/Backend/Runtime/Cache/Home/4ba756bb8b68d10a707a6fe2f46ae8fb.php 第 147 行.
NOTIC: [8] Undefined index: word /var/www/foot/Backend/Runtime/Cache/Home/4ba756bb8b68d10a707a6fe2f46ae8fb.php 第 157 行.
NOTIC: [8] Undefined index: btime /var/www/foot/Backend/Runtime/Cache/Home/4ba756bb8b68d10a707a6fe2f46ae8fb.php 第 157 行.
NOTIC: [8] Undefined index: etime /var/www/foot/Backend/Runtime/Cache/Home/4ba756bb8b68d10a707a6fe2f46ae8fb.php 第 157 行.
NOTIC: [8] Undefined variable: item /var/www/foot/Backend/Runtime/Cache/Home/4ba756bb8b68d10a707a6fe2f46ae8fb.php 第 309 行.
INFO: Run Behavior\ParseTemplateBehavior [ RunTime:0.013045s ]
INFO: [ view_parse ] --END-- [ RunTime:0.013164s ]
INFO: [ view_filter ] --START--
INFO: Run Behavior\WriteHtmlCacheBehavior [ RunTime:0.000191s ]
INFO: [ view_filter ] --END-- [ RunTime:0.000254s ]
INFO: [ app_end ] --START--
INFO: Run Behavior\ShowPageTraceBehavior [ RunTime:0.000186s ]
INFO: [ app_end ] --END-- [ RunTime:0.000322s ]

[ 2016-12-16T22:19:54+08:00 ] ::1 /foot/admin.php/Home/Access/addnode/id/3.html
INFO: [ app_init ] --START--
INFO: Run Behavior\BuildLiteBehavior [ RunTime:0.000030s ]
INFO: [ app_init ] --END-- [ RunTime:0.000208s ]
INFO: [ app_begin ] --START--
INFO: Run Behavior\ReadHtmlCacheBehavior [ RunTime:0.000087s ]
INFO: [ app_begin ] --END-- [ RunTime:0.000167s ]
SQL: SHOW COLUMNS FROM `news_think_node` [ RunTime:0.0023s ]
SQL: SELECT * FROM `news_think_node` WHERE `id` = 3 LIMIT 1   [ RunTime:0.0023s ]
SQL: SELECT * FROM `news_think_node` WHERE `pid` IN (1,0)  [ RunTime:0.0017s ]
INFO: [ view_parse ] --START--
INFO: [ template_filter ] --START--
INFO: Run Behavior\ContentReplaceBehavior [ RunTime:0.000421s ]
INFO: [ template_filter ] --END-- [ RunTime:0.000599s ]
NOTIC: [8] Undefined index: forteam /var/www/foot/Backend/Runtime/Cache/Home/737fca642a4a7f144506c636ba4a718b.php 第 224 行.
NOTIC: [8] Undefined variable: item /var/www/foot/Backend/Runtime/Cache/Home/737fca642a4a7f144506c636ba4a718b.php 第 253 行.
INFO: Run Behavior\ParseTemplateBehavior [ RunTime:0.013108s ]
INFO: [ view_parse ] --END-- [ RunTime:0.013245s ]
INFO: [ view_filter ] --START--
INFO: Run Behavior\WriteHtmlCacheBehavior [ RunTime:0.000144s ]
INFO: [ view_filter ] --END-- [ RunTime:0.000245s ]
INFO: [ app_end ] --START--
INFO: Run Behavior\ShowPageTraceBehavior [ RunTime:0.000188s ]
INFO: [ app_end ] --END-- [ RunTime:0.000473s ]

[ 2016-12-16T22:20:04+08:00 ] ::1 /foot/admin.php/Home/Access/addnode
INFO: [ app_init ] --START--
INFO: Run Behavior\BuildLiteBehavior [ RunTime:0.000033s ]
INFO: [ app_init ] --END-- [ RunTime:0.000283s ]
INFO: [ app_begin ] --START--
INFO: Run Behavior\ReadHtmlCacheBehavior [ RunTime:0.000146s ]
INFO: [ app_begin ] --END-- [ RunTime:0.000397s ]
SQL: SHOW COLUMNS FROM `news_think_node` [ RunTime:0.0016s ]
NOTIC: [8] Undefined variable: id /var/www/foot/Backend/Home/Controller/AccessController.class.php 第 79 行.
SQL: UPDATE `news_think_node` SET `id`='3',`name`='index',`title`='文章列表',`pid`='2' WHERE `id` = null [ RunTime:0.0029s ]

[ 2016-12-16T22:20:06+08:00 ] ::1 /foot/admin.php/Home/Access/nodelist.html
INFO: [ app_init ] --START--
INFO: Run Behavior\BuildLiteBehavior [ RunTime:0.000027s ]
INFO: [ app_init ] --END-- [ RunTime:0.000175s ]
INFO: [ app_begin ] --START--
INFO: Run Behavior\ReadHtmlCacheBehavior [ RunTime:0.000084s ]
INFO: [ app_begin ] --END-- [ RunTime:0.000171s ]
SQL: SHOW COLUMNS FROM `news_think_node` [ RunTime:0.0016s ]
SQL: SELECT * FROM `news_think_node` WHERE `status` >= 0 LIMIT 0,10   [ RunTime:0.0010s ]
SQL: SELECT COUNT(*) AS tp_count FROM `news_think_node` WHERE `status` >= 0 LIMIT 1   [ RunTime:0.0008s ]
NOTIC: [2] Creating default object from empty value /var/www/foot/Backend/Home/Controller/AccessController.class.php 第 27 行.
NOTIC: [2] urlencode() expects parameter 1 to be string, array given /var/www/foot/Backend/Home/Controller/AccessController.class.php 第 29 行.
INFO: [ view_parse ] --START--
INFO: [ template_filter ] --START--
INFO: Run Behavior\ContentReplaceBehavior [ RunTime:0.000318s ]
INFO: [ template_filter ] --END-- [ RunTime:0.000441s ]
NOTIC: [8] Undefined index: btime /var/www/foot/Backend/Runtime/Cache/Home/4ba756bb8b68d10a707a6fe2f46ae8fb.php 第 147 行.
NOTIC: [8] Undefined index: word /var/www/foot/Backend/Runtime/Cache/Home/4ba756bb8b68d10a707a6fe2f46ae8fb.php 第 157 行.
NOTIC: [8] Undefined index: btime /var/www/foot/Backend/Runtime/Cache/Home/4ba756bb8b68d10a707a6fe2f46ae8fb.php 第 157 行.
NOTIC: [8] Undefined index: etime /var/www/foot/Backend/Runtime/Cache/Home/4ba756bb8b68d10a707a6fe2f46ae8fb.php 第 157 行.
NOTIC: [8] Undefined variable: item /var/www/foot/Backend/Runtime/Cache/Home/4ba756bb8b68d10a707a6fe2f46ae8fb.php 第 309 行.
INFO: Run Behavior\ParseTemplateBehavior [ RunTime:0.021202s ]
INFO: [ view_parse ] --END-- [ RunTime:0.021301s ]
INFO: [ view_filter ] --START--
INFO: Run Behavior\WriteHtmlCacheBehavior [ RunTime:0.000203s ]
INFO: [ view_filter ] --END-- [ RunTime:0.000266s ]
INFO: [ app_end ] --START--
INFO: Run Behavior\ShowPageTraceBehavior [ RunTime:0.000193s ]
INFO: [ app_end ] --END-- [ RunTime:0.000325s ]

[ 2016-12-16T22:20:13+08:00 ] ::1 /foot/admin.php/Home/Access/addnode.html
INFO: [ app_init ] --START--
INFO: Run Behavior\BuildLiteBehavior [ RunTime:0.000030s ]
INFO: [ app_init ] --END-- [ RunTime:0.000213s ]
INFO: [ app_begin ] --START--
INFO: Run Behavior\ReadHtmlCacheBehavior [ RunTime:0.000098s ]
INFO: [ app_begin ] --END-- [ RunTime:0.000188s ]
SQL: SHOW COLUMNS FROM `news_think_node` [ RunTime:0.0019s ]
SQL: SELECT * FROM `news_think_node` WHERE `id` = 0 LIMIT 1   [ RunTime:0.0009s ]
SQL: SELECT * FROM `news_think_node` WHERE `pid` IN (1,0)  [ RunTime:0.0010s ]
INFO: [ view_parse ] --START--
INFO: [ template_filter ] --START--
INFO: Run Behavior\ContentReplaceBehavior [ RunTime:0.000276s ]
INFO: [ template_filter ] --END-- [ RunTime:0.000384s ]
NOTIC: [8] Undefined variable: item /var/www/foot/Backend/Runtime/Cache/Home/737fca642a4a7f144506c636ba4a718b.php 第 253 行.
INFO: Run Behavior\ParseTemplateBehavior [ RunTime:0.008650s ]
INFO: [ view_parse ] --END-- [ RunTime:0.008728s ]
INFO: [ view_filter ] --START--
INFO: Run Behavior\WriteHtmlCacheBehavior [ RunTime:0.000107s ]
INFO: [ view_filter ] --END-- [ RunTime:0.000173s ]
INFO: [ app_end ] --START--
INFO: Run Behavior\ShowPageTraceBehavior [ RunTime:0.000156s ]
INFO: [ app_end ] --END-- [ RunTime:0.000255s ]

[ 2016-12-16T22:20:54+08:00 ] ::1 /foot/admin.php/home/Access/rolelist
INFO: [ app_init ] --START--
INFO: Run Behavior\BuildLiteBehavior [ RunTime:0.000027s ]
INFO: [ app_init ] --END-- [ RunTime:0.000194s ]
INFO: [ app_begin ] --START--
INFO: Run Behavior\ReadHtmlCacheBehavior [ RunTime:0.000090s ]
INFO: [ app_begin ] --END-- [ RunTime:0.000171s ]
SQL: SHOW COLUMNS FROM `news_think_role` [ RunTime:0.0017s ]
SQL: SELECT * FROM `news_think_role` WHERE `status` >= 0 LIMIT 0,10   [ RunTime:0.0014s ]
SQL: SELECT COUNT(*) AS tp_count FROM `news_think_role` WHERE `status` >= 0 LIMIT 1   [ RunTime:0.0009s ]
NOTIC: [2] Creating default object from empty value /var/www/foot/Backend/Home/Controller/AccessController.class.php 第 119 行.
NOTIC: [2] urlencode() expects parameter 1 to be string, array given /var/www/foot/Backend/Home/Controller/AccessController.class.php 第 121 行.
INFO: [ view_parse ] --START--
INFO: [ template_filter ] --START--
INFO: Run Behavior\ContentReplaceBehavior [ RunTime:0.000422s ]
INFO: [ template_filter ] --END-- [ RunTime:0.000571s ]
NOTIC: [8] Undefined index: btime /var/www/foot/Backend/Runtime/Cache/Home/132878b11805837fa7a43224982034fa.php 第 147 行.
NOTIC: [8] Undefined index: word /var/www/foot/Backend/Runtime/Cache/Home/132878b11805837fa7a43224982034fa.php 第 157 行.
NOTIC: [8] Undefined index: btime /var/www/foot/Backend/Runtime/Cache/Home/132878b11805837fa7a43224982034fa.php 第 157 行.
NOTIC: [8] Undefined index: etime /var/www/foot/Backend/Runtime/Cache/Home/132878b11805837fa7a43224982034fa.php 第 157 行.
NOTIC: [8] Undefined variable: item /var/www/foot/Backend/Runtime/Cache/Home/132878b11805837fa7a43224982034fa.php 第 310 行.
INFO: Run Behavior\ParseTemplateBehavior [ RunTime:0.014958s ]
INFO: [ view_parse ] --END-- [ RunTime:0.015064s ]
INFO: [ view_filter ] --START--
INFO: Run Behavior\WriteHtmlCacheBehavior [ RunTime:0.000146s ]
INFO: [ view_filter ] --END-- [ RunTime:0.000238s ]
INFO: [ app_end ] --START--
INFO: Run Behavior\ShowPageTraceBehavior [ RunTime:0.000215s ]
INFO: [ app_end ] --END-- [ RunTime:0.000316s ]

[ 2016-12-16T22:20:56+08:00 ] ::1 /foot/admin.php/Home/Access/accessnode/id/1.html
INFO: [ app_init ] --START--
INFO: Run Behavior\BuildLiteBehavior [ RunTime:0.000035s ]
INFO: [ app_init ] --END-- [ RunTime:0.000237s ]
INFO: [ app_begin ] --START--
INFO: Run Behavior\ReadHtmlCacheBehavior [ RunTime:0.000112s ]
INFO: [ app_begin ] --END-- [ RunTime:0.000226s ]
SQL: SHOW COLUMNS FROM `news_think_access` [ RunTime:0.0020s ]
SQL: SELECT `node_id` FROM `news_think_access` WHERE `role_id` = 1  [ RunTime:0.0016s ]
SQL: SHOW COLUMNS FROM `news_think_node` [ RunTime:0.0024s ]
SQL: SELECT * FROM `news_think_node`  [ RunTime:0.0009s ]
INFO: [ view_parse ] --START--
INFO: [ template_filter ] --START--
INFO: Run Behavior\ContentReplaceBehavior [ RunTime:0.000452s ]
INFO: [ template_filter ] --END-- [ RunTime:0.000638s ]
NOTIC: [8] Undefined variable: item /var/www/foot/Backend/Runtime/Cache/Home/a8280d41e3b9f6283ed38e19ae4b29d8.php 第 243 行.
INFO: Run Behavior\ParseTemplateBehavior [ RunTime:0.012649s ]
INFO: [ view_parse ] --END-- [ RunTime:0.012781s ]
INFO: [ view_filter ] --START--
INFO: Run Behavior\WriteHtmlCacheBehavior [ RunTime:0.000127s ]
INFO: [ view_filter ] --END-- [ RunTime:0.000226s ]
INFO: [ app_end ] --START--
INFO: Run Behavior\ShowPageTraceBehavior [ RunTime:0.000166s ]
INFO: [ app_end ] --END-- [ RunTime:0.000318s ]

[ 2016-12-16T22:21:05+08:00 ] ::1 /foot/admin.php/Home/Access/accessnode.html
INFO: [ app_init ] --START--
INFO: Run Behavior\BuildLiteBehavior [ RunTime:0.000064s ]
INFO: [ app_init ] --END-- [ RunTime:0.000284s ]
INFO: [ app_begin ] --START--
INFO: Run Behavior\ReadHtmlCacheBehavior [ RunTime:0.000107s ]
INFO: [ app_begin ] --END-- [ RunTime:0.000202s ]
SQL: SHOW COLUMNS FROM `news_think_node` [ RunTime:0.0024s ]
SQL: SELECT * FROM `news_think_node` WHERE `id` = 1 LIMIT 1   [ RunTime:0.0008s ]
SQL: SELECT * FROM `news_think_node` WHERE `id` = 2 LIMIT 1   [ RunTime:0.0005s ]
SQL: SELECT * FROM `news_think_node` WHERE `id` = 3 LIMIT 1   [ RunTime:0.0005s ]
SQL: SELECT * FROM `news_think_node` WHERE `id` = 4 LIMIT 1   [ RunTime:0.0006s ]
SQL: SELECT * FROM `news_think_node` WHERE `id` = 5 LIMIT 1   [ RunTime:0.0006s ]
SQL: SELECT * FROM `news_think_node` WHERE `id` = 6 LIMIT 1   [ RunTime:0.0003s ]
SQL: SHOW COLUMNS FROM `news_think_access` [ RunTime:0.0017s ]
SQL: DELETE FROM `news_think_access` WHERE `role_id` = 1 [ RunTime:0.0016s ]
SQL: INSERT INTO `news_think_access` (`role_id`,`node_id`,`level`) VALUES ('1','1','1') [ RunTime:0.0008s ]
SQL: INSERT INTO `news_think_access` (`role_id`,`node_id`,`level`) VALUES ('1','2','2') [ RunTime:0.0005s ]
SQL: INSERT INTO `news_think_access` (`role_id`,`node_id`,`level`) VALUES ('1','3','3') [ RunTime:0.0004s ]
SQL: INSERT INTO `news_think_access` (`role_id`,`node_id`,`level`) VALUES ('1','4','3') [ RunTime:0.0004s ]
SQL: INSERT INTO `news_think_access` (`role_id`,`node_id`,`level`) VALUES ('1','5','2') [ RunTime:0.0009s ]
SQL: INSERT INTO `news_think_access` (`role_id`,`node_id`,`level`) VALUES ('1','6','2') [ RunTime:0.0012s ]

[ 2016-12-16T22:21:05+08:00 ] ::1 /foot/admin.php/Home/Access/rolelist.html
INFO: [ app_init ] --START--
INFO: Run Behavior\BuildLiteBehavior [ RunTime:0.000036s ]
INFO: [ app_init ] --END-- [ RunTime:0.000252s ]
INFO: [ app_begin ] --START--
INFO: Run Behavior\ReadHtmlCacheBehavior [ RunTime:0.000110s ]
INFO: [ app_begin ] --END-- [ RunTime:0.000226s ]
SQL: SHOW COLUMNS FROM `news_think_role` [ RunTime:0.0026s ]
SQL: SELECT * FROM `news_think_role` WHERE `status` >= 0 LIMIT 0,10   [ RunTime:0.0011s ]
SQL: SELECT COUNT(*) AS tp_count FROM `news_think_role` WHERE `status` >= 0 LIMIT 1   [ RunTime:0.0007s ]
NOTIC: [2] Creating default object from empty value /var/www/foot/Backend/Home/Controller/AccessController.class.php 第 119 行.
NOTIC: [2] urlencode() expects parameter 1 to be string, array given /var/www/foot/Backend/Home/Controller/AccessController.class.php 第 121 行.
INFO: [ view_parse ] --START--
INFO: [ template_filter ] --START--
INFO: Run Behavior\ContentReplaceBehavior [ RunTime:0.000302s ]
INFO: [ template_filter ] --END-- [ RunTime:0.000448s ]
NOTIC: [8] Undefined index: btime /var/www/foot/Backend/Runtime/Cache/Home/132878b11805837fa7a43224982034fa.php 第 147 行.
NOTIC: [8] Undefined index: word /var/www/foot/Backend/Runtime/Cache/Home/132878b11805837fa7a43224982034fa.php 第 157 行.
NOTIC: [8] Undefined index: btime /var/www/foot/Backend/Runtime/Cache/Home/132878b11805837fa7a43224982034fa.php 第 157 行.
NOTIC: [8] Undefined index: etime /var/www/foot/Backend/Runtime/Cache/Home/132878b11805837fa7a43224982034fa.php 第 157 行.
NOTIC: [8] Undefined variable: item /var/www/foot/Backend/Runtime/Cache/Home/132878b11805837fa7a43224982034fa.php 第 310 行.
INFO: Run Behavior\ParseTemplateBehavior [ RunTime:0.023894s ]
INFO: [ view_parse ] --END-- [ RunTime:0.023992s ]
INFO: [ view_filter ] --START--
INFO: Run Behavior\WriteHtmlCacheBehavior [ RunTime:0.000135s ]
INFO: [ view_filter ] --END-- [ RunTime:0.000197s ]
INFO: [ app_end ] --START--
INFO: Run Behavior\ShowPageTraceBehavior [ RunTime:0.000146s ]
INFO: [ app_end ] --END-- [ RunTime:0.000252s ]

[ 2016-12-16T22:21:08+08:00 ] ::1 /foot/admin.php/Home/Access/accessnode/id/1.html
INFO: [ app_init ] --START--
INFO: Run Behavior\BuildLiteBehavior [ RunTime:0.000025s ]
INFO: [ app_init ] --END-- [ RunTime:0.000178s ]
INFO: [ app_begin ] --START--
INFO: Run Behavior\ReadHtmlCacheBehavior [ RunTime:0.000082s ]
INFO: [ app_begin ] --END-- [ RunTime:0.000157s ]
SQL: SHOW COLUMNS FROM `news_think_access` [ RunTime:0.0018s ]
SQL: SELECT `node_id` FROM `news_think_access` WHERE `role_id` = 1  [ RunTime:0.0013s ]
SQL: SHOW COLUMNS FROM `news_think_node` [ RunTime:0.0024s ]
SQL: SELECT * FROM `news_think_node`  [ RunTime:0.0011s ]
INFO: [ view_parse ] --START--
INFO: [ template_filter ] --START--
INFO: Run Behavior\ContentReplaceBehavior [ RunTime:0.000466s ]
INFO: [ template_filter ] --END-- [ RunTime:0.000626s ]
NOTIC: [8] Undefined variable: item /var/www/foot/Backend/Runtime/Cache/Home/a8280d41e3b9f6283ed38e19ae4b29d8.php 第 243 行.
INFO: Run Behavior\ParseTemplateBehavior [ RunTime:0.011594s ]
INFO: [ view_parse ] --END-- [ RunTime:0.011744s ]
INFO: [ view_filter ] --START--
INFO: Run Behavior\WriteHtmlCacheBehavior [ RunTime:0.000232s ]
INFO: [ view_filter ] --END-- [ RunTime:0.000395s ]
INFO: [ app_end ] --START--
INFO: Run Behavior\ShowPageTraceBehavior [ RunTime:0.000151s ]
INFO: [ app_end ] --END-- [ RunTime:0.000278s ]

[ 2016-12-16T22:21:14+08:00 ] ::1 /foot/admin.php/Home/Access/accessnode/id/4.html
INFO: [ app_init ] --START--
INFO: Run Behavior\BuildLiteBehavior [ RunTime:0.000027s ]
INFO: [ app_init ] --END-- [ RunTime:0.000193s ]
INFO: [ app_begin ] --START--
INFO: Run Behavior\ReadHtmlCacheBehavior [ RunTime:0.000091s ]
INFO: [ app_begin ] --END-- [ RunTime:0.000168s ]
SQL: SHOW COLUMNS FROM `news_think_access` [ RunTime:0.0020s ]
SQL: SELECT `node_id` FROM `news_think_access` WHERE `role_id` = 4  [ RunTime:0.0009s ]
SQL: SHOW COLUMNS FROM `news_think_node` [ RunTime:0.0022s ]
SQL: SELECT * FROM `news_think_node`  [ RunTime:0.0014s ]
INFO: [ view_parse ] --START--
INFO: [ template_filter ] --START--
INFO: Run Behavior\ContentReplaceBehavior [ RunTime:0.000441s ]
INFO: [ template_filter ] --END-- [ RunTime:0.000620s ]
NOTIC: [8] Undefined variable: item /var/www/foot/Backend/Runtime/Cache/Home/a8280d41e3b9f6283ed38e19ae4b29d8.php 第 243 行.
INFO: Run Behavior\ParseTemplateBehavior [ RunTime:0.012285s ]
INFO: [ view_parse ] --END-- [ RunTime:0.012391s ]
INFO: [ view_filter ] --START--
INFO: Run Behavior\WriteHtmlCacheBehavior [ RunTime:0.000117s ]
INFO: [ view_filter ] --END-- [ RunTime:0.000177s ]
INFO: [ app_end ] --START--
INFO: Run Behavior\ShowPageTraceBehavior [ RunTime:0.000113s ]
INFO: [ app_end ] --END-- [ RunTime:0.000192s ]

[ 2016-12-16T22:36:18+08:00 ] ::1 /foot/admin.php/Home/Access/rolelist.html
INFO: [ app_init ] --START--
INFO: Run Behavior\BuildLiteBehavior [ RunTime:0.000033s ]
INFO: [ app_init ] --END-- [ RunTime:0.000300s ]
INFO: [ app_begin ] --START--
INFO: Run Behavior\ReadHtmlCacheBehavior [ RunTime:0.000090s ]
INFO: [ app_begin ] --END-- [ RunTime:0.000165s ]
SQL: SHOW COLUMNS FROM `news_think_role` [ RunTime:0.0012s ]
SQL: SELECT * FROM `news_think_role` WHERE `status` >= 0 LIMIT 0,10   [ RunTime:0.0006s ]
SQL: SELECT COUNT(*) AS tp_count FROM `news_think_role` WHERE `status` >= 0 LIMIT 1   [ RunTime:0.0006s ]
NOTIC: [2] Creating default object from empty value /var/www/foot/Backend/Home/Controller/AccessController.class.php 第 137 行.
NOTIC: [2] urlencode() expects parameter 1 to be string, array given /var/www/foot/Backend/Home/Controller/AccessController.class.php 第 139 行.
INFO: [ view_parse ] --START--
INFO: [ template_filter ] --START--
INFO: Run Behavior\ContentReplaceBehavior [ RunTime:0.000392s ]
INFO: [ template_filter ] --END-- [ RunTime:0.000542s ]
NOTIC: [8] Undefined index: btime /var/www/foot/Backend/Runtime/Cache/Home/132878b11805837fa7a43224982034fa.php 第 147 行.
NOTIC: [8] Undefined index: word /var/www/foot/Backend/Runtime/Cache/Home/132878b11805837fa7a43224982034fa.php 第 157 行.
NOTIC: [8] Undefined index: btime /var/www/foot/Backend/Runtime/Cache/Home/132878b11805837fa7a43224982034fa.php 第 157 行.
NOTIC: [8] Undefined index: etime /var/www/foot/Backend/Runtime/Cache/Home/132878b11805837fa7a43224982034fa.php 第 157 行.
NOTIC: [8] Undefined variable: item /var/www/foot/Backend/Runtime/Cache/Home/132878b11805837fa7a43224982034fa.php 第 310 行.
INFO: Run Behavior\ParseTemplateBehavior [ RunTime:0.017224s ]
INFO: [ view_parse ] --END-- [ RunTime:0.017312s ]
INFO: [ view_filter ] --START--
INFO: Run Behavior\WriteHtmlCacheBehavior [ RunTime:0.000202s ]
INFO: [ view_filter ] --END-- [ RunTime:0.000263s ]
INFO: [ app_end ] --START--
INFO: Run Behavior\ShowPageTraceBehavior [ RunTime:0.000094s ]
INFO: [ app_end ] --END-- [ RunTime:0.000159s ]

[ 2016-12-16T22:37:39+08:00 ] ::1 /foot/admin.php/home/Access/nodelist
INFO: [ app_init ] --START--
INFO: Run Behavior\BuildLiteBehavior [ RunTime:0.000033s ]
INFO: [ app_init ] --END-- [ RunTime:0.000258s ]
INFO: [ app_begin ] --START--
INFO: Run Behavior\ReadHtmlCacheBehavior [ RunTime:0.000092s ]
INFO: [ app_begin ] --END-- [ RunTime:0.000169s ]
SQL: SHOW COLUMNS FROM `news_think_node` [ RunTime:0.0018s ]
SQL: SELECT * FROM `news_think_node` WHERE `status` >= 0 LIMIT 0,10   [ RunTime:0.0011s ]
SQL: SELECT * FROM `news_think_node` WHERE `pid` = 1  [ RunTime:0.0010s ]
SQL: SELECT * FROM `news_think_node` WHERE `pid` = 2  [ RunTime:0.0009s ]
SQL: SELECT * FROM `news_think_node` WHERE `pid` = 3  [ RunTime:0.0006s ]
SQL: SELECT * FROM `news_think_node` WHERE `pid` = 4  [ RunTime:0.0006s ]
SQL: SELECT * FROM `news_think_node` WHERE `pid` = 5  [ RunTime:0.0010s ]
SQL: SELECT * FROM `news_think_node` WHERE `pid` = 6  [ RunTime:0.0010s ]
SQL: SELECT * FROM `news_think_node` WHERE `pid` = 7  [ RunTime:0.0008s ]
SQL: SELECT * FROM `news_think_node` WHERE `pid` = 8  [ RunTime:0.0010s ]
SQL: SELECT * FROM `news_think_node` WHERE `pid` = 2  [ RunTime:0.0008s ]
SQL: SELECT * FROM `news_think_node` WHERE `pid` = 3  [ RunTime:0.0005s ]
SQL: SELECT * FROM `news_think_node` WHERE `pid` = 4  [ RunTime:0.0006s ]
SQL: SELECT * FROM `news_think_node` WHERE `pid` = 3  [ RunTime:0.0004s ]
SQL: SELECT * FROM `news_think_node` WHERE `pid` = 4  [ RunTime:0.0005s ]
SQL: SELECT * FROM `news_think_node` WHERE `pid` = 5  [ RunTime:0.0008s ]
SQL: SELECT * FROM `news_think_node` WHERE `pid` = 6  [ RunTime:0.0008s ]
SQL: SELECT * FROM `news_think_node` WHERE `pid` = 7  [ RunTime:0.0005s ]
SQL: SELECT * FROM `news_think_node` WHERE `pid` = 8  [ RunTime:0.0006s ]
SQL: SELECT * FROM `news_think_node` WHERE `pid` = 7  [ RunTime:0.0007s ]
SQL: SELECT * FROM `news_think_node` WHERE `pid` = 8  [ RunTime:0.0005s ]
SQL: SELECT COUNT(*) AS tp_count FROM `news_think_node` WHERE `status` >= 0 LIMIT 1   [ RunTime:0.0006s ]
NOTIC: [2] Creating default object from empty value /var/www/foot/Backend/Home/Controller/AccessController.class.php 第 32 行.
NOTIC: [2] urlencode() expects parameter 1 to be string, array given /var/www/foot/Backend/Home/Controller/AccessController.class.php 第 34 行.
INFO: [ view_parse ] --START--
INFO: [ template_filter ] --START--
INFO: Run Behavior\ContentReplaceBehavior [ RunTime:0.000316s ]
INFO: [ template_filter ] --END-- [ RunTime:0.000447s ]
NOTIC: [8] Undefined index: btime /var/www/foot/Backend/Runtime/Cache/Home/4ba756bb8b68d10a707a6fe2f46ae8fb.php 第 147 行.
NOTIC: [8] Undefined index: word /var/www/foot/Backend/Runtime/Cache/Home/4ba756bb8b68d10a707a6fe2f46ae8fb.php 第 157 行.
NOTIC: [8] Undefined index: btime /var/www/foot/Backend/Runtime/Cache/Home/4ba756bb8b68d10a707a6fe2f46ae8fb.php 第 157 行.
NOTIC: [8] Undefined index: etime /var/www/foot/Backend/Runtime/Cache/Home/4ba756bb8b68d10a707a6fe2f46ae8fb.php 第 157 行.
NOTIC: [8] Undefined variable: item /var/www/foot/Backend/Runtime/Cache/Home/4ba756bb8b68d10a707a6fe2f46ae8fb.php 第 309 行.
INFO: Run Behavior\ParseTemplateBehavior [ RunTime:0.015490s ]
INFO: [ view_parse ] --END-- [ RunTime:0.015678s ]
INFO: [ view_filter ] --START--
INFO: Run Behavior\WriteHtmlCacheBehavior [ RunTime:0.000111s ]
INFO: [ view_filter ] --END-- [ RunTime:0.000171s ]
INFO: [ app_end ] --START--
INFO: Run Behavior\ShowPageTraceBehavior [ RunTime:0.000109s ]
INFO: [ app_end ] --END-- [ RunTime:0.000192s ]

[ 2016-12-16T22:38:46+08:00 ] ::1 /foot/admin.php/home/Access/nodelist
INFO: [ app_init ] --START--
INFO: Run Behavior\BuildLiteBehavior [ RunTime:0.000046s ]
INFO: [ app_init ] --END-- [ RunTime:0.000319s ]
INFO: [ app_begin ] --START--
INFO: Run Behavior\ReadHtmlCacheBehavior [ RunTime:0.000096s ]
INFO: [ app_begin ] --END-- [ RunTime:0.000180s ]
SQL: SHOW COLUMNS FROM `news_think_node` [ RunTime:0.0017s ]
SQL: SELECT * FROM `news_think_node` WHERE `status` >= 0 AND `pid` IN (0,1) LIMIT 0,10   [ RunTime:0.0009s ]
SQL: SELECT * FROM `news_think_node` WHERE `pid` = 1  [ RunTime:0.0004s ]
SQL: SELECT * FROM `news_think_node` WHERE `pid` = 2  [ RunTime:0.0006s ]
SQL: SELECT * FROM `news_think_node` WHERE `pid` = 3  [ RunTime:0.0007s ]
SQL: SELECT * FROM `news_think_node` WHERE `pid` = 4  [ RunTime:0.0007s ]
SQL: SELECT * FROM `news_think_node` WHERE `pid` = 5  [ RunTime:0.0006s ]
SQL: SELECT * FROM `news_think_node` WHERE `pid` = 6  [ RunTime:0.0006s ]
SQL: SELECT * FROM `news_think_node` WHERE `pid` = 7  [ RunTime:0.0004s ]
SQL: SELECT * FROM `news_think_node` WHERE `pid` = 8  [ RunTime:0.0005s ]
SQL: SELECT * FROM `news_think_node` WHERE `pid` = 2  [ RunTime:0.0007s ]
SQL: SELECT * FROM `news_think_node` WHERE `pid` = 3  [ RunTime:0.0006s ]
SQL: SELECT * FROM `news_think_node` WHERE `pid` = 4  [ RunTime:0.0006s ]
SQL: SELECT * FROM `news_think_node` WHERE `pid` = 5  [ RunTime:0.0008s ]
SQL: SELECT * FROM `news_think_node` WHERE `pid` = 6  [ RunTime:0.0007s ]
SQL: SELECT * FROM `news_think_node` WHERE `pid` = 7  [ RunTime:0.0007s ]
SQL: SELECT * FROM `news_think_node` WHERE `pid` = 8  [ RunTime:0.0016s ]
SQL: SELECT COUNT(*) AS tp_count FROM `news_think_node` WHERE `status` >= 0 AND `pid` IN (0,1) LIMIT 1   [ RunTime:0.0013s ]
NOTIC: [2] Creating default object from empty value /var/www/foot/Backend/Home/Controller/AccessController.class.php 第 34 行.
NOTIC: [2] urlencode() expects parameter 1 to be string, array given /var/www/foot/Backend/Home/Controller/AccessController.class.php 第 36 行.
NOTIC: [2] urlencode() expects parameter 1 to be string, array given /var/www/foot/Backend/Home/Controller/AccessController.class.php 第 36 行.
INFO: [ view_parse ] --START--
INFO: [ template_filter ] --START--
INFO: Run Behavior\ContentReplaceBehavior [ RunTime:0.000310s ]
INFO: [ template_filter ] --END-- [ RunTime:0.000440s ]
NOTIC: [8] Undefined index: btime /var/www/foot/Backend/Runtime/Cache/Home/4ba756bb8b68d10a707a6fe2f46ae8fb.php 第 147 行.
NOTIC: [8] Undefined index: word /var/www/foot/Backend/Runtime/Cache/Home/4ba756bb8b68d10a707a6fe2f46ae8fb.php 第 157 行.
NOTIC: [8] Undefined index: btime /var/www/foot/Backend/Runtime/Cache/Home/4ba756bb8b68d10a707a6fe2f46ae8fb.php 第 157 行.
NOTIC: [8] Undefined index: etime /var/www/foot/Backend/Runtime/Cache/Home/4ba756bb8b68d10a707a6fe2f46ae8fb.php 第 157 行.
NOTIC: [8] Undefined variable: item /var/www/foot/Backend/Runtime/Cache/Home/4ba756bb8b68d10a707a6fe2f46ae8fb.php 第 309 行.
INFO: Run Behavior\ParseTemplateBehavior [ RunTime:0.019412s ]
INFO: [ view_parse ] --END-- [ RunTime:0.019504s ]
INFO: [ view_filter ] --START--
INFO: Run Behavior\WriteHtmlCacheBehavior [ RunTime:0.000118s ]
INFO: [ view_filter ] --END-- [ RunTime:0.000182s ]
INFO: [ app_end ] --START--
INFO: Run Behavior\ShowPageTraceBehavior [ RunTime:0.000092s ]
INFO: [ app_end ] --END-- [ RunTime:0.000156s ]

[ 2016-12-16T22:46:48+08:00 ] ::1 /foot/admin.php/home/Access/nodelist
INFO: [ app_init ] --START--
INFO: Run Behavior\BuildLiteBehavior [ RunTime:0.000027s ]
INFO: [ app_init ] --END-- [ RunTime:0.000200s ]
INFO: [ app_begin ] --START--
INFO: Run Behavior\ReadHtmlCacheBehavior [ RunTime:0.000110s ]
INFO: [ app_begin ] --END-- [ RunTime:0.000198s ]
SQL: SHOW COLUMNS FROM `news_think_node` [ RunTime:0.0017s ]
SQL: SELECT * FROM `news_think_node` WHERE `status` >= 0 AND `pid` IN (0,1) LIMIT 0,10   [ RunTime:0.0014s ]
SQL: SELECT * FROM `news_think_node` WHERE `pid` = 1  [ RunTime:0.0008s ]
SQL: SELECT * FROM `news_think_node` WHERE `pid` = 2  [ RunTime:0.0008s ]
SQL: SELECT * FROM `news_think_node` WHERE `pid` = 3  [ RunTime:0.0006s ]
SQL: SELECT * FROM `news_think_node` WHERE `pid` = 4  [ RunTime:0.0004s ]
SQL: SELECT * FROM `news_think_node` WHERE `pid` = 5  [ RunTime:0.0004s ]
SQL: SELECT * FROM `news_think_node` WHERE `pid` = 6  [ RunTime:0.0005s ]
SQL: SELECT * FROM `news_think_node` WHERE `pid` = 7  [ RunTime:0.0008s ]
SQL: SELECT * FROM `news_think_node` WHERE `pid` = 8  [ RunTime:0.0008s ]
SQL: SELECT * FROM `news_think_node` WHERE `pid` = 2  [ RunTime:0.0009s ]
SQL: SELECT * FROM `news_think_node` WHERE `pid` = 3  [ RunTime:0.0009s ]
SQL: SELECT * FROM `news_think_node` WHERE `pid` = 4  [ RunTime:0.0007s ]
SQL: SELECT * FROM `news_think_node` WHERE `pid` = 5  [ RunTime:0.0008s ]
SQL: SELECT * FROM `news_think_node` WHERE `pid` = 6  [ RunTime:0.0008s ]
SQL: SELECT * FROM `news_think_node` WHERE `pid` = 7  [ RunTime:0.0008s ]
SQL: SELECT * FROM `news_think_node` WHERE `pid` = 8  [ RunTime:0.0008s ]
SQL: SELECT COUNT(*) AS tp_count FROM `news_think_node` WHERE `status` >= 0 AND `pid` IN (0,1) LIMIT 1   [ RunTime:0.0010s ]
NOTIC: [2] Creating default object from empty value /var/www/foot/Backend/Home/Controller/AccessController.class.php 第 34 行.
NOTIC: [2] urlencode() expects parameter 1 to be string, array given /var/www/foot/Backend/Home/Controller/AccessController.class.php 第 36 行.
NOTIC: [2] urlencode() expects parameter 1 to be string, array given /var/www/foot/Backend/Home/Controller/AccessController.class.php 第 36 行.
INFO: [ view_parse ] --START--
INFO: [ template_filter ] --START--
INFO: Run Behavior\ContentReplaceBehavior [ RunTime:0.000346s ]
INFO: [ template_filter ] --END-- [ RunTime:0.000463s ]
ERR: syntax error, unexpected '[', expecting '('

[ 2016-12-16T22:49:29+08:00 ] ::1 /foot/admin.php/home/Access/nodelist
INFO: [ app_init ] --START--
INFO: Run Behavior\BuildLiteBehavior [ RunTime:0.000038s ]
INFO: [ app_init ] --END-- [ RunTime:0.000415s ]
INFO: [ app_begin ] --START--
INFO: Run Behavior\ReadHtmlCacheBehavior [ RunTime:0.000129s ]
INFO: [ app_begin ] --END-- [ RunTime:0.000236s ]
SQL: SHOW COLUMNS FROM `news_think_node` [ RunTime:0.0024s ]
SQL: SELECT * FROM `news_think_node` WHERE `status` >= 0 AND `pid` IN (0,1) LIMIT 0,10   [ RunTime:0.0019s ]
SQL: SELECT * FROM `news_think_node` WHERE `pid` = 1  [ RunTime:0.0014s ]
SQL: SELECT * FROM `news_think_node` WHERE `pid` = 2  [ RunTime:0.0011s ]
SQL: SELECT * FROM `news_think_node` WHERE `pid` = 3  [ RunTime:0.0010s ]
SQL: SELECT * FROM `news_think_node` WHERE `pid` = 4  [ RunTime:0.0010s ]
SQL: SELECT * FROM `news_think_node` WHERE `pid` = 5  [ RunTime:0.0011s ]
SQL: SELECT * FROM `news_think_node` WHERE `pid` = 6  [ RunTime:0.0014s ]
SQL: SELECT * FROM `news_think_node` WHERE `pid` = 7  [ RunTime:0.0011s ]
SQL: SELECT * FROM `news_think_node` WHERE `pid` = 8  [ RunTime:0.0010s ]
SQL: SELECT * FROM `news_think_node` WHERE `pid` = 2  [ RunTime:0.0012s ]
SQL: SELECT * FROM `news_think_node` WHERE `pid` = 3  [ RunTime:0.0017s ]
SQL: SELECT * FROM `news_think_node` WHERE `pid` = 4  [ RunTime:0.0013s ]
SQL: SELECT * FROM `news_think_node` WHERE `pid` = 5  [ RunTime:0.0010s ]
SQL: SELECT * FROM `news_think_node` WHERE `pid` = 6  [ RunTime:0.0009s ]
SQL: SELECT * FROM `news_think_node` WHERE `pid` = 7  [ RunTime:0.0007s ]
SQL: SELECT * FROM `news_think_node` WHERE `pid` = 8  [ RunTime:0.0007s ]
SQL: SELECT COUNT(*) AS tp_count FROM `news_think_node` WHERE `status` >= 0 AND `pid` IN (0,1) LIMIT 1   [ RunTime:0.0015s ]
NOTIC: [2] Creating default object from empty value /var/www/foot/Backend/Home/Controller/AccessController.class.php 第 34 行.
NOTIC: [2] urlencode() expects parameter 1 to be string, array given /var/www/foot/Backend/Home/Controller/AccessController.class.php 第 36 行.
NOTIC: [2] urlencode() expects parameter 1 to be string, array given /var/www/foot/Backend/Home/Controller/AccessController.class.php 第 36 行.
INFO: [ view_parse ] --START--
INFO: [ template_filter ] --START--
INFO: Run Behavior\ContentReplaceBehavior [ RunTime:0.000420s ]
INFO: [ template_filter ] --END-- [ RunTime:0.000572s ]
ERR: syntax error, unexpected '[', expecting '('

[ 2016-12-16T22:52:20+08:00 ] ::1 /foot/admin.php/home/Access/nodelist
INFO: [ app_init ] --START--
INFO: Run Behavior\BuildLiteBehavior [ RunTime:0.000040s ]
INFO: [ app_init ] --END-- [ RunTime:0.000292s ]
INFO: [ app_begin ] --START--
INFO: Run Behavior\ReadHtmlCacheBehavior [ RunTime:0.000147s ]
INFO: [ app_begin ] --END-- [ RunTime:0.000275s ]
SQL: SHOW COLUMNS FROM `news_think_node` [ RunTime:0.0022s ]
SQL: SELECT * FROM `news_think_node` WHERE `status` >= 0 AND `pid` IN (0,1) LIMIT 0,10   [ RunTime:0.0017s ]
SQL: SELECT * FROM `news_think_node` WHERE `pid` = 1  [ RunTime:0.0015s ]
SQL: SELECT * FROM `news_think_node` WHERE `pid` = 2  [ RunTime:0.0013s ]
SQL: SELECT * FROM `news_think_node` WHERE `pid` = 3  [ RunTime:0.0011s ]
SQL: SELECT * FROM `news_think_node` WHERE `pid` = 4  [ RunTime:0.0010s ]
SQL: SELECT * FROM `news_think_node` WHERE `pid` = 5  [ RunTime:0.0005s ]
SQL: SELECT * FROM `news_think_node` WHERE `pid` = 6  [ RunTime:0.0005s ]
SQL: SELECT * FROM `news_think_node` WHERE `pid` = 7  [ RunTime:0.0007s ]
SQL: SELECT * FROM `news_think_node` WHERE `pid` = 8  [ RunTime:0.0009s ]
SQL: SELECT * FROM `news_think_node` WHERE `pid` = 2  [ RunTime:0.0009s ]
SQL: SELECT * FROM `news_think_node` WHERE `pid` = 3  [ RunTime:0.0007s ]
SQL: SELECT * FROM `news_think_node` WHERE `pid` = 4  [ RunTime:0.0007s ]
SQL: SELECT * FROM `news_think_node` WHERE `pid` = 5  [ RunTime:0.0007s ]
SQL: SELECT * FROM `news_think_node` WHERE `pid` = 6  [ RunTime:0.0011s ]
SQL: SELECT * FROM `news_think_node` WHERE `pid` = 7  [ RunTime:0.0007s ]
SQL: SELECT * FROM `news_think_node` WHERE `pid` = 8  [ RunTime:0.0006s ]
SQL: SELECT COUNT(*) AS tp_count FROM `news_think_node` WHERE `status` >= 0 AND `pid` IN (0,1) LIMIT 1   [ RunTime:0.0008s ]
NOTIC: [2] Creating default object from empty value /var/www/foot/Backend/Home/Controller/AccessController.class.php 第 34 行.
NOTIC: [2] urlencode() expects parameter 1 to be string, array given /var/www/foot/Backend/Home/Controller/AccessController.class.php 第 36 行.
NOTIC: [2] urlencode() expects parameter 1 to be string, array given /var/www/foot/Backend/Home/Controller/AccessController.class.php 第 36 行.
INFO: [ view_parse ] --START--
INFO: [ template_filter ] --START--
INFO: Run Behavior\ContentReplaceBehavior [ RunTime:0.000333s ]
INFO: [ template_filter ] --END-- [ RunTime:0.000471s ]
NOTIC: [8] Undefined index: btime /var/www/foot/Backend/Runtime/Cache/Home/4ba756bb8b68d10a707a6fe2f46ae8fb.php 第 147 行.
NOTIC: [8] Undefined index: word /var/www/foot/Backend/Runtime/Cache/Home/4ba756bb8b68d10a707a6fe2f46ae8fb.php 第 157 行.
NOTIC: [8] Undefined index: btime /var/www/foot/Backend/Runtime/Cache/Home/4ba756bb8b68d10a707a6fe2f46ae8fb.php 第 157 行.
NOTIC: [8] Undefined index: etime /var/www/foot/Backend/Runtime/Cache/Home/4ba756bb8b68d10a707a6fe2f46ae8fb.php 第 157 行.
NOTIC: [8] Undefined variable: item /var/www/foot/Backend/Runtime/Cache/Home/4ba756bb8b68d10a707a6fe2f46ae8fb.php 第 333 行.
INFO: Run Behavior\ParseTemplateBehavior [ RunTime:0.023928s ]
INFO: [ view_parse ] --END-- [ RunTime:0.024032s ]
INFO: [ view_filter ] --START--
INFO: Run Behavior\WriteHtmlCacheBehavior [ RunTime:0.000186s ]
INFO: [ view_filter ] --END-- [ RunTime:0.000246s ]
INFO: [ app_end ] --START--
INFO: Run Behavior\ShowPageTraceBehavior [ RunTime:0.000223s ]
INFO: [ app_end ] --END-- [ RunTime:0.000365s ]

[ 2016-12-16T22:54:23+08:00 ] ::1 /foot/admin.php/home/Access/nodelist
INFO: [ app_init ] --START--
INFO: Run Behavior\BuildLiteBehavior [ RunTime:0.000024s ]
INFO: [ app_init ] --END-- [ RunTime:0.000181s ]
INFO: [ app_begin ] --START--
INFO: Run Behavior\ReadHtmlCacheBehavior [ RunTime:0.000085s ]
INFO: [ app_begin ] --END-- [ RunTime:0.000155s ]
SQL: SHOW COLUMNS FROM `news_think_node` [ RunTime:0.0021s ]
SQL: SELECT * FROM `news_think_node` WHERE `status` >= 0 AND `pid` IN (0,1) LIMIT 0,10   [ RunTime:0.0011s ]
SQL: SELECT * FROM `news_think_node` WHERE `pid` = 1  [ RunTime:0.0008s ]
SQL: SELECT * FROM `news_think_node` WHERE `pid` = 2  [ RunTime:0.0006s ]
SQL: SELECT * FROM `news_think_node` WHERE `pid` = 3  [ RunTime:0.0004s ]
SQL: SELECT * FROM `news_think_node` WHERE `pid` = 4  [ RunTime:0.0007s ]
SQL: SELECT * FROM `news_think_node` WHERE `pid` = 5  [ RunTime:0.0007s ]
SQL: SELECT * FROM `news_think_node` WHERE `pid` = 6  [ RunTime:0.0008s ]
SQL: SELECT * FROM `news_think_node` WHERE `pid` = 7  [ RunTime:0.0006s ]
SQL: SELECT * FROM `news_think_node` WHERE `pid` = 8  [ RunTime:0.0004s ]
SQL: SELECT * FROM `news_think_node` WHERE `pid` = 2  [ RunTime:0.0005s ]
SQL: SELECT * FROM `news_think_node` WHERE `pid` = 3  [ RunTime:0.0009s ]
SQL: SELECT * FROM `news_think_node` WHERE `pid` = 4  [ RunTime:0.0004s ]
SQL: SELECT * FROM `news_think_node` WHERE `pid` = 5  [ RunTime:0.0004s ]
SQL: SELECT * FROM `news_think_node` WHERE `pid` = 6  [ RunTime:0.0006s ]
SQL: SELECT * FROM `news_think_node` WHERE `pid` = 7  [ RunTime:0.0004s ]
SQL: SELECT * FROM `news_think_node` WHERE `pid` = 8  [ RunTime:0.0005s ]
SQL: SELECT COUNT(*) AS tp_count FROM `news_think_node` WHERE `status` >= 0 AND `pid` IN (0,1) LIMIT 1   [ RunTime:0.0007s ]
NOTIC: [2] Creating default object from empty value /var/www/foot/Backend/Home/Controller/AccessController.class.php 第 34 行.
NOTIC: [2] urlencode() expects parameter 1 to be string, array given /var/www/foot/Backend/Home/Controller/AccessController.class.php 第 36 行.
NOTIC: [2] urlencode() expects parameter 1 to be string, array given /var/www/foot/Backend/Home/Controller/AccessController.class.php 第 36 行.
INFO: [ view_parse ] --START--
INFO: [ template_filter ] --START--
INFO: Run Behavior\ContentReplaceBehavior [ RunTime:0.000308s ]
INFO: [ template_filter ] --END-- [ RunTime:0.000407s ]
NOTIC: [8] Undefined index: btime /var/www/foot/Backend/Runtime/Cache/Home/4ba756bb8b68d10a707a6fe2f46ae8fb.php 第 147 行.
NOTIC: [8] Undefined index: word /var/www/foot/Backend/Runtime/Cache/Home/4ba756bb8b68d10a707a6fe2f46ae8fb.php 第 157 行.
NOTIC: [8] Undefined index: btime /var/www/foot/Backend/Runtime/Cache/Home/4ba756bb8b68d10a707a6fe2f46ae8fb.php 第 157 行.
NOTIC: [8] Undefined index: etime /var/www/foot/Backend/Runtime/Cache/Home/4ba756bb8b68d10a707a6fe2f46ae8fb.php 第 157 行.
NOTIC: [8] Undefined variable: item /var/www/foot/Backend/Runtime/Cache/Home/4ba756bb8b68d10a707a6fe2f46ae8fb.php 第 333 行.
INFO: Run Behavior\ParseTemplateBehavior [ RunTime:0.013652s ]
INFO: [ view_parse ] --END-- [ RunTime:0.013732s ]
INFO: [ view_filter ] --START--
INFO: Run Behavior\WriteHtmlCacheBehavior [ RunTime:0.000121s ]
INFO: [ view_filter ] --END-- [ RunTime:0.000181s ]
INFO: [ app_end ] --START--
INFO: Run Behavior\ShowPageTraceBehavior [ RunTime:0.000154s ]
INFO: [ app_end ] --END-- [ RunTime:0.000268s ]

[ 2016-12-16T23:00:24+08:00 ] ::1 /foot/admin.php
INFO: [ app_init ] --START--
INFO: Run Behavior\BuildLiteBehavior [ RunTime:0.000029s ]
INFO: [ app_init ] --END-- [ RunTime:0.000205s ]
INFO: [ app_begin ] --START--
INFO: Run Behavior\ReadHtmlCacheBehavior [ RunTime:0.000175s ]
INFO: [ app_begin ] --END-- [ RunTime:0.000253s ]
INFO: [ view_parse ] --START--
INFO: [ template_filter ] --START--
INFO: Run Behavior\ContentReplaceBehavior [ RunTime:0.000215s ]
INFO: [ template_filter ] --END-- [ RunTime:0.000306s ]
NOTIC: [8] Undefined variable: item /var/www/foot/Backend/Runtime/Cache/Home/f90dca177af49f305dffc2aced3c3e40.php 第 169 行.
INFO: Run Behavior\ParseTemplateBehavior [ RunTime:0.005178s ]
INFO: [ view_parse ] --END-- [ RunTime:0.005303s ]
INFO: [ view_filter ] --START--
INFO: Run Behavior\WriteHtmlCacheBehavior [ RunTime:0.000086s ]
INFO: [ view_filter ] --END-- [ RunTime:0.000144s ]
INFO: [ app_end ] --START--
INFO: Run Behavior\ShowPageTraceBehavior [ RunTime:0.000079s ]
INFO: [ app_end ] --END-- [ RunTime:0.000143s ]

[ 2016-12-16T23:00:25+08:00 ] ::1 /foot/admin.php
INFO: [ app_init ] --START--
INFO: Run Behavior\BuildLiteBehavior [ RunTime:0.000025s ]
INFO: [ app_init ] --END-- [ RunTime:0.000169s ]
INFO: [ app_begin ] --START--
INFO: Run Behavior\ReadHtmlCacheBehavior [ RunTime:0.000073s ]
INFO: [ app_begin ] --END-- [ RunTime:0.000146s ]
INFO: [ view_parse ] --START--
INFO: [ template_filter ] --START--
INFO: Run Behavior\ContentReplaceBehavior [ RunTime:0.000306s ]
INFO: [ template_filter ] --END-- [ RunTime:0.000416s ]
NOTIC: [8] Undefined variable: item /var/www/foot/Backend/Runtime/Cache/Home/f90dca177af49f305dffc2aced3c3e40.php 第 169 行.
INFO: Run Behavior\ParseTemplateBehavior [ RunTime:0.005250s ]
INFO: [ view_parse ] --END-- [ RunTime:0.005335s ]
INFO: [ view_filter ] --START--
INFO: Run Behavior\WriteHtmlCacheBehavior [ RunTime:0.000141s ]
INFO: [ view_filter ] --END-- [ RunTime:0.000199s ]
INFO: [ app_end ] --START--
INFO: Run Behavior\ShowPageTraceBehavior [ RunTime:0.000082s ]
INFO: [ app_end ] --END-- [ RunTime:0.000163s ]

[ 2016-12-16T23:00:29+08:00 ] ::1 /foot/admin.php/home/user/logout
INFO: [ app_init ] --START--
INFO: Run Behavior\BuildLiteBehavior [ RunTime:0.000034s ]
INFO: [ app_init ] --END-- [ RunTime:0.000237s ]
INFO: [ app_begin ] --START--
INFO: Run Behavior\ReadHtmlCacheBehavior [ RunTime:0.000084s ]
INFO: [ app_begin ] --END-- [ RunTime:0.000154s ]

[ 2016-12-16T23:00:29+08:00 ] ::1 /foot/admin.php/Home/user/login.html
INFO: [ app_init ] --START--
INFO: Run Behavior\BuildLiteBehavior [ RunTime:0.000035s ]
INFO: [ app_init ] --END-- [ RunTime:0.000261s ]
INFO: [ app_begin ] --START--
INFO: Run Behavior\ReadHtmlCacheBehavior [ RunTime:0.000125s ]
INFO: [ app_begin ] --END-- [ RunTime:0.000368s ]
INFO: [ view_parse ] --START--
INFO: [ template_filter ] --START--
INFO: Run Behavior\ContentReplaceBehavior [ RunTime:0.000311s ]
INFO: [ template_filter ] --END-- [ RunTime:0.000482s ]
INFO: Run Behavior\ParseTemplateBehavior [ RunTime:0.004384s ]
INFO: [ view_parse ] --END-- [ RunTime:0.004533s ]
INFO: [ view_filter ] --START--
INFO: Run Behavior\WriteHtmlCacheBehavior [ RunTime:0.000153s ]
INFO: [ view_filter ] --END-- [ RunTime:0.000252s ]
INFO: [ app_end ] --START--
INFO: Run Behavior\ShowPageTraceBehavior [ RunTime:0.000115s ]
INFO: [ app_end ] --END-- [ RunTime:0.000218s ]

[ 2016-12-16T23:00:31+08:00 ] ::1 /foot/admin.php/home/user/chklogin
INFO: [ app_init ] --START--
INFO: Run Behavior\BuildLiteBehavior [ RunTime:0.000025s ]
INFO: [ app_init ] --END-- [ RunTime:0.000164s ]
INFO: [ app_begin ] --START--
INFO: Run Behavior\ReadHtmlCacheBehavior [ RunTime:0.000073s ]
INFO: [ app_begin ] --END-- [ RunTime:0.000146s ]
SQL: SHOW COLUMNS FROM `news_user` [ RunTime:0.0021s ]
SQL: SELECT * FROM `news_user` WHERE `name` = 'admin' AND `password` = 'admin' LIMIT 1   [ RunTime:0.0013s ]

[ 2016-12-16T23:00:32+08:00 ] ::1 /foot/admin.php/home/index/index
INFO: [ app_init ] --START--
INFO: Run Behavior\BuildLiteBehavior [ RunTime:0.000026s ]
INFO: [ app_init ] --END-- [ RunTime:0.000184s ]
INFO: [ app_begin ] --START--
INFO: Run Behavior\ReadHtmlCacheBehavior [ RunTime:0.000086s ]
INFO: [ app_begin ] --END-- [ RunTime:0.000168s ]
INFO: [ view_parse ] --START--
INFO: [ template_filter ] --START--
INFO: Run Behavior\ContentReplaceBehavior [ RunTime:0.000267s ]
INFO: [ template_filter ] --END-- [ RunTime:0.000393s ]
NOTIC: [8] Undefined variable: item /var/www/foot/Backend/Runtime/Cache/Home/f90dca177af49f305dffc2aced3c3e40.php 第 169 行.
INFO: Run Behavior\ParseTemplateBehavior [ RunTime:0.006173s ]
INFO: [ view_parse ] --END-- [ RunTime:0.006277s ]
INFO: [ view_filter ] --START--
INFO: Run Behavior\WriteHtmlCacheBehavior [ RunTime:0.000210s ]
INFO: [ view_filter ] --END-- [ RunTime:0.000279s ]
INFO: [ app_end ] --START--
INFO: Run Behavior\ShowPageTraceBehavior [ RunTime:0.000182s ]
INFO: [ app_end ] --END-- [ RunTime:0.000313s ]

[ 2016-12-16T23:00:38+08:00 ] ::1 /foot/admin.php/home/Access/nodelist
INFO: [ app_init ] --START--
INFO: Run Behavior\BuildLiteBehavior [ RunTime:0.000035s ]
INFO: [ app_init ] --END-- [ RunTime:0.000266s ]
INFO: [ app_begin ] --START--
INFO: Run Behavior\ReadHtmlCacheBehavior [ RunTime:0.000120s ]
INFO: [ app_begin ] --END-- [ RunTime:0.000225s ]
SQL: SHOW COLUMNS FROM `news_think_node` [ RunTime:0.0026s ]
SQL: SELECT * FROM `news_think_node` WHERE `status` >= 0 AND `pid` IN (0,1) LIMIT 0,10   [ RunTime:0.0021s ]
SQL: SELECT * FROM `news_think_node` WHERE `pid` = 1  [ RunTime:0.0014s ]
SQL: SELECT * FROM `news_think_node` WHERE `pid` = 2  [ RunTime:0.0015s ]
SQL: SELECT * FROM `news_think_node` WHERE `pid` = 3  [ RunTime:0.0013s ]
SQL: SELECT * FROM `news_think_node` WHERE `pid` = 4  [ RunTime:0.0017s ]
SQL: SELECT * FROM `news_think_node` WHERE `pid` = 5  [ RunTime:0.0012s ]
SQL: SELECT * FROM `news_think_node` WHERE `pid` = 6  [ RunTime:0.0009s ]
SQL: SELECT * FROM `news_think_node` WHERE `pid` = 7  [ RunTime:0.0006s ]
SQL: SELECT * FROM `news_think_node` WHERE `pid` = 8  [ RunTime:0.0007s ]
SQL: SELECT * FROM `news_think_node` WHERE `pid` = 2  [ RunTime:0.0013s ]
SQL: SELECT * FROM `news_think_node` WHERE `pid` = 3  [ RunTime:0.0010s ]
SQL: SELECT * FROM `news_think_node` WHERE `pid` = 4  [ RunTime:0.0007s ]
SQL: SELECT * FROM `news_think_node` WHERE `pid` = 5  [ RunTime:0.0006s ]
SQL: SELECT * FROM `news_think_node` WHERE `pid` = 6  [ RunTime:0.0007s ]
SQL: SELECT * FROM `news_think_node` WHERE `pid` = 7  [ RunTime:0.0006s ]
SQL: SELECT * FROM `news_think_node` WHERE `pid` = 8  [ RunTime:0.0006s ]
SQL: SELECT COUNT(*) AS tp_count FROM `news_think_node` WHERE `status` >= 0 AND `pid` IN (0,1) LIMIT 1   [ RunTime:0.0009s ]
NOTIC: [2] Creating default object from empty value /var/www/foot/Backend/Home/Controller/AccessController.class.php 第 34 行.
NOTIC: [2] urlencode() expects parameter 1 to be string, array given /var/www/foot/Backend/Home/Controller/AccessController.class.php 第 36 行.
NOTIC: [2] urlencode() expects parameter 1 to be string, array given /var/www/foot/Backend/Home/Controller/AccessController.class.php 第 36 行.
INFO: [ view_parse ] --START--
INFO: [ template_filter ] --START--
INFO: Run Behavior\ContentReplaceBehavior [ RunTime:0.000351s ]
INFO: [ template_filter ] --END-- [ RunTime:0.000543s ]
NOTIC: [8] Undefined index: btime /var/www/foot/Backend/Runtime/Cache/Home/4ba756bb8b68d10a707a6fe2f46ae8fb.php 第 147 行.
NOTIC: [8] Undefined index: word /var/www/foot/Backend/Runtime/Cache/Home/4ba756bb8b68d10a707a6fe2f46ae8fb.php 第 157 行.
NOTIC: [8] Undefined index: btime /var/www/foot/Backend/Runtime/Cache/Home/4ba756bb8b68d10a707a6fe2f46ae8fb.php 第 157 行.
NOTIC: [8] Undefined index: etime /var/www/foot/Backend/Runtime/Cache/Home/4ba756bb8b68d10a707a6fe2f46ae8fb.php 第 157 行.
NOTIC: [8] Undefined variable: item /var/www/foot/Backend/Runtime/Cache/Home/4ba756bb8b68d10a707a6fe2f46ae8fb.php 第 339 行.
INFO: Run Behavior\ParseTemplateBehavior [ RunTime:0.019624s ]
INFO: [ view_parse ] --END-- [ RunTime:0.019721s ]
INFO: [ view_filter ] --START--
INFO: Run Behavior\WriteHtmlCacheBehavior [ RunTime:0.000106s ]
INFO: [ view_filter ] --END-- [ RunTime:0.000164s ]
INFO: [ app_end ] --START--
INFO: Run Behavior\ShowPageTraceBehavior [ RunTime:0.000078s ]
INFO: [ app_end ] --END-- [ RunTime:0.000142s ]

[ 2016-12-16T23:02:13+08:00 ] ::1 /foot/admin.php/home/Access/nodelist
INFO: [ app_init ] --START--
INFO: Run Behavior\BuildLiteBehavior [ RunTime:0.000024s ]
INFO: [ app_init ] --END-- [ RunTime:0.000178s ]
INFO: [ app_begin ] --START--
INFO: Run Behavior\ReadHtmlCacheBehavior [ RunTime:0.000080s ]
INFO: [ app_begin ] --END-- [ RunTime:0.000146s ]
SQL: SHOW COLUMNS FROM `news_think_node` [ RunTime:0.0016s ]
SQL: SELECT * FROM `news_think_node` WHERE `status` >= 0 AND `pid` = 1 LIMIT 0,10   [ RunTime:0.0011s ]
SQL: SELECT * FROM `news_think_node` WHERE `pid` = 2  [ RunTime:0.0008s ]
SQL: SELECT * FROM `news_think_node` WHERE `pid` = 3  [ RunTime:0.0011s ]
SQL: SELECT * FROM `news_think_node` WHERE `pid` = 4  [ RunTime:0.0009s ]
SQL: SELECT * FROM `news_think_node` WHERE `pid` = 5  [ RunTime:0.0008s ]
SQL: SELECT * FROM `news_think_node` WHERE `pid` = 6  [ RunTime:0.0009s ]
SQL: SELECT * FROM `news_think_node` WHERE `pid` = 7  [ RunTime:0.0007s ]
SQL: SELECT * FROM `news_think_node` WHERE `pid` = 8  [ RunTime:0.0006s ]
SQL: SELECT COUNT(*) AS tp_count FROM `news_think_node` WHERE `status` >= 0 AND `pid` = 1 LIMIT 1   [ RunTime:0.0009s ]
NOTIC: [2] Creating default object from empty value /var/www/foot/Backend/Home/Controller/AccessController.class.php 第 34 行.
NOTIC: [2] urlencode() expects parameter 1 to be string, array given /var/www/foot/Backend/Home/Controller/AccessController.class.php 第 36 行.
INFO: [ view_parse ] --START--
INFO: [ template_filter ] --START--
INFO: Run Behavior\ContentReplaceBehavior [ RunTime:0.000341s ]
INFO: [ template_filter ] --END-- [ RunTime:0.000467s ]
NOTIC: [8] Undefined index: btime /var/www/foot/Backend/Runtime/Cache/Home/4ba756bb8b68d10a707a6fe2f46ae8fb.php 第 147 行.
NOTIC: [8] Undefined index: word /var/www/foot/Backend/Runtime/Cache/Home/4ba756bb8b68d10a707a6fe2f46ae8fb.php 第 157 行.
NOTIC: [8] Undefined index: btime /var/www/foot/Backend/Runtime/Cache/Home/4ba756bb8b68d10a707a6fe2f46ae8fb.php 第 157 行.
NOTIC: [8] Undefined index: etime /var/www/foot/Backend/Runtime/Cache/Home/4ba756bb8b68d10a707a6fe2f46ae8fb.php 第 157 行.
NOTIC: [8] Undefined variable: item /var/www/foot/Backend/Runtime/Cache/Home/4ba756bb8b68d10a707a6fe2f46ae8fb.php 第 339 行.
INFO: Run Behavior\ParseTemplateBehavior [ RunTime:0.015660s ]
INFO: [ view_parse ] --END-- [ RunTime:0.015765s ]
INFO: [ view_filter ] --START--
INFO: Run Behavior\WriteHtmlCacheBehavior [ RunTime:0.000184s ]
INFO: [ view_filter ] --END-- [ RunTime:0.000307s ]
INFO: [ app_end ] --START--
INFO: Run Behavior\ShowPageTraceBehavior [ RunTime:0.000106s ]
INFO: [ app_end ] --END-- [ RunTime:0.000185s ]

[ 2016-12-16T23:02:43+08:00 ] ::1 /foot/admin.php/home/Access/rolelist
INFO: [ app_init ] --START--
INFO: Run Behavior\BuildLiteBehavior [ RunTime:0.000026s ]
INFO: [ app_init ] --END-- [ RunTime:0.000206s ]
INFO: [ app_begin ] --START--
INFO: Run Behavior\ReadHtmlCacheBehavior [ RunTime:0.000102s ]
INFO: [ app_begin ] --END-- [ RunTime:0.000186s ]
SQL: SHOW COLUMNS FROM `news_think_role` [ RunTime:0.0017s ]
SQL: SELECT * FROM `news_think_role` WHERE `status` >= 0 LIMIT 0,10   [ RunTime:0.0011s ]
SQL: SELECT COUNT(*) AS tp_count FROM `news_think_role` WHERE `status` >= 0 LIMIT 1   [ RunTime:0.0014s ]
NOTIC: [2] Creating default object from empty value /var/www/foot/Backend/Home/Controller/AccessController.class.php 第 139 行.
NOTIC: [2] urlencode() expects parameter 1 to be string, array given /var/www/foot/Backend/Home/Controller/AccessController.class.php 第 141 行.
INFO: [ view_parse ] --START--
INFO: [ template_filter ] --START--
INFO: Run Behavior\ContentReplaceBehavior [ RunTime:0.000302s ]
INFO: [ template_filter ] --END-- [ RunTime:0.000415s ]
NOTIC: [8] Undefined index: btime /var/www/foot/Backend/Runtime/Cache/Home/132878b11805837fa7a43224982034fa.php 第 147 行.
NOTIC: [8] Undefined index: word /var/www/foot/Backend/Runtime/Cache/Home/132878b11805837fa7a43224982034fa.php 第 157 行.
NOTIC: [8] Undefined index: btime /var/www/foot/Backend/Runtime/Cache/Home/132878b11805837fa7a43224982034fa.php 第 157 行.
NOTIC: [8] Undefined index: etime /var/www/foot/Backend/Runtime/Cache/Home/132878b11805837fa7a43224982034fa.php 第 157 行.
NOTIC: [8] Undefined variable: item /var/www/foot/Backend/Runtime/Cache/Home/132878b11805837fa7a43224982034fa.php 第 310 行.
INFO: Run Behavior\ParseTemplateBehavior [ RunTime:0.013585s ]
INFO: [ view_parse ] --END-- [ RunTime:0.013676s ]
INFO: [ view_filter ] --START--
INFO: Run Behavior\WriteHtmlCacheBehavior [ RunTime:0.000116s ]
INFO: [ view_filter ] --END-- [ RunTime:0.000224s ]
INFO: [ app_end ] --START--
INFO: Run Behavior\ShowPageTraceBehavior [ RunTime:0.000091s ]
INFO: [ app_end ] --END-- [ RunTime:0.000164s ]

[ 2016-12-16T23:02:46+08:00 ] ::1 /foot/admin.php/Home/Access/accessnode/id/2.html
INFO: [ app_init ] --START--
INFO: Run Behavior\BuildLiteBehavior [ RunTime:0.000024s ]
INFO: [ app_init ] --END-- [ RunTime:0.000173s ]
INFO: [ app_begin ] --START--
INFO: Run Behavior\ReadHtmlCacheBehavior [ RunTime:0.000071s ]
INFO: [ app_begin ] --END-- [ RunTime:0.000136s ]
SQL: SHOW COLUMNS FROM `news_think_access` [ RunTime:0.0014s ]
SQL: SELECT `node_id` FROM `news_think_access` WHERE `role_id` = 2  [ RunTime:0.0011s ]
SQL: SHOW COLUMNS FROM `news_think_node` [ RunTime:0.0017s ]
SQL: SELECT * FROM `news_think_node`  [ RunTime:0.0008s ]
INFO: [ view_parse ] --START--
INFO: [ template_filter ] --START--
INFO: Run Behavior\ContentReplaceBehavior [ RunTime:0.000255s ]
INFO: [ template_filter ] --END-- [ RunTime:0.000362s ]
NOTIC: [8] Undefined variable: item /var/www/foot/Backend/Runtime/Cache/Home/a8280d41e3b9f6283ed38e19ae4b29d8.php 第 243 行.
INFO: Run Behavior\ParseTemplateBehavior [ RunTime:0.007084s ]
INFO: [ view_parse ] --END-- [ RunTime:0.007159s ]
INFO: [ view_filter ] --START--
INFO: Run Behavior\WriteHtmlCacheBehavior [ RunTime:0.000090s ]
INFO: [ view_filter ] --END-- [ RunTime:0.000148s ]
INFO: [ app_end ] --START--
INFO: Run Behavior\ShowPageTraceBehavior [ RunTime:0.000074s ]
INFO: [ app_end ] --END-- [ RunTime:0.000141s ]

[ 2016-12-16T23:06:05+08:00 ] ::1 /foot/admin.php
INFO: [ app_init ] --START--
INFO: Run Behavior\BuildLiteBehavior [ RunTime:0.000035s ]
INFO: [ app_init ] --END-- [ RunTime:0.000241s ]
INFO: [ app_begin ] --START--
INFO: Run Behavior\ReadHtmlCacheBehavior [ RunTime:0.000078s ]
INFO: [ app_begin ] --END-- [ RunTime:0.000140s ]
INFO: [ view_parse ] --START--
INFO: [ template_filter ] --START--
INFO: Run Behavior\ContentReplaceBehavior [ RunTime:0.000220s ]
INFO: [ template_filter ] --END-- [ RunTime:0.000319s ]
NOTIC: [8] Undefined variable: item /var/www/foot/Backend/Runtime/Cache/Home/f90dca177af49f305dffc2aced3c3e40.php 第 169 行.
INFO: Run Behavior\ParseTemplateBehavior [ RunTime:0.005132s ]
INFO: [ view_parse ] --END-- [ RunTime:0.005195s ]
INFO: [ view_filter ] --START--
INFO: Run Behavior\WriteHtmlCacheBehavior [ RunTime:0.000098s ]
INFO: [ view_filter ] --END-- [ RunTime:0.000156s ]
INFO: [ app_end ] --START--
INFO: Run Behavior\ShowPageTraceBehavior [ RunTime:0.000081s ]
INFO: [ app_end ] --END-- [ RunTime:0.000149s ]

[ 2016-12-16T23:06:11+08:00 ] ::1 /foot/admin.php/home/Access/nodelist
INFO: [ app_init ] --START--
INFO: Run Behavior\BuildLiteBehavior [ RunTime:0.000023s ]
INFO: [ app_init ] --END-- [ RunTime:0.000162s ]
INFO: [ app_begin ] --START--
INFO: Run Behavior\ReadHtmlCacheBehavior [ RunTime:0.000068s ]
INFO: [ app_begin ] --END-- [ RunTime:0.000132s ]

[ 2016-12-16T23:06:11+08:00 ] ::1 /foot/admin.php/Home/user/login.html
INFO: [ app_init ] --START--
INFO: Run Behavior\BuildLiteBehavior [ RunTime:0.000025s ]
INFO: [ app_init ] --END-- [ RunTime:0.000169s ]
INFO: [ app_begin ] --START--
INFO: Run Behavior\ReadHtmlCacheBehavior [ RunTime:0.000074s ]
INFO: [ app_begin ] --END-- [ RunTime:0.000150s ]
INFO: [ view_parse ] --START--
INFO: [ template_filter ] --START--
INFO: Run Behavior\ContentReplaceBehavior [ RunTime:0.000106s ]
INFO: [ template_filter ] --END-- [ RunTime:0.000197s ]
INFO: Run Behavior\ParseTemplateBehavior [ RunTime:0.003184s ]
INFO: [ view_parse ] --END-- [ RunTime:0.003394s ]
INFO: [ view_filter ] --START--
INFO: Run Behavior\WriteHtmlCacheBehavior [ RunTime:0.000125s ]
INFO: [ view_filter ] --END-- [ RunTime:0.000187s ]
INFO: [ app_end ] --START--
INFO: Run Behavior\ShowPageTraceBehavior [ RunTime:0.000076s ]
INFO: [ app_end ] --END-- [ RunTime:0.000141s ]

[ 2016-12-16T23:06:13+08:00 ] ::1 /foot/admin.php/home/user/chklogin
INFO: [ app_init ] --START--
INFO: Run Behavior\BuildLiteBehavior [ RunTime:0.000029s ]
INFO: [ app_init ] --END-- [ RunTime:0.000190s ]
INFO: [ app_begin ] --START--
INFO: Run Behavior\ReadHtmlCacheBehavior [ RunTime:0.000088s ]
INFO: [ app_begin ] --END-- [ RunTime:0.000179s ]
SQL: SHOW COLUMNS FROM `news_user` [ RunTime:0.0025s ]
SQL: SELECT * FROM `news_user` WHERE `name` = 'admin' AND `password` = 'admin' LIMIT 1   [ RunTime:0.0015s ]

[ 2016-12-16T23:06:15+08:00 ] ::1 /foot/admin.php/home/index/index
INFO: [ app_init ] --START--
INFO: Run Behavior\BuildLiteBehavior [ RunTime:0.000044s ]
INFO: [ app_init ] --END-- [ RunTime:0.000294s ]
INFO: [ app_begin ] --START--
INFO: Run Behavior\ReadHtmlCacheBehavior [ RunTime:0.000135s ]
INFO: [ app_begin ] --END-- [ RunTime:0.000267s ]
INFO: [ view_parse ] --START--
INFO: [ template_filter ] --START--
INFO: Run Behavior\ContentReplaceBehavior [ RunTime:0.000371s ]
INFO: [ template_filter ] --END-- [ RunTime:0.000555s ]
NOTIC: [8] Undefined variable: item /var/www/foot/Backend/Runtime/Cache/Home/f90dca177af49f305dffc2aced3c3e40.php 第 169 行.
INFO: Run Behavior\ParseTemplateBehavior [ RunTime:0.008862s ]
INFO: [ view_parse ] --END-- [ RunTime:0.009015s ]
INFO: [ view_filter ] --START--
INFO: Run Behavior\WriteHtmlCacheBehavior [ RunTime:0.000170s ]
INFO: [ view_filter ] --END-- [ RunTime:0.000421s ]
INFO: [ app_end ] --START--
INFO: Run Behavior\ShowPageTraceBehavior [ RunTime:0.000179s ]
INFO: [ app_end ] --END-- [ RunTime:0.000317s ]

[ 2016-12-16T23:06:22+08:00 ] ::1 /foot/admin.php/home/Access/nodelist
INFO: [ app_init ] --START--
INFO: Run Behavior\BuildLiteBehavior [ RunTime:0.000031s ]
INFO: [ app_init ] --END-- [ RunTime:0.000271s ]
INFO: [ app_begin ] --START--
INFO: Run Behavior\ReadHtmlCacheBehavior [ RunTime:0.000088s ]
INFO: [ app_begin ] --END-- [ RunTime:0.000161s ]
SQL: SHOW COLUMNS FROM `news_think_node` [ RunTime:0.0015s ]
SQL: SELECT * FROM `news_think_node` WHERE `status` >= 0 AND `pid` = 1 LIMIT 0,10   [ RunTime:0.0007s ]
SQL: SELECT * FROM `news_think_node` WHERE `pid` = 2  [ RunTime:0.0004s ]
SQL: SELECT * FROM `news_think_node` WHERE `pid` = 3  [ RunTime:0.0003s ]
SQL: SELECT * FROM `news_think_node` WHERE `pid` = 4  [ RunTime:0.0005s ]
SQL: SELECT * FROM `news_think_node` WHERE `pid` = 5  [ RunTime:0.0006s ]
SQL: SELECT * FROM `news_think_node` WHERE `pid` = 6  [ RunTime:0.0010s ]
SQL: SELECT * FROM `news_think_node` WHERE `pid` = 7  [ RunTime:0.0006s ]
SQL: SELECT * FROM `news_think_node` WHERE `pid` = 8  [ RunTime:0.0008s ]
SQL: SELECT COUNT(*) AS tp_count FROM `news_think_node` WHERE `status` >= 0 AND `pid` = 1 LIMIT 1   [ RunTime:0.0014s ]
NOTIC: [2] Creating default object from empty value /var/www/foot/Backend/Home/Controller/AccessController.class.php 第 34 行.
NOTIC: [2] urlencode() expects parameter 1 to be string, array given /var/www/foot/Backend/Home/Controller/AccessController.class.php 第 36 行.
INFO: [ view_parse ] --START--
INFO: [ template_filter ] --START--
INFO: Run Behavior\ContentReplaceBehavior [ RunTime:0.000348s ]
INFO: [ template_filter ] --END-- [ RunTime:0.000455s ]
NOTIC: [8] Undefined index: btime /var/www/foot/Backend/Runtime/Cache/Home/4ba756bb8b68d10a707a6fe2f46ae8fb.php 第 147 行.
NOTIC: [8] Undefined index: word /var/www/foot/Backend/Runtime/Cache/Home/4ba756bb8b68d10a707a6fe2f46ae8fb.php 第 157 行.
NOTIC: [8] Undefined index: btime /var/www/foot/Backend/Runtime/Cache/Home/4ba756bb8b68d10a707a6fe2f46ae8fb.php 第 157 行.
NOTIC: [8] Undefined index: etime /var/www/foot/Backend/Runtime/Cache/Home/4ba756bb8b68d10a707a6fe2f46ae8fb.php 第 157 行.
NOTIC: [8] Undefined variable: item /var/www/foot/Backend/Runtime/Cache/Home/4ba756bb8b68d10a707a6fe2f46ae8fb.php 第 339 行.
INFO: Run Behavior\ParseTemplateBehavior [ RunTime:0.024959s ]
INFO: [ view_parse ] --END-- [ RunTime:0.025026s ]
INFO: [ view_filter ] --START--
INFO: Run Behavior\WriteHtmlCacheBehavior [ RunTime:0.000190s ]
INFO: [ view_filter ] --END-- [ RunTime:0.000251s ]
INFO: [ app_end ] --START--
INFO: Run Behavior\ShowPageTraceBehavior [ RunTime:0.000170s ]
INFO: [ app_end ] --END-- [ RunTime:0.000278s ]

[ 2016-12-16T23:06:40+08:00 ] ::1 /foot/admin.php/home/Access/rolelist
INFO: [ app_init ] --START--
INFO: Run Behavior\BuildLiteBehavior [ RunTime:0.000032s ]
INFO: [ app_init ] --END-- [ RunTime:0.000270s ]
INFO: [ app_begin ] --START--
INFO: Run Behavior\ReadHtmlCacheBehavior [ RunTime:0.000100s ]
INFO: [ app_begin ] --END-- [ RunTime:0.000187s ]
SQL: SHOW COLUMNS FROM `news_think_role` [ RunTime:0.0016s ]
SQL: SELECT * FROM `news_think_role` WHERE `status` >= 0 LIMIT 0,10   [ RunTime:0.0013s ]
SQL: SELECT COUNT(*) AS tp_count FROM `news_think_role` WHERE `status` >= 0 LIMIT 1   [ RunTime:0.0011s ]
NOTIC: [2] Creating default object from empty value /var/www/foot/Backend/Home/Controller/AccessController.class.php 第 139 行.
NOTIC: [2] urlencode() expects parameter 1 to be string, array given /var/www/foot/Backend/Home/Controller/AccessController.class.php 第 141 行.
INFO: [ view_parse ] --START--
INFO: [ template_filter ] --START--
INFO: Run Behavior\ContentReplaceBehavior [ RunTime:0.000338s ]
INFO: [ template_filter ] --END-- [ RunTime:0.000492s ]
NOTIC: [8] Undefined index: btime /var/www/foot/Backend/Runtime/Cache/Home/132878b11805837fa7a43224982034fa.php 第 147 行.
NOTIC: [8] Undefined index: word /var/www/foot/Backend/Runtime/Cache/Home/132878b11805837fa7a43224982034fa.php 第 157 行.
NOTIC: [8] Undefined index: btime /var/www/foot/Backend/Runtime/Cache/Home/132878b11805837fa7a43224982034fa.php 第 157 行.
NOTIC: [8] Undefined index: etime /var/www/foot/Backend/Runtime/Cache/Home/132878b11805837fa7a43224982034fa.php 第 157 行.
NOTIC: [8] Undefined variable: item /var/www/foot/Backend/Runtime/Cache/Home/132878b11805837fa7a43224982034fa.php 第 310 行.
INFO: Run Behavior\ParseTemplateBehavior [ RunTime:0.016387s ]
INFO: [ view_parse ] --END-- [ RunTime:0.016467s ]
INFO: [ view_filter ] --START--
INFO: Run Behavior\WriteHtmlCacheBehavior [ RunTime:0.000122s ]
INFO: [ view_filter ] --END-- [ RunTime:0.000181s ]
INFO: [ app_end ] --START--
INFO: Run Behavior\ShowPageTraceBehavior [ RunTime:0.000128s ]
INFO: [ app_end ] --END-- [ RunTime:0.000210s ]

[ 2016-12-16T23:06:42+08:00 ] ::1 /foot/admin.php/Home/Access/accessnode/id/1.html
INFO: [ app_init ] --START--
INFO: Run Behavior\BuildLiteBehavior [ RunTime:0.000041s ]
INFO: [ app_init ] --END-- [ RunTime:0.000203s ]
INFO: [ app_begin ] --START--
INFO: Run Behavior\ReadHtmlCacheBehavior [ RunTime:0.000101s ]
INFO: [ app_begin ] --END-- [ RunTime:0.000206s ]
SQL: SHOW COLUMNS FROM `news_think_access` [ RunTime:0.0016s ]
SQL: SELECT `node_id` FROM `news_think_access` WHERE `role_id` = 1  [ RunTime:0.0010s ]
SQL: SHOW COLUMNS FROM `news_think_node` [ RunTime:0.0018s ]
SQL: SELECT * FROM `news_think_node`  [ RunTime:0.0010s ]
INFO: [ view_parse ] --START--
INFO: [ template_filter ] --START--
INFO: Run Behavior\ContentReplaceBehavior [ RunTime:0.000523s ]
INFO: [ template_filter ] --END-- [ RunTime:0.000686s ]
NOTIC: [8] Undefined variable: item /var/www/foot/Backend/Runtime/Cache/Home/a8280d41e3b9f6283ed38e19ae4b29d8.php 第 243 行.
INFO: Run Behavior\ParseTemplateBehavior [ RunTime:0.009233s ]
INFO: [ view_parse ] --END-- [ RunTime:0.009328s ]
INFO: [ view_filter ] --START--
INFO: Run Behavior\WriteHtmlCacheBehavior [ RunTime:0.000105s ]
INFO: [ view_filter ] --END-- [ RunTime:0.000165s ]
INFO: [ app_end ] --START--
INFO: Run Behavior\ShowPageTraceBehavior [ RunTime:0.000145s ]
INFO: [ app_end ] --END-- [ RunTime:0.000280s ]

[ 2016-12-16T23:07:17+08:00 ] ::1 /foot/admin.php/Home/Access/accessnode/id/1.html
INFO: [ app_init ] --START--
INFO: Run Behavior\BuildLiteBehavior [ RunTime:0.000027s ]
INFO: [ app_init ] --END-- [ RunTime:0.000246s ]
INFO: [ app_begin ] --START--
INFO: Run Behavior\ReadHtmlCacheBehavior [ RunTime:0.000080s ]
INFO: [ app_begin ] --END-- [ RunTime:0.000145s ]
SQL: SHOW COLUMNS FROM `news_think_access` [ RunTime:0.0013s ]
SQL: SELECT `node_id` FROM `news_think_access` WHERE `role_id` = 1  [ RunTime:0.0011s ]
SQL: SHOW COLUMNS FROM `news_think_node` [ RunTime:0.0015s ]
SQL: SELECT * FROM `news_think_node`  [ RunTime:0.0012s ]
INFO: [ view_parse ] --START--
INFO: [ template_filter ] --START--
INFO: Run Behavior\ContentReplaceBehavior [ RunTime:0.000262s ]
INFO: [ template_filter ] --END-- [ RunTime:0.000375s ]
NOTIC: [8] Undefined variable: item /var/www/foot/Backend/Runtime/Cache/Home/a8280d41e3b9f6283ed38e19ae4b29d8.php 第 243 行.
INFO: Run Behavior\ParseTemplateBehavior [ RunTime:0.018512s ]
INFO: [ view_parse ] --END-- [ RunTime:0.018613s ]
INFO: [ view_filter ] --START--
INFO: Run Behavior\WriteHtmlCacheBehavior [ RunTime:0.000116s ]
INFO: [ view_filter ] --END-- [ RunTime:0.000176s ]
INFO: [ app_end ] --START--
INFO: Run Behavior\ShowPageTraceBehavior [ RunTime:0.000104s ]
INFO: [ app_end ] --END-- [ RunTime:0.000168s ]

[ 2016-12-16T23:07:28+08:00 ] ::1 /foot/admin.php/Home/Access/accessnode.html
INFO: [ app_init ] --START--
INFO: Run Behavior\BuildLiteBehavior [ RunTime:0.000029s ]
INFO: [ app_init ] --END-- [ RunTime:0.000286s ]
INFO: [ app_begin ] --START--
INFO: Run Behavior\ReadHtmlCacheBehavior [ RunTime:0.000112s ]
INFO: [ app_begin ] --END-- [ RunTime:0.000211s ]
SQL: SHOW COLUMNS FROM `news_think_node` [ RunTime:0.0020s ]
SQL: SELECT * FROM `news_think_node` WHERE `id` = 1 LIMIT 1   [ RunTime:0.0012s ]
SQL: SELECT * FROM `news_think_node` WHERE `id` = 2 LIMIT 1   [ RunTime:0.0007s ]
SQL: SELECT * FROM `news_think_node` WHERE `id` = 3 LIMIT 1   [ RunTime:0.0010s ]
SQL: SELECT * FROM `news_think_node` WHERE `id` = 4 LIMIT 1   [ RunTime:0.0008s ]
SQL: SELECT * FROM `news_think_node` WHERE `id` = 5 LIMIT 1   [ RunTime:0.0009s ]
SQL: SELECT * FROM `news_think_node` WHERE `id` = 6 LIMIT 1   [ RunTime:0.0006s ]
SQL: SELECT * FROM `news_think_node` WHERE `id` = 7 LIMIT 1   [ RunTime:0.0010s ]
SQL: SELECT * FROM `news_think_node` WHERE `id` = 8 LIMIT 1   [ RunTime:0.0008s ]
SQL: SHOW COLUMNS FROM `news_think_access` [ RunTime:0.0017s ]
SQL: DELETE FROM `news_think_access` WHERE `role_id` = 1 [ RunTime:0.0012s ]
SQL: INSERT INTO `news_think_access` (`role_id`,`node_id`,`level`) VALUES ('1','1','1') [ RunTime:0.0010s ]
SQL: INSERT INTO `news_think_access` (`role_id`,`node_id`,`level`) VALUES ('1','2','2') [ RunTime:0.0008s ]
SQL: INSERT INTO `news_think_access` (`role_id`,`node_id`,`level`) VALUES ('1','3','3') [ RunTime:0.0005s ]
SQL: INSERT INTO `news_think_access` (`role_id`,`node_id`,`level`) VALUES ('1','4','3') [ RunTime:0.0005s ]
SQL: INSERT INTO `news_think_access` (`role_id`,`node_id`,`level`) VALUES ('1','5','2') [ RunTime:0.0005s ]
SQL: INSERT INTO `news_think_access` (`role_id`,`node_id`,`level`) VALUES ('1','6','2') [ RunTime:0.0004s ]
SQL: INSERT INTO `news_think_access` (`role_id`,`node_id`,`level`) VALUES ('1','7','3') [ RunTime:0.0006s ]
SQL: INSERT INTO `news_think_access` (`role_id`,`node_id`,`level`) VALUES ('1','8','3') [ RunTime:0.0005s ]

[ 2016-12-16T23:07:28+08:00 ] ::1 /foot/admin.php/Home/Access/rolelist.html
INFO: [ app_init ] --START--
INFO: Run Behavior\BuildLiteBehavior [ RunTime:0.000031s ]
INFO: [ app_init ] --END-- [ RunTime:0.000230s ]
INFO: [ app_begin ] --START--
INFO: Run Behavior\ReadHtmlCacheBehavior [ RunTime:0.000105s ]
INFO: [ app_begin ] --END-- [ RunTime:0.000215s ]
SQL: SHOW COLUMNS FROM `news_think_role` [ RunTime:0.0024s ]
SQL: SELECT * FROM `news_think_role` WHERE `status` >= 0 LIMIT 0,10   [ RunTime:0.0017s ]
SQL: SELECT COUNT(*) AS tp_count FROM `news_think_role` WHERE `status` >= 0 LIMIT 1   [ RunTime:0.0010s ]
NOTIC: [2] Creating default object from empty value /var/www/foot/Backend/Home/Controller/AccessController.class.php 第 139 行.
NOTIC: [2] urlencode() expects parameter 1 to be string, array given /var/www/foot/Backend/Home/Controller/AccessController.class.php 第 141 行.
INFO: [ view_parse ] --START--
INFO: [ template_filter ] --START--
INFO: Run Behavior\ContentReplaceBehavior [ RunTime:0.000291s ]
INFO: [ template_filter ] --END-- [ RunTime:0.000395s ]
NOTIC: [8] Undefined index: btime /var/www/foot/Backend/Runtime/Cache/Home/132878b11805837fa7a43224982034fa.php 第 147 行.
NOTIC: [8] Undefined index: word /var/www/foot/Backend/Runtime/Cache/Home/132878b11805837fa7a43224982034fa.php 第 157 行.
NOTIC: [8] Undefined index: btime /var/www/foot/Backend/Runtime/Cache/Home/132878b11805837fa7a43224982034fa.php 第 157 行.
NOTIC: [8] Undefined index: etime /var/www/foot/Backend/Runtime/Cache/Home/132878b11805837fa7a43224982034fa.php 第 157 行.
NOTIC: [8] Undefined variable: item /var/www/foot/Backend/Runtime/Cache/Home/132878b11805837fa7a43224982034fa.php 第 310 行.
INFO: Run Behavior\ParseTemplateBehavior [ RunTime:0.013879s ]
INFO: [ view_parse ] --END-- [ RunTime:0.013965s ]
INFO: [ view_filter ] --START--
INFO: Run Behavior\WriteHtmlCacheBehavior [ RunTime:0.000096s ]
INFO: [ view_filter ] --END-- [ RunTime:0.000154s ]
INFO: [ app_end ] --START--
INFO: Run Behavior\ShowPageTraceBehavior [ RunTime:0.000089s ]
INFO: [ app_end ] --END-- [ RunTime:0.000155s ]

