[ 2016-12-26T20:12:48+08:00 ] 127.0.0.1 /foot/admin.php
INFO: [ app_init ] --START--
INFO: Run Behavior\BuildLiteBehavior [ RunTime:0.000039s ]
INFO: [ app_init ] --END-- [ RunTime:0.002195s ]
INFO: [ app_begin ] --START--
INFO: Run Behavior\ReadHtmlCacheBehavior [ RunTime:0.002688s ]
INFO: [ app_begin ] --END-- [ RunTime:0.002820s ]
INFO: [ view_parse ] --START--
INFO: [ template_filter ] --START--
INFO: Run Behavior\ContentReplaceBehavior [ RunTime:0.000234s ]
INFO: [ template_filter ] --END-- [ RunTime:0.000351s ]
NOTIC: [8] Undefined variable: item /var/www/foot/Backend/Runtime/Cache/Home/f90dca177af49f305dffc2aced3c3e40.php 第 175 行.
NOTIC: [8] Undefined variable: nav /var/www/foot/Backend/Runtime/Cache/Home/f90dca177af49f305dffc2aced3c3e40.php 第 268 行.
INFO: Run Behavior\ParseTemplateBehavior [ RunTime:0.027626s ]
INFO: [ view_parse ] --END-- [ RunTime:0.027727s ]
INFO: [ view_filter ] --START--
INFO: Run Behavior\WriteHtmlCacheBehavior [ RunTime:0.001118s ]
INFO: [ view_filter ] --END-- [ RunTime:0.001224s ]
INFO: [ app_end ] --START--
INFO: Run Behavior\ShowPageTraceBehavior [ RunTime:0.002851s ]
INFO: [ app_end ] --END-- [ RunTime:0.003014s ]

[ 2016-12-26T20:12:53+08:00 ] 127.0.0.1 /foot/admin.php/home/lesson/index
INFO: [ app_init ] --START--
INFO: Run Behavior\BuildLiteBehavior [ RunTime:0.000029s ]
INFO: [ app_init ] --END-- [ RunTime:0.000270s ]
INFO: [ app_begin ] --START--
INFO: Run Behavior\ReadHtmlCacheBehavior [ RunTime:0.000086s ]
INFO: [ app_begin ] --END-- [ RunTime:0.000156s ]

[ 2016-12-26T20:12:54+08:00 ] 127.0.0.1 /foot/admin.php/Home/user/login.html
INFO: [ app_init ] --START--
INFO: Run Behavior\BuildLiteBehavior [ RunTime:0.000024s ]
INFO: [ app_init ] --END-- [ RunTime:0.000161s ]
INFO: [ app_begin ] --START--
INFO: Run Behavior\ReadHtmlCacheBehavior [ RunTime:0.000102s ]
INFO: [ app_begin ] --END-- [ RunTime:0.000211s ]
INFO: [ view_parse ] --START--
INFO: [ template_filter ] --START--
INFO: Run Behavior\ContentReplaceBehavior [ RunTime:0.000109s ]
INFO: [ template_filter ] --END-- [ RunTime:0.000222s ]
INFO: Run Behavior\ParseTemplateBehavior [ RunTime:0.011503s ]
INFO: [ view_parse ] --END-- [ RunTime:0.011644s ]
INFO: [ view_filter ] --START--
INFO: Run Behavior\WriteHtmlCacheBehavior [ RunTime:0.000124s ]
INFO: [ view_filter ] --END-- [ RunTime:0.000184s ]
INFO: [ app_end ] --START--
INFO: Run Behavior\ShowPageTraceBehavior [ RunTime:0.000078s ]
INFO: [ app_end ] --END-- [ RunTime:0.000139s ]

[ 2016-12-26T20:13:13+08:00 ] 127.0.0.1 /foot/admin.php
INFO: [ app_init ] --START--
INFO: Run Behavior\BuildLiteBehavior [ RunTime:0.000031s ]
INFO: [ app_init ] --END-- [ RunTime:0.000290s ]
INFO: [ app_begin ] --START--
INFO: Run Behavior\ReadHtmlCacheBehavior [ RunTime:0.000086s ]
INFO: [ app_begin ] --END-- [ RunTime:0.000157s ]
INFO: [ view_parse ] --START--
INFO: [ template_filter ] --START--
INFO: Run Behavior\ContentReplaceBehavior [ RunTime:0.000230s ]
INFO: [ template_filter ] --END-- [ RunTime:0.000330s ]
NOTIC: [8] Undefined variable: item /var/www/foot/Backend/Runtime/Cache/Home/f90dca177af49f305dffc2aced3c3e40.php 第 175 行.
NOTIC: [8] Undefined variable: nav /var/www/foot/Backend/Runtime/Cache/Home/f90dca177af49f305dffc2aced3c3e40.php 第 268 行.
INFO: Run Behavior\ParseTemplateBehavior [ RunTime:0.010124s ]
INFO: [ view_parse ] --END-- [ RunTime:0.010198s ]
INFO: [ view_filter ] --START--
INFO: Run Behavior\WriteHtmlCacheBehavior [ RunTime:0.000099s ]
INFO: [ view_filter ] --END-- [ RunTime:0.000158s ]
INFO: [ app_end ] --START--
INFO: Run Behavior\ShowPageTraceBehavior [ RunTime:0.000114s ]
INFO: [ app_end ] --END-- [ RunTime:0.000193s ]

[ 2016-12-26T20:59:50+08:00 ] ::1 /foot/admin.php
INFO: [ app_init ] --START--
INFO: Run Behavior\BuildLiteBehavior [ RunTime:0.000038s ]
INFO: [ app_init ] --END-- [ RunTime:0.001636s ]
INFO: [ app_begin ] --START--
INFO: Run Behavior\ReadHtmlCacheBehavior [ RunTime:0.002405s ]
INFO: [ app_begin ] --END-- [ RunTime:0.002555s ]
INFO: [ view_parse ] --START--
INFO: [ template_filter ] --START--
INFO: Run Behavior\ContentReplaceBehavior [ RunTime:0.000240s ]
INFO: [ template_filter ] --END-- [ RunTime:0.000359s ]
NOTIC: [8] Undefined variable: item /var/www/foot/Backend/Runtime/Cache/Home/f90dca177af49f305dffc2aced3c3e40.php 第 175 行.
NOTIC: [8] Undefined variable: nav /var/www/foot/Backend/Runtime/Cache/Home/f90dca177af49f305dffc2aced3c3e40.php 第 268 行.
INFO: Run Behavior\ParseTemplateBehavior [ RunTime:0.026745s ]
INFO: [ view_parse ] --END-- [ RunTime:0.026831s ]
INFO: [ view_filter ] --START--
INFO: Run Behavior\WriteHtmlCacheBehavior [ RunTime:0.000845s ]
INFO: [ view_filter ] --END-- [ RunTime:0.000932s ]
INFO: [ app_end ] --START--
INFO: Run Behavior\ShowPageTraceBehavior [ RunTime:0.002488s ]
INFO: [ app_end ] --END-- [ RunTime:0.002593s ]

