[ 2016-12-18T16:14:07+08:00 ] ::1 /foot/admin.php
INFO: [ app_init ] --START--
INFO: Run Behavior\BuildLiteBehavior [ RunTime:0.000034s ]
INFO: [ app_init ] --END-- [ RunTime:0.000256s ]
INFO: [ app_begin ] --START--
INFO: Run Behavior\ReadHtmlCacheBehavior [ RunTime:0.000118s ]
INFO: [ app_begin ] --END-- [ RunTime:0.000224s ]
INFO: [ view_parse ] --START--
INFO: [ template_filter ] --START--
INFO: Run Behavior\ContentReplaceBehavior [ RunTime:0.000234s ]
INFO: [ template_filter ] --END-- [ RunTime:0.000315s ]
NOTIC: [8] Undefined variable: item /var/www/foot/Backend/Runtime/Cache/Home/f90dca177af49f305dffc2aced3c3e40.php 第 175 行.
NOTIC: [8] Undefined variable: nav /var/www/foot/Backend/Runtime/Cache/Home/f90dca177af49f305dffc2aced3c3e40.php 第 268 行.
INFO: Run Behavior\ParseTemplateBehavior [ RunTime:0.005808s ]
INFO: [ view_parse ] --END-- [ RunTime:0.005897s ]
INFO: [ view_filter ] --START--
INFO: Run Behavior\WriteHtmlCacheBehavior [ RunTime:0.000102s ]
INFO: [ view_filter ] --END-- [ RunTime:0.000160s ]
INFO: [ app_end ] --START--
INFO: Run Behavior\ShowPageTraceBehavior [ RunTime:0.000081s ]
INFO: [ app_end ] --END-- [ RunTime:0.000147s ]

[ 2016-12-18T16:14:12+08:00 ] ::1 /foot/admin.php/home/user/logout
INFO: [ app_init ] --START--
INFO: Run Behavior\BuildLiteBehavior [ RunTime:0.000034s ]
INFO: [ app_init ] --END-- [ RunTime:0.000257s ]
INFO: [ app_begin ] --START--
INFO: Run Behavior\ReadHtmlCacheBehavior [ RunTime:0.000093s ]
INFO: [ app_begin ] --END-- [ RunTime:0.000179s ]

[ 2016-12-18T16:14:12+08:00 ] ::1 /foot/admin.php/Home/user/login.html
INFO: [ app_init ] --START--
INFO: Run Behavior\BuildLiteBehavior [ RunTime:0.000036s ]
INFO: [ app_init ] --END-- [ RunTime:0.000240s ]
INFO: [ app_begin ] --START--
INFO: Run Behavior\ReadHtmlCacheBehavior [ RunTime:0.000102s ]
INFO: [ app_begin ] --END-- [ RunTime:0.000213s ]
INFO: [ view_parse ] --START--
INFO: [ template_filter ] --START--
INFO: Run Behavior\ContentReplaceBehavior [ RunTime:0.000154s ]
INFO: [ template_filter ] --END-- [ RunTime:0.000312s ]
INFO: Run Behavior\ParseTemplateBehavior [ RunTime:0.004887s ]
INFO: [ view_parse ] --END-- [ RunTime:0.005020s ]
INFO: [ view_filter ] --START--
INFO: Run Behavior\WriteHtmlCacheBehavior [ RunTime:0.000149s ]
INFO: [ view_filter ] --END-- [ RunTime:0.000248s ]
INFO: [ app_end ] --START--
INFO: Run Behavior\ShowPageTraceBehavior [ RunTime:0.000127s ]
INFO: [ app_end ] --END-- [ RunTime:0.000232s ]

[ 2016-12-18T16:14:21+08:00 ] ::1 /foot/admin.php/home/user/chklogin
INFO: [ app_init ] --START--
INFO: Run Behavior\BuildLiteBehavior [ RunTime:0.000036s ]
INFO: [ app_init ] --END-- [ RunTime:0.000217s ]
INFO: [ app_begin ] --START--
INFO: Run Behavior\ReadHtmlCacheBehavior [ RunTime:0.000108s ]
INFO: [ app_begin ] --END-- [ RunTime:0.000195s ]
SQL: SHOW COLUMNS FROM `news_user` [ RunTime:0.0110s ]
SQL: SELECT * FROM `news_user` WHERE `name` = 'admin' AND `password` = '21232f297a57a5a743894a0e4a801fc3' LIMIT 1   [ RunTime:0.0032s ]

[ 2016-12-18T16:14:23+08:00 ] ::1 /foot/admin.php/home/index/index
INFO: [ app_init ] --START--
INFO: Run Behavior\BuildLiteBehavior [ RunTime:0.000038s ]
INFO: [ app_init ] --END-- [ RunTime:0.000269s ]
INFO: [ app_begin ] --START--
INFO: Run Behavior\ReadHtmlCacheBehavior [ RunTime:0.000096s ]
INFO: [ app_begin ] --END-- [ RunTime:0.000203s ]
INFO: [ view_parse ] --START--
INFO: [ template_filter ] --START--
INFO: Run Behavior\ContentReplaceBehavior [ RunTime:0.000397s ]
INFO: [ template_filter ] --END-- [ RunTime:0.000554s ]
NOTIC: [8] Undefined variable: item /var/www/foot/Backend/Runtime/Cache/Home/f90dca177af49f305dffc2aced3c3e40.php 第 175 行.
NOTIC: [8] Undefined variable: nav /var/www/foot/Backend/Runtime/Cache/Home/f90dca177af49f305dffc2aced3c3e40.php 第 268 行.
INFO: Run Behavior\ParseTemplateBehavior [ RunTime:0.008645s ]
INFO: [ view_parse ] --END-- [ RunTime:0.008769s ]
INFO: [ view_filter ] --START--
INFO: Run Behavior\WriteHtmlCacheBehavior [ RunTime:0.000168s ]
INFO: [ view_filter ] --END-- [ RunTime:0.000264s ]
INFO: [ app_end ] --START--
INFO: Run Behavior\ShowPageTraceBehavior [ RunTime:0.000161s ]
INFO: [ app_end ] --END-- [ RunTime:0.000294s ]

[ 2016-12-18T16:14:26+08:00 ] ::1 /foot/admin.php/home/user/index
INFO: [ app_init ] --START--
INFO: Run Behavior\BuildLiteBehavior [ RunTime:0.000030s ]
INFO: [ app_init ] --END-- [ RunTime:0.000304s ]
INFO: [ app_begin ] --START--
INFO: Run Behavior\ReadHtmlCacheBehavior [ RunTime:0.000093s ]
INFO: [ app_begin ] --END-- [ RunTime:0.000179s ]
SQL: SHOW COLUMNS FROM `news_user` [ RunTime:0.0027s ]
NOTIC: [8] Undefined index: p /var/www/foot/Backend/Home/Controller/UserController.class.php 第 17 行.
SQL: SELECT * FROM `news_user` ORDER BY create_time desc LIMIT 0,2   [ RunTime:0.0009s ]
SQL: SELECT COUNT(*) AS tp_count FROM `news_user` LIMIT 1   [ RunTime:0.0006s ]
INFO: [ view_parse ] --START--
INFO: [ template_filter ] --START--
INFO: Run Behavior\ContentReplaceBehavior [ RunTime:0.000363s ]
INFO: [ template_filter ] --END-- [ RunTime:0.000485s ]
INFO: Run Behavior\ParseTemplateBehavior [ RunTime:0.008685s ]
INFO: [ view_parse ] --END-- [ RunTime:0.008818s ]
INFO: [ view_filter ] --START--
INFO: Run Behavior\WriteHtmlCacheBehavior [ RunTime:0.000148s ]
INFO: [ view_filter ] --END-- [ RunTime:0.000249s ]
INFO: [ app_end ] --START--
INFO: Run Behavior\ShowPageTraceBehavior [ RunTime:0.000130s ]
INFO: [ app_end ] --END-- [ RunTime:0.000233s ]

[ 2016-12-18T16:14:30+08:00 ] ::1 /foot/admin.php/home/lesson/index
INFO: [ app_init ] --START--
INFO: Run Behavior\BuildLiteBehavior [ RunTime:0.000025s ]
INFO: [ app_init ] --END-- [ RunTime:0.000189s ]
INFO: [ app_begin ] --START--
INFO: Run Behavior\ReadHtmlCacheBehavior [ RunTime:0.000108s ]
INFO: [ app_begin ] --END-- [ RunTime:0.000212s ]
NOTIC: [8] Undefined index: word /var/www/foot/Backend/Home/Controller/LessonController.class.php 第 19 行.
SQL: SHOW COLUMNS FROM `news_lesson` [ RunTime:0.0047s ]
SQL: SELECT A.id,A.title,A.status,A.addtime,B.clubname FROM news_lesson A LEFT JOIN news_rank B ON A.forteam=B.id  ORDER BY A.addtime desc  [ RunTime:0.0016s ]
INFO: [ view_parse ] --START--
INFO: [ template_filter ] --START--
INFO: Run Behavior\ContentReplaceBehavior [ RunTime:0.000296s ]
INFO: [ template_filter ] --END-- [ RunTime:0.000411s ]
NOTIC: [8] Undefined index: btime /var/www/foot/Backend/Runtime/Cache/Home/fda21d5bad35a0c1ecccefd57f660a49.php 第 152 行.
NOTIC: [8] Undefined index: word /var/www/foot/Backend/Runtime/Cache/Home/fda21d5bad35a0c1ecccefd57f660a49.php 第 162 行.
NOTIC: [8] Undefined index: btime /var/www/foot/Backend/Runtime/Cache/Home/fda21d5bad35a0c1ecccefd57f660a49.php 第 162 行.
NOTIC: [8] Undefined index: etime /var/www/foot/Backend/Runtime/Cache/Home/fda21d5bad35a0c1ecccefd57f660a49.php 第 162 行.
NOTIC: [8] Undefined variable: item /var/www/foot/Backend/Runtime/Cache/Home/fda21d5bad35a0c1ecccefd57f660a49.php 第 247 行.
INFO: Run Behavior\ParseTemplateBehavior [ RunTime:0.012088s ]
INFO: [ view_parse ] --END-- [ RunTime:0.012199s ]
INFO: [ view_filter ] --START--
INFO: Run Behavior\WriteHtmlCacheBehavior [ RunTime:0.000136s ]
INFO: [ view_filter ] --END-- [ RunTime:0.000204s ]
INFO: [ app_end ] --START--
INFO: Run Behavior\ShowPageTraceBehavior [ RunTime:0.000094s ]
INFO: [ app_end ] --END-- [ RunTime:0.000173s ]

[ 2016-12-18T16:14:34+08:00 ] ::1 /foot/admin.php/home/picnews/index
INFO: [ app_init ] --START--
INFO: Run Behavior\BuildLiteBehavior [ RunTime:0.000024s ]
INFO: [ app_init ] --END-- [ RunTime:0.000180s ]
INFO: [ app_begin ] --START--
INFO: Run Behavior\ReadHtmlCacheBehavior [ RunTime:0.000085s ]
INFO: [ app_begin ] --END-- [ RunTime:0.000164s ]
SQL: SHOW COLUMNS FROM `news_picnews` [ RunTime:0.0027s ]
SQL: SELECT * FROM `news_picnews` ORDER BY time desc  [ RunTime:0.0012s ]
INFO: [ view_parse ] --START--
INFO: [ template_filter ] --START--
INFO: Run Behavior\ContentReplaceBehavior [ RunTime:0.000279s ]
INFO: [ template_filter ] --END-- [ RunTime:0.000400s ]
NOTIC: [8] Undefined variable: item /var/www/foot/Backend/Runtime/Cache/Home/95f2f033e390a46a5c8234d7867f5674.php 第 232 行.
INFO: Run Behavior\ParseTemplateBehavior [ RunTime:0.008133s ]
INFO: [ view_parse ] --END-- [ RunTime:0.008223s ]
INFO: [ view_filter ] --START--
INFO: Run Behavior\WriteHtmlCacheBehavior [ RunTime:0.000114s ]
INFO: [ view_filter ] --END-- [ RunTime:0.000182s ]
INFO: [ app_end ] --START--
INFO: Run Behavior\ShowPageTraceBehavior [ RunTime:0.000158s ]
INFO: [ app_end ] --END-- [ RunTime:0.000283s ]

[ 2016-12-18T16:15:58+08:00 ] ::1 /foot/admin.php/home/rank/index
INFO: [ app_init ] --START--
INFO: Run Behavior\BuildLiteBehavior [ RunTime:0.000029s ]
INFO: [ app_init ] --END-- [ RunTime:0.000223s ]
INFO: [ app_begin ] --START--
INFO: Run Behavior\ReadHtmlCacheBehavior [ RunTime:0.000100s ]
INFO: [ app_begin ] --END-- [ RunTime:0.000183s ]
SQL: SHOW COLUMNS FROM `news_rank` [ RunTime:0.0026s ]
SQL: SELECT COUNT(*) AS tp_count FROM `news_rank` LIMIT 1   [ RunTime:0.0007s ]
NOTIC: [8] Undefined index: p /var/www/foot/Backend/Home/Controller/RankController.class.php 第 17 行.
NOTIC: [8] Undefined index: limit /var/www/foot/ThinkPHP/Library/Think/Db/Driver.class.php 第 961 行.
SQL: SELECT * FROM `news_rank` ORDER BY rank LIMIT 0,20   [ RunTime:0.0009s ]
INFO: [ view_parse ] --START--
INFO: [ template_filter ] --START--
INFO: Run Behavior\ContentReplaceBehavior [ RunTime:0.000397s ]
INFO: [ template_filter ] --END-- [ RunTime:0.000543s ]
INFO: Run Behavior\ParseTemplateBehavior [ RunTime:0.010446s ]
INFO: [ view_parse ] --END-- [ RunTime:0.010571s ]
INFO: [ view_filter ] --START--
INFO: Run Behavior\WriteHtmlCacheBehavior [ RunTime:0.000143s ]
INFO: [ view_filter ] --END-- [ RunTime:0.000226s ]
INFO: [ app_end ] --START--
INFO: Run Behavior\ShowPageTraceBehavior [ RunTime:0.000111s ]
INFO: [ app_end ] --END-- [ RunTime:0.000239s ]

[ 2016-12-18T16:16:01+08:00 ] ::1 /foot/admin.php/home/video/index
INFO: [ app_init ] --START--
INFO: Run Behavior\BuildLiteBehavior [ RunTime:0.000032s ]
INFO: [ app_init ] --END-- [ RunTime:0.000241s ]
INFO: [ app_begin ] --START--
INFO: Run Behavior\ReadHtmlCacheBehavior [ RunTime:0.000108s ]
INFO: [ app_begin ] --END-- [ RunTime:0.000214s ]
SQL: SHOW COLUMNS FROM `news_video` [ RunTime:0.0025s ]
SQL: SELECT * FROM `news_video`  [ RunTime:0.0010s ]
INFO: [ view_parse ] --START--
INFO: [ template_filter ] --START--
INFO: Run Behavior\ContentReplaceBehavior [ RunTime:0.000410s ]
INFO: [ template_filter ] --END-- [ RunTime:0.000573s ]
NOTIC: [8] Undefined variable: page /var/www/foot/Backend/Runtime/Cache/Home/8e47bbeada1dc3ec732ce80e63df0d79.php 第 175 行.
NOTIC: [8] Undefined variable: item /var/www/foot/Backend/Runtime/Cache/Home/8e47bbeada1dc3ec732ce80e63df0d79.php 第 228 行.
INFO: Run Behavior\ParseTemplateBehavior [ RunTime:0.011960s ]
INFO: [ view_parse ] --END-- [ RunTime:0.012096s ]
INFO: [ view_filter ] --START--
INFO: Run Behavior\WriteHtmlCacheBehavior [ RunTime:0.000163s ]
INFO: [ view_filter ] --END-- [ RunTime:0.000266s ]
INFO: [ app_end ] --START--
INFO: Run Behavior\ShowPageTraceBehavior [ RunTime:0.000120s ]
INFO: [ app_end ] --END-- [ RunTime:0.000215s ]

[ 2016-12-18T16:16:05+08:00 ] ::1 /foot/admin.php/home/Access/nodelist
INFO: [ app_init ] --START--
INFO: Run Behavior\BuildLiteBehavior [ RunTime:0.000025s ]
INFO: [ app_init ] --END-- [ RunTime:0.000184s ]
INFO: [ app_begin ] --START--
INFO: Run Behavior\ReadHtmlCacheBehavior [ RunTime:0.000078s ]
INFO: [ app_begin ] --END-- [ RunTime:0.000155s ]
SQL: SHOW COLUMNS FROM `news_think_node` [ RunTime:0.0034s ]
SQL: SELECT * FROM `news_think_node` WHERE `status` >= 0 AND `pid` = 1 LIMIT 0,10   [ RunTime:0.0024s ]
SQL: SELECT * FROM `news_think_node` WHERE `pid` = 2  [ RunTime:0.0008s ]
SQL: SELECT * FROM `news_think_node` WHERE `pid` = 3  [ RunTime:0.0005s ]
SQL: SELECT * FROM `news_think_node` WHERE `pid` = 4  [ RunTime:0.0005s ]
SQL: SELECT * FROM `news_think_node` WHERE `pid` = 5  [ RunTime:0.0006s ]
SQL: SELECT * FROM `news_think_node` WHERE `pid` = 6  [ RunTime:0.0007s ]
SQL: SELECT * FROM `news_think_node` WHERE `pid` = 7  [ RunTime:0.0005s ]
SQL: SELECT * FROM `news_think_node` WHERE `pid` = 8  [ RunTime:0.0008s ]
SQL: SELECT COUNT(*) AS tp_count FROM `news_think_node` WHERE `status` >= 0 AND `pid` = 1 LIMIT 1   [ RunTime:0.0015s ]
NOTIC: [2] Creating default object from empty value /var/www/foot/Backend/Home/Controller/AccessController.class.php 第 35 行.
NOTIC: [2] urlencode() expects parameter 1 to be string, array given /var/www/foot/Backend/Home/Controller/AccessController.class.php 第 37 行.
INFO: [ view_parse ] --START--
INFO: [ template_filter ] --START--
INFO: Run Behavior\ContentReplaceBehavior [ RunTime:0.000313s ]
INFO: [ template_filter ] --END-- [ RunTime:0.000417s ]
NOTIC: [8] Undefined index: btime /var/www/foot/Backend/Runtime/Cache/Home/4ba756bb8b68d10a707a6fe2f46ae8fb.php 第 152 行.
NOTIC: [8] Undefined index: word /var/www/foot/Backend/Runtime/Cache/Home/4ba756bb8b68d10a707a6fe2f46ae8fb.php 第 162 行.
NOTIC: [8] Undefined index: btime /var/www/foot/Backend/Runtime/Cache/Home/4ba756bb8b68d10a707a6fe2f46ae8fb.php 第 162 行.
NOTIC: [8] Undefined index: etime /var/www/foot/Backend/Runtime/Cache/Home/4ba756bb8b68d10a707a6fe2f46ae8fb.php 第 162 行.
NOTIC: [8] Undefined variable: item /var/www/foot/Backend/Runtime/Cache/Home/4ba756bb8b68d10a707a6fe2f46ae8fb.php 第 344 行.
INFO: Run Behavior\ParseTemplateBehavior [ RunTime:0.016008s ]
INFO: [ view_parse ] --END-- [ RunTime:0.016087s ]
INFO: [ view_filter ] --START--
INFO: Run Behavior\WriteHtmlCacheBehavior [ RunTime:0.000088s ]
INFO: [ view_filter ] --END-- [ RunTime:0.000147s ]
INFO: [ app_end ] --START--
INFO: Run Behavior\ShowPageTraceBehavior [ RunTime:0.000072s ]
INFO: [ app_end ] --END-- [ RunTime:0.000171s ]

[ 2016-12-18T16:16:12+08:00 ] ::1 /foot/admin.php/home/Access/rolelist
INFO: [ app_init ] --START--
INFO: Run Behavior\BuildLiteBehavior [ RunTime:0.000028s ]
INFO: [ app_init ] --END-- [ RunTime:0.000215s ]
INFO: [ app_begin ] --START--
INFO: Run Behavior\ReadHtmlCacheBehavior [ RunTime:0.000100s ]
INFO: [ app_begin ] --END-- [ RunTime:0.000186s ]
SQL: SHOW COLUMNS FROM `news_think_role` [ RunTime:0.0023s ]
SQL: SELECT * FROM `news_think_role` WHERE `status` >= 0 LIMIT 0,10   [ RunTime:0.0019s ]
SQL: SELECT COUNT(*) AS tp_count FROM `news_think_role` WHERE `status` >= 0 LIMIT 1   [ RunTime:0.0009s ]
NOTIC: [2] Creating default object from empty value /var/www/foot/Backend/Home/Controller/AccessController.class.php 第 141 行.
NOTIC: [2] urlencode() expects parameter 1 to be string, array given /var/www/foot/Backend/Home/Controller/AccessController.class.php 第 143 行.
INFO: [ view_parse ] --START--
INFO: [ template_filter ] --START--
INFO: Run Behavior\ContentReplaceBehavior [ RunTime:0.000390s ]
INFO: [ template_filter ] --END-- [ RunTime:0.000514s ]
NOTIC: [8] Undefined index: btime /var/www/foot/Backend/Runtime/Cache/Home/132878b11805837fa7a43224982034fa.php 第 152 行.
NOTIC: [8] Undefined index: word /var/www/foot/Backend/Runtime/Cache/Home/132878b11805837fa7a43224982034fa.php 第 162 行.
NOTIC: [8] Undefined index: btime /var/www/foot/Backend/Runtime/Cache/Home/132878b11805837fa7a43224982034fa.php 第 162 行.
NOTIC: [8] Undefined index: etime /var/www/foot/Backend/Runtime/Cache/Home/132878b11805837fa7a43224982034fa.php 第 162 行.
NOTIC: [8] Undefined variable: item /var/www/foot/Backend/Runtime/Cache/Home/132878b11805837fa7a43224982034fa.php 第 315 行.
NOTIC: [8] Undefined variable: nav /var/www/foot/Backend/Runtime/Cache/Home/132878b11805837fa7a43224982034fa.php 第 408 行.
INFO: Run Behavior\ParseTemplateBehavior [ RunTime:0.013704s ]
INFO: [ view_parse ] --END-- [ RunTime:0.013791s ]
INFO: [ view_filter ] --START--
INFO: Run Behavior\WriteHtmlCacheBehavior [ RunTime:0.000102s ]
INFO: [ view_filter ] --END-- [ RunTime:0.000160s ]
INFO: [ app_end ] --START--
INFO: Run Behavior\ShowPageTraceBehavior [ RunTime:0.000081s ]
INFO: [ app_end ] --END-- [ RunTime:0.000145s ]

[ 2016-12-18T16:16:16+08:00 ] ::1 /foot/admin.php/Home/Access/accessnode/id/1.html
INFO: [ app_init ] --START--
INFO: Run Behavior\BuildLiteBehavior [ RunTime:0.000027s ]
INFO: [ app_init ] --END-- [ RunTime:0.000196s ]
INFO: [ app_begin ] --START--
INFO: Run Behavior\ReadHtmlCacheBehavior [ RunTime:0.000084s ]
INFO: [ app_begin ] --END-- [ RunTime:0.000164s ]
SQL: SHOW COLUMNS FROM `news_think_access` [ RunTime:0.0020s ]
SQL: SELECT `node_id` FROM `news_think_access` WHERE `role_id` = 1  [ RunTime:0.0015s ]
SQL: SHOW COLUMNS FROM `news_think_node` [ RunTime:0.0016s ]
SQL: SELECT * FROM `news_think_node`  [ RunTime:0.0007s ]
INFO: [ view_parse ] --START--
INFO: [ template_filter ] --START--
INFO: Run Behavior\ContentReplaceBehavior [ RunTime:0.000291s ]
INFO: [ template_filter ] --END-- [ RunTime:0.000405s ]
NOTIC: [8] Undefined variable: item /var/www/foot/Backend/Runtime/Cache/Home/a8280d41e3b9f6283ed38e19ae4b29d8.php 第 248 行.
NOTIC: [8] Undefined variable: nav /var/www/foot/Backend/Runtime/Cache/Home/a8280d41e3b9f6283ed38e19ae4b29d8.php 第 341 行.
INFO: Run Behavior\ParseTemplateBehavior [ RunTime:0.008606s ]
INFO: [ view_parse ] --END-- [ RunTime:0.008703s ]
INFO: [ view_filter ] --START--
INFO: Run Behavior\WriteHtmlCacheBehavior [ RunTime:0.000107s ]
INFO: [ view_filter ] --END-- [ RunTime:0.000172s ]
INFO: [ app_end ] --START--
INFO: Run Behavior\ShowPageTraceBehavior [ RunTime:0.000104s ]
INFO: [ app_end ] --END-- [ RunTime:0.000188s ]

[ 2016-12-18T16:16:27+08:00 ] ::1 /foot/admin.php/Home/Access/accessnode.html
INFO: [ app_init ] --START--
INFO: Run Behavior\BuildLiteBehavior [ RunTime:0.000029s ]
INFO: [ app_init ] --END-- [ RunTime:0.000216s ]
INFO: [ app_begin ] --START--
INFO: Run Behavior\ReadHtmlCacheBehavior [ RunTime:0.000110s ]
INFO: [ app_begin ] --END-- [ RunTime:0.000203s ]
SQL: SHOW COLUMNS FROM `news_think_node` [ RunTime:0.0030s ]
SQL: SELECT * FROM `news_think_node` WHERE `id` = 1 LIMIT 1   [ RunTime:0.0010s ]
SQL: SELECT * FROM `news_think_node` WHERE `id` = 2 LIMIT 1   [ RunTime:0.0009s ]
SQL: SELECT * FROM `news_think_node` WHERE `id` = 3 LIMIT 1   [ RunTime:0.0008s ]
SQL: SELECT * FROM `news_think_node` WHERE `id` = 4 LIMIT 1   [ RunTime:0.0007s ]
SQL: SELECT * FROM `news_think_node` WHERE `id` = 5 LIMIT 1   [ RunTime:0.0006s ]
SQL: SHOW COLUMNS FROM `news_think_access` [ RunTime:0.0026s ]
SQL: DELETE FROM `news_think_access` WHERE `role_id` = 1 [ RunTime:0.0027s ]
SQL: INSERT INTO `news_think_access` (`role_id`,`node_id`,`level`) VALUES ('1','1','1') [ RunTime:0.0013s ]
SQL: INSERT INTO `news_think_access` (`role_id`,`node_id`,`level`) VALUES ('1','2','2') [ RunTime:0.0011s ]
SQL: INSERT INTO `news_think_access` (`role_id`,`node_id`,`level`) VALUES ('1','3','3') [ RunTime:0.0005s ]
SQL: INSERT INTO `news_think_access` (`role_id`,`node_id`,`level`) VALUES ('1','4','3') [ RunTime:0.0005s ]
SQL: INSERT INTO `news_think_access` (`role_id`,`node_id`,`level`) VALUES ('1','5','2') [ RunTime:0.0007s ]

[ 2016-12-18T16:16:27+08:00 ] ::1 /foot/admin.php/Home/Access/rolelist.html
INFO: [ app_init ] --START--
INFO: Run Behavior\BuildLiteBehavior [ RunTime:0.000032s ]
INFO: [ app_init ] --END-- [ RunTime:0.000214s ]
INFO: [ app_begin ] --START--
INFO: Run Behavior\ReadHtmlCacheBehavior [ RunTime:0.000086s ]
INFO: [ app_begin ] --END-- [ RunTime:0.000190s ]
SQL: SHOW COLUMNS FROM `news_think_role` [ RunTime:0.0032s ]
SQL: SELECT * FROM `news_think_role` WHERE `status` >= 0 LIMIT 0,10   [ RunTime:0.0016s ]
SQL: SELECT COUNT(*) AS tp_count FROM `news_think_role` WHERE `status` >= 0 LIMIT 1   [ RunTime:0.0014s ]
NOTIC: [2] Creating default object from empty value /var/www/foot/Backend/Home/Controller/AccessController.class.php 第 141 行.
NOTIC: [2] urlencode() expects parameter 1 to be string, array given /var/www/foot/Backend/Home/Controller/AccessController.class.php 第 143 行.
INFO: [ view_parse ] --START--
INFO: [ template_filter ] --START--
INFO: Run Behavior\ContentReplaceBehavior [ RunTime:0.000399s ]
INFO: [ template_filter ] --END-- [ RunTime:0.000549s ]
NOTIC: [8] Undefined index: btime /var/www/foot/Backend/Runtime/Cache/Home/132878b11805837fa7a43224982034fa.php 第 152 行.
NOTIC: [8] Undefined index: word /var/www/foot/Backend/Runtime/Cache/Home/132878b11805837fa7a43224982034fa.php 第 162 行.
NOTIC: [8] Undefined index: btime /var/www/foot/Backend/Runtime/Cache/Home/132878b11805837fa7a43224982034fa.php 第 162 行.
NOTIC: [8] Undefined index: etime /var/www/foot/Backend/Runtime/Cache/Home/132878b11805837fa7a43224982034fa.php 第 162 行.
NOTIC: [8] Undefined variable: item /var/www/foot/Backend/Runtime/Cache/Home/132878b11805837fa7a43224982034fa.php 第 315 行.
NOTIC: [8] Undefined variable: nav /var/www/foot/Backend/Runtime/Cache/Home/132878b11805837fa7a43224982034fa.php 第 408 行.
INFO: Run Behavior\ParseTemplateBehavior [ RunTime:0.014645s ]
INFO: [ view_parse ] --END-- [ RunTime:0.014760s ]
INFO: [ view_filter ] --START--
INFO: Run Behavior\WriteHtmlCacheBehavior [ RunTime:0.000132s ]
INFO: [ view_filter ] --END-- [ RunTime:0.000191s ]
INFO: [ app_end ] --START--
INFO: Run Behavior\ShowPageTraceBehavior [ RunTime:0.000116s ]
INFO: [ app_end ] --END-- [ RunTime:0.000179s ]

[ 2016-12-18T16:17:03+08:00 ] ::1 /foot/admin.php/Home/Access/addrole/id/1.html
INFO: [ app_init ] --START--
INFO: Run Behavior\BuildLiteBehavior [ RunTime:0.000025s ]
INFO: [ app_init ] --END-- [ RunTime:0.000198s ]
INFO: [ app_begin ] --START--
INFO: Run Behavior\ReadHtmlCacheBehavior [ RunTime:0.000095s ]
INFO: [ app_begin ] --END-- [ RunTime:0.000178s ]
SQL: SHOW COLUMNS FROM `news_think_role` [ RunTime:0.0031s ]
SQL: SELECT * FROM `news_think_role` WHERE `id` = 1 LIMIT 1   [ RunTime:0.0010s ]
INFO: [ view_parse ] --START--
INFO: [ template_filter ] --START--
INFO: Run Behavior\ContentReplaceBehavior [ RunTime:0.000381s ]
INFO: [ template_filter ] --END-- [ RunTime:0.000542s ]
NOTIC: [8] Undefined variable: item /var/www/foot/Backend/Runtime/Cache/Home/231027ff34ee8e7fc46a3e047fec4b10.php 第 244 行.
NOTIC: [8] Undefined variable: nav /var/www/foot/Backend/Runtime/Cache/Home/231027ff34ee8e7fc46a3e047fec4b10.php 第 337 行.
INFO: Run Behavior\ParseTemplateBehavior [ RunTime:0.008561s ]
INFO: [ view_parse ] --END-- [ RunTime:0.008664s ]
INFO: [ view_filter ] --START--
INFO: Run Behavior\WriteHtmlCacheBehavior [ RunTime:0.000116s ]
INFO: [ view_filter ] --END-- [ RunTime:0.000182s ]
INFO: [ app_end ] --START--
INFO: Run Behavior\ShowPageTraceBehavior [ RunTime:0.000131s ]
INFO: [ app_end ] --END-- [ RunTime:0.000229s ]

[ 2016-12-18T16:17:14+08:00 ] ::1 /foot/admin.php/home/Access/userlist
INFO: [ app_init ] --START--
INFO: Run Behavior\BuildLiteBehavior [ RunTime:0.000027s ]
INFO: [ app_init ] --END-- [ RunTime:0.000218s ]
INFO: [ app_begin ] --START--
INFO: Run Behavior\ReadHtmlCacheBehavior [ RunTime:0.000106s ]
INFO: [ app_begin ] --END-- [ RunTime:0.000197s ]
SQL: SHOW COLUMNS FROM `news_user` [ RunTime:0.0025s ]
SQL: SELECT * FROM `news_user` WHERE `status` >= 0 LIMIT 0,10   [ RunTime:0.0011s ]
SQL: SELECT COUNT(*) AS tp_count FROM `news_user` WHERE `status` >= 0 LIMIT 1   [ RunTime:0.0007s ]
NOTIC: [2] Creating default object from empty value /var/www/foot/Backend/Home/Controller/AccessController.class.php 第 290 行.
NOTIC: [2] urlencode() expects parameter 1 to be string, array given /var/www/foot/Backend/Home/Controller/AccessController.class.php 第 292 行.
INFO: [ view_parse ] --START--
INFO: [ template_filter ] --START--
INFO: Run Behavior\ContentReplaceBehavior [ RunTime:0.000442s ]
INFO: [ template_filter ] --END-- [ RunTime:0.000590s ]
NOTIC: [8] Undefined index: btime /var/www/foot/Backend/Runtime/Cache/Home/651959066dcc7da8df5c85298ad80ec9.php 第 152 行.
NOTIC: [8] Undefined index: word /var/www/foot/Backend/Runtime/Cache/Home/651959066dcc7da8df5c85298ad80ec9.php 第 162 行.
NOTIC: [8] Undefined index: btime /var/www/foot/Backend/Runtime/Cache/Home/651959066dcc7da8df5c85298ad80ec9.php 第 162 行.
NOTIC: [8] Undefined index: etime /var/www/foot/Backend/Runtime/Cache/Home/651959066dcc7da8df5c85298ad80ec9.php 第 162 行.
NOTIC: [8] Undefined index: addtime /var/www/foot/Backend/Runtime/Cache/Home/651959066dcc7da8df5c85298ad80ec9.php 第 198 行.
NOTIC: [8] Undefined index: addtime /var/www/foot/Backend/Runtime/Cache/Home/651959066dcc7da8df5c85298ad80ec9.php 第 198 行.
NOTIC: [8] Undefined index: addtime /var/www/foot/Backend/Runtime/Cache/Home/651959066dcc7da8df5c85298ad80ec9.php 第 198 行.
NOTIC: [8] Undefined index: addtime /var/www/foot/Backend/Runtime/Cache/Home/651959066dcc7da8df5c85298ad80ec9.php 第 198 行.
NOTIC: [8] Undefined index: addtime /var/www/foot/Backend/Runtime/Cache/Home/651959066dcc7da8df5c85298ad80ec9.php 第 198 行.
NOTIC: [8] Undefined index: addtime /var/www/foot/Backend/Runtime/Cache/Home/651959066dcc7da8df5c85298ad80ec9.php 第 198 行.
NOTIC: [8] Undefined variable: item /var/www/foot/Backend/Runtime/Cache/Home/651959066dcc7da8df5c85298ad80ec9.php 第 294 行.
NOTIC: [8] Undefined variable: nav /var/www/foot/Backend/Runtime/Cache/Home/651959066dcc7da8df5c85298ad80ec9.php 第 387 行.
INFO: Run Behavior\ParseTemplateBehavior [ RunTime:0.015631s ]
INFO: [ view_parse ] --END-- [ RunTime:0.015710s ]
INFO: [ view_filter ] --START--
INFO: Run Behavior\WriteHtmlCacheBehavior [ RunTime:0.000101s ]
INFO: [ view_filter ] --END-- [ RunTime:0.000158s ]
INFO: [ app_end ] --START--
INFO: Run Behavior\ShowPageTraceBehavior [ RunTime:0.000079s ]
INFO: [ app_end ] --END-- [ RunTime:0.000146s ]

[ 2016-12-18T16:17:21+08:00 ] ::1 /foot/admin.php/Home/Access/userlist.html
INFO: [ app_init ] --START--
INFO: Run Behavior\BuildLiteBehavior [ RunTime:0.000027s ]
INFO: [ app_init ] --END-- [ RunTime:0.000197s ]
INFO: [ app_begin ] --START--
INFO: Run Behavior\ReadHtmlCacheBehavior [ RunTime:0.000090s ]
INFO: [ app_begin ] --END-- [ RunTime:0.000170s ]
SQL: SHOW COLUMNS FROM `news_user` [ RunTime:0.0034s ]
SQL: UPDATE `news_user` SET `status`='0' WHERE `id` = 64 [ RunTime:0.0136s ]

[ 2016-12-18T16:17:24+08:00 ] ::1 /foot/admin.php/Home/Access/userlist.html
INFO: [ app_init ] --START--
INFO: Run Behavior\BuildLiteBehavior [ RunTime:0.000032s ]
INFO: [ app_init ] --END-- [ RunTime:0.000219s ]
INFO: [ app_begin ] --START--
INFO: Run Behavior\ReadHtmlCacheBehavior [ RunTime:0.000108s ]
INFO: [ app_begin ] --END-- [ RunTime:0.000218s ]
SQL: SHOW COLUMNS FROM `news_user` [ RunTime:0.0032s ]
SQL: SELECT * FROM `news_user` WHERE `status` >= 0 LIMIT 0,10   [ RunTime:0.0012s ]
SQL: SELECT COUNT(*) AS tp_count FROM `news_user` WHERE `status` >= 0 LIMIT 1   [ RunTime:0.0013s ]
NOTIC: [2] Creating default object from empty value /var/www/foot/Backend/Home/Controller/AccessController.class.php 第 290 行.
NOTIC: [2] urlencode() expects parameter 1 to be string, array given /var/www/foot/Backend/Home/Controller/AccessController.class.php 第 292 行.
INFO: [ view_parse ] --START--
INFO: [ template_filter ] --START--
INFO: Run Behavior\ContentReplaceBehavior [ RunTime:0.000476s ]
INFO: [ template_filter ] --END-- [ RunTime:0.000645s ]
NOTIC: [8] Undefined index: btime /var/www/foot/Backend/Runtime/Cache/Home/651959066dcc7da8df5c85298ad80ec9.php 第 152 行.
NOTIC: [8] Undefined index: word /var/www/foot/Backend/Runtime/Cache/Home/651959066dcc7da8df5c85298ad80ec9.php 第 162 行.
NOTIC: [8] Undefined index: btime /var/www/foot/Backend/Runtime/Cache/Home/651959066dcc7da8df5c85298ad80ec9.php 第 162 行.
NOTIC: [8] Undefined index: etime /var/www/foot/Backend/Runtime/Cache/Home/651959066dcc7da8df5c85298ad80ec9.php 第 162 行.
NOTIC: [8] Undefined index: addtime /var/www/foot/Backend/Runtime/Cache/Home/651959066dcc7da8df5c85298ad80ec9.php 第 198 行.
NOTIC: [8] Undefined index: addtime /var/www/foot/Backend/Runtime/Cache/Home/651959066dcc7da8df5c85298ad80ec9.php 第 198 行.
NOTIC: [8] Undefined index: addtime /var/www/foot/Backend/Runtime/Cache/Home/651959066dcc7da8df5c85298ad80ec9.php 第 198 行.
NOTIC: [8] Undefined index: addtime /var/www/foot/Backend/Runtime/Cache/Home/651959066dcc7da8df5c85298ad80ec9.php 第 198 行.
NOTIC: [8] Undefined index: addtime /var/www/foot/Backend/Runtime/Cache/Home/651959066dcc7da8df5c85298ad80ec9.php 第 198 行.
NOTIC: [8] Undefined index: addtime /var/www/foot/Backend/Runtime/Cache/Home/651959066dcc7da8df5c85298ad80ec9.php 第 198 行.
NOTIC: [8] Undefined variable: item /var/www/foot/Backend/Runtime/Cache/Home/651959066dcc7da8df5c85298ad80ec9.php 第 294 行.
NOTIC: [8] Undefined variable: nav /var/www/foot/Backend/Runtime/Cache/Home/651959066dcc7da8df5c85298ad80ec9.php 第 387 行.
INFO: Run Behavior\ParseTemplateBehavior [ RunTime:0.016246s ]
INFO: [ view_parse ] --END-- [ RunTime:0.016373s ]
INFO: [ view_filter ] --START--
INFO: Run Behavior\WriteHtmlCacheBehavior [ RunTime:0.000279s ]
INFO: [ view_filter ] --END-- [ RunTime:0.000383s ]
INFO: [ app_end ] --START--
INFO: Run Behavior\ShowPageTraceBehavior [ RunTime:0.000164s ]
INFO: [ app_end ] --END-- [ RunTime:0.000288s ]

[ 2016-12-18T16:17:27+08:00 ] ::1 /foot/admin.php/Home/Access/userlist.html
INFO: [ app_init ] --START--
INFO: Run Behavior\BuildLiteBehavior [ RunTime:0.000029s ]
INFO: [ app_init ] --END-- [ RunTime:0.000213s ]
INFO: [ app_begin ] --START--
INFO: Run Behavior\ReadHtmlCacheBehavior [ RunTime:0.000103s ]
INFO: [ app_begin ] --END-- [ RunTime:0.000343s ]
SQL: SHOW COLUMNS FROM `news_user` [ RunTime:0.0033s ]
SQL: UPDATE `news_user` SET `status`='0' WHERE `id` = 66 [ RunTime:0.0114s ]

[ 2016-12-18T16:17:29+08:00 ] ::1 /foot/admin.php/Home/Access/userlist.html
INFO: [ app_init ] --START--
INFO: Run Behavior\BuildLiteBehavior [ RunTime:0.000037s ]
INFO: [ app_init ] --END-- [ RunTime:0.000238s ]
INFO: [ app_begin ] --START--
INFO: Run Behavior\ReadHtmlCacheBehavior [ RunTime:0.000112s ]
INFO: [ app_begin ] --END-- [ RunTime:0.000228s ]
SQL: SHOW COLUMNS FROM `news_user` [ RunTime:0.0026s ]
SQL: SELECT * FROM `news_user` WHERE `status` >= 0 LIMIT 0,10   [ RunTime:0.0013s ]
SQL: SELECT COUNT(*) AS tp_count FROM `news_user` WHERE `status` >= 0 LIMIT 1   [ RunTime:0.0010s ]
NOTIC: [2] Creating default object from empty value /var/www/foot/Backend/Home/Controller/AccessController.class.php 第 290 行.
NOTIC: [2] urlencode() expects parameter 1 to be string, array given /var/www/foot/Backend/Home/Controller/AccessController.class.php 第 292 行.
INFO: [ view_parse ] --START--
INFO: [ template_filter ] --START--
INFO: Run Behavior\ContentReplaceBehavior [ RunTime:0.000479s ]
INFO: [ template_filter ] --END-- [ RunTime:0.000694s ]
NOTIC: [8] Undefined index: btime /var/www/foot/Backend/Runtime/Cache/Home/651959066dcc7da8df5c85298ad80ec9.php 第 152 行.
NOTIC: [8] Undefined index: word /var/www/foot/Backend/Runtime/Cache/Home/651959066dcc7da8df5c85298ad80ec9.php 第 162 行.
NOTIC: [8] Undefined index: btime /var/www/foot/Backend/Runtime/Cache/Home/651959066dcc7da8df5c85298ad80ec9.php 第 162 行.
NOTIC: [8] Undefined index: etime /var/www/foot/Backend/Runtime/Cache/Home/651959066dcc7da8df5c85298ad80ec9.php 第 162 行.
NOTIC: [8] Undefined index: addtime /var/www/foot/Backend/Runtime/Cache/Home/651959066dcc7da8df5c85298ad80ec9.php 第 198 行.
NOTIC: [8] Undefined index: addtime /var/www/foot/Backend/Runtime/Cache/Home/651959066dcc7da8df5c85298ad80ec9.php 第 198 行.
NOTIC: [8] Undefined index: addtime /var/www/foot/Backend/Runtime/Cache/Home/651959066dcc7da8df5c85298ad80ec9.php 第 198 行.
NOTIC: [8] Undefined index: addtime /var/www/foot/Backend/Runtime/Cache/Home/651959066dcc7da8df5c85298ad80ec9.php 第 198 行.
NOTIC: [8] Undefined index: addtime /var/www/foot/Backend/Runtime/Cache/Home/651959066dcc7da8df5c85298ad80ec9.php 第 198 行.
NOTIC: [8] Undefined index: addtime /var/www/foot/Backend/Runtime/Cache/Home/651959066dcc7da8df5c85298ad80ec9.php 第 198 行.
NOTIC: [8] Undefined variable: item /var/www/foot/Backend/Runtime/Cache/Home/651959066dcc7da8df5c85298ad80ec9.php 第 294 行.
NOTIC: [8] Undefined variable: nav /var/www/foot/Backend/Runtime/Cache/Home/651959066dcc7da8df5c85298ad80ec9.php 第 387 行.
INFO: Run Behavior\ParseTemplateBehavior [ RunTime:0.017435s ]
INFO: [ view_parse ] --END-- [ RunTime:0.017539s ]
INFO: [ view_filter ] --START--
INFO: Run Behavior\WriteHtmlCacheBehavior [ RunTime:0.000129s ]
INFO: [ view_filter ] --END-- [ RunTime:0.000190s ]
INFO: [ app_end ] --START--
INFO: Run Behavior\ShowPageTraceBehavior [ RunTime:0.000151s ]
INFO: [ app_end ] --END-- [ RunTime:0.000270s ]

[ 2016-12-18T16:17:32+08:00 ] ::1 /foot/admin.php/home/user/logout
INFO: [ app_init ] --START--
INFO: Run Behavior\BuildLiteBehavior [ RunTime:0.000027s ]
INFO: [ app_init ] --END-- [ RunTime:0.000197s ]
INFO: [ app_begin ] --START--
INFO: Run Behavior\ReadHtmlCacheBehavior [ RunTime:0.000085s ]
INFO: [ app_begin ] --END-- [ RunTime:0.000163s ]

[ 2016-12-18T16:17:32+08:00 ] ::1 /foot/admin.php/Home/user/login.html
INFO: [ app_init ] --START--
INFO: Run Behavior\BuildLiteBehavior [ RunTime:0.000028s ]
INFO: [ app_init ] --END-- [ RunTime:0.000190s ]
INFO: [ app_begin ] --START--
INFO: Run Behavior\ReadHtmlCacheBehavior [ RunTime:0.000071s ]
INFO: [ app_begin ] --END-- [ RunTime:0.000151s ]
INFO: [ view_parse ] --START--
INFO: [ template_filter ] --START--
INFO: Run Behavior\ContentReplaceBehavior [ RunTime:0.000152s ]
INFO: [ template_filter ] --END-- [ RunTime:0.000295s ]
INFO: Run Behavior\ParseTemplateBehavior [ RunTime:0.004015s ]
INFO: [ view_parse ] --END-- [ RunTime:0.004256s ]
INFO: [ view_filter ] --START--
INFO: Run Behavior\WriteHtmlCacheBehavior [ RunTime:0.000179s ]
INFO: [ view_filter ] --END-- [ RunTime:0.000270s ]
INFO: [ app_end ] --START--
INFO: Run Behavior\ShowPageTraceBehavior [ RunTime:0.000099s ]
INFO: [ app_end ] --END-- [ RunTime:0.000201s ]

[ 2016-12-18T16:17:44+08:00 ] ::1 /foot/admin.php/home/user/chklogin
INFO: [ app_init ] --START--
INFO: Run Behavior\BuildLiteBehavior [ RunTime:0.000044s ]
INFO: [ app_init ] --END-- [ RunTime:0.000319s ]
INFO: [ app_begin ] --START--
INFO: Run Behavior\ReadHtmlCacheBehavior [ RunTime:0.000143s ]
INFO: [ app_begin ] --END-- [ RunTime:0.000261s ]
SQL: SHOW COLUMNS FROM `news_user` [ RunTime:0.0036s ]
SQL: SELECT * FROM `news_user` WHERE `name` = 'xiaohong' AND `password` = '399763c4c820ca962b9211240dc09364' LIMIT 1   [ RunTime:0.0009s ]

[ 2016-12-18T16:20:59+08:00 ] ::1 /foot/admin.php
INFO: [ app_init ] --START--
INFO: Run Behavior\BuildLiteBehavior [ RunTime:0.000039s ]
INFO: [ app_init ] --END-- [ RunTime:0.000433s ]
INFO: [ app_begin ] --START--
INFO: Run Behavior\ReadHtmlCacheBehavior [ RunTime:0.000085s ]
INFO: [ app_begin ] --END-- [ RunTime:0.000170s ]
INFO: [ view_parse ] --START--
INFO: [ template_filter ] --START--
INFO: Run Behavior\ContentReplaceBehavior [ RunTime:0.000272s ]
INFO: [ template_filter ] --END-- [ RunTime:0.000395s ]
NOTIC: [8] Undefined variable: item /var/www/foot/Backend/Runtime/Cache/Home/f90dca177af49f305dffc2aced3c3e40.php 第 175 行.
NOTIC: [8] Undefined variable: nav /var/www/foot/Backend/Runtime/Cache/Home/f90dca177af49f305dffc2aced3c3e40.php 第 268 行.
INFO: Run Behavior\ParseTemplateBehavior [ RunTime:0.011328s ]
INFO: [ view_parse ] --END-- [ RunTime:0.011397s ]
INFO: [ view_filter ] --START--
INFO: Run Behavior\WriteHtmlCacheBehavior [ RunTime:0.000099s ]
INFO: [ view_filter ] --END-- [ RunTime:0.000171s ]
INFO: [ app_end ] --START--
INFO: Run Behavior\ShowPageTraceBehavior [ RunTime:0.000090s ]
INFO: [ app_end ] --END-- [ RunTime:0.000154s ]

