[ 2016-12-30T18:17:08+08:00 ] ::1 /foot/admin.php
INFO: [ app_init ] --START--
INFO: Run Behavior\BuildLiteBehavior [ RunTime:0.000039s ]
INFO: [ app_init ] --END-- [ RunTime:0.001846s ]
INFO: [ app_begin ] --START--
INFO: Run Behavior\ReadHtmlCacheBehavior [ RunTime:0.003150s ]
INFO: [ app_begin ] --END-- [ RunTime:0.003315s ]
INFO: [ view_parse ] --START--
INFO: [ template_filter ] --START--
INFO: Run Behavior\ContentReplaceBehavior [ RunTime:0.000227s ]
INFO: [ template_filter ] --END-- [ RunTime:0.000369s ]
NOTIC: [8] Undefined variable: item /var/www/foot/Backend/Runtime/Cache/Home/f90dca177af49f305dffc2aced3c3e40.php 第 175 行.
NOTIC: [8] Undefined variable: nav /var/www/foot/Backend/Runtime/Cache/Home/f90dca177af49f305dffc2aced3c3e40.php 第 268 行.
INFO: Run Behavior\ParseTemplateBehavior [ RunTime:0.033892s ]
INFO: [ view_parse ] --END-- [ RunTime:0.034012s ]
INFO: [ view_filter ] --START--
INFO: Run Behavior\WriteHtmlCacheBehavior [ RunTime:0.000758s ]
INFO: [ view_filter ] --END-- [ RunTime:0.000812s ]
INFO: [ app_end ] --START--
INFO: Run Behavior\ShowPageTraceBehavior [ RunTime:0.001578s ]
INFO: [ app_end ] --END-- [ RunTime:0.001634s ]

[ 2016-12-30T18:17:59+08:00 ] ::1 /foot/admin.php/home/user/index
INFO: [ app_init ] --START--
INFO: Run Behavior\BuildLiteBehavior [ RunTime:0.000026s ]
INFO: [ app_init ] --END-- [ RunTime:0.000255s ]
INFO: [ app_begin ] --START--
INFO: Run Behavior\ReadHtmlCacheBehavior [ RunTime:0.000092s ]
INFO: [ app_begin ] --END-- [ RunTime:0.000168s ]
SQL: SHOW COLUMNS FROM `news_user` [ RunTime:0.0043s ]
NOTIC: [8] Undefined index: p /var/www/foot/Backend/Home/Controller/UserController.class.php 第 17 行.
SQL: SELECT * FROM `news_user` ORDER BY create_time desc LIMIT 0,2   [ RunTime:0.0009s ]
SQL: SELECT COUNT(*) AS tp_count FROM `news_user` LIMIT 1   [ RunTime:0.0006s ]
INFO: [ view_parse ] --START--
INFO: [ template_filter ] --START--
INFO: Run Behavior\ContentReplaceBehavior [ RunTime:0.000185s ]
INFO: [ template_filter ] --END-- [ RunTime:0.000264s ]
INFO: Run Behavior\ParseTemplateBehavior [ RunTime:0.013043s ]
INFO: [ view_parse ] --END-- [ RunTime:0.013153s ]
INFO: [ view_filter ] --START--
INFO: Run Behavior\WriteHtmlCacheBehavior [ RunTime:0.000097s ]
INFO: [ view_filter ] --END-- [ RunTime:0.000140s ]
INFO: [ app_end ] --START--
INFO: Run Behavior\ShowPageTraceBehavior [ RunTime:0.000100s ]
INFO: [ app_end ] --END-- [ RunTime:0.000173s ]

[ 2016-12-30T18:18:04+08:00 ] ::1 /foot/admin.php/home/Access/nodelist
INFO: [ app_init ] --START--
INFO: Run Behavior\BuildLiteBehavior [ RunTime:0.000034s ]
INFO: [ app_init ] --END-- [ RunTime:0.000249s ]
INFO: [ app_begin ] --START--
INFO: Run Behavior\ReadHtmlCacheBehavior [ RunTime:0.000111s ]
INFO: [ app_begin ] --END-- [ RunTime:0.000215s ]

[ 2016-12-30T18:18:04+08:00 ] ::1 /foot/admin.php/Home/user/login.html
INFO: [ app_init ] --START--
INFO: Run Behavior\BuildLiteBehavior [ RunTime:0.000032s ]
INFO: [ app_init ] --END-- [ RunTime:0.000228s ]
INFO: [ app_begin ] --START--
INFO: Run Behavior\ReadHtmlCacheBehavior [ RunTime:0.000117s ]
INFO: [ app_begin ] --END-- [ RunTime:0.000240s ]
INFO: [ view_parse ] --START--
INFO: [ template_filter ] --START--
INFO: Run Behavior\ContentReplaceBehavior [ RunTime:0.000165s ]
INFO: [ template_filter ] --END-- [ RunTime:0.000334s ]
INFO: Run Behavior\ParseTemplateBehavior [ RunTime:0.004480s ]
INFO: [ view_parse ] --END-- [ RunTime:0.004613s ]
INFO: [ view_filter ] --START--
INFO: Run Behavior\WriteHtmlCacheBehavior [ RunTime:0.000133s ]
INFO: [ view_filter ] --END-- [ RunTime:0.000198s ]
INFO: [ app_end ] --START--
INFO: Run Behavior\ShowPageTraceBehavior [ RunTime:0.000075s ]
INFO: [ app_end ] --END-- [ RunTime:0.000141s ]

[ 2016-12-30T18:18:07+08:00 ] ::1 /foot/admin.php/home/user/chklogin
INFO: [ app_init ] --START--
INFO: Run Behavior\BuildLiteBehavior [ RunTime:0.000019s ]
INFO: [ app_init ] --END-- [ RunTime:0.000139s ]
INFO: [ app_begin ] --START--
INFO: Run Behavior\ReadHtmlCacheBehavior [ RunTime:0.000060s ]
INFO: [ app_begin ] --END-- [ RunTime:0.000112s ]
SQL: SHOW COLUMNS FROM `news_user` [ RunTime:0.0016s ]
SQL: SELECT * FROM `news_user` WHERE `name` = 'root' AND `password` = '399763c4c820ca962b9211240dc09364' LIMIT 1   [ RunTime:0.0011s ]

