[ 2017-01-17T21:27:42+08:00 ] ::1 /foot/admin.php
INFO: [ app_init ] --START--
INFO: Run Behavior\BuildLiteBehavior [ RunTime:0.000033s ]
INFO: [ app_init ] --END-- [ RunTime:0.001628s ]
INFO: [ app_begin ] --START--
INFO: Run Behavior\ReadHtmlCacheBehavior [ RunTime:0.002778s ]
INFO: [ app_begin ] --END-- [ RunTime:0.002896s ]
INFO: [ view_parse ] --START--
INFO: [ template_filter ] --START--
INFO: Run Behavior\ContentReplaceBehavior [ RunTime:0.000196s ]
INFO: [ template_filter ] --END-- [ RunTime:0.000293s ]
NOTIC: [8] Undefined variable: item /var/www/foot/Backend/Runtime/Cache/Home/f90dca177af49f305dffc2aced3c3e40.php 第 175 行.
NOTIC: [8] Undefined variable: nav /var/www/foot/Backend/Runtime/Cache/Home/f90dca177af49f305dffc2aced3c3e40.php 第 268 行.
INFO: Run Behavior\ParseTemplateBehavior [ RunTime:0.026756s ]
INFO: [ view_parse ] --END-- [ RunTime:0.026833s ]
INFO: [ view_filter ] --START--
INFO: Run Behavior\WriteHtmlCacheBehavior [ RunTime:0.000707s ]
INFO: [ view_filter ] --END-- [ RunTime:0.000760s ]
INFO: [ app_end ] --START--
INFO: Run Behavior\ShowPageTraceBehavior [ RunTime:0.001700s ]
INFO: [ app_end ] --END-- [ RunTime:0.001752s ]

[ 2017-01-17T21:27:45+08:00 ] ::1 /foot/admin.php/home/user/index
INFO: [ app_init ] --START--
INFO: Run Behavior\BuildLiteBehavior [ RunTime:0.000026s ]
INFO: [ app_init ] --END-- [ RunTime:0.000242s ]
INFO: [ app_begin ] --START--
INFO: Run Behavior\ReadHtmlCacheBehavior [ RunTime:0.000072s ]
INFO: [ app_begin ] --END-- [ RunTime:0.000130s ]
SQL: SHOW COLUMNS FROM `news_user` [ RunTime:0.0034s ]
NOTIC: [8] Undefined index: p /var/www/foot/Backend/Home/Controller/UserController.class.php 第 17 行.
SQL: SELECT * FROM `news_user` ORDER BY create_time desc LIMIT 0,2   [ RunTime:0.0010s ]
SQL: SELECT COUNT(*) AS tp_count FROM `news_user` LIMIT 1   [ RunTime:0.0005s ]
INFO: [ view_parse ] --START--
INFO: [ template_filter ] --START--
INFO: Run Behavior\ContentReplaceBehavior [ RunTime:0.000186s ]
INFO: [ template_filter ] --END-- [ RunTime:0.000268s ]
INFO: Run Behavior\ParseTemplateBehavior [ RunTime:0.015247s ]
INFO: [ view_parse ] --END-- [ RunTime:0.015351s ]
INFO: [ view_filter ] --START--
INFO: Run Behavior\WriteHtmlCacheBehavior [ RunTime:0.000082s ]
INFO: [ view_filter ] --END-- [ RunTime:0.000124s ]
INFO: [ app_end ] --START--
INFO: Run Behavior\ShowPageTraceBehavior [ RunTime:0.000069s ]
INFO: [ app_end ] --END-- [ RunTime:0.000115s ]

[ 2017-01-17T21:27:50+08:00 ] ::1 /foot/admin.php/home/lesson/index
INFO: [ app_init ] --START--
INFO: Run Behavior\BuildLiteBehavior [ RunTime:0.000031s ]
INFO: [ app_init ] --END-- [ RunTime:0.000326s ]
INFO: [ app_begin ] --START--
INFO: Run Behavior\ReadHtmlCacheBehavior [ RunTime:0.000108s ]
INFO: [ app_begin ] --END-- [ RunTime:0.000199s ]

[ 2017-01-17T21:27:50+08:00 ] ::1 /foot/admin.php/Home/user/login.html
INFO: [ app_init ] --START--
INFO: Run Behavior\BuildLiteBehavior [ RunTime:0.000029s ]
INFO: [ app_init ] --END-- [ RunTime:0.000191s ]
INFO: [ app_begin ] --START--
INFO: Run Behavior\ReadHtmlCacheBehavior [ RunTime:0.000076s ]
INFO: [ app_begin ] --END-- [ RunTime:0.000152s ]
INFO: [ view_parse ] --START--
INFO: [ template_filter ] --START--
INFO: Run Behavior\ContentReplaceBehavior [ RunTime:0.000081s ]
INFO: [ template_filter ] --END-- [ RunTime:0.000176s ]
INFO: Run Behavior\ParseTemplateBehavior [ RunTime:0.012716s ]
INFO: [ view_parse ] --END-- [ RunTime:0.012839s ]
INFO: [ view_filter ] --START--
INFO: Run Behavior\WriteHtmlCacheBehavior [ RunTime:0.000074s ]
INFO: [ view_filter ] --END-- [ RunTime:0.000114s ]
INFO: [ app_end ] --START--
INFO: Run Behavior\ShowPageTraceBehavior [ RunTime:0.000064s ]
INFO: [ app_end ] --END-- [ RunTime:0.000109s ]

[ 2017-01-17T21:27:58+08:00 ] ::1 /foot/admin.php/home/user/chklogin
INFO: [ app_init ] --START--
INFO: Run Behavior\BuildLiteBehavior [ RunTime:0.000024s ]
INFO: [ app_init ] --END-- [ RunTime:0.000209s ]
INFO: [ app_begin ] --START--
INFO: Run Behavior\ReadHtmlCacheBehavior [ RunTime:0.000055s ]
INFO: [ app_begin ] --END-- [ RunTime:0.000099s ]
SQL: SHOW COLUMNS FROM `news_user` [ RunTime:0.0012s ]
SQL: SELECT * FROM `news_user` WHERE `name` = 'admin' AND `password` = '399763c4c820ca962b9211240dc09364' LIMIT 1   [ RunTime:0.0004s ]

[ 2017-01-17T21:28:06+08:00 ] ::1 /foot/admin.php/home/user/chklogin
INFO: [ app_init ] --START--
INFO: Run Behavior\BuildLiteBehavior [ RunTime:0.000039s ]
INFO: [ app_init ] --END-- [ RunTime:0.000355s ]
INFO: [ app_begin ] --START--
INFO: Run Behavior\ReadHtmlCacheBehavior [ RunTime:0.000102s ]
INFO: [ app_begin ] --END-- [ RunTime:0.000189s ]
SQL: SHOW COLUMNS FROM `news_user` [ RunTime:0.0021s ]
SQL: SELECT * FROM `news_user` WHERE `name` = 'admin' AND `password` = 'e10adc3949ba59abbe56e057f20f883e' LIMIT 1   [ RunTime:0.0011s ]

[ 2017-01-17T21:28:13+08:00 ] ::1 /foot/admin.php/home/user/chklogin
INFO: [ app_init ] --START--
INFO: Run Behavior\BuildLiteBehavior [ RunTime:0.000035s ]
INFO: [ app_init ] --END-- [ RunTime:0.000263s ]
INFO: [ app_begin ] --START--
INFO: Run Behavior\ReadHtmlCacheBehavior [ RunTime:0.000133s ]
INFO: [ app_begin ] --END-- [ RunTime:0.000253s ]
SQL: SHOW COLUMNS FROM `news_user` [ RunTime:0.0022s ]
SQL: SELECT * FROM `news_user` WHERE `name` = 'adminchensw' AND `password` = '399763c4c820ca962b9211240dc09364' LIMIT 1   [ RunTime:0.0012s ]

[ 2017-01-17T21:33:11+08:00 ] ::1 /foot/admin.php/home/user/chklogin
INFO: [ app_init ] --START--
INFO: Run Behavior\BuildLiteBehavior [ RunTime:0.000040s ]
INFO: [ app_init ] --END-- [ RunTime:0.000332s ]
INFO: [ app_begin ] --START--
INFO: Run Behavior\ReadHtmlCacheBehavior [ RunTime:0.000167s ]
INFO: [ app_begin ] --END-- [ RunTime:0.000312s ]
SQL: SHOW COLUMNS FROM `news_user` [ RunTime:0.0031s ]
SQL: SELECT * FROM `news_user` WHERE `name` = 'chensw' AND `password` = '399763c4c820ca962b9211240dc09364' LIMIT 1   [ RunTime:0.0016s ]

[ 2017-01-17T21:33:26+08:00 ] ::1 /foot/admin.php/home/user/chklogin
INFO: [ app_init ] --START--
INFO: Run Behavior\BuildLiteBehavior [ RunTime:0.000031s ]
INFO: [ app_init ] --END-- [ RunTime:0.000232s ]
INFO: [ app_begin ] --START--
INFO: Run Behavior\ReadHtmlCacheBehavior [ RunTime:0.000098s ]
INFO: [ app_begin ] --END-- [ RunTime:0.000182s ]
SQL: SHOW COLUMNS FROM `news_user` [ RunTime:0.0027s ]
SQL: SELECT * FROM `news_user` WHERE `name` = 'chensw' AND `password` = 'e10adc3949ba59abbe56e057f20f883e' LIMIT 1   [ RunTime:0.0015s ]
NOTIC: [8] Undefined index: superAdmin /var/www/foot/ThinkPHP/Library/Org/Util/Rbac.class.php 第 88 行.
SQL: select node.id,node.name from news_think_role as role,news_think_role_user as user,news_think_access as access ,news_think_node as node where user.user_id='67' and user.role_id=role.id and ( access.role_id=role.id  or (access.role_id=role.pid and role.pid!=0 ) ) and role.status=1 and access.node_id=node.id and node.level=1 and node.status=1 [ RunTime:0.0052s ]
SQL: select node.id,node.name from news_think_role as role,news_think_role_user as user,news_think_access as access ,news_think_node as node where user.user_id='67' and user.role_id=role.id and ( access.role_id=role.id  or (access.role_id=role.pid and role.pid!=0 ) ) and role.status=1 and access.node_id=node.id and node.level=2 and node.pid=1 and node.status=1 [ RunTime:0.0028s ]
SQL: select node.id,node.name from news_think_role as role,news_think_role_user as user,news_think_access as access ,news_think_node as node where user.user_id='67' and user.role_id=role.id and ( access.role_id=role.id  or (access.role_id=role.pid and role.pid!=0 ) ) and role.status=1 and access.node_id=node.id and node.level=3 and node.pid=2 and node.status=1 [ RunTime:0.0021s ]
SQL: select node.id,node.name from news_think_role as role,news_think_role_user as user,news_think_access as access ,news_think_node as node where user.user_id='67' and user.role_id=role.id and ( access.role_id=role.id  or (access.role_id=role.pid and role.pid!=0 ) ) and role.status=1 and access.node_id=node.id and node.level=3 and node.pid=5 and node.status=1 [ RunTime:0.0020s ]

[ 2017-01-17T21:33:27+08:00 ] ::1 /foot/admin.php/home/index/index
INFO: [ app_init ] --START--
INFO: Run Behavior\BuildLiteBehavior [ RunTime:0.000039s ]
INFO: [ app_init ] --END-- [ RunTime:0.000256s ]
INFO: [ app_begin ] --START--
INFO: Run Behavior\ReadHtmlCacheBehavior [ RunTime:0.000100s ]
INFO: [ app_begin ] --END-- [ RunTime:0.000214s ]
INFO: [ view_parse ] --START--
INFO: [ template_filter ] --START--
INFO: Run Behavior\ContentReplaceBehavior [ RunTime:0.000363s ]
INFO: [ template_filter ] --END-- [ RunTime:0.000504s ]
NOTIC: [8] Undefined variable: item /var/www/foot/Backend/Runtime/Cache/Home/f90dca177af49f305dffc2aced3c3e40.php 第 175 行.
NOTIC: [8] Undefined variable: nav /var/www/foot/Backend/Runtime/Cache/Home/f90dca177af49f305dffc2aced3c3e40.php 第 268 行.
INFO: Run Behavior\ParseTemplateBehavior [ RunTime:0.008515s ]
INFO: [ view_parse ] --END-- [ RunTime:0.008639s ]
INFO: [ view_filter ] --START--
INFO: Run Behavior\WriteHtmlCacheBehavior [ RunTime:0.000164s ]
INFO: [ view_filter ] --END-- [ RunTime:0.000261s ]
INFO: [ app_end ] --START--
INFO: Run Behavior\ShowPageTraceBehavior [ RunTime:0.000102s ]
INFO: [ app_end ] --END-- [ RunTime:0.000177s ]

[ 2017-01-17T21:33:55+08:00 ] ::1 /foot/admin.php/home/Access/nodelist
INFO: [ app_init ] --START--
INFO: Run Behavior\BuildLiteBehavior [ RunTime:0.000036s ]
INFO: [ app_init ] --END-- [ RunTime:0.000265s ]
INFO: [ app_begin ] --START--
INFO: Run Behavior\ReadHtmlCacheBehavior [ RunTime:0.000150s ]
INFO: [ app_begin ] --END-- [ RunTime:0.000276s ]
NOTIC: [8] Undefined index: 5166e79d0b5ada667255747a772ca365 /var/www/foot/ThinkPHP/Library/Org/Util/Rbac.class.php 第 170 行.
INFO: [ view_parse ] --START--
INFO: [ template_filter ] --START--
INFO: Run Behavior\ContentReplaceBehavior [ RunTime:0.000107s ]
INFO: [ template_filter ] --END-- [ RunTime:0.000265s ]
INFO: Run Behavior\ParseTemplateBehavior [ RunTime:0.009863s ]
INFO: [ view_parse ] --END-- [ RunTime:0.009980s ]
INFO: [ view_filter ] --START--
INFO: Run Behavior\WriteHtmlCacheBehavior [ RunTime:0.000119s ]
INFO: [ view_filter ] --END-- [ RunTime:0.000183s ]

[ 2017-01-17T21:34:01+08:00 ] ::1 /foot/admin.php/home/lesson/index
INFO: [ app_init ] --START--
INFO: Run Behavior\BuildLiteBehavior [ RunTime:0.000035s ]
INFO: [ app_init ] --END-- [ RunTime:0.000260s ]
INFO: [ app_begin ] --START--
INFO: Run Behavior\ReadHtmlCacheBehavior [ RunTime:0.000119s ]
INFO: [ app_begin ] --END-- [ RunTime:0.000214s ]
NOTIC: [8] Undefined index: 597964b5d96b1d24cc74939c5490b9d3 /var/www/foot/ThinkPHP/Library/Org/Util/Rbac.class.php 第 170 行.
NOTIC: [8] Undefined index: word /var/www/foot/Backend/Home/Controller/LessonController.class.php 第 19 行.
SQL: SHOW COLUMNS FROM `news_lesson` [ RunTime:0.0029s ]
SQL: SELECT A.id,A.title,A.status,A.addtime,B.clubname FROM news_lesson A LEFT JOIN news_rank B ON A.forteam=B.id  ORDER BY A.addtime desc  [ RunTime:0.0018s ]
INFO: [ view_parse ] --START--
INFO: [ template_filter ] --START--
INFO: Run Behavior\ContentReplaceBehavior [ RunTime:0.000238s ]
INFO: [ template_filter ] --END-- [ RunTime:0.000337s ]
NOTIC: [8] Undefined index: btime /var/www/foot/Backend/Runtime/Cache/Home/fda21d5bad35a0c1ecccefd57f660a49.php 第 152 行.
NOTIC: [8] Undefined index: word /var/www/foot/Backend/Runtime/Cache/Home/fda21d5bad35a0c1ecccefd57f660a49.php 第 162 行.
NOTIC: [8] Undefined index: btime /var/www/foot/Backend/Runtime/Cache/Home/fda21d5bad35a0c1ecccefd57f660a49.php 第 162 行.
NOTIC: [8] Undefined index: etime /var/www/foot/Backend/Runtime/Cache/Home/fda21d5bad35a0c1ecccefd57f660a49.php 第 162 行.
NOTIC: [8] Undefined variable: item /var/www/foot/Backend/Runtime/Cache/Home/fda21d5bad35a0c1ecccefd57f660a49.php 第 247 行.
INFO: Run Behavior\ParseTemplateBehavior [ RunTime:0.017038s ]
INFO: [ view_parse ] --END-- [ RunTime:0.017143s ]
INFO: [ view_filter ] --START--
INFO: Run Behavior\WriteHtmlCacheBehavior [ RunTime:0.000171s ]
INFO: [ view_filter ] --END-- [ RunTime:0.000224s ]
INFO: [ app_end ] --START--
INFO: Run Behavior\ShowPageTraceBehavior [ RunTime:0.000119s ]
INFO: [ app_end ] --END-- [ RunTime:0.000199s ]

