[ 2016-12-14T12:43:55+08:00 ] ::1 /foot/admin.php/favicon.ico
INFO: [ app_init ] --START--
INFO: Run Behavior\BuildLiteBehavior [ RunTime:0.000025s ]
INFO: [ app_init ] --END-- [ RunTime:0.000175s ]
ERR: 无法加载模块:Favicon

[ 2016-12-14T20:08:49+08:00 ] ::1 /foot/admin.php/favicon.ico
INFO: [ app_init ] --START--
INFO: Run Behavior\BuildLiteBehavior [ RunTime:0.000025s ]
INFO: [ app_init ] --END-- [ RunTime:0.000166s ]
ERR: 无法加载模块:Favicon

[ 2016-12-14T20:17:35+08:00 ] 127.0.0.1 /foot/admin.php/favicon.ico
INFO: [ app_init ] --START--
INFO: Run Behavior\BuildLiteBehavior [ RunTime:0.000020s ]
INFO: [ app_init ] --END-- [ RunTime:0.000131s ]
ERR: 无法加载模块:Favicon

[ 2016-12-14T20:58:28+08:00 ] ::1 /foot/admin.php/favicon.ico
INFO: [ app_init ] --START--
INFO: Run Behavior\BuildLiteBehavior [ RunTime:0.000034s ]
INFO: [ app_init ] --END-- [ RunTime:0.000235s ]
ERR: 无法加载模块:Favicon

